#
# A fatal error has been detected by the Java Runtime Environment:
#
#  EXCEPTION_ACCESS_VIOLATION (0xc0000005) at pc=0x0000000024b21066, pid=12952, tid=0x00000000000042f4
#
# JRE version: OpenJDK Runtime Environment (8.0_392-b08) (build 1.8.0_392-392-b08)
# Java VM: OpenJDK 64-Bit Server VM (25.392-b08 mixed mode windows-amd64 compressed oops)
# Problematic frame:
# C  [OpenAL64.dll+0x11066]
#
# Failed to write core dump. Minidumps are not enabled by default on client versions of Windows
#
# If you would like to submit a bug report, please visit:
#   http://bugreport.java.com/bugreport/crash.jsp
# The crash happened outside the Java Virtual Machine in native code.
# See problematic frame for where to report the bug.
#

---------------  T H R E A D  ---------------

Current thread (0x0000000036761000):  JavaThread "Thread-8" [_thread_in_native, id=17140, stack(0x0000000047850000,0x0000000047950000)]

siginfo: ExceptionCode=0xc0000005, reading address 0x00000000227dc004

Registers:
RAX=0x0000000000000004, RBX=0x0000000047bc0090, RCX=0x00000000227dc008, RDX=0x00000000227dc004
RSP=0x000000004794efa0, RBP=0x00000000000000ff, RSI=0x00000000227d31dc, RDI=0x0000000000000000
R8 =0x000000000000238a, R9 =0x00000000227d31dc, R10=0x00000000025e89db, R11=0x0000000050d37000
R12=0x0000000000000001, R13=0x00000000476f0a28, R14=0x000000004794f138, R15=0x0000000036761000
RIP=0x0000000024b21066, EFLAGS=0x0000000000010202

Top of Stack: (sp=0x000000004794efa0)
0x000000004794efa0:   0000000000000000 0000000050bce2db
0x000000004794efb0:   0000000036761000 000000004794f138
0x000000004794efc0:   00000000476f0a28 0000000000000000
0x000000004794efd0:   0000000036761000 00000000227d1690
0x000000004794efe0:   00000000476f0a28 0000000036761000
0x000000004794eff0:   0000000022203620 0000000050bbc4f6
0x000000004794f000:   000000004794f7b8 0000000022203c20
0x000000004794f010:   0000000036761000 000000004794f138
0x000000004794f020:   00000000476f0a28 0000000000000000
0x000000004794f030:   00000000227d31dc 00000006c0c1ed10
0x000000004794f040:   000000004794f100 0000000024b2248f
0x000000004794f050:   0000000047bc0090 0000000047bc0090
0x000000004794f060:   000000000000ac44 0000000600000004
0x000000004794f070:   0000000000000010 00000000025e8a07
0x000000004794f080:   00000000476f0a28 00000000025e873d
0x000000004794f090:   0000000036761000 00000000476f0a28 

Instructions: (pc=0x0000000024b21066)
0x0000000024b21046:   41 2b ec 81 3a 03 00 02 00 75 09 8b 01 89 84 24
0x0000000024b21056:   c8 00 00 00 49 83 c0 02 48 83 c1 08 4a 8d 14 86
0x0000000024b21066:   39 3a 75 af 4c 8d 84 24 c0 00 00 00 48 8d 15 d7
0x0000000024b21076:   2b 03 00 33 c9 e8 58 5f 00 00 b8 40 1f 00 00 4c 


Register to memory mapping:

RAX=0x0000000000000004 is an unknown value
RBX=0x0000000047bc0090 is an unknown value
RCX=0x00000000227dc008 is an unknown value
RDX=0x00000000227dc004 is an unknown value
RSP=0x000000004794efa0 is pointing into the stack for thread: 0x0000000036761000
RBP=0x00000000000000ff is an unknown value
RSI=0x00000000227d31dc is an unknown value
RDI=0x0000000000000000 is an unknown value
R8 =0x000000000000238a is an unknown value
R9 =0x00000000227d31dc is an unknown value
R10=0x00000000025e89db is at code_begin+891 in an Interpreter codelet
method entry point (kind = native)  [0x00000000025e8660, 0x00000000025e9040]  2528 bytes
R11=0x0000000050d37000 is an unknown value
R12=0x0000000000000001 is an unknown value
R13={method} {0x00000000476f0a30} 'nalcCreateContext' '(JJ)J' in 'org/lwjgl/openal/ALC10'
R14=0x000000004794f138 is pointing into the stack for thread: 0x0000000036761000
R15=0x0000000036761000 is a thread


Stack: [0x0000000047850000,0x0000000047950000],  sp=0x000000004794efa0,  free space=1019k
Native frames: (J=compiled Java code, j=interpreted, Vv=VM code, C=native code)
C  [OpenAL64.dll+0x11066]
C  [OpenAL64.dll+0x1248f]
C  0x00000000025e8a07

Java frames: (J=compiled Java code, j=interpreted, Vv=VM code)
j  org.lwjgl.openal.ALC10.nalcCreateContext(JJ)J+0
j  org.lwjgl.openal.ALC10.alcCreateContext(Lorg/lwjgl/openal/ALCdevice;Ljava/nio/IntBuffer;)Lorg/lwjgl/openal/ALCcontext;+8
j  org.lwjgl.openal.AL.init(Ljava/lang/String;IIZZ)V+69
j  org.lwjgl.openal.AL.create(Ljava/lang/String;IIZZ)V+227
j  org.lwjgl.openal.AL.create(Ljava/lang/String;IIZ)V+5
j  org.lwjgl.openal.AL.create()V+6
j  paulscode.sound.libraries.LibraryLWJGLOpenAL.init()V+2
j  paulscode.sound.SoundSystem.CommandNewLibrary(Ljava/lang/Class;)V+273
j  paulscode.sound.SoundSystem.CommandQueue(Lpaulscode/sound/CommandObject;)Z+1206
j  paulscode.sound.CommandThread.run()V+51
v  ~StubRoutines::call_stub

---------------  P R O C E S S  ---------------

Java Threads: ( => current thread )
  0x000000002148c000 JavaThread "Thread-9" [_thread_blocked, id=3476, stack(0x0000000047950000,0x0000000047a50000)]
=>0x0000000036761000 JavaThread "Thread-8" [_thread_in_native, id=17140, stack(0x0000000047850000,0x0000000047950000)]
  0x0000000044d30800 JavaThread "Sound Library Loader" [_thread_blocked, id=19492, stack(0x0000000047450000,0x0000000047550000)]
  0x0000000020157800 JavaThread "Keep-Alive-Timer" daemon [_thread_blocked, id=19696, stack(0x0000000047550000,0x0000000047650000)]
  0x0000000021707000 JavaThread "LWJGL Timer" daemon [_thread_blocked, id=16840, stack(0x0000000031a80000,0x0000000031b80000)]
  0x000000001f774000 JavaThread "Thread-6" [_thread_blocked, id=3248, stack(0x000000002ed00000,0x000000002ee00000)]
  0x0000000023c44000 JavaThread "Java2D Disposer" daemon [_thread_blocked, id=16276, stack(0x0000000023140000,0x0000000023240000)]
  0x0000000022695800 JavaThread "Timer hack thread" daemon [_thread_blocked, id=15296, stack(0x0000000020ea0000,0x0000000020fa0000)]
  0x00000000222ba000 JavaThread "Snooper Timer" daemon [_thread_blocked, id=8808, stack(0x0000000020da0000,0x0000000020ea0000)]
  0x000000001df69800 JavaThread "Service Thread" daemon [_thread_blocked, id=19188, stack(0x000000001eb50000,0x000000001ec50000)]
  0x000000001dee2000 JavaThread "C1 CompilerThread3" daemon [_thread_blocked, id=17612, stack(0x000000001ea50000,0x000000001eb50000)]
  0x000000001dedb000 JavaThread "C2 CompilerThread2" daemon [_thread_blocked, id=17796, stack(0x000000001e950000,0x000000001ea50000)]
  0x000000001ded9800 JavaThread "C2 CompilerThread1" daemon [_thread_blocked, id=12712, stack(0x000000001e850000,0x000000001e950000)]
  0x000000001dedd000 JavaThread "C2 CompilerThread0" daemon [_thread_blocked, id=18900, stack(0x000000001e750000,0x000000001e850000)]
  0x000000001decf000 JavaThread "Attach Listener" daemon [_thread_blocked, id=20264, stack(0x000000001e650000,0x000000001e750000)]
  0x000000001ded1800 JavaThread "Signal Dispatcher" daemon [_thread_blocked, id=8096, stack(0x000000001e550000,0x000000001e650000)]
  0x000000001de70800 JavaThread "Finalizer" daemon [_thread_blocked, id=20384, stack(0x000000001e350000,0x000000001e450000)]
  0x00000000025ce000 JavaThread "Reference Handler" daemon [_thread_blocked, id=22504, stack(0x000000001e250000,0x000000001e350000)]
  0x00000000024d5800 JavaThread "Client thread" [_thread_in_Java, id=14508, stack(0x0000000002370000,0x0000000002470000)]

Other Threads:
  0x000000001c078800 VMThread [stack: 0x000000001dd50000,0x000000001de50000] [id=11084]
  0x000000001df6c800 WatcherThread [stack: 0x000000001ec50000,0x000000001ed50000] [id=13100]

VM state:not at safepoint (normal execution)

VM Mutex/Monitor currently owned by a thread: None

heap address: 0x00000006c0c00000, size: 4084 MB, Compressed Oops mode: Zero based, Oop shift amount: 3
Narrow klass base: 0x0000000000000000, Narrow klass shift: 3
Compressed class space size: 1073741824 Address: 0x00000007c0000000

Heap:
 PSYoungGen      total 345600K, used 141972K [0x000000076af00000, 0x0000000789780000, 0x00000007c0000000)
  eden space 286720K, 42% used [0x000000076af00000,0x0000000772661dd0,0x000000077c700000)
  from space 58880K, 33% used [0x000000077c700000,0x000000077da43348,0x0000000780080000)
  to   space 55808K, 0% used [0x0000000786100000,0x0000000786100000,0x0000000789780000)
 ParOldGen       total 268800K, used 115488K [0x00000006c0c00000, 0x00000006d1280000, 0x000000076af00000)
  object space 268800K, 42% used [0x00000006c0c00000,0x00000006c7cc8040,0x00000006d1280000)
 Metaspace       used 30622K, capacity 30872K, committed 31232K, reserved 1077248K
  class space    used 3628K, capacity 3739K, committed 3840K, reserved 1048576K

Card table byte_map: [0x0000000011990000,0x0000000012190000] byte_map_base: 0x000000000e38a000

Marking Bits: (ParMarkBitMap*) 0x0000000051336440
 Begin Bits: [0x0000000012ef0000, 0x0000000016ec0000)
 End Bits:   [0x0000000016ec0000, 0x000000001ae90000)

Polling page: 0x00000000009a0000

CodeCache: size=245760Kb used=12884Kb max_used=13960Kb free=232875Kb
 bounds [0x00000000025d0000, 0x0000000003390000, 0x00000000115d0000]
 total_blobs=4088 nmethods=3387 adapters=612
 compilation: enabled

Compilation events (10 events):
Event: 17.971 Thread 0x000000001dee2000 4279       3       java.util.Formatter::getZero (27 bytes)
Event: 17.971 Thread 0x000000001dee2000 nmethod 4279 0x00000000027af3d0 code [0x00000000027af560, 0x00000000027af858]
Event: 17.975 Thread 0x000000001dee2000 4280       3       net.minecraft.client.resources.DefaultResourcePack::getResourceStream (40 bytes)
Event: 17.977 Thread 0x000000001dee2000 nmethod 4280 0x00000000027e5790 code [0x00000000027e5a80, 0x00000000027e6fe8]
Event: 17.980 Thread 0x000000001dee2000 4281       3       net.minecraft.util.ResourceLocation::toString (30 bytes)
Event: 17.980 Thread 0x000000001dee2000 nmethod 4281 0x0000000003382390 code [0x0000000003382560, 0x0000000003382db8]
Event: 18.002 Thread 0x000000001dee2000 4282       3       java.io.FileInputStream::<init> (110 bytes)
Event: 18.003 Thread 0x000000001dee2000 nmethod 4282 0x00000000028854d0 code [0x0000000002885720, 0x00000000028864b8]
Event: 18.009 Thread 0x000000001dee2000 4283       3       org.apache.commons.lang3.Validate::notNull (11 bytes)
Event: 18.010 Thread 0x000000001dee2000 nmethod 4283 0x0000000002992950 code [0x0000000002992b80, 0x00000000029937b8]

GC Heap History (10 events):
Event: 10.956 GC heap before
{Heap before GC invocations=14 (full 2):
 PSYoungGen      total 216064K, used 216053K [0x000000076af00000, 0x000000077b980000, 0x00000007c0000000)
  eden space 201728K, 100% used [0x000000076af00000,0x0000000777400000,0x0000000777400000)
  from space 14336K, 99% used [0x0000000777400000,0x00000007781fd4f8,0x0000000778200000)
  to   space 21504K, 0% used [0x000000077a480000,0x000000077a480000,0x000000077b980000)
 ParOldGen       total 123392K, used 42262K [0x00000006c0c00000, 0x00000006c8480000, 0x000000076af00000)
  object space 123392K, 34% used [0x00000006c0c00000,0x00000006c3545950,0x00000006c8480000)
 Metaspace       used 25362K, capacity 25551K, committed 25728K, reserved 1071104K
  class space    used 3088K, capacity 3146K, committed 3200K, reserved 1048576K
Event: 10.988 GC heap after
Heap after GC invocations=14 (full 2):
 PSYoungGen      total 235520K, used 21493K [0x000000076af00000, 0x0000000780280000, 0x00000007c0000000)
  eden space 214016K, 0% used [0x000000076af00000,0x000000076af00000,0x0000000778000000)
  from space 21504K, 99% used [0x000000077a480000,0x000000077b97d480,0x000000077b980000)
  to   space 37376K, 0% used [0x0000000778000000,0x0000000778000000,0x000000077a480000)
 ParOldGen       total 123392K, used 77088K [0x00000006c0c00000, 0x00000006c8480000, 0x000000076af00000)
  object space 123392K, 62% used [0x00000006c0c00000,0x00000006c5748188,0x00000006c8480000)
 Metaspace       used 25362K, capacity 25551K, committed 25728K, reserved 1071104K
  class space    used 3088K, capacity 3146K, committed 3200K, reserved 1048576K
}
Event: 12.986 GC heap before
{Heap before GC invocations=15 (full 2):
 PSYoungGen      total 235520K, used 235509K [0x000000076af00000, 0x0000000780280000, 0x00000007c0000000)
  eden space 214016K, 100% used [0x000000076af00000,0x0000000778000000,0x0000000778000000)
  from space 21504K, 99% used [0x000000077a480000,0x000000077b97d480,0x000000077b980000)
  to   space 37376K, 0% used [0x0000000778000000,0x0000000778000000,0x000000077a480000)
 ParOldGen       total 123392K, used 77088K [0x00000006c0c00000, 0x00000006c8480000, 0x000000076af00000)
  object space 123392K, 62% used [0x00000006c0c00000,0x00000006c5748188,0x00000006c8480000)
 Metaspace       used 25382K, capacity 25615K, committed 25984K, reserved 1073152K
  class space    used 3088K, capacity 3146K, committed 3200K, reserved 1048576K
Event: 13.022 GC heap after
Heap after GC invocations=15 (full 2):
 PSYoungGen      total 251392K, used 37361K [0x000000076af00000, 0x0000000783580000, 0x00000007c0000000)
  eden space 214016K, 0% used [0x000000076af00000,0x000000076af00000,0x0000000778000000)
  from space 37376K, 99% used [0x0000000778000000,0x000000077a47c530,0x000000077a480000)
  to   space 54272K, 0% used [0x0000000780080000,0x0000000780080000,0x0000000783580000)
 ParOldGen       total 123392K, used 106668K [0x00000006c0c00000, 0x00000006c8480000, 0x000000076af00000)
  object space 123392K, 86% used [0x00000006c0c00000,0x00000006c742b130,0x00000006c8480000)
 Metaspace       used 25382K, capacity 25615K, committed 25984K, reserved 1073152K
  class space    used 3088K, capacity 3146K, committed 3200K, reserved 1048576K
}
Event: 13.022 GC heap before
{Heap before GC invocations=16 (full 3):
 PSYoungGen      total 251392K, used 37361K [0x000000076af00000, 0x0000000783580000, 0x00000007c0000000)
  eden space 214016K, 0% used [0x000000076af00000,0x000000076af00000,0x0000000778000000)
  from space 37376K, 99% used [0x0000000778000000,0x000000077a47c530,0x000000077a480000)
  to   space 54272K, 0% used [0x0000000780080000,0x0000000780080000,0x0000000783580000)
 ParOldGen       total 123392K, used 106668K [0x00000006c0c00000, 0x00000006c8480000, 0x000000076af00000)
  object space 123392K, 86% used [0x00000006c0c00000,0x00000006c742b130,0x00000006c8480000)
 Metaspace       used 25382K, capacity 25615K, committed 25984K, reserved 1073152K
  class space    used 3088K, capacity 3146K, committed 3200K, reserved 1048576K
Event: 13.129 GC heap after
Heap after GC invocations=16 (full 3):
 PSYoungGen      total 251392K, used 0K [0x000000076af00000, 0x0000000783580000, 0x00000007c0000000)
  eden space 214016K, 0% used [0x000000076af00000,0x000000076af00000,0x0000000778000000)
  from space 37376K, 0% used [0x0000000778000000,0x0000000778000000,0x000000077a480000)
  to   space 54272K, 0% used [0x0000000780080000,0x0000000780080000,0x0000000783580000)
 ParOldGen       total 268800K, used 110682K [0x00000006c0c00000, 0x00000006d1280000, 0x000000076af00000)
  object space 268800K, 41% used [0x00000006c0c00000,0x00000006c7816940,0x00000006d1280000)
 Metaspace       used 25382K, capacity 25615K, committed 25984K, reserved 1073152K
  class space    used 3088K, capacity 3146K, committed 3200K, reserved 1048576K
}
Event: 14.605 GC heap before
{Heap before GC invocations=17 (full 3):
 PSYoungGen      total 251392K, used 214016K [0x000000076af00000, 0x0000000783580000, 0x00000007c0000000)
  eden space 214016K, 100% used [0x000000076af00000,0x0000000778000000,0x0000000778000000)
  from space 37376K, 0% used [0x0000000778000000,0x0000000778000000,0x000000077a480000)
  to   space 54272K, 0% used [0x0000000780080000,0x0000000780080000,0x0000000783580000)
 ParOldGen       total 268800K, used 110682K [0x00000006c0c00000, 0x00000006d1280000, 0x000000076af00000)
  object space 268800K, 41% used [0x00000006c0c00000,0x00000006c7816940,0x00000006d1280000)
 Metaspace       used 25427K, capacity 25615K, committed 25984K, reserved 1073152K
  class space    used 3088K, capacity 3146K, committed 3200K, reserved 1048576K
Event: 14.656 GC heap after
Heap after GC invocations=17 (full 3):
 PSYoungGen      total 340992K, used 42741K [0x000000076af00000, 0x0000000784100000, 0x00000007c0000000)
  eden space 286720K, 0% used [0x000000076af00000,0x000000076af00000,0x000000077c700000)
  from space 54272K, 78% used [0x0000000780080000,0x0000000782a3d5e8,0x0000000783580000)
  to   space 58880K, 0% used [0x000000077c700000,0x000000077c700000,0x0000000780080000)
 ParOldGen       total 268800K, used 110690K [0x00000006c0c00000, 0x00000006d1280000, 0x000000076af00000)
  object space 268800K, 41% used [0x00000006c0c00000,0x00000006c7818940,0x00000006d1280000)
 Metaspace       used 25427K, capacity 25615K, committed 25984K, reserved 1073152K
  class space    used 3088K, capacity 3146K, committed 3200K, reserved 1048576K
}
Event: 16.868 GC heap before
{Heap before GC invocations=18 (full 3):
 PSYoungGen      total 340992K, used 329461K [0x000000076af00000, 0x0000000784100000, 0x00000007c0000000)
  eden space 286720K, 100% used [0x000000076af00000,0x000000077c700000,0x000000077c700000)
  from space 54272K, 78% used [0x0000000780080000,0x0000000782a3d5e8,0x0000000783580000)
  to   space 58880K, 0% used [0x000000077c700000,0x000000077c700000,0x0000000780080000)
 ParOldGen       total 268800K, used 110690K [0x00000006c0c00000, 0x00000006d1280000, 0x000000076af00000)
  object space 268800K, 41% used [0x00000006c0c00000,0x00000006c7818940,0x00000006d1280000)
 Metaspace       used 29272K, capacity 29576K, committed 30080K, reserved 1075200K
  class space    used 3513K, capacity 3609K, committed 3712K, reserved 1048576K
Event: 16.890 GC heap after
Heap after GC invocations=18 (full 3):
 PSYoungGen      total 345600K, used 19724K [0x000000076af00000, 0x0000000789780000, 0x00000007c0000000)
  eden space 286720K, 0% used [0x000000076af00000,0x000000076af00000,0x000000077c700000)
  from space 58880K, 33% used [0x000000077c700000,0x000000077da43348,0x0000000780080000)
  to   space 55808K, 0% used [0x0000000786100000,0x0000000786100000,0x0000000789780000)
 ParOldGen       total 268800K, used 115488K [0x00000006c0c00000, 0x00000006d1280000, 0x000000076af00000)
  object space 268800K, 42% used [0x00000006c0c00000,0x00000006c7cc8040,0x00000006d1280000)
 Metaspace       used 29272K, capacity 29576K, committed 30080K, reserved 1075200K
  class space    used 3513K, capacity 3609K, committed 3712K, reserved 1048576K
}

Deoptimization events (10 events):
Event: 17.104 Thread 0x00000000024d5800 Uncommon trap: reason=bimorphic action=maybe_recompile pc=0x00000000032b52c4 method=com.google.common.base.Splitter$SplittingIterator.computeNext()Ljava/lang/String; @ 56
Event: 17.104 Thread 0x00000000024d5800 Uncommon trap: reason=bimorphic action=maybe_recompile pc=0x00000000032b52c4 method=com.google.common.base.Splitter$SplittingIterator.computeNext()Ljava/lang/String; @ 56
Event: 17.142 Thread 0x0000000044d30800 Uncommon trap: reason=bimorphic action=maybe_recompile pc=0x000000000329d560 method=java.io.FilterInputStream.read([BII)I @ 7
Event: 17.144 Thread 0x0000000044d30800 Uncommon trap: reason=bimorphic action=maybe_recompile pc=0x000000000329d560 method=java.io.FilterInputStream.read([BII)I @ 7
Event: 17.144 Thread 0x0000000044d30800 Uncommon trap: reason=unstable_if action=reinterpret pc=0x000000000326c520 method=com.google.gson.stream.JsonReader.doPeek()I @ 704
Event: 17.207 Thread 0x00000000024d5800 Uncommon trap: reason=predicate action=maybe_recompile pc=0x000000000331d62c method=java.util.AbstractCollection.toArray([Ljava/lang/Object;)[Ljava/lang/Object; @ 49
Event: 17.233 Thread 0x00000000024d5800 Uncommon trap: reason=array_check action=maybe_recompile pc=0x00000000033274a0 method=java.util.AbstractCollection.toArray([Ljava/lang/Object;)[Ljava/lang/Object; @ 119
Event: 17.233 Thread 0x00000000024d5800 Uncommon trap: reason=array_check action=maybe_recompile pc=0x00000000033274a0 method=java.util.AbstractCollection.toArray([Ljava/lang/Object;)[Ljava/lang/Object; @ 119
Event: 17.233 Thread 0x00000000024d5800 Uncommon trap: reason=array_check action=maybe_recompile pc=0x00000000033274a0 method=java.util.AbstractCollection.toArray([Ljava/lang/Object;)[Ljava/lang/Object; @ 119
Event: 17.608 Thread 0x00000000024d5800 Uncommon trap: reason=unstable_if action=reinterpret pc=0x0000000003108a18 method=sun.misc.FDBigInteger.multDiffMe(JLsun/misc/FDBigInteger;)J @ 6

Classes redefined (0 events):
No events

Internal exceptions (10 events):
Event: 17.964 Thread 0x0000000036761000 Exception <a 'org/lwjgl/LWJGLException'> (0x0000000771ee2de8) thrown at [c:/openjdk/jdk8u/hotspot\src\share\vm\prims\jni.cpp, line 709]
Event: 17.964 Thread 0x0000000036761000 Exception <a 'org/lwjgl/LWJGLException'> (0x0000000771ee3368) thrown at [c:/openjdk/jdk8u/hotspot\src\share\vm\prims\jni.cpp, line 709]
Event: 17.965 Thread 0x0000000036761000 Exception <a 'org/lwjgl/LWJGLException'> (0x0000000771ee3960) thrown at [c:/openjdk/jdk8u/hotspot\src\share\vm\prims\jni.cpp, line 709]
Event: 17.965 Thread 0x0000000036761000 Exception <a 'org/lwjgl/LWJGLException'> (0x0000000771ee3ea8) thrown at [c:/openjdk/jdk8u/hotspot\src\share\vm\prims\jni.cpp, line 709]
Event: 17.965 Thread 0x0000000036761000 Exception <a 'org/lwjgl/LWJGLException'> (0x0000000771ee4458) thrown at [c:/openjdk/jdk8u/hotspot\src\share\vm\prims\jni.cpp, line 709]
Event: 17.965 Thread 0x0000000036761000 Exception <a 'org/lwjgl/LWJGLException'> (0x0000000771ee4a50) thrown at [c:/openjdk/jdk8u/hotspot\src\share\vm\prims\jni.cpp, line 709]
Event: 17.965 Thread 0x0000000036761000 Exception <a 'org/lwjgl/LWJGLException'> (0x0000000771ee4f70) thrown at [c:/openjdk/jdk8u/hotspot\src\share\vm\prims\jni.cpp, line 709]
Event: 17.965 Thread 0x0000000036761000 Exception <a 'org/lwjgl/LWJGLException'> (0x0000000771ee54b8) thrown at [c:/openjdk/jdk8u/hotspot\src\share\vm\prims\jni.cpp, line 709]
Event: 17.965 Thread 0x0000000036761000 Exception <a 'org/lwjgl/LWJGLException'> (0x0000000771ee5980) thrown at [c:/openjdk/jdk8u/hotspot\src\share\vm\prims\jni.cpp, line 709]
Event: 17.966 Thread 0x0000000036761000 Exception <a 'org/lwjgl/LWJGLException'> (0x0000000771ee5fa8) thrown at [c:/openjdk/jdk8u/hotspot\src\share\vm\prims\jni.cpp, line 709]

Events (10 events):
Event: 18.003 Thread 0x000000001dee2000 flushing nmethod 0x0000000002b84290
Event: 18.003 Thread 0x000000001dee2000 flushing nmethod 0x0000000002b8d4d0
Event: 18.003 Thread 0x000000001dee2000 flushing nmethod 0x0000000002b96490
Event: 18.003 Thread 0x000000001dee2000 flushing nmethod 0x0000000002b9c890
Event: 18.003 Thread 0x000000001dee2000 flushing nmethod 0x0000000002baad10
Event: 18.003 Thread 0x000000001dee2000 flushing nmethod 0x0000000002bbd150
Event: 18.003 Thread 0x000000001dee2000 flushing nmethod 0x0000000002bd5fd0
Event: 18.010 Thread 0x000000001dee2000 flushing nmethod 0x0000000002bfb090
Event: 18.010 Thread 0x000000001dee2000 flushing nmethod 0x0000000002bfc0d0
Event: 18.010 Thread 0x000000001dee2000 flushing nmethod 0x0000000002c081d0


Dynamic libraries:
0x00007ff757d10000 - 0x00007ff757d46000 	F:\opjdk\bin\java.exe
0x00007ffcd5030000 - 0x00007ffcd5228000 	C:\WINDOWS\SYSTEM32\ntdll.dll
0x00007ffcd3fa0000 - 0x00007ffcd405d000 	C:\WINDOWS\System32\KERNEL32.DLL
0x00007ffcd26f0000 - 0x00007ffcd29e6000 	C:\WINDOWS\System32\KERNELBASE.dll
0x00007ffcd3070000 - 0x00007ffcd3123000 	C:\WINDOWS\System32\ADVAPI32.dll
0x00007ffcd3ba0000 - 0x00007ffcd3c3e000 	C:\WINDOWS\System32\msvcrt.dll
0x00007ffcd4e10000 - 0x00007ffcd4eaf000 	C:\WINDOWS\System32\sechost.dll
0x00007ffcd31e0000 - 0x00007ffcd3306000 	C:\WINDOWS\System32\RPCRT4.dll
0x00007ffcd2d00000 - 0x00007ffcd2d27000 	C:\WINDOWS\System32\bcrypt.dll
0x00007ffcd3dc0000 - 0x00007ffcd3f5e000 	C:\WINDOWS\System32\USER32.dll
0x00007ffcd2a80000 - 0x00007ffcd2aa2000 	C:\WINDOWS\System32\win32u.dll
0x00007ffcd3f70000 - 0x00007ffcd3f9b000 	C:\WINDOWS\System32\GDI32.dll
0x00007ffcd2ee0000 - 0x00007ffcd2ff7000 	C:\WINDOWS\System32\gdi32full.dll
0x00007ffcd2c10000 - 0x00007ffcd2cad000 	C:\WINDOWS\System32\msvcp_win.dll
0x00007ffcd2d30000 - 0x00007ffcd2e30000 	C:\WINDOWS\System32\ucrtbase.dll
0x00007ffcba4c0000 - 0x00007ffcba75a000 	C:\WINDOWS\WinSxS\amd64_microsoft.windows.common-controls_6595b64144ccf1df_6.0.19041.3636_none_60b6a03d71f818d5\COMCTL32.dll
0x00007ffcd3800000 - 0x00007ffcd3832000 	C:\WINDOWS\System32\IMM32.DLL
0x00000000516f0000 - 0x00000000517c1000 	F:\opjdk\jre\bin\msvcr100.dll
0x0000000050b20000 - 0x00000000513b8000 	F:\opjdk\jre\bin\server\jvm.dll
0x00007ffcd44d0000 - 0x00007ffcd44d8000 	C:\WINDOWS\System32\PSAPI.DLL
0x00007ffccdf60000 - 0x00007ffccdf69000 	C:\WINDOWS\SYSTEM32\WSOCK32.dll
0x00007ffccd3f0000 - 0x00007ffccd3fa000 	C:\WINDOWS\SYSTEM32\VERSION.dll
0x00007ffcc9a30000 - 0x00007ffcc9a57000 	C:\WINDOWS\SYSTEM32\WINMM.dll
0x00007ffcd44e0000 - 0x00007ffcd454b000 	C:\WINDOWS\System32\WS2_32.dll
0x00007ffca2d20000 - 0x00007ffca2d2f000 	F:\opjdk\jre\bin\verify.dll
0x00007ffca2100000 - 0x00007ffca2129000 	F:\opjdk\jre\bin\java.dll
0x00007ffca0d70000 - 0x00007ffca0d87000 	F:\opjdk\jre\bin\zip.dll
0x00007ffcd46c0000 - 0x00007ffcd4e05000 	C:\WINDOWS\System32\SHELL32.dll
0x00007ffcd07c0000 - 0x00007ffcd0f5c000 	C:\WINDOWS\SYSTEM32\windows.storage.dll
0x00007ffcd3840000 - 0x00007ffcd3b94000 	C:\WINDOWS\System32\combase.dll
0x00007ffcd2120000 - 0x00007ffcd214e000 	C:\WINDOWS\SYSTEM32\Wldp.dll
0x00007ffcd35a0000 - 0x00007ffcd366d000 	C:\WINDOWS\System32\OLEAUT32.dll
0x00007ffcd4eb0000 - 0x00007ffcd4f5d000 	C:\WINDOWS\System32\SHCORE.dll
0x00007ffcd3c40000 - 0x00007ffcd3c95000 	C:\WINDOWS\System32\shlwapi.dll
0x00007ffcd2620000 - 0x00007ffcd2645000 	C:\WINDOWS\SYSTEM32\profapi.dll
0x00007ffcce010000 - 0x00007ffcce01d000 	F:\opjdk\jre\bin\management.dll
0x00007ffca0640000 - 0x00007ffca065b000 	F:\opjdk\jre\bin\net.dll
0x00007ffcd1e80000 - 0x00007ffcd1eea000 	C:\WINDOWS\system32\mswsock.dll
0x00007ffca0380000 - 0x00007ffca0391000 	F:\opjdk\jre\bin\nio.dll
0x00007ffcae420000 - 0x00007ffcae437000 	C:\WINDOWS\system32\napinsp.dll
0x00007ffcae400000 - 0x00007ffcae41b000 	C:\WINDOWS\system32\pnrpnsp.dll
0x00007ffcae3e0000 - 0x00007ffcae3f5000 	C:\WINDOWS\system32\wshbth.dll
0x00007ffccde10000 - 0x00007ffccde2d000 	C:\WINDOWS\system32\NLAapi.dll
0x00007ffcd1b20000 - 0x00007ffcd1b5b000 	C:\WINDOWS\SYSTEM32\IPHLPAPI.DLL
0x00007ffcd1b70000 - 0x00007ffcd1c3b000 	C:\WINDOWS\SYSTEM32\DNSAPI.dll
0x00007ffcd4550000 - 0x00007ffcd4558000 	C:\WINDOWS\System32\NSI.dll
0x00007ffcae3c0000 - 0x00007ffcae3d2000 	C:\WINDOWS\System32\winrnr.dll
0x00007ffccc050000 - 0x00007ffccc05a000 	C:\Windows\System32\rasadhlp.dll
0x00007ffccc510000 - 0x00007ffccc590000 	C:\WINDOWS\System32\fwpuclnt.dll
0x0000000180000000 - 0x0000000180051000 	C:\Users\קיסקוזי\.gradle\caches\minecraft\net\minecraft\minecraft_natives\1.7.10\lwjgl64.dll
0x00007ffc97000000 - 0x00007ffc97125000 	C:\WINDOWS\SYSTEM32\OPENGL32.dll
0x00007ffca0dd0000 - 0x00007ffca0dfc000 	C:\WINDOWS\SYSTEM32\GLU32.dll
0x00007ffcd2080000 - 0x00007ffcd2098000 	C:\WINDOWS\SYSTEM32\CRYPTSP.dll
0x00007ffcd1740000 - 0x00007ffcd1774000 	C:\WINDOWS\system32\rsaenh.dll
0x00007ffcd25a0000 - 0x00007ffcd25ce000 	C:\WINDOWS\SYSTEM32\USERENV.dll
0x00007ffcd29f0000 - 0x00007ffcd2a72000 	C:\WINDOWS\System32\bcryptprimitives.dll
0x00007ffcd2070000 - 0x00007ffcd207c000 	C:\WINDOWS\SYSTEM32\CRYPTBASE.dll
0x00007ffccdb90000 - 0x00007ffccdba7000 	C:\WINDOWS\SYSTEM32\dhcpcsvc6.DLL
0x00007ffccdb70000 - 0x00007ffccdb8d000 	C:\WINDOWS\SYSTEM32\dhcpcsvc.DLL
0x00007ffc94510000 - 0x00007ffc946a9000 	F:\opjdk\jre\bin\awt.dll
0x00007ffccfff0000 - 0x00007ffcd0080000 	C:\WINDOWS\SYSTEM32\apphelp.dll
0x00007ffcc4950000 - 0x00007ffcc49fe000 	C:\WINDOWS\SYSTEM32\mscms.dll
0x00007ffcc4930000 - 0x00007ffcc4941000 	C:\WINDOWS\SYSTEM32\ColorAdapterClient.dll
0x00007ffcd05c0000 - 0x00007ffcd05d2000 	C:\WINDOWS\SYSTEM32\kernel.appcore.dll
0x00007ffcd00f0000 - 0x00007ffcd018e000 	C:\WINDOWS\system32\uxtheme.dll
0x00007ffcd3ca0000 - 0x00007ffcd3db4000 	C:\WINDOWS\System32\MSCTF.dll
0x00007ffcd3130000 - 0x00007ffcd31d9000 	C:\WINDOWS\System32\clbcatq.dll
0x00007ffc5a810000 - 0x00007ffc5d400000 	C:\WINDOWS\System32\DriverStore\FileRepository\nvleig.inf_amd64_92cb6cb02101f4e9\nvoglv64.dll
0x00007ffcd4060000 - 0x00007ffcd44ce000 	C:\WINDOWS\System32\SETUPAPI.dll
0x00007ffcd2cb0000 - 0x00007ffcd2cfe000 	C:\WINDOWS\System32\cfgmgr32.dll
0x00007ffcd3670000 - 0x00007ffcd379b000 	C:\WINDOWS\System32\ole32.dll
0x00007ffcce130000 - 0x00007ffcce144000 	C:\WINDOWS\SYSTEM32\WTSAPI32.dll
0x00007ffcd22b0000 - 0x00007ffcd22c2000 	C:\WINDOWS\SYSTEM32\msasn1.dll
0x00007ffccd390000 - 0x00007ffccd3c1000 	C:\WINDOWS\SYSTEM32\cryptnet.dll
0x00007ffcd2ab0000 - 0x00007ffcd2c0d000 	C:\WINDOWS\System32\CRYPT32.dll
0x00007ffcccd80000 - 0x00007ffcccec8000 	C:\WINDOWS\SYSTEM32\drvstore.dll
0x00007ffcd2480000 - 0x00007ffcd24b3000 	C:\WINDOWS\SYSTEM32\devobj.dll
0x00007ffcd3000000 - 0x00007ffcd3067000 	C:\WINDOWS\System32\wintrust.dll
0x00007ffcd4640000 - 0x00007ffcd465d000 	C:\WINDOWS\System32\imagehlp.dll
0x00007ffcd0f70000 - 0x00007ffcd0f93000 	C:\WINDOWS\SYSTEM32\gpapi.dll
0x00007ffcc04d0000 - 0x00007ffcc26be000 	C:\WINDOWS\System32\DriverStore\FileRepository\nvleig.inf_amd64_92cb6cb02101f4e9\nvgpucomp64.dll
0x00007ffcd1860000 - 0x00007ffcd1893000 	C:\WINDOWS\SYSTEM32\ntmarta.dll
0x00007ffcc01f0000 - 0x00007ffcc022b000 	C:\WINDOWS\SYSTEM32\dxcore.dll
0x00007ffcd03e0000 - 0x00007ffcd040f000 	C:\WINDOWS\SYSTEM32\dwmapi.dll
0x00007ffcc6810000 - 0x00007ffcc6909000 	C:\WINDOWS\SYSTEM32\textinputframework.dll
0x00007ffccfa50000 - 0x00007ffccfdab000 	C:\WINDOWS\System32\CoreUIComponents.dll
0x00007ffccfdb0000 - 0x00007ffccfea2000 	C:\WINDOWS\System32\CoreMessaging.dll
0x00007ffccf2e0000 - 0x00007ffccf435000 	C:\WINDOWS\SYSTEM32\wintypes.dll
0x00007ffcb66a0000 - 0x00007ffcb66e3000 	C:\WINDOWS\SYSTEM32\icm32.dll
0x00007ffcd1c40000 - 0x00007ffcd1c8b000 	C:\WINDOWS\SYSTEM32\powrprof.dll
0x00007ffcd1b00000 - 0x00007ffcd1b12000 	C:\WINDOWS\SYSTEM32\UMPDC.dll
0x00007ffcd13d0000 - 0x00007ffcd142b000 	C:\WINDOWS\SYSTEM32\WINSTA.dll
0x0000000070a40000 - 0x0000000070adc000 	C:\Users\קיסקוזי\.gradle\caches\minecraft\net\minecraft\minecraft_natives\1.7.10\avutil-ttv-51.dll
0x0000000065980000 - 0x00000000659d6000 	C:\Users\קיסקוזי\.gradle\caches\minecraft\net\minecraft\minecraft_natives\1.7.10\swresample-ttv-0.dll
0x000000006eb80000 - 0x000000006ec50000 	C:\Users\קיסקוזי\.gradle\caches\minecraft\net\minecraft\minecraft_natives\1.7.10\libmp3lame-ttv.dll
0x00007ffc8c2c0000 - 0x00007ffc8d664000 	C:\Users\קיסקוזי\.gradle\caches\minecraft\net\minecraft\minecraft_natives\1.7.10\libmfxsw64.dll
0x00007ffc95500000 - 0x00007ffc9562b000 	C:\Users\קיסקוזי\.gradle\caches\minecraft\net\minecraft\minecraft_natives\1.7.10\twitchsdk.dll
0x00007ffcb7cc0000 - 0x00007ffcb8196000 	C:\WINDOWS\SYSTEM32\WININET.dll
0x0000000024b10000 - 0x0000000024b74000 	C:\Users\קיסקוזי\.gradle\caches\minecraft\net\minecraft\minecraft_natives\1.7.10\OpenAL64.dll
0x00007ffccd930000 - 0x00007ffccd9b5000 	C:\WINDOWS\System32\MMDevApi.dll
0x00007ffc65de0000 - 0x00007ffc65e7c000 	C:\WINDOWS\SYSTEM32\dsound.dll
0x00007ffc73f80000 - 0x00007ffc73fa6000 	C:\WINDOWS\SYSTEM32\winmmbase.dll
0x00007ffc85b90000 - 0x00007ffc85d12000 	C:\WINDOWS\SYSTEM32\AUDIOSES.DLL
0x00007ffccc590000 - 0x00007ffccc774000 	C:\WINDOWS\SYSTEM32\dbghelp.dll

VM Arguments:
jvm_args: -Dfile.encoding=windows-1255 -Duser.country=US -Duser.language=en -Duser.variant 
java_command: GradleStart
java_class_path (initial): F:\Minecraft DBCA Addon\DBCA\Minecraft moddding\DBCA\libs\DragonBlockC-v1.4.85-deobf.jar;F:\Minecraft DBCA Addon\DBCA\Minecraft moddding\DBCA\libs\JBRA-Client-v1.6.52-deobf.jar;F:\Minecraft DBCA Addon\DBCA\Minecraft moddding\DBCA\libs\JRMCore-v1.3.51-deobf.jar;C:\Users\קיסקוזי\.gradle\caches\minecraft\net\minecraftforge\forge\1.7.10-10.13.4.1614-1.7.10\start;C:\Users\קיסקוזי\.gradle\caches\minecraft\net\minecraftforge\forge\1.7.10-10.13.4.1614-1.7.10\forgeSrc-1.7.10-10.13.4.1614-1.7.10.jar;C:\Users\קיסקוזי\.gradle\caches\modules-2\files-2.1\net.minecraft\launchwrapper\1.12\111e7bea9c968cdb3d06ef4632bf7ff0824d0f36\launchwrapper-1.12.jar;C:\Users\קיסקוזי\.gradle\caches\modules-2\files-2.1\com.google.code.findbugs\jsr305\1.3.9\40719ea6961c0cb6afaeb6a921eaa1f6afd4cfdf\jsr305-1.3.9.jar;C:\Users\קיסקוזי\.gradle\caches\modules-2\files-2.1\org.ow2.asm\asm-debug-all\5.0.3\f9e364ae2a66ce2a543012a4668856e84e5dab74\asm-debug-all-5.0.3.jar;C:\Users\קיסקוזי\.gradle\caches\modules-2\files-2.1\com.typesafe.akka\akka-actor_2.11\2.3.3\ed62e9fc709ca0f2ff1a3220daa8b70a2870078e\akka-actor_2.11-2.3.3.jar;C:\Users\קיסקוזי\.gradle\caches\modules-2\files-2.1\com.typesafe\config\1.2.1\f771f71fdae3df231bcd54d5ca2d57f0bf93f467\config-1.2.1.jar;C:\Users\קיסקוזי\.gradle\caches\modules-2\files-2.1\org.scala-lang\scala-actors-migration_2.11\1.1.0\dfa8bc42b181d5b9f1a5dd147f8ae308b893eb6f\scala-actors-migration_2.11-1.1.0.jar;C:\Users\קיסקוזי\.gradle\caches\modules-2\files-2.1\org.scala-lang\scala-compiler\2.11.1\56ea2e6c025e0821f28d73ca271218b8dd04926a\scala-compiler-2.11.1.jar;C:\Users\קיסקוזי\.gradle\caches\modules-2\files-2.1\org.scala-lang.plugins\scala-continuations-library_2.11\1.0.2\e517c53a7e9acd6b1668c5a35eccbaa3bab9aac\scala-continuations-library_2.11-1.0.2.jar;C:\Users\קיסקוזי\.gradle\caches\modules-2\files-2.1\org.scala-lang.plugins\scala-continuations-plugin_2.11.1\1.0.2\f361a3283452c57fa30c1ee69448995de23c60f7\scala-continuations-plugin_2.11.1-1.0.2.jar;C:
Launcher Type: SUN_STANDARD

Environment Variables:
JAVA_HOME=C:\Program Files\OpenLogic\jdk-8.0.402.06-hotspot\
PATH=C:\Program Files\OpenLogic\jdk-8.0.402.06-hotspot\bin;F:\opendjdk17\bin;F:\openjdk\bin;F:\opjdk\bin;C:\Program Files\OpenLogic\jdk-17.0.9.9-hotspot\bin;F:\Plastic SCM\server;F:\Plastic SCM\client;C:\Python310\Scripts\;C:\Python310\;F:\devkitPro\msys2\usr\bin;F:\Oculus\Support\oculus-runtime;F:\apache-maven-3.8.4\bin;C:\Program Files\Docker\Docker\resources\bin;C:\ProgramData\DockerDesktop\version-bin;C:\Users\קיסקוזי\AppData\Local\Programs\Python\Python310\Scripts\;C:\Program Files (x86)\NVIDIA Corporation\PhysX\Common;C:\Program Files\dotnet\;C:\Program Files\Git\cmd;C:\Program Files (x86)\gsudo\;F:\Node.js\;C:\ProgramData\chocolatey\bin;C:\Program Files\Microsoft SQL Server\Client SDK\ODBC\170\Tools\Binn\;C:\Program Files (x86)\Microsoft SQL Server\150\Tools\Binn\;C:\Program Files\Microsoft SQL Server\150\Tools\Binn\;C:\Program Files\Microsoft SQL Server\150\DTS\Binn\;C:\Program Files\CMake\bin;F:\SFML\SFML-2.5.1\bin;F:\meta\metasploit-framework\bin\;C:\Users\קיסקוזי\AppData\Local\Programs\Python\Python37\Scripts\;C:\Users\קיסקוזי\AppData\Local\Programs\Python\Python37\;C:\Program Files\MySQL\MySQL Shell 8.0\bin\;C:\Users\קיסקוזי\AppData\Local\Programs\Python\Python310\Scripts\;C:\Users\קיסקוזי\AppData\Local\Programs\Python\Python310\;C:\Users\קיסקוזי\AppData\Local\Microsoft\WindowsApps;C:\Users\קיסקוזי\.dotnet\tools;C:\Users\קיסקוזי\AppData\Local\GitHubDesktop\bin;F:\Microsoft VS Code\bin;C:\Users\קיסקוזי\AppData\Roaming\npm;C:\Users\קיסקוזי\AppData\Local\Programs\ExifTool;F:\msys2\mingw64\bin;F:\Chromuim\chromedriver.exe;F:\Nmap;F:\Intelji23\IntelliJ IDEA Community Edition 2023.3.2\bin;
USERNAME=קיסקוזי
OS=Windows_NT
PROCESSOR_IDENTIFIER=Intel64 Family 6 Model 94 Stepping 3, GenuineIntel



---------------  S Y S T E M  ---------------

OS: Windows 10 , 64 bit Build 19041 (10.0.19041.3636)

CPU:total 8 (initial active 8) (4 cores per cpu, 2 threads per core) family 6 model 94 stepping 3, cmov, cx8, fxsr, mmx, sse, sse2, sse3, ssse3, sse4.1, sse4.2, popcnt, avx, avx2, aes, clmul, erms, rtm, 3dnowpref, lzcnt, ht, tsc, tscinvbit, bmi1, bmi2, adx

Memory: 4k page, physical 16723604k(6900344k free), swap 19213972k(2999888k free)

vm_info: OpenJDK 64-Bit Server VM (25.392-b08) for windows-amd64 JRE (1.8.0_392-392-b08), built on Oct 18 2023 07:33:07 by "Administrator" with MS VC++ 10.0 (VS2010)

time: Sun Feb 18 22:08:28 2024
timezone: Jerusalem Standard Time
elapsed time: 18.145574 seconds (0d 0h 0m 18s)

