#
# A fatal error has been detected by the Java Runtime Environment:
#
#  EXCEPTION_ACCESS_VIOLATION (0xc0000005) at pc=0x0000000023fb1066, pid=16360, tid=0x0000000000000c70
#
# JRE version: OpenJDK Runtime Environment (8.0_392-b08) (build 1.8.0_392-392-b08)
# Java VM: OpenJDK 64-Bit Server VM (25.392-b08 mixed mode windows-amd64 compressed oops)
# Problematic frame:
# C  [OpenAL64.dll+0x11066]
#
# Failed to write core dump. Minidumps are not enabled by default on client versions of Windows
#
# If you would like to submit a bug report, please visit:
#   http://bugreport.java.com/bugreport/crash.jsp
# The crash happened outside the Java Virtual Machine in native code.
# See problematic frame for where to report the bug.
#

---------------  T H R E A D  ---------------

Current thread (0x0000000035ad4000):  JavaThread "Thread-8" [_thread_in_native, id=3184, stack(0x0000000047a50000,0x0000000047b50000)]

siginfo: ExceptionCode=0xc0000005, reading address 0x000000002098e004

Registers:
RAX=0x0000000000000004, RBX=0x000000002af40090, RCX=0x000000002098e008, RDX=0x000000002098e004
RSP=0x0000000047b4ef50, RBP=0x00000000000000ff, RSI=0x000000002098704c, RDI=0x0000000000000000
R8 =0x0000000000001bee, R9 =0x000000002098704c, R10=0x0000000002f389db, R11=0x000000006b647000
R12=0x0000000000000001, R13=0x0000000047831788, R14=0x0000000047b4f0e8, R15=0x0000000035ad4000
RIP=0x0000000023fb1066, EFLAGS=0x0000000000010202

Top of Stack: (sp=0x0000000047b4ef50)
0x0000000047b4ef50:   0000000000000000 000000006b4de2db
0x0000000047b4ef60:   0000000035ad4000 0000000047b4f0e8
0x0000000047b4ef70:   0000000047831788 0000000000000000
0x0000000047b4ef80:   0000000035ad4000 0000000020985b90
0x0000000047b4ef90:   0000000047831788 0000000035ad4000
0x0000000047b4efa0:   000000002067bec0 000000006b4cc4f6
0x0000000047b4efb0:   0000000047b4f768 000000002067c280
0x0000000047b4efc0:   0000000035ad4000 0000000047b4f0e8
0x0000000047b4efd0:   0000000047831788 0000000000000000
0x0000000047b4efe0:   000000002098704c 00000006c0c4ae60
0x0000000047b4eff0:   0000000047b4f0b0 0000000023fb248f
0x0000000047b4f000:   000000002af40090 000000002af40090
0x0000000047b4f010:   000000000000ac44 0000000600000004
0x0000000047b4f020:   0000000000000010 0000000002f38a07
0x0000000047b4f030:   0000000047831788 0000000002f3873d
0x0000000047b4f040:   0000000035ad4000 0000000047831788 

Instructions: (pc=0x0000000023fb1066)
0x0000000023fb1046:   41 2b ec 81 3a 03 00 02 00 75 09 8b 01 89 84 24
0x0000000023fb1056:   c8 00 00 00 49 83 c0 02 48 83 c1 08 4a 8d 14 86
0x0000000023fb1066:   39 3a 75 af 4c 8d 84 24 c0 00 00 00 48 8d 15 d7
0x0000000023fb1076:   2b 03 00 33 c9 e8 58 5f 00 00 b8 40 1f 00 00 4c 


Register to memory mapping:

RAX=0x0000000000000004 is an unknown value
RBX=0x000000002af40090 is an unknown value
RCX=0x000000002098e008 is an unknown value
RDX=0x000000002098e004 is an unknown value
RSP=0x0000000047b4ef50 is pointing into the stack for thread: 0x0000000035ad4000
RBP=0x00000000000000ff is an unknown value
RSI=0x000000002098704c is an unknown value
RDI=0x0000000000000000 is an unknown value
R8 =0x0000000000001bee is an unknown value
R9 =0x000000002098704c is an unknown value
R10=0x0000000002f389db is at code_begin+891 in an Interpreter codelet
method entry point (kind = native)  [0x0000000002f38660, 0x0000000002f39040]  2528 bytes
R11=0x000000006b647000 is an unknown value
R12=0x0000000000000001 is an unknown value
R13={method} {0x0000000047831790} 'nalcCreateContext' '(JJ)J' in 'org/lwjgl/openal/ALC10'
R14=0x0000000047b4f0e8 is pointing into the stack for thread: 0x0000000035ad4000
R15=0x0000000035ad4000 is a thread


Stack: [0x0000000047a50000,0x0000000047b50000],  sp=0x0000000047b4ef50,  free space=1019k
Native frames: (J=compiled Java code, j=interpreted, Vv=VM code, C=native code)
C  [OpenAL64.dll+0x11066]
C  [OpenAL64.dll+0x1248f]
C  0x0000000002f38a07

Java frames: (J=compiled Java code, j=interpreted, Vv=VM code)
j  org.lwjgl.openal.ALC10.nalcCreateContext(JJ)J+0
j  org.lwjgl.openal.ALC10.alcCreateContext(Lorg/lwjgl/openal/ALCdevice;Ljava/nio/IntBuffer;)Lorg/lwjgl/openal/ALCcontext;+8
j  org.lwjgl.openal.AL.init(Ljava/lang/String;IIZZ)V+69
j  org.lwjgl.openal.AL.create(Ljava/lang/String;IIZZ)V+227
j  org.lwjgl.openal.AL.create(Ljava/lang/String;IIZ)V+5
j  org.lwjgl.openal.AL.create()V+6
j  paulscode.sound.libraries.LibraryLWJGLOpenAL.init()V+2
j  paulscode.sound.SoundSystem.CommandNewLibrary(Ljava/lang/Class;)V+273
j  paulscode.sound.SoundSystem.CommandQueue(Lpaulscode/sound/CommandObject;)Z+1206
j  paulscode.sound.CommandThread.run()V+51
v  ~StubRoutines::call_stub

---------------  P R O C E S S  ---------------

Java Threads: ( => current thread )
  0x0000000035ad5000 JavaThread "Thread-9" [_thread_blocked, id=13324, stack(0x000000002ac30000,0x000000002ad30000)]
=>0x0000000035ad4000 JavaThread "Thread-8" [_thread_in_native, id=3184, stack(0x0000000047a50000,0x0000000047b50000)]
  0x0000000020bfd800 JavaThread "Sound Library Loader" [_thread_blocked, id=11052, stack(0x0000000047650000,0x0000000047750000)]
  0x0000000043846800 JavaThread "Keep-Alive-Timer" daemon [_thread_blocked, id=11136, stack(0x0000000047950000,0x0000000047a50000)]
  0x000000001eb9d800 JavaThread "LWJGL Timer" daemon [_thread_blocked, id=16496, stack(0x0000000033c20000,0x0000000033d20000)]
  0x00000000225e9800 JavaThread "Thread-6" [_thread_blocked, id=17180, stack(0x0000000030fc0000,0x00000000310c0000)]
  0x000000001ea1a000 JavaThread "Java2D Disposer" daemon [_thread_blocked, id=15880, stack(0x0000000025fb0000,0x00000000260b0000)]
  0x0000000021e81000 JavaThread "Timer hack thread" daemon [_thread_blocked, id=10056, stack(0x00000000228c0000,0x00000000229c0000)]
  0x00000000204f4000 JavaThread "Snooper Timer" daemon [_thread_blocked, id=10228, stack(0x0000000023c60000,0x0000000023d60000)]
  0x000000001e86f800 JavaThread "Service Thread" daemon [_thread_blocked, id=19580, stack(0x000000001f4a0000,0x000000001f5a0000)]
  0x000000001e834000 JavaThread "C1 CompilerThread3" daemon [_thread_blocked, id=16640, stack(0x000000001f3a0000,0x000000001f4a0000)]
  0x000000001e82b000 JavaThread "C2 CompilerThread2" daemon [_thread_blocked, id=19576, stack(0x000000001f2a0000,0x000000001f3a0000)]
  0x000000001e829800 JavaThread "C2 CompilerThread1" daemon [_thread_blocked, id=18312, stack(0x000000001f1a0000,0x000000001f2a0000)]
  0x000000001e82d000 JavaThread "C2 CompilerThread0" daemon [_thread_blocked, id=832, stack(0x000000001f0a0000,0x000000001f1a0000)]
  0x000000001e81f000 JavaThread "Attach Listener" daemon [_thread_blocked, id=6968, stack(0x000000001efa0000,0x000000001f0a0000)]
  0x000000001e821800 JavaThread "Signal Dispatcher" daemon [_thread_blocked, id=12012, stack(0x000000001eea0000,0x000000001efa0000)]
  0x000000001e7c0800 JavaThread "Finalizer" daemon [_thread_blocked, id=18848, stack(0x000000001eca0000,0x000000001eda0000)]
  0x0000000002e2e000 JavaThread "Reference Handler" daemon [_thread_blocked, id=3660, stack(0x000000001eba0000,0x000000001eca0000)]
  0x0000000002d36000 JavaThread "Client thread" [_thread_in_native, id=10664, stack(0x0000000002b60000,0x0000000002c60000)]

Other Threads:
  0x000000001c9c8800 VMThread [stack: 0x000000001e6a0000,0x000000001e7a0000] [id=15212]
  0x000000001e871800 WatcherThread [stack: 0x000000001f5a0000,0x000000001f6a0000] [id=16248]

VM state:not at safepoint (normal execution)

VM Mutex/Monitor currently owned by a thread: None

heap address: 0x00000006c0c00000, size: 4084 MB, Compressed Oops mode: Zero based, Oop shift amount: 3
Narrow klass base: 0x0000000000000000, Narrow klass shift: 3
Compressed class space size: 1073741824 Address: 0x00000007c0000000

Heap:
 PSYoungGen      total 292352K, used 102463K [0x000000076af00000, 0x0000000782f80000, 0x00000007c0000000)
  eden space 244224K, 38% used [0x000000076af00000,0x0000000770ab5060,0x0000000779d80000)
  from space 48128K, 17% used [0x0000000779d80000,0x000000077a5daca8,0x000000077cc80000)
  to   space 47104K, 0% used [0x0000000780180000,0x0000000780180000,0x0000000782f80000)
 ParOldGen       total 127488K, used 102989K [0x00000006c0c00000, 0x00000006c8880000, 0x000000076af00000)
  object space 127488K, 80% used [0x00000006c0c00000,0x00000006c70935c8,0x00000006c8880000)
 Metaspace       used 30846K, capacity 31156K, committed 31488K, reserved 1077248K
  class space    used 3668K, capacity 3771K, committed 3840K, reserved 1048576K

Card table byte_map: [0x00000000122e0000,0x0000000012ae0000] byte_map_base: 0x000000000ecda000

Marking Bits: (ParMarkBitMap*) 0x000000006bc46440
 Begin Bits: [0x0000000013840000, 0x0000000017810000)
 End Bits:   [0x0000000017810000, 0x000000001b7e0000)

Polling page: 0x0000000000e20000

CodeCache: size=245760Kb used=12769Kb max_used=13009Kb free=232990Kb
 bounds [0x0000000002f20000, 0x0000000003bf0000, 0x0000000011f20000]
 total_blobs=4053 nmethods=3350 adapters=614
 compilation: enabled

Compilation events (10 events):
Event: 13.895 Thread 0x000000001e834000 4224       3       java.io.FileInputStream::<init> (110 bytes)
Event: 13.895 Thread 0x000000001e834000 nmethod 4224 0x0000000003be4890 code [0x0000000003be4ae0, 0x0000000003be5878]
Event: 13.902 Thread 0x000000001e834000 4225       3       org.apache.commons.lang3.Validate::notNull (11 bytes)
Event: 13.903 Thread 0x000000001e834000 nmethod 4225 0x0000000003be3110 code [0x0000000003be3340, 0x0000000003be3f78]
Event: 13.903 Thread 0x000000001e834000 4226       3       net.minecraft.util.ResourceLocation::<init> (40 bytes)
Event: 13.904 Thread 0x000000001e834000 nmethod 4226 0x0000000003be7090 code [0x0000000003be72e0, 0x0000000003be80f8]
Event: 13.914 Thread 0x000000001e834000 4227       3       java.util.StringTokenizer::hasMoreTokens (29 bytes)
Event: 13.914 Thread 0x000000001e834000 nmethod 4227 0x0000000003be2d10 code [0x0000000003be2e80, 0x0000000003be3088]
Event: 13.914 Thread 0x000000001e834000 4228       3       java.util.StringTokenizer::nextToken (92 bytes)
Event: 13.914 Thread 0x000000001e834000 nmethod 4228 0x00000000030ea3d0 code [0x00000000030ea580, 0x00000000030ea9b8]

GC Heap History (10 events):
Event: 9.648 GC heap before
{Heap before GC invocations=17 (full 2):
 PSYoungGen      total 156672K, used 156657K [0x000000076af00000, 0x0000000777400000, 0x00000007c0000000)
  eden space 136704K, 100% used [0x000000076af00000,0x0000000773480000,0x0000000773480000)
  from space 19968K, 99% used [0x0000000774f00000,0x000000077627c718,0x0000000776280000)
  to   space 27136K, 0% used [0x0000000773480000,0x0000000773480000,0x0000000774f00000)
 ParOldGen       total 127488K, used 41786K [0x00000006c0c00000, 0x00000006c8880000, 0x000000076af00000)
  object space 127488K, 32% used [0x00000006c0c00000,0x00000006c34cea48,0x00000006c8880000)
 Metaspace       used 25345K, capacity 25579K, committed 25728K, reserved 1071104K
  class space    used 3092K, capacity 3178K, committed 3200K, reserved 1048576K
Event: 9.663 GC heap after
Heap after GC invocations=17 (full 2):
 PSYoungGen      total 163840K, used 27113K [0x000000076af00000, 0x000000077af80000, 0x00000007c0000000)
  eden space 136704K, 0% used [0x000000076af00000,0x000000076af00000,0x0000000773480000)
  from space 27136K, 99% used [0x0000000773480000,0x0000000774efa7b0,0x0000000774f00000)
  to   space 36864K, 0% used [0x0000000778b80000,0x0000000778b80000,0x000000077af80000)
 ParOldGen       total 127488K, used 57120K [0x00000006c0c00000, 0x00000006c8880000, 0x000000076af00000)
  object space 127488K, 44% used [0x00000006c0c00000,0x00000006c43c8250,0x00000006c8880000)
 Metaspace       used 25345K, capacity 25579K, committed 25728K, reserved 1071104K
  class space    used 3092K, capacity 3178K, committed 3200K, reserved 1048576K
}
Event: 10.544 GC heap before
{Heap before GC invocations=18 (full 2):
 PSYoungGen      total 163840K, used 163817K [0x000000076af00000, 0x000000077af80000, 0x00000007c0000000)
  eden space 136704K, 100% used [0x000000076af00000,0x0000000773480000,0x0000000773480000)
  from space 27136K, 99% used [0x0000000773480000,0x0000000774efa7b0,0x0000000774f00000)
  to   space 36864K, 0% used [0x0000000778b80000,0x0000000778b80000,0x000000077af80000)
 ParOldGen       total 127488K, used 57120K [0x00000006c0c00000, 0x00000006c8880000, 0x000000076af00000)
  object space 127488K, 44% used [0x00000006c0c00000,0x00000006c43c8250,0x00000006c8880000)
 Metaspace       used 25359K, capacity 25579K, committed 25728K, reserved 1071104K
  class space    used 3092K, capacity 3178K, committed 3200K, reserved 1048576K
Event: 10.571 GC heap after
Heap after GC invocations=18 (full 2):
 PSYoungGen      total 222208K, used 31518K [0x000000076af00000, 0x000000077b980000, 0x00000007c0000000)
  eden space 185344K, 0% used [0x000000076af00000,0x000000076af00000,0x0000000776400000)
  from space 36864K, 85% used [0x0000000778b80000,0x000000077aa47938,0x000000077af80000)
  to   space 40448K, 0% used [0x0000000776400000,0x0000000776400000,0x0000000778b80000)
 ParOldGen       total 127488K, used 81732K [0x00000006c0c00000, 0x00000006c8880000, 0x000000076af00000)
  object space 127488K, 64% used [0x00000006c0c00000,0x00000006c5bd10d8,0x00000006c8880000)
 Metaspace       used 25359K, capacity 25579K, committed 25728K, reserved 1071104K
  class space    used 3092K, capacity 3178K, committed 3200K, reserved 1048576K
}
Event: 11.515 GC heap before
{Heap before GC invocations=19 (full 2):
 PSYoungGen      total 222208K, used 216862K [0x000000076af00000, 0x000000077b980000, 0x00000007c0000000)
  eden space 185344K, 100% used [0x000000076af00000,0x0000000776400000,0x0000000776400000)
  from space 36864K, 85% used [0x0000000778b80000,0x000000077aa47938,0x000000077af80000)
  to   space 40448K, 0% used [0x0000000776400000,0x0000000776400000,0x0000000778b80000)
 ParOldGen       total 127488K, used 81732K [0x00000006c0c00000, 0x00000006c8880000, 0x000000076af00000)
  object space 127488K, 64% used [0x00000006c0c00000,0x00000006c5bd10d8,0x00000006c8880000)
 Metaspace       used 25383K, capacity 25579K, committed 25728K, reserved 1071104K
  class space    used 3092K, capacity 3178K, committed 3200K, reserved 1048576K
Event: 11.542 GC heap after
Heap after GC invocations=19 (full 2):
 PSYoungGen      total 225792K, used 37897K [0x000000076af00000, 0x0000000780900000, 0x00000007c0000000)
  eden space 185344K, 0% used [0x000000076af00000,0x000000076af00000,0x0000000776400000)
  from space 40448K, 93% used [0x0000000776400000,0x0000000778902538,0x0000000778b80000)
  to   space 46080K, 0% used [0x000000077dc00000,0x000000077dc00000,0x0000000780900000)
 ParOldGen       total 127488K, used 87372K [0x00000006c0c00000, 0x00000006c8880000, 0x000000076af00000)
  object space 127488K, 68% used [0x00000006c0c00000,0x00000006c61530f0,0x00000006c8880000)
 Metaspace       used 25383K, capacity 25579K, committed 25728K, reserved 1071104K
  class space    used 3092K, capacity 3178K, committed 3200K, reserved 1048576K
}
Event: 12.483 GC heap before
{Heap before GC invocations=20 (full 2):
 PSYoungGen      total 225792K, used 223241K [0x000000076af00000, 0x0000000780900000, 0x00000007c0000000)
  eden space 185344K, 100% used [0x000000076af00000,0x0000000776400000,0x0000000776400000)
  from space 40448K, 93% used [0x0000000776400000,0x0000000778902538,0x0000000778b80000)
  to   space 46080K, 0% used [0x000000077dc00000,0x000000077dc00000,0x0000000780900000)
 ParOldGen       total 127488K, used 87372K [0x00000006c0c00000, 0x00000006c8880000, 0x000000076af00000)
  object space 127488K, 68% used [0x00000006c0c00000,0x00000006c61530f0,0x00000006c8880000)
 Metaspace       used 26287K, capacity 26475K, committed 26624K, reserved 1073152K
  class space    used 3221K, capacity 3306K, committed 3328K, reserved 1048576K
Event: 12.508 GC heap after
Heap after GC invocations=20 (full 2):
 PSYoungGen      total 269312K, used 31931K [0x000000076af00000, 0x000000077fb80000, 0x00000007c0000000)
  eden space 237056K, 0% used [0x000000076af00000,0x000000076af00000,0x0000000779680000)
  from space 32256K, 98% used [0x000000077dc00000,0x000000077fb2ed30,0x000000077fb80000)
  to   space 48128K, 0% used [0x0000000779d80000,0x0000000779d80000,0x000000077cc80000)
 ParOldGen       total 127488K, used 94302K [0x00000006c0c00000, 0x00000006c8880000, 0x000000076af00000)
  object space 127488K, 73% used [0x00000006c0c00000,0x00000006c6817b70,0x00000006c8880000)
 Metaspace       used 26287K, capacity 26475K, committed 26624K, reserved 1073152K
  class space    used 3221K, capacity 3306K, committed 3328K, reserved 1048576K
}
Event: 13.377 GC heap before
{Heap before GC invocations=21 (full 2):
 PSYoungGen      total 269312K, used 268987K [0x000000076af00000, 0x000000077fb80000, 0x00000007c0000000)
  eden space 237056K, 100% used [0x000000076af00000,0x0000000779680000,0x0000000779680000)
  from space 32256K, 98% used [0x000000077dc00000,0x000000077fb2ed30,0x000000077fb80000)
  to   space 48128K, 0% used [0x0000000779d80000,0x0000000779d80000,0x000000077cc80000)
 ParOldGen       total 127488K, used 94302K [0x00000006c0c00000, 0x00000006c8880000, 0x000000076af00000)
  object space 127488K, 73% used [0x00000006c0c00000,0x00000006c6817b70,0x00000006c8880000)
 Metaspace       used 29685K, capacity 29924K, committed 30336K, reserved 1075200K
  class space    used 3543K, capacity 3641K, committed 3712K, reserved 1048576K
Event: 13.384 GC heap after
Heap after GC invocations=21 (full 2):
 PSYoungGen      total 292352K, used 8555K [0x000000076af00000, 0x0000000782f80000, 0x00000007c0000000)
  eden space 244224K, 0% used [0x000000076af00000,0x000000076af00000,0x0000000779d80000)
  from space 48128K, 17% used [0x0000000779d80000,0x000000077a5daca8,0x000000077cc80000)
  to   space 47104K, 0% used [0x0000000780180000,0x0000000780180000,0x0000000782f80000)
 ParOldGen       total 127488K, used 102989K [0x00000006c0c00000, 0x00000006c8880000, 0x000000076af00000)
  object space 127488K, 80% used [0x00000006c0c00000,0x00000006c70935c8,0x00000006c8880000)
 Metaspace       used 29685K, capacity 29924K, committed 30336K, reserved 1075200K
  class space    used 3543K, capacity 3641K, committed 3712K, reserved 1048576K
}

Deoptimization events (10 events):
Event: 13.373 Thread 0x0000000002d36000 Uncommon trap: reason=class_check action=maybe_recompile pc=0x00000000035d3964 method=com.google.common.collect.AbstractMapBasedMultimap.put(Ljava/lang/Object;Ljava/lang/Object;)Z @ 10
Event: 13.394 Thread 0x0000000002d36000 Uncommon trap: reason=array_check action=maybe_recompile pc=0x0000000003bad520 method=java.util.AbstractCollection.toArray([Ljava/lang/Object;)[Ljava/lang/Object; @ 119
Event: 13.394 Thread 0x0000000002d36000 Uncommon trap: reason=array_check action=maybe_recompile pc=0x0000000003bad520 method=java.util.AbstractCollection.toArray([Ljava/lang/Object;)[Ljava/lang/Object; @ 119
Event: 13.394 Thread 0x0000000002d36000 Uncommon trap: reason=array_check action=maybe_recompile pc=0x0000000003bad520 method=java.util.AbstractCollection.toArray([Ljava/lang/Object;)[Ljava/lang/Object; @ 119
Event: 13.406 Thread 0x0000000002d36000 Uncommon trap: reason=class_check action=maybe_recompile pc=0x00000000035d3964 method=com.google.common.collect.AbstractMapBasedMultimap.put(Ljava/lang/Object;Ljava/lang/Object;)Z @ 10
Event: 13.465 Thread 0x0000000002d36000 Uncommon trap: reason=class_check action=maybe_recompile pc=0x00000000035d3964 method=com.google.common.collect.AbstractMapBasedMultimap.put(Ljava/lang/Object;Ljava/lang/Object;)Z @ 10
Event: 13.470 Thread 0x0000000035f9e800 Uncommon trap: reason=bimorphic action=maybe_recompile pc=0x00000000031d2c60 method=java.io.FilterInputStream.read([BII)I @ 7
Event: 13.471 Thread 0x0000000035f9e800 Uncommon trap: reason=bimorphic action=maybe_recompile pc=0x00000000031d2c60 method=java.io.FilterInputStream.read([BII)I @ 7
Event: 13.478 Thread 0x0000000035f9e800 Uncommon trap: reason=unstable_if action=reinterpret pc=0x00000000033ebb20 method=com.google.gson.stream.JsonReader.doPeek()I @ 704
Event: 13.584 Thread 0x0000000002d36000 Uncommon trap: reason=unstable_if action=reinterpret pc=0x0000000003b598d8 method=sun.misc.FDBigInteger.multDiffMe(JLsun/misc/FDBigInteger;)J @ 6

Classes redefined (0 events):
No events

Internal exceptions (10 events):
Event: 13.916 Thread 0x0000000035ad4000 Exception <a 'org/lwjgl/LWJGLException'> (0x00000007705801f8) thrown at [c:/openjdk/jdk8u/hotspot\src\share\vm\prims\jni.cpp, line 709]
Event: 13.916 Thread 0x0000000035ad4000 Exception <a 'org/lwjgl/LWJGLException'> (0x0000000770580740) thrown at [c:/openjdk/jdk8u/hotspot\src\share\vm\prims\jni.cpp, line 709]
Event: 13.917 Thread 0x0000000035ad4000 Exception <a 'org/lwjgl/LWJGLException'> (0x0000000770580cf0) thrown at [c:/openjdk/jdk8u/hotspot\src\share\vm\prims\jni.cpp, line 709]
Event: 13.917 Thread 0x0000000035ad4000 Exception <a 'org/lwjgl/LWJGLException'> (0x00000007705812e8) thrown at [c:/openjdk/jdk8u/hotspot\src\share\vm\prims\jni.cpp, line 709]
Event: 13.917 Thread 0x0000000035ad4000 Exception <a 'org/lwjgl/LWJGLException'> (0x0000000770581808) thrown at [c:/openjdk/jdk8u/hotspot\src\share\vm\prims\jni.cpp, line 709]
Event: 13.917 Thread 0x0000000035ad4000 Exception <a 'org/lwjgl/LWJGLException'> (0x0000000770581d50) thrown at [c:/openjdk/jdk8u/hotspot\src\share\vm\prims\jni.cpp, line 709]
Event: 13.917 Thread 0x0000000035ad4000 Exception <a 'org/lwjgl/LWJGLException'> (0x0000000770582218) thrown at [c:/openjdk/jdk8u/hotspot\src\share\vm\prims\jni.cpp, line 709]
Event: 13.917 Thread 0x0000000035ad4000 Exception <a 'org/lwjgl/LWJGLException'> (0x0000000770582870) thrown at [c:/openjdk/jdk8u/hotspot\src\share\vm\prims\jni.cpp, line 709]
Event: 13.917 Thread 0x0000000035ad4000 Exception <a 'org/lwjgl/LWJGLException'> (0x0000000770582e80) thrown at [c:/openjdk/jdk8u/hotspot\src\share\vm\prims\jni.cpp, line 709]
Event: 13.918 Thread 0x0000000035ad4000 Exception <a 'org/lwjgl/LWJGLException'> (0x0000000770583468) thrown at [c:/openjdk/jdk8u/hotspot\src\share\vm\prims\jni.cpp, line 709]

Events (10 events):
Event: 13.922 loading class org/lwjgl/openal/ALC10
Event: 13.922 loading class org/lwjgl/openal/ALC10 done
Event: 13.933 loading class org/lwjgl/openal/ALCdevice
Event: 13.934 loading class org/lwjgl/openal/ALCdevice done
Event: 13.935 loading class org/lwjgl/openal/ALCcontext
Event: 13.935 loading class org/lwjgl/openal/ALCcontext done
Event: 13.936 loading class org/lwjgl/openal/Util
Event: 13.936 loading class org/lwjgl/openal/Util done
Event: 13.937 loading class org/lwjgl/openal/OpenALException
Event: 13.937 loading class org/lwjgl/openal/OpenALException done


Dynamic libraries:
0x00007ff71ab40000 - 0x00007ff71ab76000 	F:\opjdk\bin\java.exe
0x00007ffd86a30000 - 0x00007ffd86c28000 	C:\WINDOWS\SYSTEM32\ntdll.dll
0x00007ffd85d70000 - 0x00007ffd85e2d000 	C:\WINDOWS\System32\KERNEL32.DLL
0x00007ffd84730000 - 0x00007ffd84a26000 	C:\WINDOWS\System32\KERNELBASE.dll
0x00007ffd84fa0000 - 0x00007ffd85050000 	C:\WINDOWS\System32\ADVAPI32.dll
0x00007ffd84f00000 - 0x00007ffd84f9e000 	C:\WINDOWS\System32\msvcrt.dll
0x00007ffd84b80000 - 0x00007ffd84c20000 	C:\WINDOWS\System32\sechost.dll
0x00007ffd85f00000 - 0x00007ffd86023000 	C:\WINDOWS\System32\RPCRT4.dll
0x00007ffd84510000 - 0x00007ffd84537000 	C:\WINDOWS\System32\bcrypt.dll
0x00007ffd84d00000 - 0x00007ffd84e9f000 	C:\WINDOWS\System32\USER32.dll
0x00007ffd84a30000 - 0x00007ffd84a52000 	C:\WINDOWS\System32\win32u.dll
0x00007ffd850b0000 - 0x00007ffd850db000 	C:\WINDOWS\System32\GDI32.dll
0x00007ffd842f0000 - 0x00007ffd84407000 	C:\WINDOWS\System32\gdi32full.dll
0x00007ffd841a0000 - 0x00007ffd8423d000 	C:\WINDOWS\System32\msvcp_win.dll
0x00007ffd84410000 - 0x00007ffd84510000 	C:\WINDOWS\System32\ucrtbase.dll
0x00007ffd71db0000 - 0x00007ffd7204a000 	C:\WINDOWS\WinSxS\amd64_microsoft.windows.common-controls_6595b64144ccf1df_6.0.19041.4355_none_60b8b9eb71f62e16\COMCTL32.dll
0x00007ffd84a70000 - 0x00007ffd84aa2000 	C:\WINDOWS\System32\IMM32.DLL
0x000000006d7d0000 - 0x000000006d8a1000 	F:\opjdk\jre\bin\msvcr100.dll
0x000000006b430000 - 0x000000006bcc8000 	F:\opjdk\jre\bin\server\jvm.dll
0x00007ffd84a60000 - 0x00007ffd84a68000 	C:\WINDOWS\System32\PSAPI.DLL
0x00007ffd7d5c0000 - 0x00007ffd7d5c9000 	C:\WINDOWS\SYSTEM32\WSOCK32.dll
0x00007ffd7b0e0000 - 0x00007ffd7b107000 	C:\WINDOWS\SYSTEM32\WINMM.dll
0x00007ffd7e8d0000 - 0x00007ffd7e8da000 	C:\WINDOWS\SYSTEM32\VERSION.dll
0x00007ffd85650000 - 0x00007ffd856bb000 	C:\WINDOWS\System32\WS2_32.dll
0x00007ffd7bfe0000 - 0x00007ffd7bfef000 	F:\opjdk\jre\bin\verify.dll
0x00007ffd69110000 - 0x00007ffd69139000 	F:\opjdk\jre\bin\java.dll
0x00007ffd78970000 - 0x00007ffd78987000 	F:\opjdk\jre\bin\zip.dll
0x00007ffd86280000 - 0x00007ffd869eb000 	C:\WINDOWS\System32\SHELL32.dll
0x00007ffd82180000 - 0x00007ffd8291d000 	C:\WINDOWS\SYSTEM32\windows.storage.dll
0x00007ffd85a10000 - 0x00007ffd85d63000 	C:\WINDOWS\System32\combase.dll
0x00007ffd83b00000 - 0x00007ffd83b2e000 	C:\WINDOWS\SYSTEM32\Wldp.dll
0x00007ffd85e30000 - 0x00007ffd85efd000 	C:\WINDOWS\System32\OLEAUT32.dll
0x00007ffd85900000 - 0x00007ffd859ad000 	C:\WINDOWS\System32\SHCORE.dll
0x00007ffd85050000 - 0x00007ffd850a5000 	C:\WINDOWS\System32\shlwapi.dll
0x00007ffd84010000 - 0x00007ffd84034000 	C:\WINDOWS\SYSTEM32\profapi.dll
0x00007ffd79200000 - 0x00007ffd7920d000 	F:\opjdk\jre\bin\management.dll
0x00007ffd68ff0000 - 0x00007ffd6900b000 	F:\opjdk\jre\bin\net.dll
0x00007ffd83860000 - 0x00007ffd838ca000 	C:\WINDOWS\system32\mswsock.dll
0x00007ffd68b10000 - 0x00007ffd68b21000 	F:\opjdk\jre\bin\nio.dll
0x00007ffd5cdc0000 - 0x00007ffd5cdd7000 	C:\WINDOWS\system32\napinsp.dll
0x00007ffd5c970000 - 0x00007ffd5c98b000 	C:\WINDOWS\system32\pnrpnsp.dll
0x00007ffd5c950000 - 0x00007ffd5c965000 	C:\WINDOWS\system32\wshbth.dll
0x00007ffd7f730000 - 0x00007ffd7f74d000 	C:\WINDOWS\system32\NLAapi.dll
0x00007ffd834f0000 - 0x00007ffd8352b000 	C:\WINDOWS\SYSTEM32\IPHLPAPI.DLL
0x00007ffd83540000 - 0x00007ffd8360b000 	C:\WINDOWS\SYSTEM32\DNSAPI.dll
0x00007ffd850f0000 - 0x00007ffd850f8000 	C:\WINDOWS\System32\NSI.dll
0x00007ffd5c930000 - 0x00007ffd5c942000 	C:\WINDOWS\System32\winrnr.dll
0x00007ffd7dc30000 - 0x00007ffd7dc3a000 	C:\Windows\System32\rasadhlp.dll
0x00007ffd7dd80000 - 0x00007ffd7de00000 	C:\WINDOWS\System32\fwpuclnt.dll
0x0000000180000000 - 0x0000000180051000 	C:\Users\קיסקוזי\.gradle\caches\minecraft\net\minecraft\minecraft_natives\1.7.10\lwjgl64.dll
0x00007ffd64e20000 - 0x00007ffd64f45000 	C:\WINDOWS\SYSTEM32\OPENGL32.dll
0x00007ffd7ce60000 - 0x00007ffd7ce8c000 	C:\WINDOWS\SYSTEM32\GLU32.dll
0x00007ffd83a60000 - 0x00007ffd83a78000 	C:\WINDOWS\SYSTEM32\CRYPTSP.dll
0x00007ffd83110000 - 0x00007ffd83144000 	C:\WINDOWS\system32\rsaenh.dll
0x00007ffd83f80000 - 0x00007ffd83fae000 	C:\WINDOWS\SYSTEM32\USERENV.dll
0x00007ffd84540000 - 0x00007ffd845c2000 	C:\WINDOWS\System32\bcryptprimitives.dll
0x00007ffd83a50000 - 0x00007ffd83a5c000 	C:\WINDOWS\SYSTEM32\CRYPTBASE.dll
0x00007ffd7f530000 - 0x00007ffd7f547000 	C:\WINDOWS\SYSTEM32\dhcpcsvc6.DLL
0x00007ffd7f510000 - 0x00007ffd7f52d000 	C:\WINDOWS\SYSTEM32\dhcpcsvc.DLL
0x00007ffd644a0000 - 0x00007ffd64639000 	F:\opjdk\jre\bin\awt.dll
0x00007ffd812a0000 - 0x00007ffd81330000 	C:\WINDOWS\SYSTEM32\apphelp.dll
0x00007ffd775b0000 - 0x00007ffd7765e000 	C:\WINDOWS\SYSTEM32\mscms.dll
0x00007ffd77590000 - 0x00007ffd775a1000 	C:\WINDOWS\SYSTEM32\ColorAdapterClient.dll
0x00007ffd81f80000 - 0x00007ffd81f92000 	C:\WINDOWS\SYSTEM32\kernel.appcore.dll
0x00007ffd81a90000 - 0x00007ffd81b2e000 	C:\WINDOWS\system32\uxtheme.dll
0x00007ffd86160000 - 0x00007ffd86274000 	C:\WINDOWS\System32\MSCTF.dll
0x00007ffd84ad0000 - 0x00007ffd84b79000 	C:\WINDOWS\System32\clbcatq.dll
0x00007ffd07160000 - 0x00007ffd09d50000 	C:\WINDOWS\System32\DriverStore\FileRepository\nvleig.inf_amd64_92cb6cb02101f4e9\nvoglv64.dll
0x00007ffd85100000 - 0x00007ffd8556e000 	C:\WINDOWS\System32\SETUPAPI.dll
0x00007ffd84150000 - 0x00007ffd8419e000 	C:\WINDOWS\System32\cfgmgr32.dll
0x00007ffd86030000 - 0x00007ffd8615b000 	C:\WINDOWS\System32\ole32.dll
0x00007ffd813e0000 - 0x00007ffd813f4000 	C:\WINDOWS\SYSTEM32\WTSAPI32.dll
0x00007ffd83c90000 - 0x00007ffd83ca2000 	C:\WINDOWS\SYSTEM32\msasn1.dll
0x00007ffd7e890000 - 0x00007ffd7e8c1000 	C:\WINDOWS\SYSTEM32\cryptnet.dll
0x00007ffd845d0000 - 0x00007ffd8472e000 	C:\WINDOWS\System32\CRYPT32.dll
0x00007ffd7e6c0000 - 0x00007ffd7e807000 	C:\WINDOWS\SYSTEM32\drvstore.dll
0x00007ffd83e60000 - 0x00007ffd83e93000 	C:\WINDOWS\SYSTEM32\devobj.dll
0x00007ffd840e0000 - 0x00007ffd84147000 	C:\WINDOWS\System32\wintrust.dll
0x00007ffd84ab0000 - 0x00007ffd84acd000 	C:\WINDOWS\System32\imagehlp.dll
0x00007ffd82930000 - 0x00007ffd82953000 	C:\WINDOWS\SYSTEM32\gpapi.dll
0x00007ffd726a0000 - 0x00007ffd7488e000 	C:\WINDOWS\System32\DriverStore\FileRepository\nvleig.inf_amd64_92cb6cb02101f4e9\nvgpucomp64.dll
0x00007ffd83230000 - 0x00007ffd83263000 	C:\WINDOWS\SYSTEM32\ntmarta.dll
0x00007ffd756b0000 - 0x00007ffd756eb000 	C:\WINDOWS\SYSTEM32\dxcore.dll
0x00007ffd81da0000 - 0x00007ffd81dcf000 	C:\WINDOWS\SYSTEM32\dwmapi.dll
0x00007ffd77900000 - 0x00007ffd779f9000 	C:\WINDOWS\SYSTEM32\textinputframework.dll
0x00007ffd80ca0000 - 0x00007ffd80ffb000 	C:\WINDOWS\System32\CoreUIComponents.dll
0x00007ffd81000000 - 0x00007ffd810f2000 	C:\WINDOWS\System32\CoreMessaging.dll
0x00007ffd7f930000 - 0x00007ffd7fa87000 	C:\WINDOWS\SYSTEM32\wintypes.dll
0x00007ffd3e070000 - 0x00007ffd3e0b3000 	C:\WINDOWS\SYSTEM32\icm32.dll
0x00007ffd83610000 - 0x00007ffd8365b000 	C:\WINDOWS\SYSTEM32\powrprof.dll
0x00007ffd834d0000 - 0x00007ffd834e2000 	C:\WINDOWS\SYSTEM32\UMPDC.dll
0x00007ffd82d90000 - 0x00007ffd82deb000 	C:\WINDOWS\SYSTEM32\WINSTA.dll
0x0000000070a40000 - 0x0000000070adc000 	C:\Users\קיסקוזי\.gradle\caches\minecraft\net\minecraft\minecraft_natives\1.7.10\avutil-ttv-51.dll
0x0000000065980000 - 0x00000000659d6000 	C:\Users\קיסקוזי\.gradle\caches\minecraft\net\minecraft\minecraft_natives\1.7.10\swresample-ttv-0.dll
0x000000006eb80000 - 0x000000006ec50000 	C:\Users\קיסקוזי\.gradle\caches\minecraft\net\minecraft\minecraft_natives\1.7.10\libmp3lame-ttv.dll
0x00007ffd452a0000 - 0x00007ffd46644000 	C:\Users\קיסקוזי\.gradle\caches\minecraft\net\minecraft\minecraft_natives\1.7.10\libmfxsw64.dll
0x00007ffd61db0000 - 0x00007ffd61edb000 	C:\Users\קיסקוזי\.gradle\caches\minecraft\net\minecraft\minecraft_natives\1.7.10\twitchsdk.dll
0x00007ffd69360000 - 0x00007ffd69836000 	C:\WINDOWS\SYSTEM32\WININET.dll
0x0000000023fa0000 - 0x0000000024004000 	C:\Users\קיסקוזי\.gradle\caches\minecraft\net\minecraft\minecraft_natives\1.7.10\OpenAL64.dll
0x00007ffd7ee30000 - 0x00007ffd7eeb5000 	C:\WINDOWS\System32\MMDevApi.dll
0x00007ffd16820000 - 0x00007ffd168bc000 	C:\WINDOWS\SYSTEM32\dsound.dll
0x00007ffd40c90000 - 0x00007ffd40cb6000 	C:\WINDOWS\SYSTEM32\winmmbase.dll
0x00007ffd7ef00000 - 0x00007ffd7f081000 	C:\WINDOWS\SYSTEM32\AUDIOSES.DLL
0x00007ffd7da40000 - 0x00007ffd7dc24000 	C:\WINDOWS\SYSTEM32\dbghelp.dll

VM Arguments:
jvm_args: -Dfile.encoding=windows-1255 -Duser.country=US -Duser.language=en -Duser.variant 
java_command: GradleStart
java_class_path (initial): F:\Minecraft DBCA Addon\DBCA\Minecraft moddding\DBCA\libs\DragonBlockC-v1.4.85-deobf.jar;F:\Minecraft DBCA Addon\DBCA\Minecraft moddding\DBCA\libs\JBRA-Client-v1.6.52-deobf.jar;F:\Minecraft DBCA Addon\DBCA\Minecraft moddding\DBCA\libs\JRMCore-v1.3.51-deobf.jar;C:\Users\קיסקוזי\.gradle\caches\minecraft\net\minecraftforge\forge\1.7.10-10.13.4.1614-1.7.10\start;C:\Users\קיסקוזי\.gradle\caches\minecraft\net\minecraftforge\forge\1.7.10-10.13.4.1614-1.7.10\forgeSrc-1.7.10-10.13.4.1614-1.7.10.jar;C:\Users\קיסקוזי\.gradle\caches\modules-2\files-2.1\net.minecraft\launchwrapper\1.12\111e7bea9c968cdb3d06ef4632bf7ff0824d0f36\launchwrapper-1.12.jar;C:\Users\קיסקוזי\.gradle\caches\modules-2\files-2.1\com.google.code.findbugs\jsr305\1.3.9\40719ea6961c0cb6afaeb6a921eaa1f6afd4cfdf\jsr305-1.3.9.jar;C:\Users\קיסקוזי\.gradle\caches\modules-2\files-2.1\org.ow2.asm\asm-debug-all\5.0.3\f9e364ae2a66ce2a543012a4668856e84e5dab74\asm-debug-all-5.0.3.jar;C:\Users\קיסקוזי\.gradle\caches\modules-2\files-2.1\com.typesafe.akka\akka-actor_2.11\2.3.3\ed62e9fc709ca0f2ff1a3220daa8b70a2870078e\akka-actor_2.11-2.3.3.jar;C:\Users\קיסקוזי\.gradle\caches\modules-2\files-2.1\com.typesafe\config\1.2.1\f771f71fdae3df231bcd54d5ca2d57f0bf93f467\config-1.2.1.jar;C:\Users\קיסקוזי\.gradle\caches\modules-2\files-2.1\org.scala-lang\scala-actors-migration_2.11\1.1.0\dfa8bc42b181d5b9f1a5dd147f8ae308b893eb6f\scala-actors-migration_2.11-1.1.0.jar;C:\Users\קיסקוזי\.gradle\caches\modules-2\files-2.1\org.scala-lang\scala-compiler\2.11.1\56ea2e6c025e0821f28d73ca271218b8dd04926a\scala-compiler-2.11.1.jar;C:\Users\קיסקוזי\.gradle\caches\modules-2\files-2.1\org.scala-lang.plugins\scala-continuations-library_2.11\1.0.2\e517c53a7e9acd6b1668c5a35eccbaa3bab9aac\scala-continuations-library_2.11-1.0.2.jar;C:\Users\קיסקוזי\.gradle\caches\modules-2\files-2.1\org.scala-lang.plugins\scala-continuations-plugin_2.11.1\1.0.2\f361a3283452c57fa30c1ee69448995de23c60f7\scala-continuations-plugin_2.11.1-1.0.2.jar;C:
Launcher Type: SUN_STANDARD

Environment Variables:
JAVA_HOME=C:\Program Files\OpenLogic\jdk-8.0.402.06-hotspot\
PATH=C:\Program Files\OpenLogic\jdk-8.0.402.06-hotspot\bin;F:\opendjdk17\bin;F:\openjdk\bin;F:\opjdk\bin;C:\Program Files\OpenLogic\jdk-17.0.9.9-hotspot\bin;F:\Plastic SCM\server;F:\Plastic SCM\client;C:\Python310\Scripts\;C:\Python310\;F:\devkitPro\msys2\usr\bin;F:\Oculus\Support\oculus-runtime;F:\apache-maven-3.8.4\bin;C:\Program Files\Docker\Docker\resources\bin;C:\ProgramData\DockerDesktop\version-bin;C:\Users\קיסקוזי\AppData\Local\Programs\Python\Python310\Scripts\;C:\Program Files (x86)\NVIDIA Corporation\PhysX\Common;C:\Program Files\dotnet\;C:\Program Files\Git\cmd;C:\Program Files (x86)\gsudo\;F:\Node.js\;C:\ProgramData\chocolatey\bin;C:\Program Files\Microsoft SQL Server\Client SDK\ODBC\170\Tools\Binn\;C:\Program Files (x86)\Microsoft SQL Server\150\Tools\Binn\;C:\Program Files\Microsoft SQL Server\150\Tools\Binn\;C:\Program Files\Microsoft SQL Server\150\DTS\Binn\;C:\Program Files\CMake\bin;F:\SFML\SFML-2.5.1\bin;F:\meta\metasploit-framework\bin\;C:\Users\קיסקוזי\AppData\Local\Programs\Python\Python37\Scripts\;C:\Users\קיסקוזי\AppData\Local\Programs\Python\Python37\;C:\Program Files\MySQL\MySQL Shell 8.0\bin\;C:\Users\קיסקוזי\AppData\Local\Programs\Python\Python310\Scripts\;C:\Users\קיסקוזי\AppData\Local\Programs\Python\Python310\;C:\Users\קיסקוזי\AppData\Local\Microsoft\WindowsApps;C:\Users\קיסקוזי\.dotnet\tools;C:\Users\קיסקוזי\AppData\Local\GitHubDesktop\bin;F:\Microsoft VS Code\bin;C:\Users\קיסקוזי\AppData\Roaming\npm;C:\Users\קיסקוזי\AppData\Local\Programs\ExifTool;F:\msys2\mingw64\bin;F:\Chromuim\chromedriver.exe;F:\Nmap;F:\Intelji23\IntelliJ IDEA Community Edition 2023.3.2\bin;;C:\Users\קיסקוזי\AppData\Local\Programs\Filestar;C:\Users\קיסקוזי\AppData\Roaming\Filestar\aliases
USERNAME=קיסקוזי
OS=Windows_NT
PROCESSOR_IDENTIFIER=Intel64 Family 6 Model 94 Stepping 3, GenuineIntel



---------------  S Y S T E M  ---------------

OS: Windows 10 , 64 bit Build 19041 (10.0.19041.3636)

CPU:total 8 (initial active 8) (4 cores per cpu, 2 threads per core) family 6 model 94 stepping 3, cmov, cx8, fxsr, mmx, sse, sse2, sse3, ssse3, sse4.1, sse4.2, popcnt, avx, avx2, aes, clmul, erms, rtm, 3dnowpref, lzcnt, ht, tsc, tscinvbit, bmi1, bmi2, adx

Memory: 4k page, physical 16723604k(6519224k free), swap 25636500k(10735376k free)

vm_info: OpenJDK 64-Bit Server VM (25.392-b08) for windows-amd64 JRE (1.8.0_392-392-b08), built on Oct 18 2023 07:33:07 by "Administrator" with MS VC++ 10.0 (VS2010)

time: Sun Jun 30 01:16:45 2024
timezone: Jerusalem Daylight Time
elapsed time: 14.075218 seconds (0d 0h 0m 14s)

