#
# A fatal error has been detected by the Java Runtime Environment:
#
#  EXCEPTION_ACCESS_VIOLATION (0xc0000005) at pc=0x000000002d431066, pid=8884, tid=0x0000000000001040
#
# JRE version: OpenJDK Runtime Environment (8.0_392-b08) (build 1.8.0_392-392-b08)
# Java VM: OpenJDK 64-Bit Server VM (25.392-b08 mixed mode windows-amd64 compressed oops)
# Problematic frame:
# C  [OpenAL64.dll+0x11066]
#
# Failed to write core dump. Minidumps are not enabled by default on client versions of Windows
#
# If you would like to submit a bug report, please visit:
#   http://bugreport.java.com/bugreport/crash.jsp
# The crash happened outside the Java Virtual Machine in native code.
# See problematic frame for where to report the bug.
#

---------------  T H R E A D  ---------------

Current thread (0x000000001fd4a000):  JavaThread "Thread-8" [_thread_in_native, id=4160, stack(0x0000000043990000,0x0000000043a90000)]

siginfo: ExceptionCode=0xc0000005, reading address 0x0000000020291004

Registers:
RAX=0x0000000000000004, RBX=0x0000000043d90090, RCX=0x0000000020291008, RDX=0x0000000020291004
RSP=0x0000000043a8f220, RBP=0x00000000000000ff, RSI=0x000000002028c86c, RDI=0x0000000000000000
R8 =0x00000000000011e6, R9 =0x000000002028c86c, R10=0x0000000002f389db, R11=0x0000000071e17000
R12=0x0000000000000001, R13=0x000000003382f5e0, R14=0x0000000043a8f3b8, R15=0x000000001fd4a000
RIP=0x000000002d431066, EFLAGS=0x0000000000010202

Top of Stack: (sp=0x0000000043a8f220)
0x0000000043a8f220:   0000000000000000 0000000071cae2db
0x0000000043a8f230:   000000001fd4a000 0000000043a8f3b8
0x0000000043a8f240:   000000003382f5e0 0000000000000000
0x0000000043a8f250:   000000001fd4a000 0000000020289f40
0x0000000043a8f260:   000000003382f5e0 000000001fd4a000
0x0000000043a8f270:   0000000021e7d3f0 0000000071c9c4f6
0x0000000043a8f280:   0000000043a8fa38 0000000021e7cff0
0x0000000043a8f290:   000000001fd4a000 0000000043a8f3b8
0x0000000043a8f2a0:   000000003382f5e0 0000000000000000
0x0000000043a8f2b0:   000000002028c86c 00000006c0c2df08
0x0000000043a8f2c0:   0000000043a8f380 000000002d43248f
0x0000000043a8f2d0:   0000000043d90090 0000000043d90090
0x0000000043a8f2e0:   000000000000ac44 0000000600000004
0x0000000043a8f2f0:   0000000000000010 0000000002f38a07
0x0000000043a8f300:   000000003382f5e0 0000000002f3873d
0x0000000043a8f310:   000000001fd4a000 000000003382f5e0 

Instructions: (pc=0x000000002d431066)
0x000000002d431046:   41 2b ec 81 3a 03 00 02 00 75 09 8b 01 89 84 24
0x000000002d431056:   c8 00 00 00 49 83 c0 02 48 83 c1 08 4a 8d 14 86
0x000000002d431066:   39 3a 75 af 4c 8d 84 24 c0 00 00 00 48 8d 15 d7
0x000000002d431076:   2b 03 00 33 c9 e8 58 5f 00 00 b8 40 1f 00 00 4c 


Register to memory mapping:

RAX=0x0000000000000004 is an unknown value
RBX=0x0000000043d90090 is an unknown value
RCX=0x0000000020291008 is an unknown value
RDX=0x0000000020291004 is an unknown value
RSP=0x0000000043a8f220 is pointing into the stack for thread: 0x000000001fd4a000
RBP=0x00000000000000ff is an unknown value
RSI=0x000000002028c86c is an unknown value
RDI=0x0000000000000000 is an unknown value
R8 =0x00000000000011e6 is an unknown value
R9 =0x000000002028c86c is an unknown value
R10=0x0000000002f389db is at code_begin+891 in an Interpreter codelet
method entry point (kind = native)  [0x0000000002f38660, 0x0000000002f39040]  2528 bytes
R11=0x0000000071e17000 is an unknown value
R12=0x0000000000000001 is an unknown value
R13={method} {0x000000003382f5e8} 'nalcCreateContext' '(JJ)J' in 'org/lwjgl/openal/ALC10'
R14=0x0000000043a8f3b8 is pointing into the stack for thread: 0x000000001fd4a000
R15=0x000000001fd4a000 is a thread


Stack: [0x0000000043990000,0x0000000043a90000],  sp=0x0000000043a8f220,  free space=1020k
Native frames: (J=compiled Java code, j=interpreted, Vv=VM code, C=native code)
C  [OpenAL64.dll+0x11066]
C  [OpenAL64.dll+0x1248f]
C  0x0000000002f38a07

Java frames: (J=compiled Java code, j=interpreted, Vv=VM code)
j  org.lwjgl.openal.ALC10.nalcCreateContext(JJ)J+0
j  org.lwjgl.openal.ALC10.alcCreateContext(Lorg/lwjgl/openal/ALCdevice;Ljava/nio/IntBuffer;)Lorg/lwjgl/openal/ALCcontext;+8
j  org.lwjgl.openal.AL.init(Ljava/lang/String;IIZZ)V+69
j  org.lwjgl.openal.AL.create(Ljava/lang/String;IIZZ)V+227
j  org.lwjgl.openal.AL.create(Ljava/lang/String;IIZ)V+5
j  org.lwjgl.openal.AL.create()V+6
j  paulscode.sound.libraries.LibraryLWJGLOpenAL.init()V+2
j  paulscode.sound.SoundSystem.CommandNewLibrary(Ljava/lang/Class;)V+273
j  paulscode.sound.SoundSystem.CommandQueue(Lpaulscode/sound/CommandObject;)Z+1206
j  paulscode.sound.CommandThread.run()V+51
v  ~StubRoutines::call_stub

---------------  P R O C E S S  ---------------

Java Threads: ( => current thread )
  0x0000000021ede000 JavaThread "Thread-9" [_thread_blocked, id=2524, stack(0x0000000043c90000,0x0000000043d90000)]
  0x0000000021742000 JavaThread "Keep-Alive-Timer" daemon [_thread_blocked, id=3124, stack(0x0000000043a90000,0x0000000043b90000)]
=>0x000000001fd4a000 JavaThread "Thread-8" [_thread_in_native, id=4160, stack(0x0000000043990000,0x0000000043a90000)]
  0x0000000025a6a800 JavaThread "Sound Library Loader" [_thread_blocked, id=18520, stack(0x0000000034af0000,0x0000000034bf0000)]
  0x0000000020afd800 JavaThread "LWJGL Timer" daemon [_thread_blocked, id=7212, stack(0x0000000032cb0000,0x0000000032db0000)]
  0x000000001fcdf800 JavaThread "Thread-6" [_thread_blocked, id=14508, stack(0x0000000030040000,0x0000000030140000)]
  0x0000000023092000 JavaThread "Java2D Disposer" daemon [_thread_blocked, id=1832, stack(0x0000000022c80000,0x0000000022d80000)]
  0x00000000242e1000 JavaThread "Timer hack thread" daemon [_thread_blocked, id=16892, stack(0x0000000022840000,0x0000000022940000)]
  0x0000000020cd2800 JavaThread "Snooper Timer" daemon [_thread_blocked, id=20268, stack(0x0000000022740000,0x0000000022840000)]
  0x000000001e912000 JavaThread "Service Thread" daemon [_thread_blocked, id=14176, stack(0x000000001f520000,0x000000001f620000)]
  0x000000001e888000 JavaThread "C1 CompilerThread3" daemon [_thread_blocked, id=12416, stack(0x000000001f420000,0x000000001f520000)]
  0x000000001e881800 JavaThread "C2 CompilerThread2" daemon [_thread_blocked, id=15088, stack(0x000000001f320000,0x000000001f420000)]
  0x000000001e87f800 JavaThread "C2 CompilerThread1" daemon [_thread_blocked, id=2792, stack(0x000000001f220000,0x000000001f320000)]
  0x000000001e885800 JavaThread "C2 CompilerThread0" daemon [_thread_blocked, id=9844, stack(0x000000001f120000,0x000000001f220000)]
  0x000000001e873800 JavaThread "Attach Listener" daemon [_thread_blocked, id=19132, stack(0x000000001f020000,0x000000001f120000)]
  0x000000001e873000 JavaThread "Signal Dispatcher" daemon [_thread_blocked, id=12032, stack(0x000000001ef20000,0x000000001f020000)]
  0x000000001e811800 JavaThread "Finalizer" daemon [_thread_blocked, id=20088, stack(0x000000001ecf0000,0x000000001edf0000)]
  0x000000001e810800 JavaThread "Reference Handler" daemon [_thread_blocked, id=9452, stack(0x000000001ebf0000,0x000000001ecf0000)]
  0x000000000138e000 JavaThread "Client thread" [_thread_in_native, id=13504, stack(0x0000000002d10000,0x0000000002e10000)]

Other Threads:
  0x000000001ca17800 VMThread [stack: 0x000000001e6f0000,0x000000001e7f0000] [id=20404]
  0x000000001e916800 WatcherThread [stack: 0x000000001f620000,0x000000001f720000] [id=3756]

VM state:not at safepoint (normal execution)

VM Mutex/Monitor currently owned by a thread: None

heap address: 0x00000006c0c00000, size: 4084 MB, Compressed Oops mode: Zero based, Oop shift amount: 3
Narrow klass base: 0x0000000000000000, Narrow klass shift: 3
Compressed class space size: 1073741824 Address: 0x00000007c0000000

Heap:
 PSYoungGen      total 225792K, used 25538K [0x000000076af00000, 0x000000077d200000, 0x00000007c0000000)
  eden space 202752K, 7% used [0x000000076af00000,0x000000076be180d8,0x0000000777500000)
  from space 23040K, 43% used [0x000000077bb80000,0x000000077c558760,0x000000077d200000)
  to   space 47616K, 0% used [0x0000000777500000,0x0000000777500000,0x000000077a380000)
 ParOldGen       total 129536K, used 107100K [0x00000006c0c00000, 0x00000006c8a80000, 0x000000076af00000)
  object space 129536K, 82% used [0x00000006c0c00000,0x00000006c74971e0,0x00000006c8a80000)
 Metaspace       used 28297K, capacity 28549K, committed 28928K, reserved 1075200K
  class space    used 3449K, capacity 3544K, committed 3584K, reserved 1048576K

Card table byte_map: [0x00000000122e0000,0x0000000012ae0000] byte_map_base: 0x000000000ecda000

Marking Bits: (ParMarkBitMap*) 0x0000000072416440
 Begin Bits: [0x0000000013840000, 0x0000000017810000)
 End Bits:   [0x0000000017810000, 0x000000001b7e0000)

Polling page: 0x00000000013f0000

CodeCache: size=245760Kb used=12423Kb max_used=13275Kb free=233337Kb
 bounds [0x0000000002f20000, 0x0000000003c30000, 0x0000000011f20000]
 total_blobs=3849 nmethods=3212 adapters=548
 compilation: enabled

Compilation events (10 events):
Event: 13.875 Thread 0x000000001e888000 4085       3       net.minecraft.client.resources.DefaultResourcePack::resourceExists (30 bytes)
Event: 13.876 Thread 0x000000001e888000 nmethod 4085 0x0000000003295ad0 code [0x0000000003295ce0, 0x0000000003296758]
Event: 13.882 Thread 0x000000001e888000 4086       1       net.minecraft.client.audio.SoundList$SoundEntry::getSoundEntryName (5 bytes)
Event: 13.882 Thread 0x000000001e888000 nmethod 4086 0x0000000003277110 code [0x0000000003277260, 0x0000000003277370]
Event: 13.883 Thread 0x000000001e888000 4087       1       net.minecraft.client.audio.SoundList$SoundEntry::getSoundEntryType (5 bytes)
Event: 13.883 Thread 0x000000001e888000 nmethod 4087 0x000000000366d050 code [0x000000000366d1a0, 0x000000000366d2b0]
Event: 13.884 Thread 0x000000001e888000 4088       1       net.minecraft.client.audio.SoundList$SoundEntry::isStreaming (5 bytes)
Event: 13.884 Thread 0x000000001e888000 nmethod 4088 0x000000000308c8d0 code [0x000000000308ca20, 0x000000000308cb30]
Event: 13.885 Thread 0x000000001e888000 4089       1       net.minecraft.client.audio.SoundList$SoundEntry::getSoundEntryWeight (5 bytes)
Event: 13.885 Thread 0x000000001e888000 nmethod 4089 0x000000000364ced0 code [0x000000000364d020, 0x000000000364d130]

GC Heap History (10 events):
Event: 10.370 GC heap before
{Heap before GC invocations=16 (full 2):
 PSYoungGen      total 117248K, used 117246K [0x000000076af00000, 0x0000000775f80000, 0x00000007c0000000)
  eden space 99328K, 100% used [0x000000076af00000,0x0000000771000000,0x0000000771000000)
  from space 17920K, 99% used [0x0000000771000000,0x000000077217fa18,0x0000000772180000)
  to   space 25088K, 0% used [0x0000000774700000,0x0000000774700000,0x0000000775f80000)
 ParOldGen       total 129536K, used 48819K [0x00000006c0c00000, 0x00000006c8a80000, 0x000000076af00000)
  object space 129536K, 37% used [0x00000006c0c00000,0x00000006c3bacca8,0x00000006c8a80000)
 Metaspace       used 25536K, capacity 25749K, committed 25984K, reserved 1073152K
  class space    used 3091K, capacity 3147K, committed 3200K, reserved 1048576K
Event: 10.383 GC heap after
Heap after GC invocations=16 (full 2):
 PSYoungGen      total 146944K, used 25079K [0x000000076af00000, 0x0000000777080000, 0x00000007c0000000)
  eden space 121856K, 0% used [0x000000076af00000,0x000000076af00000,0x0000000772600000)
  from space 25088K, 99% used [0x0000000774700000,0x0000000775f7dfd0,0x0000000775f80000)
  to   space 33792K, 0% used [0x0000000772600000,0x0000000772600000,0x0000000774700000)
 ParOldGen       total 129536K, used 62777K [0x00000006c0c00000, 0x00000006c8a80000, 0x000000076af00000)
  object space 129536K, 48% used [0x00000006c0c00000,0x00000006c494e750,0x00000006c8a80000)
 Metaspace       used 25536K, capacity 25749K, committed 25984K, reserved 1073152K
  class space    used 3091K, capacity 3147K, committed 3200K, reserved 1048576K
}
Event: 11.166 GC heap before
{Heap before GC invocations=17 (full 2):
 PSYoungGen      total 146944K, used 146935K [0x000000076af00000, 0x0000000777080000, 0x00000007c0000000)
  eden space 121856K, 100% used [0x000000076af00000,0x0000000772600000,0x0000000772600000)
  from space 25088K, 99% used [0x0000000774700000,0x0000000775f7dfd0,0x0000000775f80000)
  to   space 33792K, 0% used [0x0000000772600000,0x0000000772600000,0x0000000774700000)
 ParOldGen       total 129536K, used 62777K [0x00000006c0c00000, 0x00000006c8a80000, 0x000000076af00000)
  object space 129536K, 48% used [0x00000006c0c00000,0x00000006c494e750,0x00000006c8a80000)
 Metaspace       used 25545K, capacity 25749K, committed 25984K, reserved 1073152K
  class space    used 3091K, capacity 3147K, committed 3200K, reserved 1048576K
Event: 11.190 GC heap after
Heap after GC invocations=17 (full 2):
 PSYoungGen      total 155648K, used 33780K [0x000000076af00000, 0x000000077a880000, 0x00000007c0000000)
  eden space 121856K, 0% used [0x000000076af00000,0x000000076af00000,0x0000000772600000)
  from space 33792K, 99% used [0x0000000772600000,0x00000007746fd150,0x0000000774700000)
  to   space 45568K, 0% used [0x0000000777c00000,0x0000000777c00000,0x000000077a880000)
 ParOldGen       total 129536K, used 80317K [0x00000006c0c00000, 0x00000006c8a80000, 0x000000076af00000)
  object space 129536K, 62% used [0x00000006c0c00000,0x00000006c5a6f748,0x00000006c8a80000)
 Metaspace       used 25545K, capacity 25749K, committed 25984K, reserved 1073152K
  class space    used 3091K, capacity 3147K, committed 3200K, reserved 1048576K
}
Event: 11.828 GC heap before
{Heap before GC invocations=18 (full 2):
 PSYoungGen      total 155648K, used 155636K [0x000000076af00000, 0x000000077a880000, 0x00000007c0000000)
  eden space 121856K, 100% used [0x000000076af00000,0x0000000772600000,0x0000000772600000)
  from space 33792K, 99% used [0x0000000772600000,0x00000007746fd150,0x0000000774700000)
  to   space 45568K, 0% used [0x0000000777c00000,0x0000000777c00000,0x000000077a880000)
 ParOldGen       total 129536K, used 80317K [0x00000006c0c00000, 0x00000006c8a80000, 0x000000076af00000)
  object space 129536K, 62% used [0x00000006c0c00000,0x00000006c5a6f748,0x00000006c8a80000)
 Metaspace       used 25547K, capacity 25749K, committed 25984K, reserved 1073152K
  class space    used 3091K, capacity 3147K, committed 3200K, reserved 1048576K
Event: 11.849 GC heap after
Heap after GC invocations=18 (full 2):
 PSYoungGen      total 209408K, used 26050K [0x000000076af00000, 0x000000077ac80000, 0x00000007c0000000)
  eden space 163840K, 0% used [0x000000076af00000,0x000000076af00000,0x0000000774f00000)
  from space 45568K, 57% used [0x0000000777c00000,0x0000000779570ab8,0x000000077a880000)
  to   space 46080K, 0% used [0x0000000774f00000,0x0000000774f00000,0x0000000777c00000)
 ParOldGen       total 129536K, used 96116K [0x00000006c0c00000, 0x00000006c8a80000, 0x000000076af00000)
  object space 129536K, 74% used [0x00000006c0c00000,0x00000006c69dd248,0x00000006c8a80000)
 Metaspace       used 25547K, capacity 25749K, committed 25984K, reserved 1073152K
  class space    used 3091K, capacity 3147K, committed 3200K, reserved 1048576K
}
Event: 12.669 GC heap before
{Heap before GC invocations=19 (full 2):
 PSYoungGen      total 209408K, used 189890K [0x000000076af00000, 0x000000077ac80000, 0x00000007c0000000)
  eden space 163840K, 100% used [0x000000076af00000,0x0000000774f00000,0x0000000774f00000)
  from space 45568K, 57% used [0x0000000777c00000,0x0000000779570ab8,0x000000077a880000)
  to   space 46080K, 0% used [0x0000000774f00000,0x0000000774f00000,0x0000000777c00000)
 ParOldGen       total 129536K, used 96116K [0x00000006c0c00000, 0x00000006c8a80000, 0x000000076af00000)
  object space 129536K, 74% used [0x00000006c0c00000,0x00000006c69dd248,0x00000006c8a80000)
 Metaspace       used 25571K, capacity 25813K, committed 25984K, reserved 1073152K
  class space    used 3091K, capacity 3147K, committed 3200K, reserved 1048576K
Event: 12.691 GC heap after
Heap after GC invocations=19 (full 2):
 PSYoungGen      total 209920K, used 33016K [0x000000076af00000, 0x000000077eb00000, 0x00000007c0000000)
  eden space 163840K, 0% used [0x000000076af00000,0x000000076af00000,0x0000000774f00000)
  from space 46080K, 71% used [0x0000000774f00000,0x0000000776f3e168,0x0000000777c00000)
  to   space 48640K, 0% used [0x000000077bb80000,0x000000077bb80000,0x000000077eb00000)
 ParOldGen       total 129536K, used 102810K [0x00000006c0c00000, 0x00000006c8a80000, 0x000000076af00000)
  object space 129536K, 79% used [0x00000006c0c00000,0x00000006c70669e8,0x00000006c8a80000)
 Metaspace       used 25571K, capacity 25813K, committed 25984K, reserved 1073152K
  class space    used 3091K, capacity 3147K, committed 3200K, reserved 1048576K
}
Event: 13.798 GC heap before
{Heap before GC invocations=20 (full 2):
 PSYoungGen      total 209920K, used 196856K [0x000000076af00000, 0x000000077eb00000, 0x00000007c0000000)
  eden space 163840K, 100% used [0x000000076af00000,0x0000000774f00000,0x0000000774f00000)
  from space 46080K, 71% used [0x0000000774f00000,0x0000000776f3e168,0x0000000777c00000)
  to   space 48640K, 0% used [0x000000077bb80000,0x000000077bb80000,0x000000077eb00000)
 ParOldGen       total 129536K, used 102810K [0x00000006c0c00000, 0x00000006c8a80000, 0x000000076af00000)
  object space 129536K, 79% used [0x00000006c0c00000,0x00000006c70669e8,0x00000006c8a80000)
 Metaspace       used 28077K, capacity 28357K, committed 28672K, reserved 1075200K
  class space    used 3423K, capacity 3544K, committed 3584K, reserved 1048576K
Event: 13.806 GC heap after
Heap after GC invocations=20 (full 2):
 PSYoungGen      total 225792K, used 10081K [0x000000076af00000, 0x000000077d200000, 0x00000007c0000000)
  eden space 202752K, 0% used [0x000000076af00000,0x000000076af00000,0x0000000777500000)
  from space 23040K, 43% used [0x000000077bb80000,0x000000077c558760,0x000000077d200000)
  to   space 47616K, 0% used [0x0000000777500000,0x0000000777500000,0x000000077a380000)
 ParOldGen       total 129536K, used 107100K [0x00000006c0c00000, 0x00000006c8a80000, 0x000000076af00000)
  object space 129536K, 82% used [0x00000006c0c00000,0x00000006c74971e0,0x00000006c8a80000)
 Metaspace       used 28077K, capacity 28357K, committed 28672K, reserved 1075200K
  class space    used 3423K, capacity 3544K, committed 3584K, reserved 1048576K
}

Deoptimization events (10 events):
Event: 13.472 Thread 0x000000000138e000 Uncommon trap: reason=unstable_if action=reinterpret pc=0x000000000389a954 method=org.objectweb.asm.MethodWriter.visitMaxs(II)V @ 627
Event: 13.472 Thread 0x000000000138e000 Uncommon trap: reason=unstable_if action=reinterpret pc=0x000000000392ed28 method=org.objectweb.asm.MethodWriter.visitTypeInsn(ILjava/lang/String;)V @ 24
Event: 13.472 Thread 0x000000000138e000 Uncommon trap: reason=class_check action=maybe_recompile pc=0x0000000003381254 method=java.lang.ClassLoader.loadClass(Ljava/lang/String;Z)Ljava/lang/Class; @ 38
Event: 13.472 Thread 0x000000000138e000 Uncommon trap: reason=class_check action=maybe_recompile pc=0x0000000003381254 method=java.lang.ClassLoader.loadClass(Ljava/lang/String;Z)Ljava/lang/Class; @ 38
Event: 13.493 Thread 0x000000002076c800 Uncommon trap: reason=bimorphic action=maybe_recompile pc=0x0000000003419de0 method=java.net.URL.<init>(Ljava/net/URL;Ljava/lang/String;Ljava/net/URLStreamHandler;)V @ 504
Event: 13.502 Thread 0x000000002076c800 Uncommon trap: reason=unstable_if action=reinterpret pc=0x00000000036af728 method=java.net.URI.match(CJJ)Z @ 45
Event: 13.503 Thread 0x000000002076c800 Uncommon trap: reason=unstable_if action=reinterpret pc=0x000000000309bcb0 method=java.lang.AbstractStringBuilder.append(I)Ljava/lang/AbstractStringBuilder; @ 16
Event: 13.503 Thread 0x000000002076c800 Uncommon trap: reason=unstable_if action=reinterpret pc=0x0000000003b11d54 method=java.lang.Integer.getChars(II[C)V @ 7
Event: 13.506 Thread 0x000000002076c800 Uncommon trap: reason=unstable_if action=reinterpret pc=0x0000000003279e20 method=java.net.URI.match(CJJ)Z @ 45
Event: 13.842 Thread 0x000000002076c800 Uncommon trap: reason=unstable_if action=reinterpret pc=0x0000000003bce0e0 method=com.google.gson.stream.JsonReader.doPeek()I @ 704

Classes redefined (0 events):
No events

Internal exceptions (10 events):
Event: 13.852 Thread 0x000000001fd4a000 Exception <a 'org/lwjgl/LWJGLException'> (0x000000076b9ca2a0) thrown at [c:/openjdk/jdk8u/hotspot\src\share\vm\prims\jni.cpp, line 709]
Event: 13.852 Thread 0x000000001fd4a000 Exception <a 'org/lwjgl/LWJGLException'> (0x000000076b9ca820) thrown at [c:/openjdk/jdk8u/hotspot\src\share\vm\prims\jni.cpp, line 709]
Event: 13.852 Thread 0x000000001fd4a000 Exception <a 'org/lwjgl/LWJGLException'> (0x000000076b9cae18) thrown at [c:/openjdk/jdk8u/hotspot\src\share\vm\prims\jni.cpp, line 709]
Event: 13.852 Thread 0x000000001fd4a000 Exception <a 'org/lwjgl/LWJGLException'> (0x000000076b9cb360) thrown at [c:/openjdk/jdk8u/hotspot\src\share\vm\prims\jni.cpp, line 709]
Event: 13.852 Thread 0x000000001fd4a000 Exception <a 'org/lwjgl/LWJGLException'> (0x000000076b9cb910) thrown at [c:/openjdk/jdk8u/hotspot\src\share\vm\prims\jni.cpp, line 709]
Event: 13.852 Thread 0x000000001fd4a000 Exception <a 'org/lwjgl/LWJGLException'> (0x000000076b9cbf08) thrown at [c:/openjdk/jdk8u/hotspot\src\share\vm\prims\jni.cpp, line 709]
Event: 13.852 Thread 0x000000001fd4a000 Exception <a 'org/lwjgl/LWJGLException'> (0x000000076b9cc428) thrown at [c:/openjdk/jdk8u/hotspot\src\share\vm\prims\jni.cpp, line 709]
Event: 13.852 Thread 0x000000001fd4a000 Exception <a 'org/lwjgl/LWJGLException'> (0x000000076b9cc970) thrown at [c:/openjdk/jdk8u/hotspot\src\share\vm\prims\jni.cpp, line 709]
Event: 13.852 Thread 0x000000001fd4a000 Exception <a 'org/lwjgl/LWJGLException'> (0x000000076b9cce38) thrown at [c:/openjdk/jdk8u/hotspot\src\share\vm\prims\jni.cpp, line 709]
Event: 13.854 Thread 0x000000001fd4a000 Exception <a 'org/lwjgl/LWJGLException'> (0x000000076b9cd460) thrown at [c:/openjdk/jdk8u/hotspot\src\share\vm\prims\jni.cpp, line 709]

Events (10 events):
Event: 13.883 Thread 0x000000001e888000 flushing nmethod 0x000000000366ba90
Event: 13.883 Thread 0x000000001e888000 flushing nmethod 0x000000000366d310
Event: 13.883 Thread 0x000000001e888000 flushing nmethod 0x0000000003679dd0
Event: 13.883 Thread 0x000000001e888000 flushing nmethod 0x000000000367b2d0
Event: 13.883 Thread 0x000000001e888000 flushing nmethod 0x000000000367f150
Event: 13.883 Thread 0x000000001e888000 flushing nmethod 0x000000000367f490
Event: 13.884 Thread 0x000000001e888000 flushing nmethod 0x00000000036a3750
Event: 13.884 Thread 0x000000001e888000 flushing nmethod 0x00000000036d5d10
Event: 13.885 Thread 0x000000001e888000 flushing nmethod 0x0000000003752fd0
Event: 13.885 Thread 0x000000001e888000 flushing nmethod 0x0000000003789190


Dynamic libraries:
0x00007ff749330000 - 0x00007ff749366000 	F:\opjdk\bin\java.exe
0x00007ff862930000 - 0x00007ff862b28000 	C:\WINDOWS\SYSTEM32\ntdll.dll
0x00007ff8616e0000 - 0x00007ff86179d000 	C:\WINDOWS\System32\KERNEL32.DLL
0x00007ff860310000 - 0x00007ff860606000 	C:\WINDOWS\System32\KERNELBASE.dll
0x00007ff862700000 - 0x00007ff8627b3000 	C:\WINDOWS\System32\ADVAPI32.dll
0x00007ff861130000 - 0x00007ff8611ce000 	C:\WINDOWS\System32\msvcrt.dll
0x00007ff861b20000 - 0x00007ff861bbf000 	C:\WINDOWS\System32\sechost.dll
0x00007ff8627c0000 - 0x00007ff8628e6000 	C:\WINDOWS\System32\RPCRT4.dll
0x00007ff860030000 - 0x00007ff860057000 	C:\WINDOWS\System32\bcrypt.dll
0x00007ff860a80000 - 0x00007ff860c1e000 	C:\WINDOWS\System32\USER32.dll
0x00007ff860000000 - 0x00007ff860022000 	C:\WINDOWS\System32\win32u.dll
0x00007ff8618d0000 - 0x00007ff8618fc000 	C:\WINDOWS\System32\GDI32.dll
0x00007ff860610000 - 0x00007ff86072a000 	C:\WINDOWS\System32\gdi32full.dll
0x00007ff8608e0000 - 0x00007ff86097d000 	C:\WINDOWS\System32\msvcp_win.dll
0x00007ff8601c0000 - 0x00007ff8602c0000 	C:\WINDOWS\System32\ucrtbase.dll
0x00007ff852fd0000 - 0x00007ff85326a000 	C:\WINDOWS\WinSxS\amd64_microsoft.windows.common-controls_6595b64144ccf1df_6.0.19041.3636_none_60b6a03d71f818d5\COMCTL32.dll
0x00007ff861100000 - 0x00007ff861130000 	C:\WINDOWS\System32\IMM32.DLL
0x0000000072db0000 - 0x0000000072e81000 	F:\opjdk\jre\bin\msvcr100.dll
0x0000000071c00000 - 0x0000000072498000 	F:\opjdk\jre\bin\server\jvm.dll
0x00007ff861cd0000 - 0x00007ff861cd8000 	C:\WINDOWS\System32\PSAPI.DLL
0x00007ff844eb0000 - 0x00007ff844eb9000 	C:\WINDOWS\SYSTEM32\WSOCK32.dll
0x00007ff857fe0000 - 0x00007ff857fea000 	C:\WINDOWS\SYSTEM32\VERSION.dll
0x00007ff84fc00000 - 0x00007ff84fc27000 	C:\WINDOWS\SYSTEM32\WINMM.dll
0x00007ff861900000 - 0x00007ff86196b000 	C:\WINDOWS\System32\WS2_32.dll
0x00007ff8401e0000 - 0x00007ff8401ef000 	F:\opjdk\jre\bin\verify.dll
0x00007ff8401b0000 - 0x00007ff8401d9000 	F:\opjdk\jre\bin\java.dll
0x00007ff83aba0000 - 0x00007ff83abb7000 	F:\opjdk\jre\bin\zip.dll
0x00007ff861e70000 - 0x00007ff8625b5000 	C:\WINDOWS\System32\SHELL32.dll
0x00007ff85e0d0000 - 0x00007ff85e86b000 	C:\WINDOWS\SYSTEM32\windows.storage.dll
0x00007ff8611d0000 - 0x00007ff861524000 	C:\WINDOWS\System32\combase.dll
0x00007ff85fa30000 - 0x00007ff85fa5d000 	C:\WINDOWS\SYSTEM32\Wldp.dll
0x00007ff861bc0000 - 0x00007ff861c6d000 	C:\WINDOWS\System32\SHCORE.dll
0x00007ff860c20000 - 0x00007ff860c75000 	C:\WINDOWS\System32\shlwapi.dll
0x00007ff85ff30000 - 0x00007ff85ff55000 	C:\WINDOWS\SYSTEM32\profapi.dll
0x00007ff83ab50000 - 0x00007ff83ab5d000 	F:\opjdk\jre\bin\management.dll
0x00007ff83ab80000 - 0x00007ff83ab9b000 	F:\opjdk\jre\bin\net.dll
0x00007ff85f790000 - 0x00007ff85f7fa000 	C:\WINDOWS\system32\mswsock.dll
0x00007ff82ffa0000 - 0x00007ff82ffb1000 	F:\opjdk\jre\bin\nio.dll
0x00007ff83c020000 - 0x00007ff83c037000 	C:\WINDOWS\system32\napinsp.dll
0x00007ff838eb0000 - 0x00007ff838ecb000 	C:\WINDOWS\system32\pnrpnsp.dll
0x00007ff838d30000 - 0x00007ff838d45000 	C:\WINDOWS\system32\wshbth.dll
0x00007ff85bd60000 - 0x00007ff85bd7d000 	C:\WINDOWS\system32\NLAapi.dll
0x00007ff85f430000 - 0x00007ff85f46b000 	C:\WINDOWS\SYSTEM32\IPHLPAPI.DLL
0x00007ff85f470000 - 0x00007ff85f53a000 	C:\WINDOWS\SYSTEM32\DNSAPI.dll
0x00007ff862640000 - 0x00007ff862648000 	C:\WINDOWS\System32\NSI.dll
0x00007ff838d00000 - 0x00007ff838d12000 	C:\WINDOWS\System32\winrnr.dll
0x00007ff859de0000 - 0x00007ff859dea000 	C:\Windows\System32\rasadhlp.dll
0x00007ff858220000 - 0x00007ff8582a0000 	C:\WINDOWS\System32\fwpuclnt.dll
0x0000000180000000 - 0x0000000180051000 	C:\Users\קיסקוזי\.gradle\caches\minecraft\net\minecraft\minecraft_natives\1.7.10\lwjgl64.dll
0x00007ff80a6e0000 - 0x00007ff80a805000 	C:\WINDOWS\SYSTEM32\OPENGL32.dll
0x00007ff83abd0000 - 0x00007ff83abfc000 	C:\WINDOWS\SYSTEM32\GLU32.dll
0x00007ff85f990000 - 0x00007ff85f9a8000 	C:\WINDOWS\SYSTEM32\CRYPTSP.dll
0x00007ff85f050000 - 0x00007ff85f084000 	C:\WINDOWS\system32\rsaenh.dll
0x00007ff85feb0000 - 0x00007ff85fede000 	C:\WINDOWS\SYSTEM32\USERENV.dll
0x00007ff860850000 - 0x00007ff8608d2000 	C:\WINDOWS\System32\bcryptprimitives.dll
0x00007ff85f980000 - 0x00007ff85f98c000 	C:\WINDOWS\SYSTEM32\CRYPTBASE.dll
0x00007ff85a900000 - 0x00007ff85a917000 	C:\WINDOWS\SYSTEM32\dhcpcsvc6.DLL
0x00007ff85a8e0000 - 0x00007ff85a8fd000 	C:\WINDOWS\SYSTEM32\dhcpcsvc.DLL
0x00007ff8001d0000 - 0x00007ff800369000 	F:\opjdk\jre\bin\awt.dll
0x00007ff861d40000 - 0x00007ff861e0d000 	C:\WINDOWS\System32\OLEAUT32.dll
0x00007ff85d820000 - 0x00007ff85d8b0000 	C:\WINDOWS\SYSTEM32\apphelp.dll
0x00007ff85a220000 - 0x00007ff85a2ce000 	C:\WINDOWS\SYSTEM32\mscms.dll
0x00007ff85a200000 - 0x00007ff85a211000 	C:\WINDOWS\SYSTEM32\ColorAdapterClient.dll
0x00007ff85ded0000 - 0x00007ff85dee2000 	C:\WINDOWS\SYSTEM32\kernel.appcore.dll
0x00007ff85d980000 - 0x00007ff85da1e000 	C:\WINDOWS\system32\uxtheme.dll
0x00007ff861a00000 - 0x00007ff861b14000 	C:\WINDOWS\System32\MSCTF.dll
0x00007ff862650000 - 0x00007ff8626f9000 	C:\WINDOWS\System32\clbcatq.dll
0x00007fffd7f30000 - 0x00007fffdab20000 	C:\WINDOWS\System32\DriverStore\FileRepository\nvleig.inf_amd64_92cb6cb02101f4e9\nvoglv64.dll
0x00007ff860c80000 - 0x00007ff8610ee000 	C:\WINDOWS\System32\SETUPAPI.dll
0x00007ff8602c0000 - 0x00007ff86030e000 	C:\WINDOWS\System32\cfgmgr32.dll
0x00007ff8617a0000 - 0x00007ff8618cb000 	C:\WINDOWS\System32\ole32.dll
0x00007ff85b9e0000 - 0x00007ff85b9f4000 	C:\WINDOWS\SYSTEM32\WTSAPI32.dll
0x00007ff85fbc0000 - 0x00007ff85fbd2000 	C:\WINDOWS\SYSTEM32\msasn1.dll
0x00007ff857fa0000 - 0x00007ff857fd1000 	C:\WINDOWS\SYSTEM32\cryptnet.dll
0x00007ff860060000 - 0x00007ff8601bd000 	C:\WINDOWS\System32\CRYPT32.dll
0x00007ff858010000 - 0x00007ff858158000 	C:\WINDOWS\SYSTEM32\drvstore.dll
0x00007ff85fd90000 - 0x00007ff85fdc3000 	C:\WINDOWS\SYSTEM32\devobj.dll
0x00007ff860730000 - 0x00007ff860797000 	C:\WINDOWS\System32\wintrust.dll
0x00007ff860980000 - 0x00007ff86099d000 	C:\WINDOWS\System32\imagehlp.dll
0x00007ff85e880000 - 0x00007ff85e8a3000 	C:\WINDOWS\SYSTEM32\gpapi.dll
0x00007ff855c40000 - 0x00007ff857e2e000 	C:\WINDOWS\System32\DriverStore\FileRepository\nvleig.inf_amd64_92cb6cb02101f4e9\nvgpucomp64.dll
0x00007ff85f170000 - 0x00007ff85f1a3000 	C:\WINDOWS\SYSTEM32\ntmarta.dll
0x00007ff8587b0000 - 0x00007ff8587eb000 	C:\WINDOWS\SYSTEM32\dxcore.dll
0x00007ff85dcc0000 - 0x00007ff85dcef000 	C:\WINDOWS\SYSTEM32\dwmapi.dll
0x00007ff82aca0000 - 0x00007ff82ad99000 	C:\WINDOWS\SYSTEM32\textinputframework.dll
0x00007ff85d280000 - 0x00007ff85d5db000 	C:\WINDOWS\System32\CoreUIComponents.dll
0x00007ff85d5e0000 - 0x00007ff85d6d2000 	C:\WINDOWS\System32\CoreMessaging.dll
0x00007ff85cbb0000 - 0x00007ff85cd05000 	C:\WINDOWS\SYSTEM32\wintypes.dll
0x00007ff82ff50000 - 0x00007ff82ff93000 	C:\WINDOWS\SYSTEM32\icm32.dll
0x00007ff85f5a0000 - 0x00007ff85f5eb000 	C:\WINDOWS\SYSTEM32\powrprof.dll
0x00007ff85f410000 - 0x00007ff85f422000 	C:\WINDOWS\SYSTEM32\UMPDC.dll
0x00007ff85ece0000 - 0x00007ff85ed3b000 	C:\WINDOWS\SYSTEM32\WINSTA.dll
0x0000000070a40000 - 0x0000000070adc000 	C:\Users\קיסקוזי\.gradle\caches\minecraft\net\minecraft\minecraft_natives\1.7.10\avutil-ttv-51.dll
0x0000000065980000 - 0x00000000659d6000 	C:\Users\קיסקוזי\.gradle\caches\minecraft\net\minecraft\minecraft_natives\1.7.10\swresample-ttv-0.dll
0x000000006eb80000 - 0x000000006ec50000 	C:\Users\קיסקוזי\.gradle\caches\minecraft\net\minecraft\minecraft_natives\1.7.10\libmp3lame-ttv.dll
0x00007fffa7530000 - 0x00007fffa88d4000 	C:\Users\קיסקוזי\.gradle\caches\minecraft\net\minecraft\minecraft_natives\1.7.10\libmfxsw64.dll
0x00007ffffb560000 - 0x00007ffffb68b000 	C:\Users\קיסקוזי\.gradle\caches\minecraft\net\minecraft\minecraft_natives\1.7.10\twitchsdk.dll
0x00007ff847640000 - 0x00007ff847b16000 	C:\WINDOWS\SYSTEM32\WININET.dll
0x000000002d420000 - 0x000000002d484000 	C:\Users\קיסקוזי\.gradle\caches\minecraft\net\minecraft\minecraft_natives\1.7.10\OpenAL64.dll
0x00007ff8599f0000 - 0x00007ff859a75000 	C:\WINDOWS\System32\MMDevApi.dll
0x00007ffffd200000 - 0x00007ffffd29c000 	C:\WINDOWS\SYSTEM32\dsound.dll
0x00007ff814d60000 - 0x00007ff814d86000 	C:\WINDOWS\SYSTEM32\winmmbase.dll
0x00007ff859a80000 - 0x00007ff859c02000 	C:\WINDOWS\SYSTEM32\AUDIOSES.DLL
0x00007ff84e1d0000 - 0x00007ff84e3b4000 	C:\WINDOWS\SYSTEM32\dbghelp.dll

VM Arguments:
jvm_args: -Dfile.encoding=windows-1255 -Duser.country=US -Duser.language=en -Duser.variant 
java_command: GradleStart
java_class_path (initial): F:\Minecraft moddding\DBCA\libs\CustomNPC-Plus-API-main\CustomNPC-Plus-API-main.iml;F:\Minecraft moddding\DBCA\libs\CustomNPC-Plus-API-main\java\net\minecraft\block\properties\IProperty.java;F:\Minecraft moddding\DBCA\libs\CustomNPC-Plus-API-main\java\net\minecraft\block\state\IBlockState.java;F:\Minecraft moddding\DBCA\libs\CustomNPC-Plus-API-main\java\net\minecraft\util\math\BlockPos.java;F:\Minecraft moddding\DBCA\libs\CustomNPC-Plus-API-main\java\net\minecraft\util\math\IntHashMap.java;F:\Minecraft moddding\DBCA\libs\CustomNPC-Plus-API-main\java\net\minecraft\util\Vec3i.java;F:\Minecraft moddding\DBCA\libs\CustomNPC-Plus-API-main\java\noppes\npcs\api\AbstractNpcAPI.java;F:\Minecraft moddding\DBCA\libs\CustomNPC-Plus-API-main\java\noppes\npcs\api\entity\data\IModelData.java;F:\Minecraft moddding\DBCA\libs\CustomNPC-Plus-API-main\java\noppes\npcs\api\entity\data\IModelRotate.java;F:\Minecraft moddding\DBCA\libs\CustomNPC-Plus-API-main\java\noppes\npcs\api\entity\data\IModelRotatePart.java;F:\Minecraft moddding\DBCA\libs\CustomNPC-Plus-API-main\java\noppes\npcs\api\entity\data\IModelScale.java;F:\Minecraft moddding\DBCA\libs\CustomNPC-Plus-API-main\java\noppes\npcs\api\entity\data\IModelScalePart.java;F:\Minecraft moddding\DBCA\libs\CustomNPC-Plus-API-main\java\noppes\npcs\api\entity\IAnimal.java;F:\Minecraft moddding\DBCA\libs\CustomNPC-Plus-API-main\java\noppes\npcs\api\entity\ICustomNpc.java;F:\Minecraft moddding\DBCA\libs\CustomNPC-Plus-API-main\java\noppes\npcs\api\entity\IDBCPlayer.java;F:\Minecraft moddding\DBCA\libs\CustomNPC-Plus-API-main\java\noppes\npcs\api\entity\IEntity.java;F:\Minecraft moddding\DBCA\libs\CustomNPC-Plus-API-main\java\noppes\npcs\api\entity\IEntityItem.java;F:\Minecraft moddding\DBCA\libs\CustomNPC-Plus-API-main\java\noppes\npcs\api\entity\IEntityLiving.java;F:\Minecraft moddding\DBCA\libs\CustomNPC-Plus-API-main\java\noppes\npcs\api\entity\IEntityLivingBase.java;F:\Minecraft moddding\DBCA\libs\CustomNPC-Pl
Launcher Type: SUN_STANDARD

Environment Variables:
PATH=F:\opjdk\bin;C:\Program Files\OpenLogic\jdk-17.0.9.9-hotspot\bin;F:\Plastic SCM\server;F:\Plastic SCM\client;C:\Python310\Scripts\;C:\Python310\;F:\devkitPro\msys2\usr\bin;F:\Oculus\Support\oculus-runtime;F:\apache-maven-3.8.4\bin;C:\Program Files\Docker\Docker\resources\bin;C:\ProgramData\DockerDesktop\version-bin;C:\Users\קיסקוזי\AppData\Local\Programs\Python\Python310\Scripts\;C:\Program Files (x86)\NVIDIA Corporation\PhysX\Common;C:\Program Files\dotnet\;C:\Program Files\Git\cmd;C:\Program Files (x86)\gsudo\;F:\Node.js\;C:\ProgramData\chocolatey\bin;C:\Program Files\Microsoft SQL Server\Client SDK\ODBC\170\Tools\Binn\;C:\Program Files (x86)\Microsoft SQL Server\150\Tools\Binn\;C:\Program Files\Microsoft SQL Server\150\Tools\Binn\;C:\Program Files\Microsoft SQL Server\150\DTS\Binn\;C:\Program Files\CMake\bin;F:\SFML\SFML-2.5.1\bin;F:\meta\metasploit-framework\bin\;C:\Users\קיסקוזי\AppData\Local\Programs\Python\Python37\Scripts\;C:\Users\קיסקוזי\AppData\Local\Programs\Python\Python37\;C:\Program Files\MySQL\MySQL Shell 8.0\bin\;C:\Users\קיסקוזי\AppData\Local\Programs\Python\Python310\Scripts\;C:\Users\קיסקוזי\AppData\Local\Programs\Python\Python310\;C:\Users\קיסקוזי\AppData\Local\Microsoft\WindowsApps;C:\Users\קיסקוזי\.dotnet\tools;C:\Users\קיסקוזי\AppData\Local\GitHubDesktop\bin;F:\Microsoft VS Code\bin;C:\Users\קיסקוזי\AppData\Roaming\npm;C:\Users\קיסקוזי\AppData\Local\Programs\ExifTool;F:\msys2\mingw64\bin;F:\Chromuim\chromedriver.exe;F:\Nmap;F:\Intelji23\IntelliJ IDEA Community Edition 2023.3.2\bin;
USERNAME=קיסקוזי
OS=Windows_NT
PROCESSOR_IDENTIFIER=Intel64 Family 6 Model 94 Stepping 3, GenuineIntel



---------------  S Y S T E M  ---------------

OS: Windows 10 , 64 bit Build 19041 (10.0.19041.3636)

CPU:total 8 (initial active 8) (4 cores per cpu, 2 threads per core) family 6 model 94 stepping 3, cmov, cx8, fxsr, mmx, sse, sse2, sse3, ssse3, sse4.1, sse4.2, popcnt, avx, avx2, aes, clmul, erms, rtm, 3dnowpref, lzcnt, ht, tsc, tscinvbit, bmi1, bmi2, adx

Memory: 4k page, physical 16723604k(6381284k free), swap 35597972k(17101016k free)

vm_info: OpenJDK 64-Bit Server VM (25.392-b08) for windows-amd64 JRE (1.8.0_392-392-b08), built on Oct 18 2023 07:33:07 by "Administrator" with MS VC++ 10.0 (VS2010)

time: Sun Feb 04 23:23:18 2024
timezone: Jerusalem Standard Time
elapsed time: 14.009708 seconds (0d 0h 0m 14s)

