#
# A fatal error has been detected by the Java Runtime Environment:
#
#  EXCEPTION_ACCESS_VIOLATION (0xc0000005) at pc=0x00000000259d1066, pid=17992, tid=0x000000000000430c
#
# JRE version: OpenJDK Runtime Environment (8.0_392-b08) (build 1.8.0_392-392-b08)
# Java VM: OpenJDK 64-Bit Server VM (25.392-b08 mixed mode windows-amd64 compressed oops)
# Problematic frame:
# C  [OpenAL64.dll+0x11066]
#
# Failed to write core dump. Minidumps are not enabled by default on client versions of Windows
#
# If you would like to submit a bug report, please visit:
#   http://bugreport.java.com/bugreport/crash.jsp
# The crash happened outside the Java Virtual Machine in native code.
# See problematic frame for where to report the bug.
#

---------------  T H R E A D  ---------------

Current thread (0x000000004782e800):  JavaThread "Thread-10" [_thread_in_native, id=17164, stack(0x0000000049430000,0x0000000049530000)]

siginfo: ExceptionCode=0xc0000005, reading address 0x0000000020c0b004

Registers:
RAX=0x0000000000000004, RBX=0x0000000049800090, RCX=0x0000000020c0b008, RDX=0x0000000020c0b004
RSP=0x000000004952f200, RBP=0x00000000000000ff, RSI=0x0000000020c0549c, RDI=0x0000000000000000
R8 =0x00000000000016da, R9 =0x0000000020c0549c, R10=0x00000000030689db, R11=0x0000000071e17000
R12=0x0000000000000001, R13=0x000000004913f0c0, R14=0x000000004952f398, R15=0x000000004782e800
RIP=0x00000000259d1066, EFLAGS=0x0000000000010202

Top of Stack: (sp=0x000000004952f200)
0x000000004952f200:   000000004952f240 000000001c360ff8
0x000000004952f210:   0000000000000000 000000004952f398
0x000000004952f220:   0000000000000000 0000000000000000
0x000000004952f230:   000000004782e800 0000000020c04730
0x000000004952f240:   000000004913f0c0 000000004782e800
0x000000004952f250:   00000000209aecd0 0000000071c9c4f6
0x000000004952f260:   000000004952fa18 0000000022acf9a8
0x000000004952f270:   000000004782e800 000000004952f398
0x000000004952f280:   000000004913f0c0 0000000000000000
0x000000004952f290:   0000000020c0549c 0000000020c0549c
0x000000004952f2a0:   000000004952f360 00000000259d248f
0x000000004952f2b0:   0000000049800090 0000000049800090
0x000000004952f2c0:   000000000000ac44 0000000000000004
0x000000004952f2d0:   00000006c0c00ec8 0000000003068a07
0x000000004952f2e0:   000000004913f0c0 000000077a3d28f8
0x000000004952f2f0:   000000004952f2f0 00000000491d2339 

Instructions: (pc=0x00000000259d1066)
0x00000000259d1046:   41 2b ec 81 3a 03 00 02 00 75 09 8b 01 89 84 24
0x00000000259d1056:   c8 00 00 00 49 83 c0 02 48 83 c1 08 4a 8d 14 86
0x00000000259d1066:   39 3a 75 af 4c 8d 84 24 c0 00 00 00 48 8d 15 d7
0x00000000259d1076:   2b 03 00 33 c9 e8 58 5f 00 00 b8 40 1f 00 00 4c 


Register to memory mapping:

RAX=0x0000000000000004 is an unknown value
RBX=0x0000000049800090 is an unknown value
RCX=0x0000000020c0b008 is an unknown value
RDX=0x0000000020c0b004 is an unknown value
RSP=0x000000004952f200 is pointing into the stack for thread: 0x000000004782e800
RBP=0x00000000000000ff is an unknown value
RSI=0x0000000020c0549c is an unknown value
RDI=0x0000000000000000 is an unknown value
R8 =0x00000000000016da is an unknown value
R9 =0x0000000020c0549c is an unknown value
R10=0x00000000030689db is at code_begin+891 in an Interpreter codelet
method entry point (kind = native)  [0x0000000003068660, 0x0000000003069040]  2528 bytes
R11=0x0000000071e17000 is an unknown value
R12=0x0000000000000001 is an unknown value
R13={method} {0x000000004913f0c8} 'nalcCreateContext' '(JJ)J' in 'org/lwjgl/openal/ALC10'
R14=0x000000004952f398 is pointing into the stack for thread: 0x000000004782e800
R15=0x000000004782e800 is a thread


Stack: [0x0000000049430000,0x0000000049530000],  sp=0x000000004952f200,  free space=1020k
Native frames: (J=compiled Java code, j=interpreted, Vv=VM code, C=native code)
C  [OpenAL64.dll+0x11066]
C  [OpenAL64.dll+0x1248f]
C  0x0000000003068a07

Java frames: (J=compiled Java code, j=interpreted, Vv=VM code)
j  org.lwjgl.openal.ALC10.nalcCreateContext(JJ)J+0
j  org.lwjgl.openal.ALC10.alcCreateContext(Lorg/lwjgl/openal/ALCdevice;Ljava/nio/IntBuffer;)Lorg/lwjgl/openal/ALCcontext;+8
j  org.lwjgl.openal.AL.init(Ljava/lang/String;IIZZ)V+69
j  org.lwjgl.openal.AL.create(Ljava/lang/String;IIZZ)V+227
j  org.lwjgl.openal.AL.create(Ljava/lang/String;IIZ)V+5
j  org.lwjgl.openal.AL.create()V+6
j  paulscode.sound.libraries.LibraryLWJGLOpenAL.init()V+2
j  paulscode.sound.SoundSystem.CommandNewLibrary(Ljava/lang/Class;)V+273
j  paulscode.sound.SoundSystem.CommandQueue(Lpaulscode/sound/CommandObject;)Z+1206
j  paulscode.sound.CommandThread.run()V+51
v  ~StubRoutines::call_stub

---------------  P R O C E S S  ---------------

Java Threads: ( => current thread )
  0x0000000020b06000 JavaThread "Thread-11" [_thread_blocked, id=3492, stack(0x0000000049900000,0x0000000049a00000)]
=>0x000000004782e800 JavaThread "Thread-10" [_thread_in_native, id=17164, stack(0x0000000049430000,0x0000000049530000)]
  0x000000004513c800 JavaThread "Sound Library Loader" [_thread_blocked, id=14548, stack(0x0000000049030000,0x0000000049130000)]
  0x0000000020803800 JavaThread "Keep-Alive-Timer" daemon [_thread_blocked, id=8364, stack(0x0000000049330000,0x0000000049430000)]
  0x0000000022db1800 JavaThread "LWJGL Timer" daemon [_thread_blocked, id=1064, stack(0x0000000032680000,0x0000000032780000)]
  0x0000000020522800 JavaThread "Thread-6" [_thread_blocked, id=16968, stack(0x000000002f920000,0x000000002fa20000)]
  0x0000000024a49800 JavaThread "Java2D Disposer" daemon [_thread_blocked, id=6616, stack(0x0000000024230000,0x0000000024330000)]
  0x0000000024562000 JavaThread "Timer hack thread" daemon [_thread_blocked, id=15712, stack(0x0000000023c90000,0x0000000023d90000)]
  0x00000000231e6800 JavaThread "Snooper Timer" daemon [_thread_blocked, id=17272, stack(0x0000000021850000,0x0000000021950000)]
  0x000000001e9f2000 JavaThread "Service Thread" daemon [_thread_blocked, id=9828, stack(0x000000001f600000,0x000000001f700000)]
  0x000000001e970800 JavaThread "C1 CompilerThread3" daemon [_thread_blocked, id=9612, stack(0x000000001f500000,0x000000001f600000)]
  0x000000001e96e800 JavaThread "C2 CompilerThread2" daemon [_thread_blocked, id=8096, stack(0x000000001f400000,0x000000001f500000)]
  0x000000001e96c800 JavaThread "C2 CompilerThread1" daemon [_thread_blocked, id=11356, stack(0x000000001f300000,0x000000001f400000)]
  0x000000001e972800 JavaThread "C2 CompilerThread0" daemon [_thread_in_native, id=10864, stack(0x000000001f200000,0x000000001f300000)]
  0x000000001e95f800 JavaThread "Attach Listener" daemon [_thread_blocked, id=14556, stack(0x000000001f100000,0x000000001f200000)]
  0x000000001e95f000 JavaThread "Signal Dispatcher" daemon [_thread_blocked, id=20196, stack(0x000000001f000000,0x000000001f100000)]
  0x000000001e900800 JavaThread "Finalizer" daemon [_thread_blocked, id=14360, stack(0x000000001ede0000,0x000000001eee0000)]
  0x000000001cafc000 JavaThread "Reference Handler" daemon [_thread_blocked, id=15524, stack(0x000000001ece0000,0x000000001ede0000)]
  0x0000000002f56000 JavaThread "Client thread" [_thread_in_native, id=19300, stack(0x0000000002e30000,0x0000000002f30000)]

Other Threads:
  0x000000001caf7000 VMThread [stack: 0x000000001e7e0000,0x000000001e8e0000] [id=3680]
  0x000000001e9ff000 WatcherThread [stack: 0x000000001f700000,0x000000001f800000] [id=14948]

VM state:not at safepoint (normal execution)

VM Mutex/Monitor currently owned by a thread: None

heap address: 0x00000006c0c00000, size: 4084 MB, Compressed Oops mode: Zero based, Oop shift amount: 3
Narrow klass base: 0x0000000000000000, Narrow klass shift: 3
Compressed class space size: 1073741824 Address: 0x00000007c0000000

Heap:
 PSYoungGen      total 519168K, used 297882K [0x000000076af00000, 0x0000000794500000, 0x00000007c0000000)
  eden space 465920K, 56% used [0x000000076af00000,0x000000077af9f700,0x0000000787600000)
  from space 53248K, 65% used [0x0000000787600000,0x0000000789847368,0x000000078aa00000)
  to   space 55808K, 0% used [0x0000000790e80000,0x0000000790e80000,0x0000000794500000)
 ParOldGen       total 268800K, used 141576K [0x00000006c0c00000, 0x00000006d1280000, 0x000000076af00000)
  object space 268800K, 52% used [0x00000006c0c00000,0x00000006c96420d8,0x00000006d1280000)
 Metaspace       used 41235K, capacity 41569K, committed 42112K, reserved 1085440K
  class space    used 5347K, capacity 5440K, committed 5504K, reserved 1048576K

Card table byte_map: [0x0000000012410000,0x0000000012c10000] byte_map_base: 0x000000000ee0a000

Marking Bits: (ParMarkBitMap*) 0x0000000072416440
 Begin Bits: [0x0000000013970000, 0x0000000017940000)
 End Bits:   [0x0000000017940000, 0x000000001b910000)

Polling page: 0x00000000014f0000

CodeCache: size=245760Kb used=15202Kb max_used=15340Kb free=230557Kb
 bounds [0x0000000003050000, 0x0000000003f90000, 0x0000000012050000]
 total_blobs=4733 nmethods=3982 adapters=661
 compilation: enabled

Compilation events (10 events):
Event: 17.854 Thread 0x000000001e970800 nmethod 5216 0x00000000035ce850 code [0x00000000035ce9c0, 0x00000000035cebe8]
Event: 17.854 Thread 0x000000001e970800 5217       3       net.minecraft.client.audio.SoundEventAccessorComposite::<init> (45 bytes)
Event: 17.855 Thread 0x000000001e970800 nmethod 5217 0x00000000038d5a50 code [0x00000000038d5c20, 0x00000000038d6508]
Event: 17.855 Thread 0x000000001e970800 5218       3       net.minecraft.client.audio.SoundRegistry::registerSound (10 bytes)
Event: 17.855 Thread 0x000000001e970800 nmethod 5218 0x0000000003c24210 code [0x0000000003c24380, 0x0000000003c245a8]
Event: 17.913 Thread 0x000000001e970800 5219       3       java.util.concurrent.locks.ReentrantLock::unlock (10 bytes)
Event: 17.913 Thread 0x000000001e970800 nmethod 5219 0x000000000326ff10 code [0x00000000032700a0, 0x00000000032704b8]
Event: 17.913 Thread 0x000000001e970800 5220       3       java.util.StringTokenizer::nextToken (92 bytes)
Event: 17.914 Thread 0x000000001e970800 nmethod 5220 0x0000000003566550 code [0x0000000003566700, 0x0000000003566b38]
Event: 17.936 Thread 0x000000001e96c800 5221       4       net.minecraft.client.resources.AbstractResourcePack::resourceExists (9 bytes)

GC Heap History (10 events):
Event: 13.210 GC heap before
{Heap before GC invocations=18 (full 3):
 PSYoungGen      total 344576K, used 333937K [0x000000076af00000, 0x0000000784000000, 0x00000007c0000000)
  eden space 290816K, 100% used [0x000000076af00000,0x000000077cb00000,0x000000077cb00000)
  from space 53760K, 80% used [0x0000000780480000,0x0000000782e9c7f8,0x0000000783900000)
  to   space 58880K, 0% used [0x000000077cb00000,0x000000077cb00000,0x0000000780480000)
 ParOldGen       total 268800K, used 110203K [0x00000006c0c00000, 0x00000006d1280000, 0x000000076af00000)
  object space 268800K, 40% used [0x00000006c0c00000,0x00000006c779ee48,0x00000006d1280000)
 Metaspace       used 29208K, capacity 29448K, committed 29824K, reserved 1075200K
  class space    used 3508K, capacity 3609K, committed 3712K, reserved 1048576K
Event: 13.227 GC heap after
Heap after GC invocations=18 (full 3):
 PSYoungGen      total 349696K, used 19892K [0x000000076af00000, 0x0000000789c80000, 0x00000007c0000000)
  eden space 290816K, 0% used [0x000000076af00000,0x000000076af00000,0x000000077cb00000)
  from space 58880K, 33% used [0x000000077cb00000,0x000000077de6d1c0,0x0000000780480000)
  to   space 55808K, 0% used [0x0000000786600000,0x0000000786600000,0x0000000789c80000)
 ParOldGen       total 268800K, used 117021K [0x00000006c0c00000, 0x00000006d1280000, 0x000000076af00000)
  object space 268800K, 43% used [0x00000006c0c00000,0x00000006c7e47428,0x00000006d1280000)
 Metaspace       used 29208K, capacity 29448K, committed 29824K, reserved 1075200K
  class space    used 3508K, capacity 3609K, committed 3712K, reserved 1048576K
}
Event: 15.140 GC heap before
{Heap before GC invocations=19 (full 3):
 PSYoungGen      total 349696K, used 310708K [0x000000076af00000, 0x0000000789c80000, 0x00000007c0000000)
  eden space 290816K, 100% used [0x000000076af00000,0x000000077cb00000,0x000000077cb00000)
  from space 58880K, 33% used [0x000000077cb00000,0x000000077de6d1c0,0x0000000780480000)
  to   space 55808K, 0% used [0x0000000786600000,0x0000000786600000,0x0000000789c80000)
 ParOldGen       total 268800K, used 117021K [0x00000006c0c00000, 0x00000006d1280000, 0x000000076af00000)
  object space 268800K, 43% used [0x00000006c0c00000,0x00000006c7e47428,0x00000006d1280000)
 Metaspace       used 31817K, capacity 32190K, committed 32640K, reserved 1077248K
  class space    used 3790K, capacity 3900K, committed 3968K, reserved 1048576K
Event: 15.151 GC heap after
Heap after GC invocations=19 (full 3):
 PSYoungGen      total 429056K, used 12960K [0x000000076af00000, 0x0000000789100000, 0x00000007c0000000)
  eden space 385024K, 0% used [0x000000076af00000,0x000000076af00000,0x0000000782700000)
  from space 44032K, 29% used [0x0000000786600000,0x00000007872a83a0,0x0000000789100000)
  to   space 54272K, 0% used [0x0000000782700000,0x0000000782700000,0x0000000785c00000)
 ParOldGen       total 268800K, used 127787K [0x00000006c0c00000, 0x00000006d1280000, 0x000000076af00000)
  object space 268800K, 47% used [0x00000006c0c00000,0x00000006c88caf40,0x00000006d1280000)
 Metaspace       used 31817K, capacity 32190K, committed 32640K, reserved 1077248K
  class space    used 3790K, capacity 3900K, committed 3968K, reserved 1048576K
}
Event: 15.883 GC heap before
{Heap before GC invocations=20 (full 3):
 PSYoungGen      total 429056K, used 396922K [0x000000076af00000, 0x0000000789100000, 0x00000007c0000000)
  eden space 385024K, 99% used [0x000000076af00000,0x00000007825f6690,0x0000000782700000)
  from space 44032K, 29% used [0x0000000786600000,0x00000007872a83a0,0x0000000789100000)
  to   space 54272K, 0% used [0x0000000782700000,0x0000000782700000,0x0000000785c00000)
 ParOldGen       total 268800K, used 127787K [0x00000006c0c00000, 0x00000006d1280000, 0x000000076af00000)
  object space 268800K, 47% used [0x00000006c0c00000,0x00000006c88caf40,0x00000006d1280000)
 Metaspace       used 34381K, capacity 34677K, committed 35072K, reserved 1079296K
  class space    used 4230K, capacity 4319K, committed 4352K, reserved 1048576K
Event: 15.891 GC heap after
Heap after GC invocations=20 (full 3):
 PSYoungGen      total 439296K, used 7271K [0x000000076af00000, 0x0000000790480000, 0x00000007c0000000)
  eden space 385024K, 0% used [0x000000076af00000,0x000000076af00000,0x0000000782700000)
  from space 54272K, 13% used [0x0000000782700000,0x0000000782e19e98,0x0000000785c00000)
  to   space 53760K, 0% used [0x000000078d000000,0x000000078d000000,0x0000000790480000)
 ParOldGen       total 268800K, used 135673K [0x00000006c0c00000, 0x00000006d1280000, 0x000000076af00000)
  object space 268800K, 50% used [0x00000006c0c00000,0x00000006c907e658,0x00000006d1280000)
 Metaspace       used 34381K, capacity 34677K, committed 35072K, reserved 1079296K
  class space    used 4230K, capacity 4319K, committed 4352K, reserved 1048576K
}
Event: 16.078 GC heap before
{Heap before GC invocations=21 (full 3):
 PSYoungGen      total 439296K, used 391883K [0x000000076af00000, 0x0000000790480000, 0x00000007c0000000)
  eden space 385024K, 99% used [0x000000076af00000,0x0000000782698fc8,0x0000000782700000)
  from space 54272K, 13% used [0x0000000782700000,0x0000000782e19e98,0x0000000785c00000)
  to   space 53760K, 0% used [0x000000078d000000,0x000000078d000000,0x0000000790480000)
 ParOldGen       total 268800K, used 135673K [0x00000006c0c00000, 0x00000006d1280000, 0x000000076af00000)
  object space 268800K, 50% used [0x00000006c0c00000,0x00000006c907e658,0x00000006d1280000)
 Metaspace       used 35822K, capacity 36085K, committed 36608K, reserved 1081344K
  class space    used 4231K, capacity 4319K, committed 4352K, reserved 1048576K
Event: 16.082 GC heap after
Heap after GC invocations=21 (full 3):
 PSYoungGen      total 480256K, used 2493K [0x000000076af00000, 0x000000078de00000, 0x00000007c0000000)
  eden space 465920K, 0% used [0x000000076af00000,0x000000076af00000,0x0000000787600000)
  from space 14336K, 17% used [0x000000078d000000,0x000000078d26f538,0x000000078de00000)
  to   space 53248K, 0% used [0x0000000787600000,0x0000000787600000,0x000000078aa00000)
 ParOldGen       total 268800K, used 139950K [0x00000006c0c00000, 0x00000006d1280000, 0x000000076af00000)
  object space 268800K, 52% used [0x00000006c0c00000,0x00000006c94abba0,0x00000006d1280000)
 Metaspace       used 35822K, capacity 36085K, committed 36608K, reserved 1081344K
  class space    used 4231K, capacity 4319K, committed 4352K, reserved 1048576K
}
Event: 17.052 GC heap before
{Heap before GC invocations=22 (full 3):
 PSYoungGen      total 480256K, used 468413K [0x000000076af00000, 0x000000078de00000, 0x00000007c0000000)
  eden space 465920K, 100% used [0x000000076af00000,0x0000000787600000,0x0000000787600000)
  from space 14336K, 17% used [0x000000078d000000,0x000000078d26f538,0x000000078de00000)
  to   space 53248K, 0% used [0x0000000787600000,0x0000000787600000,0x000000078aa00000)
 ParOldGen       total 268800K, used 139950K [0x00000006c0c00000, 0x00000006d1280000, 0x000000076af00000)
  object space 268800K, 52% used [0x00000006c0c00000,0x00000006c94abba0,0x00000006d1280000)
 Metaspace       used 41056K, capacity 41313K, committed 41856K, reserved 1085440K
  class space    used 5346K, capacity 5440K, committed 5504K, reserved 1048576K
Event: 17.070 GC heap after
Heap after GC invocations=22 (full 3):
 PSYoungGen      total 519168K, used 35100K [0x000000076af00000, 0x0000000794500000, 0x00000007c0000000)
  eden space 465920K, 0% used [0x000000076af00000,0x000000076af00000,0x0000000787600000)
  from space 53248K, 65% used [0x0000000787600000,0x0000000789847368,0x000000078aa00000)
  to   space 55808K, 0% used [0x0000000790e80000,0x0000000790e80000,0x0000000794500000)
 ParOldGen       total 268800K, used 141576K [0x00000006c0c00000, 0x00000006d1280000, 0x000000076af00000)
  object space 268800K, 52% used [0x00000006c0c00000,0x00000006c96420d8,0x00000006d1280000)
 Metaspace       used 41056K, capacity 41313K, committed 41856K, reserved 1085440K
  class space    used 5346K, capacity 5440K, committed 5504K, reserved 1048576K
}

Deoptimization events (10 events):
Event: 17.369 Thread 0x0000000002f56000 Uncommon trap: reason=class_check action=maybe_recompile pc=0x0000000003591370 method=com.google.common.collect.Iterators$5.hasNext()Z @ 7
Event: 17.372 Thread 0x0000000002f56000 Uncommon trap: reason=class_check action=maybe_recompile pc=0x000000000397e3c4 method=java.awt.image.BufferedImage.getRGB(IIII[III)[I @ 202
Event: 17.372 Thread 0x0000000002f56000 Uncommon trap: reason=class_check action=maybe_recompile pc=0x000000000397e3c4 method=java.awt.image.BufferedImage.getRGB(IIII[III)[I @ 202
Event: 17.373 Thread 0x0000000002f56000 Uncommon trap: reason=class_check action=maybe_recompile pc=0x000000000397e3c4 method=java.awt.image.BufferedImage.getRGB(IIII[III)[I @ 202
Event: 17.373 Thread 0x0000000002f56000 Uncommon trap: reason=class_check action=maybe_recompile pc=0x00000000038a1020 method=java.awt.image.BufferedImage.getRGB(IIII[III)[I @ 202
Event: 17.373 Thread 0x0000000002f56000 Uncommon trap: reason=class_check action=maybe_recompile pc=0x000000000397e3c4 method=java.awt.image.BufferedImage.getRGB(IIII[III)[I @ 202
Event: 17.430 Thread 0x0000000002f56000 Uncommon trap: reason=unstable_if action=reinterpret pc=0x0000000003ea81e0 method=sun.awt.image.ByteInterleavedRaster.setDataElements(IIIIIILjava/awt/image/Raster;)V @ 54
Event: 17.430 Thread 0x0000000002f56000 Uncommon trap: reason=unstable_if action=reinterpret pc=0x0000000003e9835c method=sun.awt.image.ByteInterleavedRaster.setDataElements(IIIIIILjava/awt/image/Raster;)V @ 54
Event: 17.444 Thread 0x0000000002f56000 Uncommon trap: reason=unstable_if action=reinterpret pc=0x0000000003f28844 method=net.minecraft.client.renderer.texture.TextureUtil.generateMipmapData(II[[I)[[I @ 14
Event: 17.451 Thread 0x0000000002f56000 Uncommon trap: reason=array_check action=maybe_recompile pc=0x0000000003f1f460 method=java.util.AbstractCollection.toArray([Ljava/lang/Object;)[Ljava/lang/Object; @ 119

Classes redefined (0 events):
No events

Internal exceptions (10 events):
Event: 17.916 Thread 0x000000004782e800 Exception <a 'org/lwjgl/LWJGLException'> (0x000000077a3cf1d0) thrown at [c:/openjdk/jdk8u/hotspot\src\share\vm\prims\jni.cpp, line 709]
Event: 17.917 Thread 0x000000004782e800 Exception <a 'org/lwjgl/LWJGLException'> (0x000000077a3cf750) thrown at [c:/openjdk/jdk8u/hotspot\src\share\vm\prims\jni.cpp, line 709]
Event: 17.917 Thread 0x000000004782e800 Exception <a 'org/lwjgl/LWJGLException'> (0x000000077a3cfd48) thrown at [c:/openjdk/jdk8u/hotspot\src\share\vm\prims\jni.cpp, line 709]
Event: 17.917 Thread 0x000000004782e800 Exception <a 'org/lwjgl/LWJGLException'> (0x000000077a3d0290) thrown at [c:/openjdk/jdk8u/hotspot\src\share\vm\prims\jni.cpp, line 709]
Event: 17.917 Thread 0x000000004782e800 Exception <a 'org/lwjgl/LWJGLException'> (0x000000077a3d0840) thrown at [c:/openjdk/jdk8u/hotspot\src\share\vm\prims\jni.cpp, line 709]
Event: 17.917 Thread 0x000000004782e800 Exception <a 'org/lwjgl/LWJGLException'> (0x000000077a3d0e38) thrown at [c:/openjdk/jdk8u/hotspot\src\share\vm\prims\jni.cpp, line 709]
Event: 17.917 Thread 0x000000004782e800 Exception <a 'org/lwjgl/LWJGLException'> (0x000000077a3d1358) thrown at [c:/openjdk/jdk8u/hotspot\src\share\vm\prims\jni.cpp, line 709]
Event: 17.917 Thread 0x000000004782e800 Exception <a 'org/lwjgl/LWJGLException'> (0x000000077a3d18a0) thrown at [c:/openjdk/jdk8u/hotspot\src\share\vm\prims\jni.cpp, line 709]
Event: 17.917 Thread 0x000000004782e800 Exception <a 'org/lwjgl/LWJGLException'> (0x000000077a3d1d68) thrown at [c:/openjdk/jdk8u/hotspot\src\share\vm\prims\jni.cpp, line 709]
Event: 17.918 Thread 0x000000004782e800 Exception <a 'org/lwjgl/LWJGLException'> (0x000000077a3d2390) thrown at [c:/openjdk/jdk8u/hotspot\src\share\vm\prims\jni.cpp, line 709]

Events (10 events):
Event: 17.728 Thread 0x000000001e970800 flushing nmethod 0x0000000003c6e390
Event: 17.728 Thread 0x000000001e970800 flushing nmethod 0x0000000003c79210
Event: 17.728 Thread 0x000000001e970800 flushing nmethod 0x0000000003c80cd0
Event: 17.728 Thread 0x000000001e970800 flushing nmethod 0x0000000003c85090
Event: 17.728 Thread 0x000000001e970800 flushing nmethod 0x0000000003cbcfd0
Event: 17.728 Thread 0x000000001e970800 flushing nmethod 0x0000000003d90a50
Event: 17.730 Thread 0x000000001e970800 flushing nmethod 0x0000000003d9d850
Event: 17.912 Executing VM operation: RevokeBias
Event: 17.912 Executing VM operation: RevokeBias done
Event: 17.913 Thread 0x0000000020b06000 Thread added: 0x0000000020b06000


Dynamic libraries:
0x00007ff749330000 - 0x00007ff749366000 	F:\opjdk\bin\java.exe
0x00007ff862930000 - 0x00007ff862b28000 	C:\WINDOWS\SYSTEM32\ntdll.dll
0x00007ff8616e0000 - 0x00007ff86179d000 	C:\WINDOWS\System32\KERNEL32.DLL
0x00007ff860310000 - 0x00007ff860606000 	C:\WINDOWS\System32\KERNELBASE.dll
0x00007ff862700000 - 0x00007ff8627b3000 	C:\WINDOWS\System32\ADVAPI32.dll
0x00007ff861130000 - 0x00007ff8611ce000 	C:\WINDOWS\System32\msvcrt.dll
0x00007ff861b20000 - 0x00007ff861bbf000 	C:\WINDOWS\System32\sechost.dll
0x00007ff8627c0000 - 0x00007ff8628e6000 	C:\WINDOWS\System32\RPCRT4.dll
0x00007ff860030000 - 0x00007ff860057000 	C:\WINDOWS\System32\bcrypt.dll
0x00007ff860a80000 - 0x00007ff860c1e000 	C:\WINDOWS\System32\USER32.dll
0x00007ff860000000 - 0x00007ff860022000 	C:\WINDOWS\System32\win32u.dll
0x00007ff8618d0000 - 0x00007ff8618fc000 	C:\WINDOWS\System32\GDI32.dll
0x00007ff860610000 - 0x00007ff86072a000 	C:\WINDOWS\System32\gdi32full.dll
0x00007ff8608e0000 - 0x00007ff86097d000 	C:\WINDOWS\System32\msvcp_win.dll
0x00007ff8601c0000 - 0x00007ff8602c0000 	C:\WINDOWS\System32\ucrtbase.dll
0x00007ff852fd0000 - 0x00007ff85326a000 	C:\WINDOWS\WinSxS\amd64_microsoft.windows.common-controls_6595b64144ccf1df_6.0.19041.3636_none_60b6a03d71f818d5\COMCTL32.dll
0x00007ff861100000 - 0x00007ff861130000 	C:\WINDOWS\System32\IMM32.DLL
0x0000000072a50000 - 0x0000000072b21000 	F:\opjdk\jre\bin\msvcr100.dll
0x0000000071c00000 - 0x0000000072498000 	F:\opjdk\jre\bin\server\jvm.dll
0x00007ff861cd0000 - 0x00007ff861cd8000 	C:\WINDOWS\System32\PSAPI.DLL
0x00007ff844eb0000 - 0x00007ff844eb9000 	C:\WINDOWS\SYSTEM32\WSOCK32.dll
0x00007ff857fe0000 - 0x00007ff857fea000 	C:\WINDOWS\SYSTEM32\VERSION.dll
0x00007ff84fc00000 - 0x00007ff84fc27000 	C:\WINDOWS\SYSTEM32\WINMM.dll
0x00007ff861900000 - 0x00007ff86196b000 	C:\WINDOWS\System32\WS2_32.dll
0x00007ff849670000 - 0x00007ff84967f000 	F:\opjdk\jre\bin\verify.dll
0x00007ff82ff40000 - 0x00007ff82ff69000 	F:\opjdk\jre\bin\java.dll
0x00007ff838100000 - 0x00007ff838117000 	F:\opjdk\jre\bin\zip.dll
0x00007ff861e70000 - 0x00007ff8625b5000 	C:\WINDOWS\System32\SHELL32.dll
0x00007ff85e0d0000 - 0x00007ff85e86b000 	C:\WINDOWS\SYSTEM32\windows.storage.dll
0x00007ff8611d0000 - 0x00007ff861524000 	C:\WINDOWS\System32\combase.dll
0x00007ff85fa30000 - 0x00007ff85fa5d000 	C:\WINDOWS\SYSTEM32\Wldp.dll
0x00007ff861bc0000 - 0x00007ff861c6d000 	C:\WINDOWS\System32\SHCORE.dll
0x00007ff860c20000 - 0x00007ff860c75000 	C:\WINDOWS\System32\shlwapi.dll
0x00007ff85ff30000 - 0x00007ff85ff55000 	C:\WINDOWS\SYSTEM32\profapi.dll
0x00007ff85bcc0000 - 0x00007ff85bccd000 	F:\opjdk\jre\bin\management.dll
0x00007ff848f40000 - 0x00007ff848f5b000 	F:\opjdk\jre\bin\net.dll
0x00007ff85f790000 - 0x00007ff85f7fa000 	C:\WINDOWS\system32\mswsock.dll
0x00007ff83fef0000 - 0x00007ff83ff01000 	F:\opjdk\jre\bin\nio.dll
0x00007ff83c020000 - 0x00007ff83c037000 	C:\WINDOWS\system32\napinsp.dll
0x00007ff838eb0000 - 0x00007ff838ecb000 	C:\WINDOWS\system32\pnrpnsp.dll
0x00007ff838d30000 - 0x00007ff838d45000 	C:\WINDOWS\system32\wshbth.dll
0x00007ff85bd60000 - 0x00007ff85bd7d000 	C:\WINDOWS\system32\NLAapi.dll
0x00007ff85f430000 - 0x00007ff85f46b000 	C:\WINDOWS\SYSTEM32\IPHLPAPI.DLL
0x00007ff85f470000 - 0x00007ff85f53a000 	C:\WINDOWS\SYSTEM32\DNSAPI.dll
0x00007ff862640000 - 0x00007ff862648000 	C:\WINDOWS\System32\NSI.dll
0x00007ff838d00000 - 0x00007ff838d12000 	C:\WINDOWS\System32\winrnr.dll
0x00007ff859de0000 - 0x00007ff859dea000 	C:\Windows\System32\rasadhlp.dll
0x00007ff858220000 - 0x00007ff8582a0000 	C:\WINDOWS\System32\fwpuclnt.dll
0x0000000180000000 - 0x0000000180051000 	C:\Users\קיסקוזי\.gradle\caches\minecraft\net\minecraft\minecraft_natives\1.7.10\lwjgl64.dll
0x00007ff80f060000 - 0x00007ff80f185000 	C:\WINDOWS\SYSTEM32\OPENGL32.dll
0x00007ff849680000 - 0x00007ff8496ac000 	C:\WINDOWS\SYSTEM32\GLU32.dll
0x00007ff85f990000 - 0x00007ff85f9a8000 	C:\WINDOWS\SYSTEM32\CRYPTSP.dll
0x00007ff85f050000 - 0x00007ff85f084000 	C:\WINDOWS\system32\rsaenh.dll
0x00007ff85feb0000 - 0x00007ff85fede000 	C:\WINDOWS\SYSTEM32\USERENV.dll
0x00007ff860850000 - 0x00007ff8608d2000 	C:\WINDOWS\System32\bcryptprimitives.dll
0x00007ff85f980000 - 0x00007ff85f98c000 	C:\WINDOWS\SYSTEM32\CRYPTBASE.dll
0x00007ff85a900000 - 0x00007ff85a917000 	C:\WINDOWS\SYSTEM32\dhcpcsvc6.DLL
0x00007ff85a8e0000 - 0x00007ff85a8fd000 	C:\WINDOWS\SYSTEM32\dhcpcsvc.DLL
0x00007ff81e4e0000 - 0x00007ff81e679000 	F:\opjdk\jre\bin\awt.dll
0x00007ff861d40000 - 0x00007ff861e0d000 	C:\WINDOWS\System32\OLEAUT32.dll
0x00007ff85d820000 - 0x00007ff85d8b0000 	C:\WINDOWS\SYSTEM32\apphelp.dll
0x00007ff85a220000 - 0x00007ff85a2ce000 	C:\WINDOWS\SYSTEM32\mscms.dll
0x00007ff85a200000 - 0x00007ff85a211000 	C:\WINDOWS\SYSTEM32\ColorAdapterClient.dll
0x00007ff85ded0000 - 0x00007ff85dee2000 	C:\WINDOWS\SYSTEM32\kernel.appcore.dll
0x00007ff85d980000 - 0x00007ff85da1e000 	C:\WINDOWS\system32\uxtheme.dll
0x00007ff861a00000 - 0x00007ff861b14000 	C:\WINDOWS\System32\MSCTF.dll
0x00007ff862650000 - 0x00007ff8626f9000 	C:\WINDOWS\System32\clbcatq.dll
0x00007fffe9ef0000 - 0x00007fffecae0000 	C:\WINDOWS\System32\DriverStore\FileRepository\nvleig.inf_amd64_92cb6cb02101f4e9\nvoglv64.dll
0x00007ff860c80000 - 0x00007ff8610ee000 	C:\WINDOWS\System32\SETUPAPI.dll
0x00007ff8602c0000 - 0x00007ff86030e000 	C:\WINDOWS\System32\cfgmgr32.dll
0x00007ff8617a0000 - 0x00007ff8618cb000 	C:\WINDOWS\System32\ole32.dll
0x00007ff85b9e0000 - 0x00007ff85b9f4000 	C:\WINDOWS\SYSTEM32\WTSAPI32.dll
0x00007ff85fbc0000 - 0x00007ff85fbd2000 	C:\WINDOWS\SYSTEM32\msasn1.dll
0x00007ff857fa0000 - 0x00007ff857fd1000 	C:\WINDOWS\SYSTEM32\cryptnet.dll
0x00007ff860060000 - 0x00007ff8601bd000 	C:\WINDOWS\System32\CRYPT32.dll
0x00007ff858010000 - 0x00007ff858158000 	C:\WINDOWS\SYSTEM32\drvstore.dll
0x00007ff85fd90000 - 0x00007ff85fdc3000 	C:\WINDOWS\SYSTEM32\devobj.dll
0x00007ff860730000 - 0x00007ff860797000 	C:\WINDOWS\System32\wintrust.dll
0x00007ff860980000 - 0x00007ff86099d000 	C:\WINDOWS\System32\imagehlp.dll
0x00007ff85e880000 - 0x00007ff85e8a3000 	C:\WINDOWS\SYSTEM32\gpapi.dll
0x00007ff84bfe0000 - 0x00007ff84e1ce000 	C:\WINDOWS\System32\DriverStore\FileRepository\nvleig.inf_amd64_92cb6cb02101f4e9\nvgpucomp64.dll
0x00007ff85f170000 - 0x00007ff85f1a3000 	C:\WINDOWS\SYSTEM32\ntmarta.dll
0x00007ff85b0b0000 - 0x00007ff85b0eb000 	C:\WINDOWS\SYSTEM32\dxcore.dll
0x00007ff85dcc0000 - 0x00007ff85dcef000 	C:\WINDOWS\SYSTEM32\dwmapi.dll
0x00007ff82aca0000 - 0x00007ff82ad99000 	C:\WINDOWS\SYSTEM32\textinputframework.dll
0x00007ff85d280000 - 0x00007ff85d5db000 	C:\WINDOWS\System32\CoreUIComponents.dll
0x00007ff85d5e0000 - 0x00007ff85d6d2000 	C:\WINDOWS\System32\CoreMessaging.dll
0x00007ff85cbb0000 - 0x00007ff85cd05000 	C:\WINDOWS\SYSTEM32\wintypes.dll
0x00007ff829d50000 - 0x00007ff829d93000 	C:\WINDOWS\SYSTEM32\icm32.dll
0x00007ff85f5a0000 - 0x00007ff85f5eb000 	C:\WINDOWS\SYSTEM32\powrprof.dll
0x00007ff85f410000 - 0x00007ff85f422000 	C:\WINDOWS\SYSTEM32\UMPDC.dll
0x00007ff85ece0000 - 0x00007ff85ed3b000 	C:\WINDOWS\SYSTEM32\WINSTA.dll
0x0000000070a40000 - 0x0000000070adc000 	C:\Users\קיסקוזי\.gradle\caches\minecraft\net\minecraft\minecraft_natives\1.7.10\avutil-ttv-51.dll
0x0000000065980000 - 0x00000000659d6000 	C:\Users\קיסקוזי\.gradle\caches\minecraft\net\minecraft\minecraft_natives\1.7.10\swresample-ttv-0.dll
0x000000006eb80000 - 0x000000006ec50000 	C:\Users\קיסקוזי\.gradle\caches\minecraft\net\minecraft\minecraft_natives\1.7.10\libmp3lame-ttv.dll
0x00007ffff3260000 - 0x00007ffff4604000 	C:\Users\קיסקוזי\.gradle\caches\minecraft\net\minecraft\minecraft_natives\1.7.10\libmfxsw64.dll
0x00007ff8198f0000 - 0x00007ff819a1b000 	C:\Users\קיסקוזי\.gradle\caches\minecraft\net\minecraft\minecraft_natives\1.7.10\twitchsdk.dll
0x00007ff847640000 - 0x00007ff847b16000 	C:\WINDOWS\SYSTEM32\WININET.dll
0x00000000259c0000 - 0x0000000025a24000 	C:\Users\קיסקוזי\.gradle\caches\minecraft\net\minecraft\minecraft_natives\1.7.10\OpenAL64.dll
0x00007ff8599f0000 - 0x00007ff859a75000 	C:\WINDOWS\System32\MMDevApi.dll
0x00007ff80e7c0000 - 0x00007ff80e85c000 	C:\WINDOWS\SYSTEM32\dsound.dll
0x00007ff83c470000 - 0x00007ff83c496000 	C:\WINDOWS\SYSTEM32\winmmbase.dll
0x00007ff859a80000 - 0x00007ff859c02000 	C:\WINDOWS\SYSTEM32\AUDIOSES.DLL
0x00007ff85dae0000 - 0x00007ff85daf4000 	C:\WINDOWS\SYSTEM32\resourcepolicyclient.dll
0x00007ff84e1d0000 - 0x00007ff84e3b4000 	C:\WINDOWS\SYSTEM32\dbghelp.dll

VM Arguments:
jvm_args: -Dfile.encoding=windows-1255 -Duser.country=US -Duser.language=en -Duser.variant 
java_command: GradleStart
java_class_path (initial): F:\Minecraft DBCA Addon\DBCA\Minecraft moddding\DBCA\libs\DragonBlockC-v1.4.85-deobf.jar;F:\Minecraft DBCA Addon\DBCA\Minecraft moddding\DBCA\libs\JBRA-Client-v1.6.52-deobf.jar;F:\Minecraft DBCA Addon\DBCA\Minecraft moddding\DBCA\libs\JRMCore-v1.3.51-deobf.jar;C:\Users\קיסקוזי\.gradle\caches\minecraft\net\minecraftforge\forge\1.7.10-10.13.4.1614-1.7.10\start;C:\Users\קיסקוזי\.gradle\caches\minecraft\net\minecraftforge\forge\1.7.10-10.13.4.1614-1.7.10\forgeSrc-1.7.10-10.13.4.1614-1.7.10.jar;C:\Users\קיסקוזי\.gradle\caches\modules-2\files-2.1\net.minecraft\launchwrapper\1.12\111e7bea9c968cdb3d06ef4632bf7ff0824d0f36\launchwrapper-1.12.jar;C:\Users\קיסקוזי\.gradle\caches\modules-2\files-2.1\com.google.code.findbugs\jsr305\1.3.9\40719ea6961c0cb6afaeb6a921eaa1f6afd4cfdf\jsr305-1.3.9.jar;C:\Users\קיסקוזי\.gradle\caches\modules-2\files-2.1\org.ow2.asm\asm-debug-all\5.0.3\f9e364ae2a66ce2a543012a4668856e84e5dab74\asm-debug-all-5.0.3.jar;C:\Users\קיסקוזי\.gradle\caches\modules-2\files-2.1\com.typesafe.akka\akka-actor_2.11\2.3.3\ed62e9fc709ca0f2ff1a3220daa8b70a2870078e\akka-actor_2.11-2.3.3.jar;C:\Users\קיסקוזי\.gradle\caches\modules-2\files-2.1\com.typesafe\config\1.2.1\f771f71fdae3df231bcd54d5ca2d57f0bf93f467\config-1.2.1.jar;C:\Users\קיסקוזי\.gradle\caches\modules-2\files-2.1\org.scala-lang\scala-actors-migration_2.11\1.1.0\dfa8bc42b181d5b9f1a5dd147f8ae308b893eb6f\scala-actors-migration_2.11-1.1.0.jar;C:\Users\קיסקוזי\.gradle\caches\modules-2\files-2.1\org.scala-lang\scala-compiler\2.11.1\56ea2e6c025e0821f28d73ca271218b8dd04926a\scala-compiler-2.11.1.jar;C:\Users\קיסקוזי\.gradle\caches\modules-2\files-2.1\org.scala-lang.plugins\scala-continuations-library_2.11\1.0.2\e517c53a7e9acd6b1668c5a35eccbaa3bab9aac\scala-continuations-library_2.11-1.0.2.jar;C:\Users\קיסקוזי\.gradle\caches\modules-2\files-2.1\org.scala-lang.plugins\scala-continuations-plugin_2.11.1\1.0.2\f361a3283452c57fa30c1ee69448995de23c60f7\scala-continuations-plugin_2.11.1-1.0.2.jar;C:
Launcher Type: SUN_STANDARD

Environment Variables:
PATH=F:\opendjdk17\bin;F:\openjdk\bin;F:\opjdk\bin;C:\Program Files\OpenLogic\jdk-17.0.9.9-hotspot\bin;F:\Plastic SCM\server;F:\Plastic SCM\client;C:\Python310\Scripts\;C:\Python310\;F:\devkitPro\msys2\usr\bin;F:\Oculus\Support\oculus-runtime;F:\apache-maven-3.8.4\bin;C:\Program Files\Docker\Docker\resources\bin;C:\ProgramData\DockerDesktop\version-bin;C:\Users\קיסקוזי\AppData\Local\Programs\Python\Python310\Scripts\;C:\Program Files (x86)\NVIDIA Corporation\PhysX\Common;C:\Program Files\dotnet\;C:\Program Files\Git\cmd;C:\Program Files (x86)\gsudo\;F:\Node.js\;C:\ProgramData\chocolatey\bin;C:\Program Files\Microsoft SQL Server\Client SDK\ODBC\170\Tools\Binn\;C:\Program Files (x86)\Microsoft SQL Server\150\Tools\Binn\;C:\Program Files\Microsoft SQL Server\150\Tools\Binn\;C:\Program Files\Microsoft SQL Server\150\DTS\Binn\;C:\Program Files\CMake\bin;F:\SFML\SFML-2.5.1\bin;F:\meta\metasploit-framework\bin\;C:\Users\קיסקוזי\AppData\Local\Programs\Python\Python37\Scripts\;C:\Users\קיסקוזי\AppData\Local\Programs\Python\Python37\;C:\Program Files\MySQL\MySQL Shell 8.0\bin\;C:\Users\קיסקוזי\AppData\Local\Programs\Python\Python310\Scripts\;C:\Users\קיסקוזי\AppData\Local\Programs\Python\Python310\;C:\Users\קיסקוזי\AppData\Local\Microsoft\WindowsApps;C:\Users\קיסקוזי\.dotnet\tools;C:\Users\קיסקוזי\AppData\Local\GitHubDesktop\bin;F:\Microsoft VS Code\bin;C:\Users\קיסקוזי\AppData\Roaming\npm;C:\Users\קיסקוזי\AppData\Local\Programs\ExifTool;F:\msys2\mingw64\bin;F:\Chromuim\chromedriver.exe;F:\Nmap;F:\Intelji23\IntelliJ IDEA Community Edition 2023.3.2\bin;
USERNAME=קיסקוזי
OS=Windows_NT
PROCESSOR_IDENTIFIER=Intel64 Family 6 Model 94 Stepping 3, GenuineIntel



---------------  S Y S T E M  ---------------

OS: Windows 10 , 64 bit Build 19041 (10.0.19041.3636)

CPU:total 8 (initial active 8) (4 cores per cpu, 2 threads per core) family 6 model 94 stepping 3, cmov, cx8, fxsr, mmx, sse, sse2, sse3, ssse3, sse4.1, sse4.2, popcnt, avx, avx2, aes, clmul, erms, rtm, 3dnowpref, lzcnt, ht, tsc, tscinvbit, bmi1, bmi2, adx

Memory: 4k page, physical 16723604k(6254448k free), swap 35597972k(18438316k free)

vm_info: OpenJDK 64-Bit Server VM (25.392-b08) for windows-amd64 JRE (1.8.0_392-392-b08), built on Oct 18 2023 07:33:07 by "Administrator" with MS VC++ 10.0 (VS2010)

time: Sun Feb 11 12:26:36 2024
timezone: Jerusalem Standard Time
elapsed time: 18.066994 seconds (0d 0h 0m 18s)

