#
# A fatal error has been detected by the Java Runtime Environment:
#
#  EXCEPTION_ACCESS_VIOLATION (0xc0000005) at pc=0x00000000357c1066, pid=18500, tid=0x0000000000003854
#
# JRE version: OpenJDK Runtime Environment (8.0_392-b08) (build 1.8.0_392-392-b08)
# Java VM: OpenJDK 64-Bit Server VM (25.392-b08 mixed mode windows-amd64 compressed oops)
# Problematic frame:
# C  [OpenAL64.dll+0x11066]
#
# Failed to write core dump. Minidumps are not enabled by default on client versions of Windows
#
# If you would like to submit a bug report, please visit:
#   http://bugreport.java.com/bugreport/crash.jsp
# The crash happened outside the Java Virtual Machine in native code.
# See problematic frame for where to report the bug.
#

---------------  T H R E A D  ---------------

Current thread (0x00000000222d5800):  JavaThread "Thread-8" [_thread_in_native, id=14420, stack(0x0000000049d80000,0x0000000049e80000)]

siginfo: ExceptionCode=0xc0000005, reading address 0x00000000202eb004

Registers:
RAX=0x0000000000000004, RBX=0x0000000049f80090, RCX=0x00000000202eb008, RDX=0x00000000202eb004
RSP=0x0000000049e7f1c0, RBP=0x00000000000000ff, RSI=0x00000000202e882c, RDI=0x0000000000000000
R8 =0x00000000000009f6, R9 =0x00000000202e882c, R10=0x0000000002ff89db, R11=0x0000000050d37000
R12=0x0000000000000001, R13=0x0000000049941730, R14=0x0000000049e7f358, R15=0x00000000222d5800
RIP=0x00000000357c1066, EFLAGS=0x0000000000010202

Top of Stack: (sp=0x0000000049e7f1c0)
0x0000000049e7f1c0:   0000000000000000 0000000050bce2db
0x0000000049e7f1d0:   00000000222d5800 0000000049e7f358
0x0000000049e7f1e0:   0000000049941730 0000000000000000
0x0000000049e7f1f0:   00000000222d5800 00000000202e67a0
0x0000000049e7f200:   0000000049941730 00000000222d5800
0x0000000049e7f210:   000000002240add0 0000000050bbc4f6
0x0000000049e7f220:   0000000049e7f9d8 000000002240b510
0x0000000049e7f230:   00000000222d5800 0000000049e7f358
0x0000000049e7f240:   0000000049941730 0000000000000000
0x0000000049e7f250:   00000000202e882c 00000006c0c18428
0x0000000049e7f260:   0000000049e7f320 00000000357c248f
0x0000000049e7f270:   0000000049f80090 0000000049f80090
0x0000000049e7f280:   000000000000ac44 0000000600000004
0x0000000049e7f290:   0000000000000010 0000000002ff8a07
0x0000000049e7f2a0:   0000000049941730 0000000002ff873d
0x0000000049e7f2b0:   00000000222d5800 0000000049941730 

Instructions: (pc=0x00000000357c1066)
0x00000000357c1046:   41 2b ec 81 3a 03 00 02 00 75 09 8b 01 89 84 24
0x00000000357c1056:   c8 00 00 00 49 83 c0 02 48 83 c1 08 4a 8d 14 86
0x00000000357c1066:   39 3a 75 af 4c 8d 84 24 c0 00 00 00 48 8d 15 d7
0x00000000357c1076:   2b 03 00 33 c9 e8 58 5f 00 00 b8 40 1f 00 00 4c 


Register to memory mapping:

RAX=0x0000000000000004 is an unknown value
RBX=0x0000000049f80090 is an unknown value
RCX=0x00000000202eb008 is an unknown value
RDX=0x00000000202eb004 is an unknown value
RSP=0x0000000049e7f1c0 is pointing into the stack for thread: 0x00000000222d5800
RBP=0x00000000000000ff is an unknown value
RSI=0x00000000202e882c is an unknown value
RDI=0x0000000000000000 is an unknown value
R8 =0x00000000000009f6 is an unknown value
R9 =0x00000000202e882c is an unknown value
R10=0x0000000002ff89db is at code_begin+891 in an Interpreter codelet
method entry point (kind = native)  [0x0000000002ff8660, 0x0000000002ff9040]  2528 bytes
R11=0x0000000050d37000 is an unknown value
R12=0x0000000000000001 is an unknown value
R13={method} {0x0000000049941738} 'nalcCreateContext' '(JJ)J' in 'org/lwjgl/openal/ALC10'
R14=0x0000000049e7f358 is pointing into the stack for thread: 0x00000000222d5800
R15=0x00000000222d5800 is a thread


Stack: [0x0000000049d80000,0x0000000049e80000],  sp=0x0000000049e7f1c0,  free space=1020k
Native frames: (J=compiled Java code, j=interpreted, Vv=VM code, C=native code)
C  [OpenAL64.dll+0x11066]
C  [OpenAL64.dll+0x1248f]
C  0x0000000002ff8a07

Java frames: (J=compiled Java code, j=interpreted, Vv=VM code)
j  org.lwjgl.openal.ALC10.nalcCreateContext(JJ)J+0
j  org.lwjgl.openal.ALC10.alcCreateContext(Lorg/lwjgl/openal/ALCdevice;Ljava/nio/IntBuffer;)Lorg/lwjgl/openal/ALCcontext;+8
j  org.lwjgl.openal.AL.init(Ljava/lang/String;IIZZ)V+69
j  org.lwjgl.openal.AL.create(Ljava/lang/String;IIZZ)V+227
j  org.lwjgl.openal.AL.create(Ljava/lang/String;IIZ)V+5
j  org.lwjgl.openal.AL.create()V+6
j  paulscode.sound.libraries.LibraryLWJGLOpenAL.init()V+2
j  paulscode.sound.SoundSystem.CommandNewLibrary(Ljava/lang/Class;)V+273
j  paulscode.sound.SoundSystem.CommandQueue(Lpaulscode/sound/CommandObject;)Z+1206
j  paulscode.sound.CommandThread.run()V+51
v  ~StubRoutines::call_stub

---------------  P R O C E S S  ---------------

Java Threads: ( => current thread )
  0x0000000023a66800 JavaThread "Thread-9" [_thread_blocked, id=18572, stack(0x0000000049aa0000,0x0000000049ba0000)]
=>0x00000000222d5800 JavaThread "Thread-8" [_thread_in_native, id=14420, stack(0x0000000049d80000,0x0000000049e80000)]
  0x0000000022ed0800 JavaThread "Sound Library Loader" [_thread_blocked, id=2824, stack(0x00000000496a0000,0x00000000497a0000)]
  0x0000000024c25800 JavaThread "Keep-Alive-Timer" daemon [_thread_blocked, id=19820, stack(0x00000000497a0000,0x00000000498a0000)]
  0x000000002056d800 JavaThread "LWJGL Timer" daemon [_thread_blocked, id=7136, stack(0x0000000031ce0000,0x0000000031de0000)]
  0x0000000022492000 JavaThread "Thread-6" [_thread_blocked, id=11076, stack(0x000000002ef60000,0x000000002f060000)]
  0x0000000023a62800 JavaThread "Java2D Disposer" daemon [_thread_blocked, id=15608, stack(0x0000000022960000,0x0000000022a60000)]
  0x0000000020ce5800 JavaThread "Timer hack thread" daemon [_thread_blocked, id=3748, stack(0x0000000023f20000,0x0000000024020000)]
  0x0000000022e7f000 JavaThread "Snooper Timer" daemon [_thread_blocked, id=5420, stack(0x0000000021860000,0x0000000021960000)]
  0x000000001e9e5000 JavaThread "Service Thread" daemon [_thread_blocked, id=17984, stack(0x000000001f5d0000,0x000000001f6d0000)]
  0x000000001e964000 JavaThread "C1 CompilerThread3" daemon [_thread_blocked, id=18876, stack(0x000000001f4d0000,0x000000001f5d0000)]
  0x000000001e95b000 JavaThread "C2 CompilerThread2" daemon [_thread_blocked, id=20952, stack(0x000000001f3d0000,0x000000001f4d0000)]
  0x000000001e959800 JavaThread "C2 CompilerThread1" daemon [_thread_blocked, id=15372, stack(0x000000001f2d0000,0x000000001f3d0000)]
  0x000000001e95d000 JavaThread "C2 CompilerThread0" daemon [_thread_blocked, id=20096, stack(0x000000001f1d0000,0x000000001f2d0000)]
  0x000000001e94f000 JavaThread "Attach Listener" daemon [_thread_blocked, id=6052, stack(0x000000001f0d0000,0x000000001f1d0000)]
  0x000000001e951800 JavaThread "Signal Dispatcher" daemon [_thread_blocked, id=12528, stack(0x000000001efd0000,0x000000001f0d0000)]
  0x000000001e8f0800 JavaThread "Finalizer" daemon [_thread_blocked, id=11064, stack(0x000000001edd0000,0x000000001eed0000)]
  0x0000000002fde000 JavaThread "Reference Handler" daemon [_thread_blocked, id=18472, stack(0x000000001ecd0000,0x000000001edd0000)]
  0x0000000002ee5800 JavaThread "Client thread" [_thread_in_native, id=15652, stack(0x0000000002dd0000,0x0000000002ed0000)]

Other Threads:
  0x000000001cad8800 VMThread [stack: 0x000000001e7d0000,0x000000001e8d0000] [id=21364]
  0x000000001e9a6000 WatcherThread [stack: 0x000000001f6d0000,0x000000001f7d0000] [id=8324]

VM state:not at safepoint (normal execution)

VM Mutex/Monitor currently owned by a thread: None

heap address: 0x00000006c0c00000, size: 4084 MB, Compressed Oops mode: Zero based, Oop shift amount: 3
Narrow klass base: 0x0000000000000000, Narrow klass shift: 3
Compressed class space size: 1073741824 Address: 0x00000007c0000000

Heap:
 PSYoungGen      total 363008K, used 118066K [0x000000076af00000, 0x000000078b180000, 0x00000007c0000000)
  eden space 303104K, 33% used [0x000000076af00000,0x0000000771145840,0x000000077d700000)
  from space 59904K, 29% used [0x000000077d700000,0x000000077e8073b8,0x0000000781180000)
  to   space 57344K, 0% used [0x0000000787980000,0x0000000787980000,0x000000078b180000)
 ParOldGen       total 267264K, used 118634K [0x00000006c0c00000, 0x00000006d1100000, 0x000000076af00000)
  object space 267264K, 44% used [0x00000006c0c00000,0x00000006c7fda848,0x00000006d1100000)
 Metaspace       used 30632K, capacity 30872K, committed 31232K, reserved 1077248K
  class space    used 3630K, capacity 3739K, committed 3840K, reserved 1048576K

Card table byte_map: [0x00000000123a0000,0x0000000012ba0000] byte_map_base: 0x000000000ed9a000

Marking Bits: (ParMarkBitMap*) 0x0000000051336440
 Begin Bits: [0x0000000013900000, 0x00000000178d0000)
 End Bits:   [0x00000000178d0000, 0x000000001b8a0000)

Polling page: 0x00000000014b0000

CodeCache: size=245760Kb used=12777Kb max_used=13767Kb free=232982Kb
 bounds [0x0000000002fe0000, 0x0000000003d70000, 0x0000000011fe0000]
 total_blobs=4055 nmethods=3354 adapters=612
 compilation: enabled

Compilation events (10 events):
Event: 14.513 Thread 0x000000001e964000 4251       3       net.minecraft.util.ResourceLocation::<init> (40 bytes)
Event: 14.514 Thread 0x000000001e964000 nmethod 4251 0x0000000003719050 code [0x00000000037192a0, 0x000000000371a0b8]
Event: 14.530 Thread 0x000000001e964000 4252       3       org.objectweb.asm.MethodWriter::visitSwitchInsn (140 bytes)
Event: 14.531 Thread 0x000000001e964000 nmethod 4252 0x0000000003746f90 code [0x00000000037471a0, 0x0000000003747938]
Event: 14.550 Thread 0x000000001e964000 4253       3       java.util.StringTokenizer::hasMoreTokens (29 bytes)
Event: 14.550 Thread 0x000000001e964000 nmethod 4253 0x00000000034ba090 code [0x00000000034ba200, 0x00000000034ba408]
Event: 14.566 Thread 0x000000001e95b000 4254 %     4       java.io.ExpiringCache::cleanup @ 66 (94 bytes)
Event: 14.574 Thread 0x000000001e95b000 nmethod 4254% 0x00000000033b37d0 code [0x00000000033b3960, 0x00000000033b4158]
Event: 14.574 Thread 0x000000001e964000 4255       3       net.minecraft.client.resources.DefaultResourcePack::resourceExists (30 bytes)
Event: 14.575 Thread 0x000000001e964000 nmethod 4255 0x0000000003569bd0 code [0x0000000003569de0, 0x000000000356a858]

GC Heap History (10 events):
Event: 10.119 GC heap before
{Heap before GC invocations=14 (full 2):
 PSYoungGen      total 217088K, used 217085K [0x000000076af00000, 0x000000077bf80000, 0x00000007c0000000)
  eden space 203264K, 100% used [0x000000076af00000,0x0000000777580000,0x0000000777580000)
  from space 13824K, 99% used [0x0000000777580000,0x00000007782ff748,0x0000000778300000)
  to   space 21504K, 0% used [0x000000077aa80000,0x000000077aa80000,0x000000077bf80000)
 ParOldGen       total 122880K, used 43196K [0x00000006c0c00000, 0x00000006c8400000, 0x000000076af00000)
  object space 122880K, 35% used [0x00000006c0c00000,0x00000006c362f0a8,0x00000006c8400000)
 Metaspace       used 25363K, capacity 25551K, committed 25728K, reserved 1071104K
  class space    used 3088K, capacity 3146K, committed 3200K, reserved 1048576K
Event: 10.144 GC heap after
Heap after GC invocations=14 (full 2):
 PSYoungGen      total 241664K, used 21479K [0x000000076af00000, 0x0000000780b00000, 0x00000007c0000000)
  eden space 220160K, 0% used [0x000000076af00000,0x000000076af00000,0x0000000778600000)
  from space 21504K, 99% used [0x000000077aa80000,0x000000077bf79e70,0x000000077bf80000)
  to   space 37376K, 0% used [0x0000000778600000,0x0000000778600000,0x000000077aa80000)
 ParOldGen       total 122880K, used 79226K [0x00000006c0c00000, 0x00000006c8400000, 0x000000076af00000)
  object space 122880K, 64% used [0x00000006c0c00000,0x00000006c595ebe0,0x00000006c8400000)
 Metaspace       used 25363K, capacity 25551K, committed 25728K, reserved 1071104K
  class space    used 3088K, capacity 3146K, committed 3200K, reserved 1048576K
}
Event: 11.597 GC heap before
{Heap before GC invocations=15 (full 2):
 PSYoungGen      total 241664K, used 241639K [0x000000076af00000, 0x0000000780b00000, 0x00000007c0000000)
  eden space 220160K, 100% used [0x000000076af00000,0x0000000778600000,0x0000000778600000)
  from space 21504K, 99% used [0x000000077aa80000,0x000000077bf79e70,0x000000077bf80000)
  to   space 37376K, 0% used [0x0000000778600000,0x0000000778600000,0x000000077aa80000)
 ParOldGen       total 122880K, used 79226K [0x00000006c0c00000, 0x00000006c8400000, 0x000000076af00000)
  object space 122880K, 64% used [0x00000006c0c00000,0x00000006c595ebe0,0x00000006c8400000)
 Metaspace       used 25376K, capacity 25551K, committed 25728K, reserved 1071104K
  class space    used 3088K, capacity 3146K, committed 3200K, reserved 1048576K
Event: 11.633 GC heap after
Heap after GC invocations=15 (full 2):
 PSYoungGen      total 257536K, used 37374K [0x000000076af00000, 0x0000000784780000, 0x00000007c0000000)
  eden space 220160K, 0% used [0x000000076af00000,0x000000076af00000,0x0000000778600000)
  from space 37376K, 99% used [0x0000000778600000,0x000000077aa7fa68,0x000000077aa80000)
  to   space 54784K, 0% used [0x0000000781200000,0x0000000781200000,0x0000000784780000)
 ParOldGen       total 122880K, used 109488K [0x00000006c0c00000, 0x00000006c8400000, 0x000000076af00000)
  object space 122880K, 89% used [0x00000006c0c00000,0x00000006c76ec280,0x00000006c8400000)
 Metaspace       used 25376K, capacity 25551K, committed 25728K, reserved 1071104K
  class space    used 3088K, capacity 3146K, committed 3200K, reserved 1048576K
}
Event: 11.633 GC heap before
{Heap before GC invocations=16 (full 3):
 PSYoungGen      total 257536K, used 37374K [0x000000076af00000, 0x0000000784780000, 0x00000007c0000000)
  eden space 220160K, 0% used [0x000000076af00000,0x000000076af00000,0x0000000778600000)
  from space 37376K, 99% used [0x0000000778600000,0x000000077aa7fa68,0x000000077aa80000)
  to   space 54784K, 0% used [0x0000000781200000,0x0000000781200000,0x0000000784780000)
 ParOldGen       total 122880K, used 109488K [0x00000006c0c00000, 0x00000006c8400000, 0x000000076af00000)
  object space 122880K, 89% used [0x00000006c0c00000,0x00000006c76ec280,0x00000006c8400000)
 Metaspace       used 25376K, capacity 25551K, committed 25728K, reserved 1071104K
  class space    used 3088K, capacity 3146K, committed 3200K, reserved 1048576K
Event: 11.726 GC heap after
Heap after GC invocations=16 (full 3):
 PSYoungGen      total 257536K, used 0K [0x000000076af00000, 0x0000000784780000, 0x00000007c0000000)
  eden space 220160K, 0% used [0x000000076af00000,0x000000076af00000,0x0000000778600000)
  from space 37376K, 0% used [0x0000000778600000,0x0000000778600000,0x000000077aa80000)
  to   space 54784K, 0% used [0x0000000781200000,0x0000000781200000,0x0000000784780000)
 ParOldGen       total 267264K, used 112435K [0x00000006c0c00000, 0x00000006d1100000, 0x000000076af00000)
  object space 267264K, 42% used [0x00000006c0c00000,0x00000006c79ccd50,0x00000006d1100000)
 Metaspace       used 25376K, capacity 25551K, committed 25728K, reserved 1071104K
  class space    used 3088K, capacity 3146K, committed 3200K, reserved 1048576K
}
Event: 12.887 GC heap before
{Heap before GC invocations=17 (full 3):
 PSYoungGen      total 257536K, used 220160K [0x000000076af00000, 0x0000000784780000, 0x00000007c0000000)
  eden space 220160K, 100% used [0x000000076af00000,0x0000000778600000,0x0000000778600000)
  from space 37376K, 0% used [0x0000000778600000,0x0000000778600000,0x000000077aa80000)
  to   space 54784K, 0% used [0x0000000781200000,0x0000000781200000,0x0000000784780000)
 ParOldGen       total 267264K, used 112435K [0x00000006c0c00000, 0x00000006d1100000, 0x000000076af00000)
  object space 267264K, 42% used [0x00000006c0c00000,0x00000006c79ccd50,0x00000006d1100000)
 Metaspace       used 25441K, capacity 25615K, committed 25984K, reserved 1073152K
  class space    used 3088K, capacity 3146K, committed 3200K, reserved 1048576K
Event: 12.921 GC heap after
Heap after GC invocations=17 (full 3):
 PSYoungGen      total 357888K, used 44260K [0x000000076af00000, 0x0000000784c00000, 0x00000007c0000000)
  eden space 303104K, 0% used [0x000000076af00000,0x000000076af00000,0x000000077d700000)
  from space 54784K, 80% used [0x0000000781200000,0x0000000783d392b0,0x0000000784780000)
  to   space 59904K, 0% used [0x000000077d700000,0x000000077d700000,0x0000000781180000)
 ParOldGen       total 267264K, used 112443K [0x00000006c0c00000, 0x00000006d1100000, 0x000000076af00000)
  object space 267264K, 42% used [0x00000006c0c00000,0x00000006c79ced50,0x00000006d1100000)
 Metaspace       used 25441K, capacity 25615K, committed 25984K, reserved 1073152K
  class space    used 3088K, capacity 3146K, committed 3200K, reserved 1048576K
}
Event: 14.052 GC heap before
{Heap before GC invocations=18 (full 3):
 PSYoungGen      total 357888K, used 347364K [0x000000076af00000, 0x0000000784c00000, 0x00000007c0000000)
  eden space 303104K, 100% used [0x000000076af00000,0x000000077d700000,0x000000077d700000)
  from space 54784K, 80% used [0x0000000781200000,0x0000000783d392b0,0x0000000784780000)
  to   space 59904K, 0% used [0x000000077d700000,0x000000077d700000,0x0000000781180000)
 ParOldGen       total 267264K, used 112443K [0x00000006c0c00000, 0x00000006d1100000, 0x000000076af00000)
  object space 267264K, 42% used [0x00000006c0c00000,0x00000006c79ced50,0x00000006d1100000)
 Metaspace       used 29546K, capacity 29800K, committed 30080K, reserved 1075200K
  class space    used 3528K, capacity 3641K, committed 3712K, reserved 1048576K
Event: 14.065 GC heap after
Heap after GC invocations=18 (full 3):
 PSYoungGen      total 363008K, used 17436K [0x000000076af00000, 0x000000078b180000, 0x00000007c0000000)
  eden space 303104K, 0% used [0x000000076af00000,0x000000076af00000,0x000000077d700000)
  from space 59904K, 29% used [0x000000077d700000,0x000000077e8073b8,0x0000000781180000)
  to   space 57344K, 0% used [0x0000000787980000,0x0000000787980000,0x000000078b180000)
 ParOldGen       total 267264K, used 118634K [0x00000006c0c00000, 0x00000006d1100000, 0x000000076af00000)
  object space 267264K, 44% used [0x00000006c0c00000,0x00000006c7fda848,0x00000006d1100000)
 Metaspace       used 29546K, capacity 29800K, committed 30080K, reserved 1075200K
  class space    used 3528K, capacity 3641K, committed 3712K, reserved 1048576K
}

Deoptimization events (10 events):
Event: 13.829 Thread 0x0000000002ee5800 Uncommon trap: reason=bimorphic action=maybe_recompile pc=0x000000000353b3c8 method=java.util.regex.Matcher.match(II)Z @ 86
Event: 14.026 Thread 0x0000000002ee5800 Uncommon trap: reason=unstable_if action=reinterpret pc=0x0000000003a71bb4 method=java.util.regex.Pattern$Ques.match(Ljava/util/regex/Matcher;ILjava/lang/CharSequence;)Z @ 71
Event: 14.026 Thread 0x0000000002ee5800 Uncommon trap: reason=bimorphic action=maybe_recompile pc=0x0000000003cc759c method=com.google.common.base.Splitter$SplittingIterator.computeNext()Ljava/lang/String; @ 56
Event: 14.026 Thread 0x0000000002ee5800 Uncommon trap: reason=bimorphic action=maybe_recompile pc=0x0000000003cc759c method=com.google.common.base.Splitter$SplittingIterator.computeNext()Ljava/lang/String; @ 56
Event: 14.026 Thread 0x0000000002ee5800 Uncommon trap: reason=bimorphic action=maybe_recompile pc=0x0000000003cc759c method=com.google.common.base.Splitter$SplittingIterator.computeNext()Ljava/lang/String; @ 56
Event: 14.092 Thread 0x0000000002ee5800 Uncommon trap: reason=bimorphic action=maybe_recompile pc=0x0000000003cc759c method=com.google.common.base.Splitter$SplittingIterator.computeNext()Ljava/lang/String; @ 56
Event: 14.109 Thread 0x0000000002ee5800 Uncommon trap: reason=predicate action=maybe_recompile pc=0x00000000034eedec method=java.util.AbstractCollection.toArray([Ljava/lang/Object;)[Ljava/lang/Object; @ 49
Event: 14.124 Thread 0x0000000034ba6800 Uncommon trap: reason=bimorphic action=maybe_recompile pc=0x0000000003c365e0 method=java.io.FilterInputStream.read([BII)I @ 7
Event: 14.125 Thread 0x0000000034ba6800 Uncommon trap: reason=bimorphic action=maybe_recompile pc=0x0000000003c365e0 method=java.io.FilterInputStream.read([BII)I @ 7
Event: 14.125 Thread 0x0000000034ba6800 Uncommon trap: reason=unstable_if action=reinterpret pc=0x0000000003c65ce0 method=com.google.gson.stream.JsonReader.doPeek()I @ 704

Classes redefined (0 events):
No events

Internal exceptions (10 events):
Event: 14.553 Thread 0x00000000222d5800 Exception <a 'org/lwjgl/LWJGLException'> (0x0000000770b13f50) thrown at [c:/openjdk/jdk8u/hotspot\src\share\vm\prims\jni.cpp, line 709]
Event: 14.553 Thread 0x00000000222d5800 Exception <a 'org/lwjgl/LWJGLException'> (0x0000000770b144d0) thrown at [c:/openjdk/jdk8u/hotspot\src\share\vm\prims\jni.cpp, line 709]
Event: 14.553 Thread 0x00000000222d5800 Exception <a 'org/lwjgl/LWJGLException'> (0x0000000770b14ac8) thrown at [c:/openjdk/jdk8u/hotspot\src\share\vm\prims\jni.cpp, line 709]
Event: 14.553 Thread 0x00000000222d5800 Exception <a 'org/lwjgl/LWJGLException'> (0x0000000770b15010) thrown at [c:/openjdk/jdk8u/hotspot\src\share\vm\prims\jni.cpp, line 709]
Event: 14.553 Thread 0x00000000222d5800 Exception <a 'org/lwjgl/LWJGLException'> (0x0000000770b155c0) thrown at [c:/openjdk/jdk8u/hotspot\src\share\vm\prims\jni.cpp, line 709]
Event: 14.553 Thread 0x00000000222d5800 Exception <a 'org/lwjgl/LWJGLException'> (0x0000000770b15bb8) thrown at [c:/openjdk/jdk8u/hotspot\src\share\vm\prims\jni.cpp, line 709]
Event: 14.553 Thread 0x00000000222d5800 Exception <a 'org/lwjgl/LWJGLException'> (0x0000000770b160d8) thrown at [c:/openjdk/jdk8u/hotspot\src\share\vm\prims\jni.cpp, line 709]
Event: 14.553 Thread 0x00000000222d5800 Exception <a 'org/lwjgl/LWJGLException'> (0x0000000770b16620) thrown at [c:/openjdk/jdk8u/hotspot\src\share\vm\prims\jni.cpp, line 709]
Event: 14.553 Thread 0x00000000222d5800 Exception <a 'org/lwjgl/LWJGLException'> (0x0000000770b16ae8) thrown at [c:/openjdk/jdk8u/hotspot\src\share\vm\prims\jni.cpp, line 709]
Event: 14.554 Thread 0x00000000222d5800 Exception <a 'org/lwjgl/LWJGLException'> (0x0000000770b17110) thrown at [c:/openjdk/jdk8u/hotspot\src\share\vm\prims\jni.cpp, line 709]

Events (10 events):
Event: 14.558 loading class org/lwjgl/openal/ALC10
Event: 14.558 loading class org/lwjgl/openal/ALC10 done
Event: 14.571 loading class org/lwjgl/openal/ALCdevice
Event: 14.571 loading class org/lwjgl/openal/ALCdevice done
Event: 14.572 loading class org/lwjgl/openal/ALCcontext
Event: 14.572 loading class org/lwjgl/openal/ALCcontext done
Event: 14.573 loading class org/lwjgl/openal/Util
Event: 14.573 loading class org/lwjgl/openal/Util done
Event: 14.575 loading class org/lwjgl/openal/OpenALException
Event: 14.575 loading class org/lwjgl/openal/OpenALException done


Dynamic libraries:
0x00007ff757d10000 - 0x00007ff757d46000 	F:\opjdk\bin\java.exe
0x00007ffcd5030000 - 0x00007ffcd5228000 	C:\WINDOWS\SYSTEM32\ntdll.dll
0x00007ffcd3fa0000 - 0x00007ffcd405d000 	C:\WINDOWS\System32\KERNEL32.DLL
0x00007ffcd26f0000 - 0x00007ffcd29e6000 	C:\WINDOWS\System32\KERNELBASE.dll
0x00007ffcd3070000 - 0x00007ffcd3123000 	C:\WINDOWS\System32\ADVAPI32.dll
0x00007ffcd3ba0000 - 0x00007ffcd3c3e000 	C:\WINDOWS\System32\msvcrt.dll
0x00007ffcd4e10000 - 0x00007ffcd4eaf000 	C:\WINDOWS\System32\sechost.dll
0x00007ffcd31e0000 - 0x00007ffcd3306000 	C:\WINDOWS\System32\RPCRT4.dll
0x00007ffcd2d00000 - 0x00007ffcd2d27000 	C:\WINDOWS\System32\bcrypt.dll
0x00007ffcd3dc0000 - 0x00007ffcd3f5e000 	C:\WINDOWS\System32\USER32.dll
0x00007ffcd2a80000 - 0x00007ffcd2aa2000 	C:\WINDOWS\System32\win32u.dll
0x00007ffcd3f70000 - 0x00007ffcd3f9b000 	C:\WINDOWS\System32\GDI32.dll
0x00007ffcd2ee0000 - 0x00007ffcd2ff7000 	C:\WINDOWS\System32\gdi32full.dll
0x00007ffcd2c10000 - 0x00007ffcd2cad000 	C:\WINDOWS\System32\msvcp_win.dll
0x00007ffcd2d30000 - 0x00007ffcd2e30000 	C:\WINDOWS\System32\ucrtbase.dll
0x00007ffcba4c0000 - 0x00007ffcba75a000 	C:\WINDOWS\WinSxS\amd64_microsoft.windows.common-controls_6595b64144ccf1df_6.0.19041.3636_none_60b6a03d71f818d5\COMCTL32.dll
0x00007ffcd3800000 - 0x00007ffcd3832000 	C:\WINDOWS\System32\IMM32.DLL
0x00000000516f0000 - 0x00000000517c1000 	F:\opjdk\jre\bin\msvcr100.dll
0x0000000050b20000 - 0x00000000513b8000 	F:\opjdk\jre\bin\server\jvm.dll
0x00007ffcd44d0000 - 0x00007ffcd44d8000 	C:\WINDOWS\System32\PSAPI.DLL
0x00007ffccd3f0000 - 0x00007ffccd3fa000 	C:\WINDOWS\SYSTEM32\VERSION.dll
0x00007ffcc9a30000 - 0x00007ffcc9a57000 	C:\WINDOWS\SYSTEM32\WINMM.dll
0x00007ffccdf60000 - 0x00007ffccdf69000 	C:\WINDOWS\SYSTEM32\WSOCK32.dll
0x00007ffcd44e0000 - 0x00007ffcd454b000 	C:\WINDOWS\System32\WS2_32.dll
0x00007ffca2d20000 - 0x00007ffca2d2f000 	F:\opjdk\jre\bin\verify.dll
0x00007ffca2100000 - 0x00007ffca2129000 	F:\opjdk\jre\bin\java.dll
0x00007ffca0d70000 - 0x00007ffca0d87000 	F:\opjdk\jre\bin\zip.dll
0x00007ffcd46c0000 - 0x00007ffcd4e05000 	C:\WINDOWS\System32\SHELL32.dll
0x00007ffcd07c0000 - 0x00007ffcd0f5c000 	C:\WINDOWS\SYSTEM32\windows.storage.dll
0x00007ffcd3840000 - 0x00007ffcd3b94000 	C:\WINDOWS\System32\combase.dll
0x00007ffcd2120000 - 0x00007ffcd214e000 	C:\WINDOWS\SYSTEM32\Wldp.dll
0x00007ffcd35a0000 - 0x00007ffcd366d000 	C:\WINDOWS\System32\OLEAUT32.dll
0x00007ffcd4eb0000 - 0x00007ffcd4f5d000 	C:\WINDOWS\System32\SHCORE.dll
0x00007ffcd3c40000 - 0x00007ffcd3c95000 	C:\WINDOWS\System32\shlwapi.dll
0x00007ffcd2620000 - 0x00007ffcd2645000 	C:\WINDOWS\SYSTEM32\profapi.dll
0x00007ffcce010000 - 0x00007ffcce01d000 	F:\opjdk\jre\bin\management.dll
0x00007ffca0640000 - 0x00007ffca065b000 	F:\opjdk\jre\bin\net.dll
0x00007ffcd1e80000 - 0x00007ffcd1eea000 	C:\WINDOWS\system32\mswsock.dll
0x00007ffca0380000 - 0x00007ffca0391000 	F:\opjdk\jre\bin\nio.dll
0x00007ffcae420000 - 0x00007ffcae437000 	C:\WINDOWS\system32\napinsp.dll
0x00007ffcae400000 - 0x00007ffcae41b000 	C:\WINDOWS\system32\pnrpnsp.dll
0x00007ffcae3e0000 - 0x00007ffcae3f5000 	C:\WINDOWS\system32\wshbth.dll
0x00007ffccde10000 - 0x00007ffccde2d000 	C:\WINDOWS\system32\NLAapi.dll
0x00007ffcd1b20000 - 0x00007ffcd1b5b000 	C:\WINDOWS\SYSTEM32\IPHLPAPI.DLL
0x00007ffcd1b70000 - 0x00007ffcd1c3b000 	C:\WINDOWS\SYSTEM32\DNSAPI.dll
0x00007ffcd4550000 - 0x00007ffcd4558000 	C:\WINDOWS\System32\NSI.dll
0x00007ffcae3c0000 - 0x00007ffcae3d2000 	C:\WINDOWS\System32\winrnr.dll
0x00007ffccc050000 - 0x00007ffccc05a000 	C:\Windows\System32\rasadhlp.dll
0x00007ffccc510000 - 0x00007ffccc590000 	C:\WINDOWS\System32\fwpuclnt.dll
0x0000000180000000 - 0x0000000180051000 	C:\Users\קיסקוזי\.gradle\caches\minecraft\net\minecraft\minecraft_natives\1.7.10\lwjgl64.dll
0x00007ffca2e40000 - 0x00007ffca2f65000 	C:\WINDOWS\SYSTEM32\OPENGL32.dll
0x00007ffca2e10000 - 0x00007ffca2e3c000 	C:\WINDOWS\SYSTEM32\GLU32.dll
0x00007ffcd2080000 - 0x00007ffcd2098000 	C:\WINDOWS\SYSTEM32\CRYPTSP.dll
0x00007ffcd1740000 - 0x00007ffcd1774000 	C:\WINDOWS\system32\rsaenh.dll
0x00007ffcd25a0000 - 0x00007ffcd25ce000 	C:\WINDOWS\SYSTEM32\USERENV.dll
0x00007ffcd29f0000 - 0x00007ffcd2a72000 	C:\WINDOWS\System32\bcryptprimitives.dll
0x00007ffcd2070000 - 0x00007ffcd207c000 	C:\WINDOWS\SYSTEM32\CRYPTBASE.dll
0x00007ffccdb90000 - 0x00007ffccdba7000 	C:\WINDOWS\SYSTEM32\dhcpcsvc6.DLL
0x00007ffccdb70000 - 0x00007ffccdb8d000 	C:\WINDOWS\SYSTEM32\dhcpcsvc.DLL
0x00007ffc95f70000 - 0x00007ffc96109000 	F:\opjdk\jre\bin\awt.dll
0x00007ffccfff0000 - 0x00007ffcd0080000 	C:\WINDOWS\SYSTEM32\apphelp.dll
0x00007ffcc4950000 - 0x00007ffcc49fe000 	C:\WINDOWS\SYSTEM32\mscms.dll
0x00007ffcc4930000 - 0x00007ffcc4941000 	C:\WINDOWS\SYSTEM32\ColorAdapterClient.dll
0x00007ffcd05c0000 - 0x00007ffcd05d2000 	C:\WINDOWS\SYSTEM32\kernel.appcore.dll
0x00007ffcd00f0000 - 0x00007ffcd018e000 	C:\WINDOWS\system32\uxtheme.dll
0x00007ffcd3ca0000 - 0x00007ffcd3db4000 	C:\WINDOWS\System32\MSCTF.dll
0x00007ffcd3130000 - 0x00007ffcd31d9000 	C:\WINDOWS\System32\clbcatq.dll
0x00007ffc550d0000 - 0x00007ffc57cc0000 	C:\WINDOWS\System32\DriverStore\FileRepository\nvleig.inf_amd64_92cb6cb02101f4e9\nvoglv64.dll
0x00007ffcd4060000 - 0x00007ffcd44ce000 	C:\WINDOWS\System32\SETUPAPI.dll
0x00007ffcd2cb0000 - 0x00007ffcd2cfe000 	C:\WINDOWS\System32\cfgmgr32.dll
0x00007ffcd3670000 - 0x00007ffcd379b000 	C:\WINDOWS\System32\ole32.dll
0x00007ffcce130000 - 0x00007ffcce144000 	C:\WINDOWS\SYSTEM32\WTSAPI32.dll
0x00007ffcd22b0000 - 0x00007ffcd22c2000 	C:\WINDOWS\SYSTEM32\msasn1.dll
0x00007ffccd390000 - 0x00007ffccd3c1000 	C:\WINDOWS\SYSTEM32\cryptnet.dll
0x00007ffcd2ab0000 - 0x00007ffcd2c0d000 	C:\WINDOWS\System32\CRYPT32.dll
0x00007ffcccd80000 - 0x00007ffcccec8000 	C:\WINDOWS\SYSTEM32\drvstore.dll
0x00007ffcd2480000 - 0x00007ffcd24b3000 	C:\WINDOWS\SYSTEM32\devobj.dll
0x00007ffcd3000000 - 0x00007ffcd3067000 	C:\WINDOWS\System32\wintrust.dll
0x00007ffcd4640000 - 0x00007ffcd465d000 	C:\WINDOWS\System32\imagehlp.dll
0x00007ffcd0f70000 - 0x00007ffcd0f93000 	C:\WINDOWS\SYSTEM32\gpapi.dll
0x00007ffcc04d0000 - 0x00007ffcc26be000 	C:\WINDOWS\System32\DriverStore\FileRepository\nvleig.inf_amd64_92cb6cb02101f4e9\nvgpucomp64.dll
0x00007ffcd1860000 - 0x00007ffcd1893000 	C:\WINDOWS\SYSTEM32\ntmarta.dll
0x00007ffcc01f0000 - 0x00007ffcc022b000 	C:\WINDOWS\SYSTEM32\dxcore.dll
0x00007ffcd03e0000 - 0x00007ffcd040f000 	C:\WINDOWS\SYSTEM32\dwmapi.dll
0x00007ffcc6810000 - 0x00007ffcc6909000 	C:\WINDOWS\SYSTEM32\textinputframework.dll
0x00007ffccfa50000 - 0x00007ffccfdab000 	C:\WINDOWS\System32\CoreUIComponents.dll
0x00007ffccfdb0000 - 0x00007ffccfea2000 	C:\WINDOWS\System32\CoreMessaging.dll
0x00007ffccf2e0000 - 0x00007ffccf435000 	C:\WINDOWS\SYSTEM32\wintypes.dll
0x00007ffca2180000 - 0x00007ffca21c3000 	C:\WINDOWS\SYSTEM32\icm32.dll
0x00007ffcd1c40000 - 0x00007ffcd1c8b000 	C:\WINDOWS\SYSTEM32\powrprof.dll
0x00007ffcd1b00000 - 0x00007ffcd1b12000 	C:\WINDOWS\SYSTEM32\UMPDC.dll
0x00007ffcd13d0000 - 0x00007ffcd142b000 	C:\WINDOWS\SYSTEM32\WINSTA.dll
0x0000000070a40000 - 0x0000000070adc000 	C:\Users\קיסקוזי\.gradle\caches\minecraft\net\minecraft\minecraft_natives\1.7.10\avutil-ttv-51.dll
0x0000000065980000 - 0x00000000659d6000 	C:\Users\קיסקוזי\.gradle\caches\minecraft\net\minecraft\minecraft_natives\1.7.10\swresample-ttv-0.dll
0x000000006eb80000 - 0x000000006ec50000 	C:\Users\קיסקוזי\.gradle\caches\minecraft\net\minecraft\minecraft_natives\1.7.10\libmp3lame-ttv.dll
0x00007ffc504c0000 - 0x00007ffc51864000 	C:\Users\קיסקוזי\.gradle\caches\minecraft\net\minecraft\minecraft_natives\1.7.10\libmfxsw64.dll
0x00007ffc95e40000 - 0x00007ffc95f6b000 	C:\Users\קיסקוזי\.gradle\caches\minecraft\net\minecraft\minecraft_natives\1.7.10\twitchsdk.dll
0x00007ffcb7cc0000 - 0x00007ffcb8196000 	C:\WINDOWS\SYSTEM32\WININET.dll
0x00000000357b0000 - 0x0000000035814000 	C:\Users\קיסקוזי\.gradle\caches\minecraft\net\minecraft\minecraft_natives\1.7.10\OpenAL64.dll
0x00007ffccd930000 - 0x00007ffccd9b5000 	C:\WINDOWS\System32\MMDevApi.dll
0x00007ffc65de0000 - 0x00007ffc65e7c000 	C:\WINDOWS\SYSTEM32\dsound.dll
0x00007ffc73f80000 - 0x00007ffc73fa6000 	C:\WINDOWS\SYSTEM32\winmmbase.dll
0x00007ffc85b90000 - 0x00007ffc85d12000 	C:\WINDOWS\SYSTEM32\AUDIOSES.DLL
0x00007ffccc590000 - 0x00007ffccc774000 	C:\WINDOWS\SYSTEM32\dbghelp.dll

VM Arguments:
jvm_args: -Dfile.encoding=windows-1255 -Duser.country=US -Duser.language=en -Duser.variant 
java_command: GradleStart
java_class_path (initial): F:\Minecraft DBCA Addon\DBCA\Minecraft moddding\DBCA\libs\DragonBlockC-v1.4.85-deobf.jar;F:\Minecraft DBCA Addon\DBCA\Minecraft moddding\DBCA\libs\JBRA-Client-v1.6.52-deobf.jar;F:\Minecraft DBCA Addon\DBCA\Minecraft moddding\DBCA\libs\JRMCore-v1.3.51-deobf.jar;C:\Users\קיסקוזי\.gradle\caches\minecraft\net\minecraftforge\forge\1.7.10-10.13.4.1614-1.7.10\start;C:\Users\קיסקוזי\.gradle\caches\minecraft\net\minecraftforge\forge\1.7.10-10.13.4.1614-1.7.10\forgeSrc-1.7.10-10.13.4.1614-1.7.10.jar;C:\Users\קיסקוזי\.gradle\caches\modules-2\files-2.1\net.minecraft\launchwrapper\1.12\111e7bea9c968cdb3d06ef4632bf7ff0824d0f36\launchwrapper-1.12.jar;C:\Users\קיסקוזי\.gradle\caches\modules-2\files-2.1\com.google.code.findbugs\jsr305\1.3.9\40719ea6961c0cb6afaeb6a921eaa1f6afd4cfdf\jsr305-1.3.9.jar;C:\Users\קיסקוזי\.gradle\caches\modules-2\files-2.1\org.ow2.asm\asm-debug-all\5.0.3\f9e364ae2a66ce2a543012a4668856e84e5dab74\asm-debug-all-5.0.3.jar;C:\Users\קיסקוזי\.gradle\caches\modules-2\files-2.1\com.typesafe.akka\akka-actor_2.11\2.3.3\ed62e9fc709ca0f2ff1a3220daa8b70a2870078e\akka-actor_2.11-2.3.3.jar;C:\Users\קיסקוזי\.gradle\caches\modules-2\files-2.1\com.typesafe\config\1.2.1\f771f71fdae3df231bcd54d5ca2d57f0bf93f467\config-1.2.1.jar;C:\Users\קיסקוזי\.gradle\caches\modules-2\files-2.1\org.scala-lang\scala-actors-migration_2.11\1.1.0\dfa8bc42b181d5b9f1a5dd147f8ae308b893eb6f\scala-actors-migration_2.11-1.1.0.jar;C:\Users\קיסקוזי\.gradle\caches\modules-2\files-2.1\org.scala-lang\scala-compiler\2.11.1\56ea2e6c025e0821f28d73ca271218b8dd04926a\scala-compiler-2.11.1.jar;C:\Users\קיסקוזי\.gradle\caches\modules-2\files-2.1\org.scala-lang.plugins\scala-continuations-library_2.11\1.0.2\e517c53a7e9acd6b1668c5a35eccbaa3bab9aac\scala-continuations-library_2.11-1.0.2.jar;C:\Users\קיסקוזי\.gradle\caches\modules-2\files-2.1\org.scala-lang.plugins\scala-continuations-plugin_2.11.1\1.0.2\f361a3283452c57fa30c1ee69448995de23c60f7\scala-continuations-plugin_2.11.1-1.0.2.jar;C:
Launcher Type: SUN_STANDARD

Environment Variables:
JAVA_HOME=C:\Program Files\OpenLogic\jdk-8.0.402.06-hotspot\
PATH=C:\Program Files\OpenLogic\jdk-8.0.402.06-hotspot\bin;F:\opendjdk17\bin;F:\openjdk\bin;F:\opjdk\bin;C:\Program Files\OpenLogic\jdk-17.0.9.9-hotspot\bin;F:\Plastic SCM\server;F:\Plastic SCM\client;C:\Python310\Scripts\;C:\Python310\;F:\devkitPro\msys2\usr\bin;F:\Oculus\Support\oculus-runtime;F:\apache-maven-3.8.4\bin;C:\Program Files\Docker\Docker\resources\bin;C:\ProgramData\DockerDesktop\version-bin;C:\Users\קיסקוזי\AppData\Local\Programs\Python\Python310\Scripts\;C:\Program Files (x86)\NVIDIA Corporation\PhysX\Common;C:\Program Files\dotnet\;C:\Program Files\Git\cmd;C:\Program Files (x86)\gsudo\;F:\Node.js\;C:\ProgramData\chocolatey\bin;C:\Program Files\Microsoft SQL Server\Client SDK\ODBC\170\Tools\Binn\;C:\Program Files (x86)\Microsoft SQL Server\150\Tools\Binn\;C:\Program Files\Microsoft SQL Server\150\Tools\Binn\;C:\Program Files\Microsoft SQL Server\150\DTS\Binn\;C:\Program Files\CMake\bin;F:\SFML\SFML-2.5.1\bin;F:\meta\metasploit-framework\bin\;C:\Users\קיסקוזי\AppData\Local\Programs\Python\Python37\Scripts\;C:\Users\קיסקוזי\AppData\Local\Programs\Python\Python37\;C:\Program Files\MySQL\MySQL Shell 8.0\bin\;C:\Users\קיסקוזי\AppData\Local\Programs\Python\Python310\Scripts\;C:\Users\קיסקוזי\AppData\Local\Programs\Python\Python310\;C:\Users\קיסקוזי\AppData\Local\Microsoft\WindowsApps;C:\Users\קיסקוזי\.dotnet\tools;C:\Users\קיסקוזי\AppData\Local\GitHubDesktop\bin;F:\Microsoft VS Code\bin;C:\Users\קיסקוזי\AppData\Roaming\npm;C:\Users\קיסקוזי\AppData\Local\Programs\ExifTool;F:\msys2\mingw64\bin;F:\Chromuim\chromedriver.exe;F:\Nmap;F:\Intelji23\IntelliJ IDEA Community Edition 2023.3.2\bin;
USERNAME=קיסקוזי
OS=Windows_NT
PROCESSOR_IDENTIFIER=Intel64 Family 6 Model 94 Stepping 3, GenuineIntel



---------------  S Y S T E M  ---------------

OS: Windows 10 , 64 bit Build 19041 (10.0.19041.3636)

CPU:total 8 (initial active 8) (4 cores per cpu, 2 threads per core) family 6 model 94 stepping 3, cmov, cx8, fxsr, mmx, sse, sse2, sse3, ssse3, sse4.1, sse4.2, popcnt, avx, avx2, aes, clmul, erms, rtm, 3dnowpref, lzcnt, ht, tsc, tscinvbit, bmi1, bmi2, adx

Memory: 4k page, physical 16723604k(7074108k free), swap 19213972k(2054672k free)

vm_info: OpenJDK 64-Bit Server VM (25.392-b08) for windows-amd64 JRE (1.8.0_392-392-b08), built on Oct 18 2023 07:33:07 by "Administrator" with MS VC++ 10.0 (VS2010)

time: Mon Feb 19 00:54:36 2024
timezone: Jerusalem Standard Time
elapsed time: 14.666245 seconds (0d 0h 0m 14s)

