#
# A fatal error has been detected by the Java Runtime Environment:
#
#  EXCEPTION_ACCESS_VIOLATION (0xc0000005) at pc=0x000000002cb31066, pid=18632, tid=0x0000000000004d14
#
# JRE version: OpenJDK Runtime Environment (8.0_392-b08) (build 1.8.0_392-392-b08)
# Java VM: OpenJDK 64-Bit Server VM (25.392-b08 mixed mode windows-amd64 compressed oops)
# Problematic frame:
# C  [OpenAL64.dll+0x11066]
#
# Failed to write core dump. Minidumps are not enabled by default on client versions of Windows
#
# If you would like to submit a bug report, please visit:
#   http://bugreport.java.com/bugreport/crash.jsp
# The crash happened outside the Java Virtual Machine in native code.
# See problematic frame for where to report the bug.
#

---------------  T H R E A D  ---------------

Current thread (0x000000001feda800):  JavaThread "Thread-8" [_thread_in_native, id=19732, stack(0x000000004a3d0000,0x000000004a4d0000)]

siginfo: ExceptionCode=0xc0000005, reading address 0x00000000420b7004

Registers:
RAX=0x0000000000000004, RBX=0x000000004a4d0090, RCX=0x00000000420b7008, RDX=0x00000000420b7004
RSP=0x000000004a4cea20, RBP=0x00000000000000ff, RSI=0x00000000420b6f7c, RDI=0x0000000000000000
R8 =0x0000000000000022, R9 =0x00000000420b6f7c, R10=0x00000000026689db, R11=0x0000000071e17000
R12=0x0000000000000001, R13=0x0000000049fd04b0, R14=0x000000004a4cebb8, R15=0x000000001feda800
RIP=0x000000002cb31066, EFLAGS=0x0000000000010202

Top of Stack: (sp=0x000000004a4cea20)
0x000000004a4cea20:   0000000000000000 0000000071cae2db
0x000000004a4cea30:   000000001feda800 000000004a4cebb8
0x000000004a4cea40:   0000000049fd04b0 0000000000000000
0x000000004a4cea50:   000000001feda800 00000000420b5160
0x000000004a4cea60:   0000000049fd04b0 000000001feda800
0x000000004a4cea70:   0000000035018410 0000000071c9c4f6
0x000000004a4cea80:   000000004a4cf238 0000000035018790
0x000000004a4cea90:   000000001feda800 000000004a4cebb8
0x000000004a4ceaa0:   0000000049fd04b0 0000000000000000
0x000000004a4ceab0:   00000000420b6f7c 00000006c0c17c88
0x000000004a4ceac0:   000000004a4ceb80 000000002cb3248f
0x000000004a4cead0:   000000004a4d0090 000000004a4d0090
0x000000004a4ceae0:   000000000000ac44 0000000600000004
0x000000004a4ceaf0:   0000000000000010 0000000002668a07
0x000000004a4ceb00:   0000000049fd04b0 000000000266873d
0x000000004a4ceb10:   000000001feda800 0000000049fd04b0 

Instructions: (pc=0x000000002cb31066)
0x000000002cb31046:   41 2b ec 81 3a 03 00 02 00 75 09 8b 01 89 84 24
0x000000002cb31056:   c8 00 00 00 49 83 c0 02 48 83 c1 08 4a 8d 14 86
0x000000002cb31066:   39 3a 75 af 4c 8d 84 24 c0 00 00 00 48 8d 15 d7
0x000000002cb31076:   2b 03 00 33 c9 e8 58 5f 00 00 b8 40 1f 00 00 4c 


Register to memory mapping:

RAX=0x0000000000000004 is an unknown value
RBX=0x000000004a4d0090 is an unknown value
RCX=0x00000000420b7008 is an unknown value
RDX=0x00000000420b7004 is an unknown value
RSP=0x000000004a4cea20 is pointing into the stack for thread: 0x000000001feda800
RBP=0x00000000000000ff is an unknown value
RSI=0x00000000420b6f7c is an unknown value
RDI=0x0000000000000000 is an unknown value
R8 =0x0000000000000022 is an unknown value
R9 =0x00000000420b6f7c is an unknown value
R10=0x00000000026689db is at code_begin+891 in an Interpreter codelet
method entry point (kind = native)  [0x0000000002668660, 0x0000000002669040]  2528 bytes
R11=0x0000000071e17000 is an unknown value
R12=0x0000000000000001 is an unknown value
R13={method} {0x0000000049fd04b8} 'nalcCreateContext' '(JJ)J' in 'org/lwjgl/openal/ALC10'
R14=0x000000004a4cebb8 is pointing into the stack for thread: 0x000000001feda800
R15=0x000000001feda800 is a thread


Stack: [0x000000004a3d0000,0x000000004a4d0000],  sp=0x000000004a4cea20,  free space=1018k
Native frames: (J=compiled Java code, j=interpreted, Vv=VM code, C=native code)
C  [OpenAL64.dll+0x11066]
C  [OpenAL64.dll+0x1248f]
C  0x0000000002668a07

Java frames: (J=compiled Java code, j=interpreted, Vv=VM code)
j  org.lwjgl.openal.ALC10.nalcCreateContext(JJ)J+0
j  org.lwjgl.openal.ALC10.alcCreateContext(Lorg/lwjgl/openal/ALCdevice;Ljava/nio/IntBuffer;)Lorg/lwjgl/openal/ALCcontext;+8
j  org.lwjgl.openal.AL.init(Ljava/lang/String;IIZZ)V+69
j  org.lwjgl.openal.AL.create(Ljava/lang/String;IIZZ)V+227
j  org.lwjgl.openal.AL.create(Ljava/lang/String;IIZ)V+5
j  org.lwjgl.openal.AL.create()V+6
j  paulscode.sound.libraries.LibraryLWJGLOpenAL.init()V+2
j  paulscode.sound.SoundSystem.CommandNewLibrary(Ljava/lang/Class;)V+273
j  paulscode.sound.SoundSystem.CommandQueue(Lpaulscode/sound/CommandObject;)Z+1206
j  paulscode.sound.CommandThread.run()V+51
v  ~StubRoutines::call_stub

---------------  P R O C E S S  ---------------

Java Threads: ( => current thread )
  0x000000001fedc000 JavaThread "Thread-9" [_thread_blocked, id=1064, stack(0x0000000034c30000,0x0000000034d30000)]
=>0x000000001feda800 JavaThread "Thread-8" [_thread_in_native, id=19732, stack(0x000000004a3d0000,0x000000004a4d0000)]
  0x000000001fedf000 JavaThread "Sound Library Loader" [_thread_blocked, id=11072, stack(0x000000004a2d0000,0x000000004a3d0000)]
  0x000000001fede800 JavaThread "Keep-Alive-Timer" daemon [_thread_blocked, id=14068, stack(0x0000000035d60000,0x0000000035e60000)]
  0x000000001f814000 JavaThread "LWJGL Timer" daemon [_thread_blocked, id=12416, stack(0x0000000032330000,0x0000000032430000)]
  0x00000000213d3000 JavaThread "Thread-6" [_thread_blocked, id=14740, stack(0x000000002f5c0000,0x000000002f6c0000)]
  0x00000000219c8000 JavaThread "Java2D Disposer" daemon [_thread_blocked, id=11612, stack(0x0000000022130000,0x0000000022230000)]
  0x0000000020f98000 JavaThread "Timer hack thread" daemon [_thread_blocked, id=10088, stack(0x0000000023700000,0x0000000023800000)]
  0x0000000022e68000 JavaThread "Snooper Timer" daemon [_thread_blocked, id=2512, stack(0x0000000020e10000,0x0000000020f10000)]
  0x000000001dfe3000 JavaThread "Service Thread" daemon [_thread_blocked, id=17552, stack(0x000000001ebc0000,0x000000001ecc0000)]
  0x000000001df54000 JavaThread "C1 CompilerThread3" daemon [_thread_blocked, id=15092, stack(0x000000001eac0000,0x000000001ebc0000)]
  0x000000001df4b800 JavaThread "C2 CompilerThread2" daemon [_thread_blocked, id=20316, stack(0x000000001e9c0000,0x000000001eac0000)]
  0x000000001df4a000 JavaThread "C2 CompilerThread1" daemon [_thread_blocked, id=6456, stack(0x000000001e8c0000,0x000000001e9c0000)]
  0x000000001df4e000 JavaThread "C2 CompilerThread0" daemon [_thread_blocked, id=11032, stack(0x000000001e7c0000,0x000000001e8c0000)]
  0x000000001df40800 JavaThread "Attach Listener" daemon [_thread_blocked, id=11108, stack(0x000000001e6c0000,0x000000001e7c0000)]
  0x000000001df40000 JavaThread "Signal Dispatcher" daemon [_thread_blocked, id=14436, stack(0x000000001e5c0000,0x000000001e6c0000)]
  0x000000001dee1800 JavaThread "Finalizer" daemon [_thread_blocked, id=5340, stack(0x000000001e3c0000,0x000000001e4c0000)]
  0x000000001dee0800 JavaThread "Reference Handler" daemon [_thread_blocked, id=11988, stack(0x000000001e2c0000,0x000000001e3c0000)]
  0x0000000002555800 JavaThread "Client thread" [_thread_in_native, id=16540, stack(0x0000000002450000,0x0000000002550000)]

Other Threads:
  0x000000001c0f9000 VMThread [stack: 0x000000001ddc0000,0x000000001dec0000] [id=16200]
  0x000000001dfe6000 WatcherThread [stack: 0x000000001ecc0000,0x000000001edc0000] [id=14012]

VM state:not at safepoint (normal execution)

VM Mutex/Monitor currently owned by a thread: None

heap address: 0x00000006c0c00000, size: 4084 MB, Compressed Oops mode: Zero based, Oop shift amount: 3
Narrow klass base: 0x0000000000000000, Narrow klass shift: 3
Compressed class space size: 1073741824 Address: 0x00000007c0000000

Heap:
 PSYoungGen      total 342528K, used 169737K [0x000000076af00000, 0x0000000789480000, 0x00000007c0000000)
  eden space 283648K, 52% used [0x000000076af00000,0x0000000773f84870,0x000000077c400000)
  from space 58880K, 36% used [0x000000077c400000,0x000000077d93df00,0x000000077fd80000)
  to   space 55808K, 0% used [0x0000000785e00000,0x0000000785e00000,0x0000000789480000)
 ParOldGen       total 268288K, used 115767K [0x00000006c0c00000, 0x00000006d1200000, 0x000000076af00000)
  object space 268288K, 43% used [0x00000006c0c00000,0x00000006c7d0dec8,0x00000006d1200000)
 Metaspace       used 30602K, capacity 30872K, committed 31232K, reserved 1077248K
  class space    used 3623K, capacity 3739K, committed 3840K, reserved 1048576K

Card table byte_map: [0x0000000011a10000,0x0000000012210000] byte_map_base: 0x000000000e40a000

Marking Bits: (ParMarkBitMap*) 0x0000000072416440
 Begin Bits: [0x0000000012f70000, 0x0000000016f40000)
 End Bits:   [0x0000000016f40000, 0x000000001af10000)

Polling page: 0x0000000000670000

CodeCache: size=245760Kb used=12721Kb max_used=12746Kb free=233038Kb
 bounds [0x0000000002650000, 0x0000000003300000, 0x0000000011650000]
 total_blobs=4059 nmethods=3358 adapters=612
 compilation: enabled

Compilation events (10 events):
Event: 14.096 Thread 0x000000001df54000 nmethod 4260 0x0000000002e73d10 code [0x0000000002e73f20, 0x0000000002e74998]
Event: 14.100 Thread 0x000000001df4e000 nmethod 4259% 0x0000000002e6f790 code [0x0000000002e6f920, 0x0000000002e70118]
Event: 14.101 Thread 0x000000001df54000 4261       1       net.minecraft.client.audio.SoundList$SoundEntry::getSoundEntryName (5 bytes)
Event: 14.101 Thread 0x000000001df54000 nmethod 4261 0x000000000298b850 code [0x000000000298b9a0, 0x000000000298bab0]
Event: 14.102 Thread 0x000000001df54000 4262       1       net.minecraft.client.audio.SoundList$SoundEntry::getSoundEntryType (5 bytes)
Event: 14.102 Thread 0x000000001df54000 nmethod 4262 0x0000000002a302d0 code [0x0000000002a30420, 0x0000000002a30530]
Event: 14.103 Thread 0x000000001df54000 4263       1       net.minecraft.client.audio.SoundList$SoundEntry::isStreaming (5 bytes)
Event: 14.103 Thread 0x000000001df54000 nmethod 4263 0x0000000002a62f10 code [0x0000000002a63060, 0x0000000002a63170]
Event: 14.104 Thread 0x000000001df54000 4264       1       net.minecraft.client.audio.SoundList$SoundEntry::getSoundEntryWeight (5 bytes)
Event: 14.104 Thread 0x000000001df54000 nmethod 4264 0x0000000002b8ba10 code [0x0000000002b8bb60, 0x0000000002b8bc70]

GC Heap History (10 events):
Event: 9.564 GC heap before
{Heap before GC invocations=14 (full 2):
 PSYoungGen      total 211456K, used 211438K [0x000000076af00000, 0x000000077b500000, 0x00000007c0000000)
  eden space 197120K, 100% used [0x000000076af00000,0x0000000776f80000,0x0000000776f80000)
  from space 14336K, 99% used [0x0000000776f80000,0x0000000777d7b800,0x0000000777d80000)
  to   space 21504K, 0% used [0x000000077a000000,0x000000077a000000,0x000000077b500000)
 ParOldGen       total 124928K, used 41666K [0x00000006c0c00000, 0x00000006c8600000, 0x000000076af00000)
  object space 124928K, 33% used [0x00000006c0c00000,0x00000006c34b0a88,0x00000006c8600000)
 Metaspace       used 25343K, capacity 25551K, committed 25728K, reserved 1071104K
  class space    used 3087K, capacity 3146K, committed 3200K, reserved 1048576K
Event: 9.589 GC heap after
Heap after GC invocations=14 (full 2):
 PSYoungGen      total 230912K, used 21479K [0x000000076af00000, 0x000000077fe00000, 0x00000007c0000000)
  eden space 209408K, 0% used [0x000000076af00000,0x000000076af00000,0x0000000777b80000)
  from space 21504K, 99% used [0x000000077a000000,0x000000077b4f9ec8,0x000000077b500000)
  to   space 37376K, 0% used [0x0000000777b80000,0x0000000777b80000,0x000000077a000000)
 ParOldGen       total 124928K, used 77812K [0x00000006c0c00000, 0x00000006c8600000, 0x000000076af00000)
  object space 124928K, 62% used [0x00000006c0c00000,0x00000006c57fd3d0,0x00000006c8600000)
 Metaspace       used 25343K, capacity 25551K, committed 25728K, reserved 1071104K
  class space    used 3087K, capacity 3146K, committed 3200K, reserved 1048576K
}
Event: 11.087 GC heap before
{Heap before GC invocations=15 (full 2):
 PSYoungGen      total 230912K, used 230887K [0x000000076af00000, 0x000000077fe00000, 0x00000007c0000000)
  eden space 209408K, 100% used [0x000000076af00000,0x0000000777b80000,0x0000000777b80000)
  from space 21504K, 99% used [0x000000077a000000,0x000000077b4f9ec8,0x000000077b500000)
  to   space 37376K, 0% used [0x0000000777b80000,0x0000000777b80000,0x000000077a000000)
 ParOldGen       total 124928K, used 77812K [0x00000006c0c00000, 0x00000006c8600000, 0x000000076af00000)
  object space 124928K, 62% used [0x00000006c0c00000,0x00000006c57fd3d0,0x00000006c8600000)
 Metaspace       used 25357K, capacity 25551K, committed 25728K, reserved 1071104K
  class space    used 3087K, capacity 3146K, committed 3200K, reserved 1048576K
Event: 11.120 GC heap after
Heap after GC invocations=15 (full 2):
 PSYoungGen      total 246784K, used 37351K [0x000000076af00000, 0x0000000783280000, 0x00000007c0000000)
  eden space 209408K, 0% used [0x000000076af00000,0x000000076af00000,0x0000000777b80000)
  from space 37376K, 99% used [0x0000000777b80000,0x0000000779ff9f80,0x000000077a000000)
  to   space 54272K, 0% used [0x000000077fd80000,0x000000077fd80000,0x0000000783280000)
 ParOldGen       total 124928K, used 107224K [0x00000006c0c00000, 0x00000006c8600000, 0x000000076af00000)
  object space 124928K, 85% used [0x00000006c0c00000,0x00000006c74b6358,0x00000006c8600000)
 Metaspace       used 25357K, capacity 25551K, committed 25728K, reserved 1071104K
  class space    used 3087K, capacity 3146K, committed 3200K, reserved 1048576K
}
Event: 11.120 GC heap before
{Heap before GC invocations=16 (full 3):
 PSYoungGen      total 246784K, used 37351K [0x000000076af00000, 0x0000000783280000, 0x00000007c0000000)
  eden space 209408K, 0% used [0x000000076af00000,0x000000076af00000,0x0000000777b80000)
  from space 37376K, 99% used [0x0000000777b80000,0x0000000779ff9f80,0x000000077a000000)
  to   space 54272K, 0% used [0x000000077fd80000,0x000000077fd80000,0x0000000783280000)
 ParOldGen       total 124928K, used 107224K [0x00000006c0c00000, 0x00000006c8600000, 0x000000076af00000)
  object space 124928K, 85% used [0x00000006c0c00000,0x00000006c74b6358,0x00000006c8600000)
 Metaspace       used 25357K, capacity 25551K, committed 25728K, reserved 1071104K
  class space    used 3087K, capacity 3146K, committed 3200K, reserved 1048576K
Event: 11.207 GC heap after
Heap after GC invocations=16 (full 3):
 PSYoungGen      total 246784K, used 0K [0x000000076af00000, 0x0000000783280000, 0x00000007c0000000)
  eden space 209408K, 0% used [0x000000076af00000,0x000000076af00000,0x0000000777b80000)
  from space 37376K, 0% used [0x0000000777b80000,0x0000000777b80000,0x000000077a000000)
  to   space 54272K, 0% used [0x000000077fd80000,0x000000077fd80000,0x0000000783280000)
 ParOldGen       total 268288K, used 109167K [0x00000006c0c00000, 0x00000006d1200000, 0x000000076af00000)
  object space 268288K, 40% used [0x00000006c0c00000,0x00000006c769bcb0,0x00000006d1200000)
 Metaspace       used 25357K, capacity 25551K, committed 25728K, reserved 1071104K
  class space    used 3087K, capacity 3146K, committed 3200K, reserved 1048576K
}
Event: 12.268 GC heap before
{Heap before GC invocations=17 (full 3):
 PSYoungGen      total 246784K, used 209408K [0x000000076af00000, 0x0000000783280000, 0x00000007c0000000)
  eden space 209408K, 100% used [0x000000076af00000,0x0000000777b80000,0x0000000777b80000)
  from space 37376K, 0% used [0x0000000777b80000,0x0000000777b80000,0x000000077a000000)
  to   space 54272K, 0% used [0x000000077fd80000,0x000000077fd80000,0x0000000783280000)
 ParOldGen       total 268288K, used 109167K [0x00000006c0c00000, 0x00000006d1200000, 0x000000076af00000)
  object space 268288K, 40% used [0x00000006c0c00000,0x00000006c769bcb0,0x00000006d1200000)
 Metaspace       used 25401K, capacity 25615K, committed 25984K, reserved 1073152K
  class space    used 3088K, capacity 3146K, committed 3200K, reserved 1048576K
Event: 12.299 GC heap after
Heap after GC invocations=17 (full 3):
 PSYoungGen      total 337920K, used 42920K [0x000000076af00000, 0x0000000783a00000, 0x00000007c0000000)
  eden space 283648K, 0% used [0x000000076af00000,0x000000076af00000,0x000000077c400000)
  from space 54272K, 79% used [0x000000077fd80000,0x000000078276a2c0,0x0000000783280000)
  to   space 58880K, 0% used [0x000000077c400000,0x000000077c400000,0x000000077fd80000)
 ParOldGen       total 268288K, used 109175K [0x00000006c0c00000, 0x00000006d1200000, 0x000000076af00000)
  object space 268288K, 40% used [0x00000006c0c00000,0x00000006c769dcb0,0x00000006d1200000)
 Metaspace       used 25401K, capacity 25615K, committed 25984K, reserved 1073152K
  class space    used 3088K, capacity 3146K, committed 3200K, reserved 1048576K
}
Event: 13.400 GC heap before
{Heap before GC invocations=18 (full 3):
 PSYoungGen      total 337920K, used 326568K [0x000000076af00000, 0x0000000783a00000, 0x00000007c0000000)
  eden space 283648K, 100% used [0x000000076af00000,0x000000077c400000,0x000000077c400000)
  from space 54272K, 79% used [0x000000077fd80000,0x000000078276a2c0,0x0000000783280000)
  to   space 58880K, 0% used [0x000000077c400000,0x000000077c400000,0x000000077fd80000)
 ParOldGen       total 268288K, used 109175K [0x00000006c0c00000, 0x00000006d1200000, 0x000000076af00000)
  object space 268288K, 40% used [0x00000006c0c00000,0x00000006c769dcb0,0x00000006d1200000)
 Metaspace       used 28934K, capacity 29212K, committed 29440K, reserved 1075200K
  class space    used 3450K, capacity 3574K, committed 3584K, reserved 1048576K
Event: 13.415 GC heap after
Heap after GC invocations=18 (full 3):
 PSYoungGen      total 342528K, used 21751K [0x000000076af00000, 0x0000000789480000, 0x00000007c0000000)
  eden space 283648K, 0% used [0x000000076af00000,0x000000076af00000,0x000000077c400000)
  from space 58880K, 36% used [0x000000077c400000,0x000000077d93df00,0x000000077fd80000)
  to   space 55808K, 0% used [0x0000000785e00000,0x0000000785e00000,0x0000000789480000)
 ParOldGen       total 268288K, used 115767K [0x00000006c0c00000, 0x00000006d1200000, 0x000000076af00000)
  object space 268288K, 43% used [0x00000006c0c00000,0x00000006c7d0dec8,0x00000006d1200000)
 Metaspace       used 28934K, capacity 29212K, committed 29440K, reserved 1075200K
  class space    used 3450K, capacity 3574K, committed 3584K, reserved 1048576K
}

Deoptimization events (10 events):
Event: 13.365 Thread 0x0000000002555800 Uncommon trap: reason=bimorphic action=maybe_recompile pc=0x00000000030a6b24 method=com.google.common.base.Splitter$SplittingIterator.computeNext()Ljava/lang/String; @ 20
Event: 13.365 Thread 0x0000000002555800 Uncommon trap: reason=bimorphic action=maybe_recompile pc=0x0000000002c29c24 method=java.util.regex.Matcher.match(II)Z @ 86
Event: 13.569 Thread 0x0000000002555800 Uncommon trap: reason=unstable_if action=reinterpret pc=0x000000000309968c method=java.util.regex.Pattern$Ques.match(Ljava/util/regex/Matcher;ILjava/lang/CharSequence;)Z @ 71
Event: 13.569 Thread 0x0000000002555800 Uncommon trap: reason=bimorphic action=maybe_recompile pc=0x00000000032a6ec4 method=com.google.common.base.Splitter$SplittingIterator.computeNext()Ljava/lang/String; @ 56
Event: 13.569 Thread 0x0000000002555800 Uncommon trap: reason=bimorphic action=maybe_recompile pc=0x00000000032a6ec4 method=com.google.common.base.Splitter$SplittingIterator.computeNext()Ljava/lang/String; @ 56
Event: 13.633 Thread 0x0000000002555800 Uncommon trap: reason=predicate action=maybe_recompile pc=0x0000000002d1e7ec method=java.util.AbstractCollection.toArray([Ljava/lang/Object;)[Ljava/lang/Object; @ 49
Event: 13.674 Thread 0x000000001fedc000 Uncommon trap: reason=bimorphic action=maybe_recompile pc=0x0000000003269da0 method=java.io.FilterInputStream.read([BII)I @ 7
Event: 13.675 Thread 0x000000001fedc000 Uncommon trap: reason=bimorphic action=maybe_recompile pc=0x0000000003269da0 method=java.io.FilterInputStream.read([BII)I @ 7
Event: 13.679 Thread 0x000000001fedc000 Uncommon trap: reason=unstable_if action=reinterpret pc=0x000000000326aae0 method=com.google.gson.stream.JsonReader.doPeek()I @ 704
Event: 13.755 Thread 0x0000000002555800 Uncommon trap: reason=unstable_if action=reinterpret pc=0x0000000002f6c298 method=sun.misc.FDBigInteger.multDiffMe(JLsun/misc/FDBigInteger;)J @ 6

Classes redefined (0 events):
No events

Internal exceptions (10 events):
Event: 14.068 Thread 0x000000001feda800 Exception <a 'org/lwjgl/LWJGLException'> (0x00000007738a60e8) thrown at [c:/openjdk/jdk8u/hotspot\src\share\vm\prims\jni.cpp, line 709]
Event: 14.068 Thread 0x000000001feda800 Exception <a 'org/lwjgl/LWJGLException'> (0x00000007738a6668) thrown at [c:/openjdk/jdk8u/hotspot\src\share\vm\prims\jni.cpp, line 709]
Event: 14.068 Thread 0x000000001feda800 Exception <a 'org/lwjgl/LWJGLException'> (0x00000007738a6c60) thrown at [c:/openjdk/jdk8u/hotspot\src\share\vm\prims\jni.cpp, line 709]
Event: 14.068 Thread 0x000000001feda800 Exception <a 'org/lwjgl/LWJGLException'> (0x00000007738a71a8) thrown at [c:/openjdk/jdk8u/hotspot\src\share\vm\prims\jni.cpp, line 709]
Event: 14.068 Thread 0x000000001feda800 Exception <a 'org/lwjgl/LWJGLException'> (0x00000007738a7758) thrown at [c:/openjdk/jdk8u/hotspot\src\share\vm\prims\jni.cpp, line 709]
Event: 14.068 Thread 0x000000001feda800 Exception <a 'org/lwjgl/LWJGLException'> (0x00000007738a7d50) thrown at [c:/openjdk/jdk8u/hotspot\src\share\vm\prims\jni.cpp, line 709]
Event: 14.068 Thread 0x000000001feda800 Exception <a 'org/lwjgl/LWJGLException'> (0x00000007738a8270) thrown at [c:/openjdk/jdk8u/hotspot\src\share\vm\prims\jni.cpp, line 709]
Event: 14.068 Thread 0x000000001feda800 Exception <a 'org/lwjgl/LWJGLException'> (0x00000007738a87b8) thrown at [c:/openjdk/jdk8u/hotspot\src\share\vm\prims\jni.cpp, line 709]
Event: 14.068 Thread 0x000000001feda800 Exception <a 'org/lwjgl/LWJGLException'> (0x00000007738a8c80) thrown at [c:/openjdk/jdk8u/hotspot\src\share\vm\prims\jni.cpp, line 709]
Event: 14.070 Thread 0x000000001feda800 Exception <a 'org/lwjgl/LWJGLException'> (0x00000007738a92a8) thrown at [c:/openjdk/jdk8u/hotspot\src\share\vm\prims\jni.cpp, line 709]

Events (10 events):
Event: 14.089 loading class org/lwjgl/openal/OpenALException
Event: 14.089 loading class org/lwjgl/openal/OpenALException done
Event: 14.100 Thread 0x000000001df4e000 flushing nmethod 0x000000000298b850
Event: 14.100 Thread 0x000000001df4e000 flushing nmethod 0x000000000299ca50
Event: 14.101 Thread 0x000000001df54000 flushing nmethod 0x0000000002a300d0
Event: 14.101 Thread 0x000000001df54000 flushing nmethod 0x0000000002a62d10
Event: 14.102 Thread 0x000000001df54000 flushing nmethod 0x0000000002b3f810
Event: 14.103 Thread 0x000000001df54000 flushing nmethod 0x0000000002b8ba10
Event: 14.103 Thread 0x000000001df54000 flushing nmethod 0x0000000002c32490
Event: 14.104 Thread 0x000000001df54000 flushing nmethod 0x0000000002cb4fd0


Dynamic libraries:
0x00007ff62b650000 - 0x00007ff62b686000 	F:\opjdk\bin\java.exe
0x00007ff862930000 - 0x00007ff862b28000 	C:\WINDOWS\SYSTEM32\ntdll.dll
0x00007ff8616e0000 - 0x00007ff86179d000 	C:\WINDOWS\System32\KERNEL32.DLL
0x00007ff860310000 - 0x00007ff860606000 	C:\WINDOWS\System32\KERNELBASE.dll
0x00007ff862700000 - 0x00007ff8627b3000 	C:\WINDOWS\System32\ADVAPI32.dll
0x00007ff861130000 - 0x00007ff8611ce000 	C:\WINDOWS\System32\msvcrt.dll
0x00007ff861b20000 - 0x00007ff861bbf000 	C:\WINDOWS\System32\sechost.dll
0x00007ff8627c0000 - 0x00007ff8628e6000 	C:\WINDOWS\System32\RPCRT4.dll
0x00007ff860030000 - 0x00007ff860057000 	C:\WINDOWS\System32\bcrypt.dll
0x00007ff860a80000 - 0x00007ff860c1e000 	C:\WINDOWS\System32\USER32.dll
0x00007ff860000000 - 0x00007ff860022000 	C:\WINDOWS\System32\win32u.dll
0x00007ff8618d0000 - 0x00007ff8618fc000 	C:\WINDOWS\System32\GDI32.dll
0x00007ff860610000 - 0x00007ff86072a000 	C:\WINDOWS\System32\gdi32full.dll
0x00007ff8608e0000 - 0x00007ff86097d000 	C:\WINDOWS\System32\msvcp_win.dll
0x00007ff8601c0000 - 0x00007ff8602c0000 	C:\WINDOWS\System32\ucrtbase.dll
0x00007ff852fd0000 - 0x00007ff85326a000 	C:\WINDOWS\WinSxS\amd64_microsoft.windows.common-controls_6595b64144ccf1df_6.0.19041.3636_none_60b6a03d71f818d5\COMCTL32.dll
0x00007ff861100000 - 0x00007ff861130000 	C:\WINDOWS\System32\IMM32.DLL
0x0000000072a50000 - 0x0000000072b21000 	F:\opjdk\jre\bin\msvcr100.dll
0x0000000071c00000 - 0x0000000072498000 	F:\opjdk\jre\bin\server\jvm.dll
0x00007ff861cd0000 - 0x00007ff861cd8000 	C:\WINDOWS\System32\PSAPI.DLL
0x00007ff844eb0000 - 0x00007ff844eb9000 	C:\WINDOWS\SYSTEM32\WSOCK32.dll
0x00007ff857fe0000 - 0x00007ff857fea000 	C:\WINDOWS\SYSTEM32\VERSION.dll
0x00007ff84fc00000 - 0x00007ff84fc27000 	C:\WINDOWS\SYSTEM32\WINMM.dll
0x00007ff861900000 - 0x00007ff86196b000 	C:\WINDOWS\System32\WS2_32.dll
0x00007ff854760000 - 0x00007ff85476f000 	F:\opjdk\jre\bin\verify.dll
0x00007ff82d650000 - 0x00007ff82d679000 	F:\opjdk\jre\bin\java.dll
0x00007ff8301a0000 - 0x00007ff8301b7000 	F:\opjdk\jre\bin\zip.dll
0x00007ff861e70000 - 0x00007ff8625b5000 	C:\WINDOWS\System32\SHELL32.dll
0x00007ff85e0d0000 - 0x00007ff85e86b000 	C:\WINDOWS\SYSTEM32\windows.storage.dll
0x00007ff8611d0000 - 0x00007ff861524000 	C:\WINDOWS\System32\combase.dll
0x00007ff85fa30000 - 0x00007ff85fa5d000 	C:\WINDOWS\SYSTEM32\Wldp.dll
0x00007ff861bc0000 - 0x00007ff861c6d000 	C:\WINDOWS\System32\SHCORE.dll
0x00007ff860c20000 - 0x00007ff860c75000 	C:\WINDOWS\System32\shlwapi.dll
0x00007ff85ff30000 - 0x00007ff85ff55000 	C:\WINDOWS\SYSTEM32\profapi.dll
0x00007ff8539d0000 - 0x00007ff8539dd000 	F:\opjdk\jre\bin\management.dll
0x00007ff82fb30000 - 0x00007ff82fb4b000 	F:\opjdk\jre\bin\net.dll
0x00007ff85f790000 - 0x00007ff85f7fa000 	C:\WINDOWS\system32\mswsock.dll
0x00007ff82d150000 - 0x00007ff82d161000 	F:\opjdk\jre\bin\nio.dll
0x00007ff83c020000 - 0x00007ff83c037000 	C:\WINDOWS\system32\napinsp.dll
0x00007ff838eb0000 - 0x00007ff838ecb000 	C:\WINDOWS\system32\pnrpnsp.dll
0x00007ff838d30000 - 0x00007ff838d45000 	C:\WINDOWS\system32\wshbth.dll
0x00007ff85bd60000 - 0x00007ff85bd7d000 	C:\WINDOWS\system32\NLAapi.dll
0x00007ff85f430000 - 0x00007ff85f46b000 	C:\WINDOWS\SYSTEM32\IPHLPAPI.DLL
0x00007ff85f470000 - 0x00007ff85f53a000 	C:\WINDOWS\SYSTEM32\DNSAPI.dll
0x00007ff862640000 - 0x00007ff862648000 	C:\WINDOWS\System32\NSI.dll
0x00007ff838d00000 - 0x00007ff838d12000 	C:\WINDOWS\System32\winrnr.dll
0x00007ff859de0000 - 0x00007ff859dea000 	C:\Windows\System32\rasadhlp.dll
0x00007ff858220000 - 0x00007ff8582a0000 	C:\WINDOWS\System32\fwpuclnt.dll
0x0000000180000000 - 0x0000000180051000 	C:\Users\קיסקוזי\.gradle\caches\minecraft\net\minecraft\minecraft_natives\1.7.10\lwjgl64.dll
0x00007ff80f060000 - 0x00007ff80f185000 	C:\WINDOWS\SYSTEM32\OPENGL32.dll
0x00007ff83ab00000 - 0x00007ff83ab2c000 	C:\WINDOWS\SYSTEM32\GLU32.dll
0x00007ff85f990000 - 0x00007ff85f9a8000 	C:\WINDOWS\SYSTEM32\CRYPTSP.dll
0x00007ff85f050000 - 0x00007ff85f084000 	C:\WINDOWS\system32\rsaenh.dll
0x00007ff85feb0000 - 0x00007ff85fede000 	C:\WINDOWS\SYSTEM32\USERENV.dll
0x00007ff860850000 - 0x00007ff8608d2000 	C:\WINDOWS\System32\bcryptprimitives.dll
0x00007ff85f980000 - 0x00007ff85f98c000 	C:\WINDOWS\SYSTEM32\CRYPTBASE.dll
0x00007ff85a900000 - 0x00007ff85a917000 	C:\WINDOWS\SYSTEM32\dhcpcsvc6.DLL
0x00007ff85a8e0000 - 0x00007ff85a8fd000 	C:\WINDOWS\SYSTEM32\dhcpcsvc.DLL
0x00007ff80ed50000 - 0x00007ff80eee9000 	F:\opjdk\jre\bin\awt.dll
0x00007ff861d40000 - 0x00007ff861e0d000 	C:\WINDOWS\System32\OLEAUT32.dll
0x00007ff85d820000 - 0x00007ff85d8b0000 	C:\WINDOWS\SYSTEM32\apphelp.dll
0x00007ff85a220000 - 0x00007ff85a2ce000 	C:\WINDOWS\SYSTEM32\mscms.dll
0x00007ff85a200000 - 0x00007ff85a211000 	C:\WINDOWS\SYSTEM32\ColorAdapterClient.dll
0x00007ff85ded0000 - 0x00007ff85dee2000 	C:\WINDOWS\SYSTEM32\kernel.appcore.dll
0x00007ff85d980000 - 0x00007ff85da1e000 	C:\WINDOWS\system32\uxtheme.dll
0x00007ff861a00000 - 0x00007ff861b14000 	C:\WINDOWS\System32\MSCTF.dll
0x00007ff862650000 - 0x00007ff8626f9000 	C:\WINDOWS\System32\clbcatq.dll
0x00007fffec8c0000 - 0x00007fffef4b0000 	C:\WINDOWS\System32\DriverStore\FileRepository\nvleig.inf_amd64_92cb6cb02101f4e9\nvoglv64.dll
0x00007ff860c80000 - 0x00007ff8610ee000 	C:\WINDOWS\System32\SETUPAPI.dll
0x00007ff8602c0000 - 0x00007ff86030e000 	C:\WINDOWS\System32\cfgmgr32.dll
0x00007ff8617a0000 - 0x00007ff8618cb000 	C:\WINDOWS\System32\ole32.dll
0x00007ff85b9e0000 - 0x00007ff85b9f4000 	C:\WINDOWS\SYSTEM32\WTSAPI32.dll
0x00007ff85fbc0000 - 0x00007ff85fbd2000 	C:\WINDOWS\SYSTEM32\msasn1.dll
0x00007ff857fa0000 - 0x00007ff857fd1000 	C:\WINDOWS\SYSTEM32\cryptnet.dll
0x00007ff860060000 - 0x00007ff8601bd000 	C:\WINDOWS\System32\CRYPT32.dll
0x00007ff858010000 - 0x00007ff858158000 	C:\WINDOWS\SYSTEM32\drvstore.dll
0x00007ff85fd90000 - 0x00007ff85fdc3000 	C:\WINDOWS\SYSTEM32\devobj.dll
0x00007ff860730000 - 0x00007ff860797000 	C:\WINDOWS\System32\wintrust.dll
0x00007ff860980000 - 0x00007ff86099d000 	C:\WINDOWS\System32\imagehlp.dll
0x00007ff85e880000 - 0x00007ff85e8a3000 	C:\WINDOWS\SYSTEM32\gpapi.dll
0x00007ff84bfe0000 - 0x00007ff84e1ce000 	C:\WINDOWS\System32\DriverStore\FileRepository\nvleig.inf_amd64_92cb6cb02101f4e9\nvgpucomp64.dll
0x00007ff85f170000 - 0x00007ff85f1a3000 	C:\WINDOWS\SYSTEM32\ntmarta.dll
0x00007ff85b0b0000 - 0x00007ff85b0eb000 	C:\WINDOWS\SYSTEM32\dxcore.dll
0x00007ff85dcc0000 - 0x00007ff85dcef000 	C:\WINDOWS\SYSTEM32\dwmapi.dll
0x00007ff82aca0000 - 0x00007ff82ad99000 	C:\WINDOWS\SYSTEM32\textinputframework.dll
0x00007ff85d280000 - 0x00007ff85d5db000 	C:\WINDOWS\System32\CoreUIComponents.dll
0x00007ff85d5e0000 - 0x00007ff85d6d2000 	C:\WINDOWS\System32\CoreMessaging.dll
0x00007ff85cbb0000 - 0x00007ff85cd05000 	C:\WINDOWS\SYSTEM32\wintypes.dll
0x00007ff828c80000 - 0x00007ff828cc3000 	C:\WINDOWS\SYSTEM32\icm32.dll
0x00007ff85f5a0000 - 0x00007ff85f5eb000 	C:\WINDOWS\SYSTEM32\powrprof.dll
0x00007ff85f410000 - 0x00007ff85f422000 	C:\WINDOWS\SYSTEM32\UMPDC.dll
0x00007ff85ece0000 - 0x00007ff85ed3b000 	C:\WINDOWS\SYSTEM32\WINSTA.dll
0x0000000070a40000 - 0x0000000070adc000 	C:\Users\קיסקוזי\.gradle\caches\minecraft\net\minecraft\minecraft_natives\1.7.10\avutil-ttv-51.dll
0x0000000065980000 - 0x00000000659d6000 	C:\Users\קיסקוזי\.gradle\caches\minecraft\net\minecraft\minecraft_natives\1.7.10\swresample-ttv-0.dll
0x000000006eb80000 - 0x000000006ec50000 	C:\Users\קיסקוזי\.gradle\caches\minecraft\net\minecraft\minecraft_natives\1.7.10\libmp3lame-ttv.dll
0x00007ffff3260000 - 0x00007ffff4604000 	C:\Users\קיסקוזי\.gradle\caches\minecraft\net\minecraft\minecraft_natives\1.7.10\libmfxsw64.dll
0x00007ff81f2a0000 - 0x00007ff81f3cb000 	C:\Users\קיסקוזי\.gradle\caches\minecraft\net\minecraft\minecraft_natives\1.7.10\twitchsdk.dll
0x00007ff847640000 - 0x00007ff847b16000 	C:\WINDOWS\SYSTEM32\WININET.dll
0x000000002cb20000 - 0x000000002cb84000 	C:\Users\קיסקוזי\.gradle\caches\minecraft\net\minecraft\minecraft_natives\1.7.10\OpenAL64.dll
0x00007ff8599f0000 - 0x00007ff859a75000 	C:\WINDOWS\System32\MMDevApi.dll
0x00007ff80e7c0000 - 0x00007ff80e85c000 	C:\WINDOWS\SYSTEM32\dsound.dll
0x00007ff83c470000 - 0x00007ff83c496000 	C:\WINDOWS\SYSTEM32\winmmbase.dll
0x00007ff859a80000 - 0x00007ff859c02000 	C:\WINDOWS\SYSTEM32\AUDIOSES.DLL
0x00007ff84e1d0000 - 0x00007ff84e3b4000 	C:\WINDOWS\SYSTEM32\dbghelp.dll

VM Arguments:
jvm_args: -Dfile.encoding=windows-1255 -Duser.country=US -Duser.language=en -Duser.variant 
java_command: GradleStart
java_class_path (initial): F:\Minecraft DBCA Addon\DBCA\Minecraft moddding\DBCA\libs\DragonBlockC-v1.4.85-deobf.jar;F:\Minecraft DBCA Addon\DBCA\Minecraft moddding\DBCA\libs\JBRA-Client-v1.6.52-deobf.jar;F:\Minecraft DBCA Addon\DBCA\Minecraft moddding\DBCA\libs\JRMCore-v1.3.51-deobf.jar;C:\Users\קיסקוזי\.gradle\caches\minecraft\net\minecraftforge\forge\1.7.10-10.13.4.1614-1.7.10\start;C:\Users\קיסקוזי\.gradle\caches\minecraft\net\minecraftforge\forge\1.7.10-10.13.4.1614-1.7.10\forgeSrc-1.7.10-10.13.4.1614-1.7.10.jar;C:\Users\קיסקוזי\.gradle\caches\modules-2\files-2.1\net.minecraft\launchwrapper\1.12\111e7bea9c968cdb3d06ef4632bf7ff0824d0f36\launchwrapper-1.12.jar;C:\Users\קיסקוזי\.gradle\caches\modules-2\files-2.1\com.google.code.findbugs\jsr305\1.3.9\40719ea6961c0cb6afaeb6a921eaa1f6afd4cfdf\jsr305-1.3.9.jar;C:\Users\קיסקוזי\.gradle\caches\modules-2\files-2.1\org.ow2.asm\asm-debug-all\5.0.3\f9e364ae2a66ce2a543012a4668856e84e5dab74\asm-debug-all-5.0.3.jar;C:\Users\קיסקוזי\.gradle\caches\modules-2\files-2.1\com.typesafe.akka\akka-actor_2.11\2.3.3\ed62e9fc709ca0f2ff1a3220daa8b70a2870078e\akka-actor_2.11-2.3.3.jar;C:\Users\קיסקוזי\.gradle\caches\modules-2\files-2.1\com.typesafe\config\1.2.1\f771f71fdae3df231bcd54d5ca2d57f0bf93f467\config-1.2.1.jar;C:\Users\קיסקוזי\.gradle\caches\modules-2\files-2.1\org.scala-lang\scala-actors-migration_2.11\1.1.0\dfa8bc42b181d5b9f1a5dd147f8ae308b893eb6f\scala-actors-migration_2.11-1.1.0.jar;C:\Users\קיסקוזי\.gradle\caches\modules-2\files-2.1\org.scala-lang\scala-compiler\2.11.1\56ea2e6c025e0821f28d73ca271218b8dd04926a\scala-compiler-2.11.1.jar;C:\Users\קיסקוזי\.gradle\caches\modules-2\files-2.1\org.scala-lang.plugins\scala-continuations-library_2.11\1.0.2\e517c53a7e9acd6b1668c5a35eccbaa3bab9aac\scala-continuations-library_2.11-1.0.2.jar;C:\Users\קיסקוזי\.gradle\caches\modules-2\files-2.1\org.scala-lang.plugins\scala-continuations-plugin_2.11.1\1.0.2\f361a3283452c57fa30c1ee69448995de23c60f7\scala-continuations-plugin_2.11.1-1.0.2.jar;C:
Launcher Type: SUN_STANDARD

Environment Variables:
JAVA_HOME=C:\Program Files\OpenLogic\jdk-8.0.402.06-hotspot\
PATH=C:\Program Files\OpenLogic\jdk-8.0.402.06-hotspot\bin;F:\opendjdk17\bin;F:\openjdk\bin;F:\opjdk\bin;C:\Program Files\OpenLogic\jdk-17.0.9.9-hotspot\bin;F:\Plastic SCM\server;F:\Plastic SCM\client;C:\Python310\Scripts\;C:\Python310\;F:\devkitPro\msys2\usr\bin;F:\Oculus\Support\oculus-runtime;F:\apache-maven-3.8.4\bin;C:\Program Files\Docker\Docker\resources\bin;C:\ProgramData\DockerDesktop\version-bin;C:\Users\קיסקוזי\AppData\Local\Programs\Python\Python310\Scripts\;C:\Program Files (x86)\NVIDIA Corporation\PhysX\Common;C:\Program Files\dotnet\;C:\Program Files\Git\cmd;C:\Program Files (x86)\gsudo\;F:\Node.js\;C:\ProgramData\chocolatey\bin;C:\Program Files\Microsoft SQL Server\Client SDK\ODBC\170\Tools\Binn\;C:\Program Files (x86)\Microsoft SQL Server\150\Tools\Binn\;C:\Program Files\Microsoft SQL Server\150\Tools\Binn\;C:\Program Files\Microsoft SQL Server\150\DTS\Binn\;C:\Program Files\CMake\bin;F:\SFML\SFML-2.5.1\bin;F:\meta\metasploit-framework\bin\;C:\Users\קיסקוזי\AppData\Local\Programs\Python\Python37\Scripts\;C:\Users\קיסקוזי\AppData\Local\Programs\Python\Python37\;C:\Program Files\MySQL\MySQL Shell 8.0\bin\;C:\Users\קיסקוזי\AppData\Local\Programs\Python\Python310\Scripts\;C:\Users\קיסקוזי\AppData\Local\Programs\Python\Python310\;C:\Users\קיסקוזי\AppData\Local\Microsoft\WindowsApps;C:\Users\קיסקוזי\.dotnet\tools;C:\Users\קיסקוזי\AppData\Local\GitHubDesktop\bin;F:\Microsoft VS Code\bin;C:\Users\קיסקוזי\AppData\Roaming\npm;C:\Users\קיסקוזי\AppData\Local\Programs\ExifTool;F:\msys2\mingw64\bin;F:\Chromuim\chromedriver.exe;F:\Nmap;F:\Intelji23\IntelliJ IDEA Community Edition 2023.3.2\bin;
USERNAME=קיסקוזי
OS=Windows_NT
PROCESSOR_IDENTIFIER=Intel64 Family 6 Model 94 Stepping 3, GenuineIntel



---------------  S Y S T E M  ---------------

OS: Windows 10 , 64 bit Build 19041 (10.0.19041.3636)

CPU:total 8 (initial active 8) (4 cores per cpu, 2 threads per core) family 6 model 94 stepping 3, cmov, cx8, fxsr, mmx, sse, sse2, sse3, ssse3, sse4.1, sse4.2, popcnt, avx, avx2, aes, clmul, erms, rtm, 3dnowpref, lzcnt, ht, tsc, tscinvbit, bmi1, bmi2, adx

Memory: 4k page, physical 16723604k(5291180k free), swap 35597972k(18193524k free)

vm_info: OpenJDK 64-Bit Server VM (25.392-b08) for windows-amd64 JRE (1.8.0_392-392-b08), built on Oct 18 2023 07:33:07 by "Administrator" with MS VC++ 10.0 (VS2010)

time: Wed Feb 14 23:22:03 2024
timezone: Jerusalem Standard Time
elapsed time: 14.227004 seconds (0d 0h 0m 14s)

