#
# A fatal error has been detected by the Java Runtime Environment:
#
#  EXCEPTION_ACCESS_VIOLATION (0xc0000005) at pc=0x0000000025841066, pid=12956, tid=0x0000000000004450
#
# JRE version: OpenJDK Runtime Environment (8.0_392-b08) (build 1.8.0_392-392-b08)
# Java VM: OpenJDK 64-Bit Server VM (25.392-b08 mixed mode windows-amd64 compressed oops)
# Problematic frame:
# C  [OpenAL64.dll+0x11066]
#
# Failed to write core dump. Minidumps are not enabled by default on client versions of Windows
#
# If you would like to submit a bug report, please visit:
#   http://bugreport.java.com/bugreport/crash.jsp
# The crash happened outside the Java Virtual Machine in native code.
# See problematic frame for where to report the bug.
#

---------------  T H R E A D  ---------------

Current thread (0x000000002302c800):  JavaThread "Thread-8" [_thread_in_native, id=17488, stack(0x000000004a600000,0x000000004a700000)]

siginfo: ExceptionCode=0xc0000005, reading address 0x00000000344c8004

Registers:
RAX=0x0000000000000004, RBX=0x000000004a9f0090, RCX=0x00000000344c8008, RDX=0x00000000344c8004
RSP=0x000000004a6fef00, RBP=0x00000000000000ff, RSI=0x00000000344c7ecc, RDI=0x0000000000000000
R8 =0x000000000000004e, R9 =0x00000000344c7ecc, R10=0x00000000031f89db, R11=0x00000000661b7000
R12=0x0000000000000001, R13=0x000000004a4d18a0, R14=0x000000004a6ff098, R15=0x000000002302c800
RIP=0x0000000025841066, EFLAGS=0x0000000000010202

Top of Stack: (sp=0x000000004a6fef00)
0x000000004a6fef00:   0000000000000000 000000006604e2db
0x000000004a6fef10:   000000002302c800 000000004a6ff098
0x000000004a6fef20:   000000004a4d18a0 0000000000000000
0x000000004a6fef30:   000000002302c800 00000000344c5c60
0x000000004a6fef40:   000000004a4d18a0 000000002302c800
0x000000004a6fef50:   000000002082f880 000000006603c4f6
0x000000004a6fef60:   000000004a6ff718 000000002082ec80
0x000000004a6fef70:   000000002302c800 000000004a6ff098
0x000000004a6fef80:   000000004a4d18a0 0000000000000000
0x000000004a6fef90:   00000000344c7ecc 00000006c0c00e68
0x000000004a6fefa0:   000000004a6ff060 000000002584248f
0x000000004a6fefb0:   000000004a9f0090 000000004a9f0090
0x000000004a6fefc0:   000000000000ac44 0000000600000004
0x000000004a6fefd0:   0000000000000010 00000000031f8a07
0x000000004a6fefe0:   000000004a4d18a0 00000000031f873d
0x000000004a6feff0:   000000002302c800 000000004a4d18a0 

Instructions: (pc=0x0000000025841066)
0x0000000025841046:   41 2b ec 81 3a 03 00 02 00 75 09 8b 01 89 84 24
0x0000000025841056:   c8 00 00 00 49 83 c0 02 48 83 c1 08 4a 8d 14 86
0x0000000025841066:   39 3a 75 af 4c 8d 84 24 c0 00 00 00 48 8d 15 d7
0x0000000025841076:   2b 03 00 33 c9 e8 58 5f 00 00 b8 40 1f 00 00 4c 


Register to memory mapping:

RAX=0x0000000000000004 is an unknown value
RBX=0x000000004a9f0090 is an unknown value
RCX=0x00000000344c8008 is an unknown value
RDX=0x00000000344c8004 is an unknown value
RSP=0x000000004a6fef00 is pointing into the stack for thread: 0x000000002302c800
RBP=0x00000000000000ff is an unknown value
RSI=0x00000000344c7ecc is an unknown value
RDI=0x0000000000000000 is an unknown value
R8 =0x000000000000004e is an unknown value
R9 =0x00000000344c7ecc is an unknown value
R10=0x00000000031f89db is at code_begin+891 in an Interpreter codelet
method entry point (kind = native)  [0x00000000031f8660, 0x00000000031f9040]  2528 bytes
R11=0x00000000661b7000 is an unknown value
R12=0x0000000000000001 is an unknown value
R13={method} {0x000000004a4d18a8} 'nalcCreateContext' '(JJ)J' in 'org/lwjgl/openal/ALC10'
R14=0x000000004a6ff098 is pointing into the stack for thread: 0x000000002302c800
R15=0x000000002302c800 is a thread


Stack: [0x000000004a600000,0x000000004a700000],  sp=0x000000004a6fef00,  free space=1019k
Native frames: (J=compiled Java code, j=interpreted, Vv=VM code, C=native code)
C  [OpenAL64.dll+0x11066]
C  [OpenAL64.dll+0x1248f]
C  0x00000000031f8a07

Java frames: (J=compiled Java code, j=interpreted, Vv=VM code)
j  org.lwjgl.openal.ALC10.nalcCreateContext(JJ)J+0
j  org.lwjgl.openal.ALC10.alcCreateContext(Lorg/lwjgl/openal/ALCdevice;Ljava/nio/IntBuffer;)Lorg/lwjgl/openal/ALCcontext;+8
j  org.lwjgl.openal.AL.init(Ljava/lang/String;IIZZ)V+69
j  org.lwjgl.openal.AL.create(Ljava/lang/String;IIZZ)V+227
j  org.lwjgl.openal.AL.create(Ljava/lang/String;IIZ)V+5
j  org.lwjgl.openal.AL.create()V+6
j  paulscode.sound.libraries.LibraryLWJGLOpenAL.init()V+2
j  paulscode.sound.SoundSystem.CommandNewLibrary(Ljava/lang/Class;)V+273
j  paulscode.sound.SoundSystem.CommandQueue(Lpaulscode/sound/CommandObject;)Z+1206
j  paulscode.sound.CommandThread.run()V+51
v  ~StubRoutines::call_stub

---------------  P R O C E S S  ---------------

Java Threads: ( => current thread )
  0x0000000024814000 JavaThread "Thread-9" [_thread_blocked, id=2016, stack(0x000000004a700000,0x000000004a800000)]
=>0x000000002302c800 JavaThread "Thread-8" [_thread_in_native, id=17488, stack(0x000000004a600000,0x000000004a700000)]
  0x000000002302c000 JavaThread "Sound Library Loader" [_thread_blocked, id=6480, stack(0x000000002e4a0000,0x000000002e5a0000)]
  0x000000003bf2b000 JavaThread "Keep-Alive-Timer" daemon [_thread_blocked, id=8020, stack(0x000000004a300000,0x000000004a400000)]
  0x000000002216d000 JavaThread "LWJGL Timer" daemon [_thread_blocked, id=11000, stack(0x000000002d160000,0x000000002d260000)]
  0x000000002018e800 JavaThread "Thread-6" [_thread_blocked, id=14172, stack(0x000000002ffe0000,0x00000000300e0000)]
  0x000000001eccd800 JavaThread "Java2D Disposer" daemon [_thread_blocked, id=9544, stack(0x0000000024270000,0x0000000024370000)]
  0x0000000024866800 JavaThread "Timer hack thread" daemon [_thread_blocked, id=2744, stack(0x0000000023cd0000,0x0000000023dd0000)]
  0x0000000024899800 JavaThread "Snooper Timer" daemon [_thread_blocked, id=8136, stack(0x00000000229b0000,0x0000000022ab0000)]
  0x000000001eb87800 JavaThread "Service Thread" daemon [_thread_blocked, id=9944, stack(0x000000001f790000,0x000000001f890000)]
  0x000000001eb04800 JavaThread "C1 CompilerThread3" daemon [_thread_blocked, id=10208, stack(0x000000001f690000,0x000000001f790000)]
  0x000000001eaff000 JavaThread "C2 CompilerThread2" daemon [_thread_blocked, id=15464, stack(0x000000001f590000,0x000000001f690000)]
  0x000000001eafe000 JavaThread "C2 CompilerThread1" daemon [_thread_blocked, id=8064, stack(0x000000001f490000,0x000000001f590000)]
  0x000000001cc9d800 JavaThread "C2 CompilerThread0" daemon [_thread_blocked, id=5296, stack(0x000000001f390000,0x000000001f490000)]
  0x000000001eaf7800 JavaThread "Attach Listener" daemon [_thread_blocked, id=15820, stack(0x000000001f290000,0x000000001f390000)]
  0x000000001eaf7000 JavaThread "Signal Dispatcher" daemon [_thread_blocked, id=8608, stack(0x000000001f190000,0x000000001f290000)]
  0x000000001ea90800 JavaThread "Finalizer" daemon [_thread_blocked, id=8688, stack(0x000000001ef70000,0x000000001f070000)]
  0x00000000031de000 JavaThread "Reference Handler" daemon [_thread_blocked, id=12700, stack(0x000000001ee70000,0x000000001ef70000)]
  0x00000000030e5800 JavaThread "Client thread" [_thread_in_native, id=14556, stack(0x0000000002fe0000,0x00000000030e0000)]

Other Threads:
  0x000000001cc88800 VMThread [stack: 0x000000001e970000,0x000000001ea70000] [id=5308]
  0x000000001eb24800 WatcherThread [stack: 0x000000001f890000,0x000000001f990000] [id=12444]

VM state:not at safepoint (normal execution)

VM Mutex/Monitor currently owned by a thread: None

heap address: 0x00000006c0c00000, size: 4084 MB, Compressed Oops mode: Zero based, Oop shift amount: 3
Narrow klass base: 0x0000000000000000, Narrow klass shift: 3
Compressed class space size: 1073741824 Address: 0x00000007c0000000

Heap:
 PSYoungGen      total 344576K, used 186914K [0x000000076af00000, 0x0000000789680000, 0x00000007c0000000)
  eden space 286208K, 57% used [0x000000076af00000,0x00000007750986e8,0x000000077c680000)
  from space 58368K, 36% used [0x000000077c680000,0x000000077db70340,0x000000077ff80000)
  to   space 55296K, 0% used [0x0000000786080000,0x0000000786080000,0x0000000789680000)
 ParOldGen       total 269312K, used 115919K [0x00000006c0c00000, 0x00000006d1300000, 0x000000076af00000)
  object space 269312K, 43% used [0x00000006c0c00000,0x00000006c7d33d78,0x00000006d1300000)
 Metaspace       used 30814K, capacity 31096K, committed 31488K, reserved 1077248K
  class space    used 3666K, capacity 3771K, committed 3840K, reserved 1048576K

Card table byte_map: [0x00000000125a0000,0x0000000012da0000] byte_map_base: 0x000000000ef9a000

Marking Bits: (ParMarkBitMap*) 0x00000000667b6440
 Begin Bits: [0x0000000013b00000, 0x0000000017ad0000)
 End Bits:   [0x0000000017ad0000, 0x000000001baa0000)

Polling page: 0x0000000001640000

CodeCache: size=245760Kb used=12880Kb max_used=14043Kb free=232879Kb
 bounds [0x00000000031e0000, 0x0000000003fb0000, 0x00000000121e0000]
 total_blobs=4056 nmethods=3353 adapters=614
 compilation: enabled

Compilation events (10 events):
Event: 14.069 Thread 0x000000001eb04800 4246       1       net.minecraft.client.audio.SoundList$SoundEntry::getSoundEntryWeight (5 bytes)
Event: 14.069 Thread 0x000000001eb04800 nmethod 4246 0x000000000367d410 code [0x000000000367d560, 0x000000000367d670]
Event: 14.150 Thread 0x000000001cc9d800 4248   !   4       sun.misc.URLClassPath$FileLoader::getResource (164 bytes)
Event: 14.154 Thread 0x000000001eaff000 4249       4       java.lang.StringBuilder::append (6 bytes)
Event: 14.155 Thread 0x000000001eaff000 nmethod 4249 0x000000000341be10 code [0x000000000341bf60, 0x000000000341bfe8]
Event: 14.156 Thread 0x000000001eafe000 4250       4       java.net.URLClassLoader$2::run (5 bytes)
Event: 14.160 Thread 0x000000001eafe000 nmethod 4250 0x0000000003767510 code [0x00000000037676a0, 0x0000000003767e90]
Event: 14.173 Thread 0x000000001cc9d800 nmethod 4248 0x0000000003833fd0 code [0x0000000003834220, 0x0000000003835550]
Event: 14.175 Thread 0x000000001eb04800 4251       3       java.io.File::isFile (43 bytes)
Event: 14.175 Thread 0x000000001eb04800 nmethod 4251 0x000000000380d8d0 code [0x000000000380daa0, 0x000000000380e248]

GC Heap History (10 events):
Event: 9.496 GC heap before
{Heap before GC invocations=14 (full 2):
 PSYoungGen      total 210944K, used 210926K [0x000000076af00000, 0x000000077b580000, 0x00000007c0000000)
  eden space 197120K, 100% used [0x000000076af00000,0x0000000776f80000,0x0000000776f80000)
  from space 13824K, 99% used [0x0000000776f80000,0x0000000777cfb918,0x0000000777d00000)
  to   space 20992K, 0% used [0x000000077a100000,0x000000077a100000,0x000000077b580000)
 ParOldGen       total 125440K, used 42364K [0x00000006c0c00000, 0x00000006c8680000, 0x000000076af00000)
  object space 125440K, 33% used [0x00000006c0c00000,0x00000006c355f160,0x00000006c8680000)
 Metaspace       used 25324K, capacity 25487K, committed 25728K, reserved 1071104K
  class space    used 3088K, capacity 3146K, committed 3200K, reserved 1048576K
Event: 9.519 GC heap after
Heap after GC invocations=14 (full 2):
 PSYoungGen      total 231936K, used 20989K [0x000000076af00000, 0x000000077fd00000, 0x00000007c0000000)
  eden space 210944K, 0% used [0x000000076af00000,0x000000076af00000,0x0000000777d00000)
  from space 20992K, 99% used [0x000000077a100000,0x000000077b57f6a0,0x000000077b580000)
  to   space 36864K, 0% used [0x0000000777d00000,0x0000000777d00000,0x000000077a100000)
 ParOldGen       total 125440K, used 78637K [0x00000006c0c00000, 0x00000006c8680000, 0x000000076af00000)
  object space 125440K, 62% used [0x00000006c0c00000,0x00000006c58cb4a0,0x00000006c8680000)
 Metaspace       used 25324K, capacity 25487K, committed 25728K, reserved 1071104K
  class space    used 3088K, capacity 3146K, committed 3200K, reserved 1048576K
}
Event: 10.945 GC heap before
{Heap before GC invocations=15 (full 2):
 PSYoungGen      total 231936K, used 231933K [0x000000076af00000, 0x000000077fd00000, 0x00000007c0000000)
  eden space 210944K, 100% used [0x000000076af00000,0x0000000777d00000,0x0000000777d00000)
  from space 20992K, 99% used [0x000000077a100000,0x000000077b57f6a0,0x000000077b580000)
  to   space 36864K, 0% used [0x0000000777d00000,0x0000000777d00000,0x000000077a100000)
 ParOldGen       total 125440K, used 78637K [0x00000006c0c00000, 0x00000006c8680000, 0x000000076af00000)
  object space 125440K, 62% used [0x00000006c0c00000,0x00000006c58cb4a0,0x00000006c8680000)
 Metaspace       used 25338K, capacity 25487K, committed 25728K, reserved 1071104K
  class space    used 3088K, capacity 3146K, committed 3200K, reserved 1048576K
Event: 10.979 GC heap after
Heap after GC invocations=15 (full 2):
 PSYoungGen      total 247808K, used 36843K [0x000000076af00000, 0x0000000783400000, 0x00000007c0000000)
  eden space 210944K, 0% used [0x000000076af00000,0x000000076af00000,0x0000000777d00000)
  from space 36864K, 99% used [0x0000000777d00000,0x000000077a0faf48,0x000000077a100000)
  to   space 53760K, 0% used [0x000000077ff80000,0x000000077ff80000,0x0000000783400000)
 ParOldGen       total 125440K, used 107774K [0x00000006c0c00000, 0x00000006c8680000, 0x000000076af00000)
  object space 125440K, 85% used [0x00000006c0c00000,0x00000006c753fb90,0x00000006c8680000)
 Metaspace       used 25338K, capacity 25487K, committed 25728K, reserved 1071104K
  class space    used 3088K, capacity 3146K, committed 3200K, reserved 1048576K
}
Event: 10.979 GC heap before
{Heap before GC invocations=16 (full 3):
 PSYoungGen      total 247808K, used 36843K [0x000000076af00000, 0x0000000783400000, 0x00000007c0000000)
  eden space 210944K, 0% used [0x000000076af00000,0x000000076af00000,0x0000000777d00000)
  from space 36864K, 99% used [0x0000000777d00000,0x000000077a0faf48,0x000000077a100000)
  to   space 53760K, 0% used [0x000000077ff80000,0x000000077ff80000,0x0000000783400000)
 ParOldGen       total 125440K, used 107774K [0x00000006c0c00000, 0x00000006c8680000, 0x000000076af00000)
  object space 125440K, 85% used [0x00000006c0c00000,0x00000006c753fb90,0x00000006c8680000)
 Metaspace       used 25338K, capacity 25487K, committed 25728K, reserved 1071104K
  class space    used 3088K, capacity 3146K, committed 3200K, reserved 1048576K
Event: 11.070 GC heap after
Heap after GC invocations=16 (full 3):
 PSYoungGen      total 247808K, used 0K [0x000000076af00000, 0x0000000783400000, 0x00000007c0000000)
  eden space 210944K, 0% used [0x000000076af00000,0x000000076af00000,0x0000000777d00000)
  from space 36864K, 0% used [0x0000000777d00000,0x0000000777d00000,0x000000077a100000)
  to   space 53760K, 0% used [0x000000077ff80000,0x000000077ff80000,0x0000000783400000)
 ParOldGen       total 269312K, used 110276K [0x00000006c0c00000, 0x00000006d1300000, 0x000000076af00000)
  object space 269312K, 40% used [0x00000006c0c00000,0x00000006c77b1118,0x00000006d1300000)
 Metaspace       used 25338K, capacity 25487K, committed 25728K, reserved 1071104K
  class space    used 3088K, capacity 3146K, committed 3200K, reserved 1048576K
}
Event: 12.112 GC heap before
{Heap before GC invocations=17 (full 3):
 PSYoungGen      total 247808K, used 210944K [0x000000076af00000, 0x0000000783400000, 0x00000007c0000000)
  eden space 210944K, 100% used [0x000000076af00000,0x0000000777d00000,0x0000000777d00000)
  from space 36864K, 0% used [0x0000000777d00000,0x0000000777d00000,0x000000077a100000)
  to   space 53760K, 0% used [0x000000077ff80000,0x000000077ff80000,0x0000000783400000)
 ParOldGen       total 269312K, used 110276K [0x00000006c0c00000, 0x00000006d1300000, 0x000000076af00000)
  object space 269312K, 40% used [0x00000006c0c00000,0x00000006c77b1118,0x00000006d1300000)
 Metaspace       used 25390K, capacity 25615K, committed 25984K, reserved 1073152K
  class space    used 3089K, capacity 3146K, committed 3200K, reserved 1048576K
Event: 12.147 GC heap after
Heap after GC invocations=17 (full 3):
 PSYoungGen      total 339968K, used 43032K [0x000000076af00000, 0x0000000783c00000, 0x00000007c0000000)
  eden space 286208K, 0% used [0x000000076af00000,0x000000076af00000,0x000000077c680000)
  from space 53760K, 80% used [0x000000077ff80000,0x00000007829862a8,0x0000000783400000)
  to   space 58368K, 0% used [0x000000077c680000,0x000000077c680000,0x000000077ff80000)
 ParOldGen       total 269312K, used 110284K [0x00000006c0c00000, 0x00000006d1300000, 0x000000076af00000)
  object space 269312K, 40% used [0x00000006c0c00000,0x00000006c77b3118,0x00000006d1300000)
 Metaspace       used 25390K, capacity 25615K, committed 25984K, reserved 1073152K
  class space    used 3089K, capacity 3146K, committed 3200K, reserved 1048576K
}
Event: 13.318 GC heap before
{Heap before GC invocations=18 (full 3):
 PSYoungGen      total 339968K, used 329240K [0x000000076af00000, 0x0000000783c00000, 0x00000007c0000000)
  eden space 286208K, 100% used [0x000000076af00000,0x000000077c680000,0x000000077c680000)
  from space 53760K, 80% used [0x000000077ff80000,0x00000007829862a8,0x0000000783400000)
  to   space 58368K, 0% used [0x000000077c680000,0x000000077c680000,0x000000077ff80000)
 ParOldGen       total 269312K, used 110284K [0x00000006c0c00000, 0x00000006d1300000, 0x000000076af00000)
  object space 269312K, 40% used [0x00000006c0c00000,0x00000006c77b3118,0x00000006d1300000)
 Metaspace       used 28990K, capacity 29212K, committed 29440K, reserved 1075200K
  class space    used 3468K, capacity 3574K, committed 3584K, reserved 1048576K
Event: 13.333 GC heap after
Heap after GC invocations=18 (full 3):
 PSYoungGen      total 344576K, used 21440K [0x000000076af00000, 0x0000000789680000, 0x00000007c0000000)
  eden space 286208K, 0% used [0x000000076af00000,0x000000076af00000,0x000000077c680000)
  from space 58368K, 36% used [0x000000077c680000,0x000000077db70340,0x000000077ff80000)
  to   space 55296K, 0% used [0x0000000786080000,0x0000000786080000,0x0000000789680000)
 ParOldGen       total 269312K, used 115919K [0x00000006c0c00000, 0x00000006d1300000, 0x000000076af00000)
  object space 269312K, 43% used [0x00000006c0c00000,0x00000006c7d33d78,0x00000006d1300000)
 Metaspace       used 28990K, capacity 29212K, committed 29440K, reserved 1075200K
  class space    used 3468K, capacity 3574K, committed 3584K, reserved 1048576K
}

Deoptimization events (10 events):
Event: 13.493 Thread 0x00000000030e5800 Uncommon trap: reason=bimorphic action=maybe_recompile pc=0x0000000003d36a34 method=com.google.common.base.Splitter$SplittingIterator.computeNext()Ljava/lang/String; @ 56
Event: 13.542 Thread 0x00000000030e5800 Uncommon trap: reason=bimorphic action=maybe_recompile pc=0x0000000003d36a34 method=com.google.common.base.Splitter$SplittingIterator.computeNext()Ljava/lang/String; @ 56
Event: 13.545 Thread 0x00000000030e5800 Uncommon trap: reason=class_check action=maybe_recompile pc=0x0000000003ec1364 method=com.google.common.collect.AbstractMapBasedMultimap.put(Ljava/lang/Object;Ljava/lang/Object;)Z @ 10
Event: 13.560 Thread 0x00000000030e5800 Uncommon trap: reason=predicate action=maybe_recompile pc=0x0000000003f4176c method=java.util.AbstractCollection.toArray([Ljava/lang/Object;)[Ljava/lang/Object; @ 49
Event: 13.564 Thread 0x00000000247df000 Uncommon trap: reason=bimorphic action=maybe_recompile pc=0x0000000003ea4960 method=java.io.FilterInputStream.read([BII)I @ 7
Event: 13.566 Thread 0x00000000247df000 Uncommon trap: reason=bimorphic action=maybe_recompile pc=0x0000000003ea4960 method=java.io.FilterInputStream.read([BII)I @ 7
Event: 13.566 Thread 0x00000000247df000 Uncommon trap: reason=unstable_if action=reinterpret pc=0x0000000003e90aa0 method=com.google.gson.stream.JsonReader.doPeek()I @ 704
Event: 13.576 Thread 0x00000000030e5800 Uncommon trap: reason=class_check action=maybe_recompile pc=0x0000000003ec1364 method=com.google.common.collect.AbstractMapBasedMultimap.put(Ljava/lang/Object;Ljava/lang/Object;)Z @ 10
Event: 13.638 Thread 0x00000000030e5800 Uncommon trap: reason=class_check action=maybe_recompile pc=0x0000000003ec1364 method=com.google.common.collect.AbstractMapBasedMultimap.put(Ljava/lang/Object;Ljava/lang/Object;)Z @ 10
Event: 13.740 Thread 0x00000000030e5800 Uncommon trap: reason=unstable_if action=reinterpret pc=0x0000000003b58a18 method=sun.misc.FDBigInteger.multDiffMe(JLsun/misc/FDBigInteger;)J @ 6

Classes redefined (0 events):
No events

Internal exceptions (10 events):
Event: 14.051 Thread 0x000000002302c800 Exception <a 'org/lwjgl/LWJGLException'> (0x000000077442a720) thrown at [c:/openjdk/jdk8u/hotspot\src\share\vm\prims\jni.cpp, line 709]
Event: 14.051 Thread 0x000000002302c800 Exception <a 'org/lwjgl/LWJGLException'> (0x000000077442ac68) thrown at [c:/openjdk/jdk8u/hotspot\src\share\vm\prims\jni.cpp, line 709]
Event: 14.051 Thread 0x000000002302c800 Exception <a 'org/lwjgl/LWJGLException'> (0x000000077442b218) thrown at [c:/openjdk/jdk8u/hotspot\src\share\vm\prims\jni.cpp, line 709]
Event: 14.051 Thread 0x000000002302c800 Exception <a 'org/lwjgl/LWJGLException'> (0x000000077442b810) thrown at [c:/openjdk/jdk8u/hotspot\src\share\vm\prims\jni.cpp, line 709]
Event: 14.051 Thread 0x000000002302c800 Exception <a 'org/lwjgl/LWJGLException'> (0x000000077442bd30) thrown at [c:/openjdk/jdk8u/hotspot\src\share\vm\prims\jni.cpp, line 709]
Event: 14.051 Thread 0x000000002302c800 Exception <a 'org/lwjgl/LWJGLException'> (0x000000077442c278) thrown at [c:/openjdk/jdk8u/hotspot\src\share\vm\prims\jni.cpp, line 709]
Event: 14.051 Thread 0x000000002302c800 Exception <a 'org/lwjgl/LWJGLException'> (0x000000077442c740) thrown at [c:/openjdk/jdk8u/hotspot\src\share\vm\prims\jni.cpp, line 709]
Event: 14.051 Thread 0x000000002302c800 Exception <a 'org/lwjgl/LWJGLException'> (0x000000077442cd98) thrown at [c:/openjdk/jdk8u/hotspot\src\share\vm\prims\jni.cpp, line 709]
Event: 14.051 Thread 0x000000002302c800 Exception <a 'org/lwjgl/LWJGLException'> (0x000000077442d3a8) thrown at [c:/openjdk/jdk8u/hotspot\src\share\vm\prims\jni.cpp, line 709]
Event: 14.053 Thread 0x000000002302c800 Exception <a 'org/lwjgl/LWJGLException'> (0x000000077442d990) thrown at [c:/openjdk/jdk8u/hotspot\src\share\vm\prims\jni.cpp, line 709]

Events (10 events):
Event: 14.175 Thread 0x000000001eb04800 flushing nmethod 0x00000000039cb450
Event: 14.175 Thread 0x000000001eb04800 flushing nmethod 0x00000000039d46d0
Event: 14.175 Thread 0x000000001eb04800 flushing nmethod 0x00000000039e70d0
Event: 14.175 Thread 0x000000001eb04800 flushing nmethod 0x00000000039fbfd0
Event: 14.175 Thread 0x000000001eb04800 flushing nmethod 0x00000000039fc490
Event: 14.175 Thread 0x000000001eb04800 flushing nmethod 0x00000000039fca90
Event: 14.175 Thread 0x000000001eb04800 flushing nmethod 0x00000000039fd410
Event: 14.175 Thread 0x000000001eb04800 flushing nmethod 0x00000000039fda50
Event: 14.175 Thread 0x000000001eb04800 flushing nmethod 0x00000000039fe0d0
Event: 14.175 Thread 0x000000001eb04800 flushing nmethod 0x00000000039ffe50


Dynamic libraries:
0x00007ff6c2d80000 - 0x00007ff6c2db6000 	F:\opjdk\bin\java.exe
0x00007ffcd4cf0000 - 0x00007ffcd4ee8000 	C:\WINDOWS\SYSTEM32\ntdll.dll
0x00007ffcd2f70000 - 0x00007ffcd302d000 	C:\WINDOWS\System32\KERNEL32.DLL
0x00007ffcd27f0000 - 0x00007ffcd2ae6000 	C:\WINDOWS\System32\KERNELBASE.dll
0x00007ffcd3fa0000 - 0x00007ffcd4050000 	C:\WINDOWS\System32\ADVAPI32.dll
0x00007ffcd4960000 - 0x00007ffcd49fe000 	C:\WINDOWS\System32\msvcrt.dll
0x00007ffcd3e90000 - 0x00007ffcd3f30000 	C:\WINDOWS\System32\sechost.dll
0x00007ffcd3160000 - 0x00007ffcd3285000 	C:\WINDOWS\System32\RPCRT4.dll
0x00007ffcd23a0000 - 0x00007ffcd23c7000 	C:\WINDOWS\System32\bcrypt.dll
0x00007ffcd4210000 - 0x00007ffcd43ae000 	C:\WINDOWS\System32\USER32.dll
0x00007ffcd2440000 - 0x00007ffcd2462000 	C:\WINDOWS\System32\win32u.dll
0x00007ffcd4c80000 - 0x00007ffcd4cab000 	C:\WINDOWS\System32\GDI32.dll
0x00007ffcd26d0000 - 0x00007ffcd27e7000 	C:\WINDOWS\System32\gdi32full.dll
0x00007ffcd2c80000 - 0x00007ffcd2d1d000 	C:\WINDOWS\System32\msvcp_win.dll
0x00007ffcd2b80000 - 0x00007ffcd2c80000 	C:\WINDOWS\System32\ucrtbase.dll
0x00007ffcc2a90000 - 0x00007ffcc2d2a000 	C:\WINDOWS\WinSxS\amd64_microsoft.windows.common-controls_6595b64144ccf1df_6.0.19041.3636_none_60b6a03d71f818d5\COMCTL32.dll
0x00007ffcd4ab0000 - 0x00007ffcd4ae2000 	C:\WINDOWS\System32\IMM32.DLL
0x0000000066840000 - 0x0000000066911000 	F:\opjdk\jre\bin\msvcr100.dll
0x0000000065fa0000 - 0x0000000066838000 	F:\opjdk\jre\bin\server\jvm.dll
0x00007ffcd2f60000 - 0x00007ffcd2f68000 	C:\WINDOWS\System32\PSAPI.DLL
0x00007ffcbff70000 - 0x00007ffcbff97000 	C:\WINDOWS\SYSTEM32\WINMM.dll
0x00007ffcc1bf0000 - 0x00007ffcc1bf9000 	C:\WINDOWS\SYSTEM32\WSOCK32.dll
0x00007ffccc140000 - 0x00007ffccc14a000 	C:\WINDOWS\SYSTEM32\VERSION.dll
0x00007ffcd3f30000 - 0x00007ffcd3f9b000 	C:\WINDOWS\System32\WS2_32.dll
0x00007ffcc1580000 - 0x00007ffcc158f000 	F:\opjdk\jre\bin\verify.dll
0x00007ffcb8990000 - 0x00007ffcb89b9000 	F:\opjdk\jre\bin\java.dll
0x00007ffcc0e10000 - 0x00007ffcc0e27000 	F:\opjdk\jre\bin\zip.dll
0x00007ffcd3720000 - 0x00007ffcd3e8b000 	C:\WINDOWS\System32\SHELL32.dll
0x00007ffcd0470000 - 0x00007ffcd0c0e000 	C:\WINDOWS\SYSTEM32\windows.storage.dll
0x00007ffcd33c0000 - 0x00007ffcd3713000 	C:\WINDOWS\System32\combase.dll
0x00007ffcd1dd0000 - 0x00007ffcd1dfe000 	C:\WINDOWS\SYSTEM32\Wldp.dll
0x00007ffcd3290000 - 0x00007ffcd335d000 	C:\WINDOWS\System32\OLEAUT32.dll
0x00007ffcd3030000 - 0x00007ffcd30dd000 	C:\WINDOWS\System32\SHCORE.dll
0x00007ffcd2ef0000 - 0x00007ffcd2f45000 	C:\WINDOWS\System32\shlwapi.dll
0x00007ffcd22d0000 - 0x00007ffcd22f5000 	C:\WINDOWS\SYSTEM32\profapi.dll
0x00007ffcbfca0000 - 0x00007ffcbfcad000 	F:\opjdk\jre\bin\management.dll
0x00007ffcaf5d0000 - 0x00007ffcaf5eb000 	F:\opjdk\jre\bin\net.dll
0x00007ffcd1b30000 - 0x00007ffcd1b9a000 	C:\WINDOWS\system32\mswsock.dll
0x00007ffcaf5b0000 - 0x00007ffcaf5c1000 	F:\opjdk\jre\bin\nio.dll
0x00007ffca6c20000 - 0x00007ffca6c37000 	C:\WINDOWS\system32\napinsp.dll
0x00007ffca6c00000 - 0x00007ffca6c1b000 	C:\WINDOWS\system32\pnrpnsp.dll
0x00007ffca6be0000 - 0x00007ffca6bf5000 	C:\WINDOWS\system32\wshbth.dll
0x00007ffccded0000 - 0x00007ffccdeed000 	C:\WINDOWS\system32\NLAapi.dll
0x00007ffcd17d0000 - 0x00007ffcd180b000 	C:\WINDOWS\SYSTEM32\IPHLPAPI.DLL
0x00007ffcd1820000 - 0x00007ffcd18eb000 	C:\WINDOWS\SYSTEM32\DNSAPI.dll
0x00007ffcd2f50000 - 0x00007ffcd2f58000 	C:\WINDOWS\System32\NSI.dll
0x00007ffca6ba0000 - 0x00007ffca6bb2000 	C:\WINDOWS\System32\winrnr.dll
0x00007ffcc70b0000 - 0x00007ffcc70ba000 	C:\Windows\System32\rasadhlp.dll
0x00007ffcc7110000 - 0x00007ffcc7190000 	C:\WINDOWS\System32\fwpuclnt.dll
0x0000000180000000 - 0x0000000180051000 	C:\Users\קיסקוזי\.gradle\caches\minecraft\net\minecraft\minecraft_natives\1.7.10\lwjgl64.dll
0x00007ffca3b10000 - 0x00007ffca3c35000 	C:\WINDOWS\SYSTEM32\OPENGL32.dll
0x00007ffcc1400000 - 0x00007ffcc142c000 	C:\WINDOWS\SYSTEM32\GLU32.dll
0x00007ffcd1d30000 - 0x00007ffcd1d48000 	C:\WINDOWS\SYSTEM32\CRYPTSP.dll
0x00007ffcd13f0000 - 0x00007ffcd1424000 	C:\WINDOWS\system32\rsaenh.dll
0x00007ffcd2250000 - 0x00007ffcd227e000 	C:\WINDOWS\SYSTEM32\USERENV.dll
0x00007ffcd2af0000 - 0x00007ffcd2b72000 	C:\WINDOWS\System32\bcryptprimitives.dll
0x00007ffcd1d20000 - 0x00007ffcd1d2c000 	C:\WINDOWS\SYSTEM32\CRYPTBASE.dll
0x00007ffccca40000 - 0x00007ffccca57000 	C:\WINDOWS\SYSTEM32\dhcpcsvc6.DLL
0x00007ffccca20000 - 0x00007ffccca3d000 	C:\WINDOWS\SYSTEM32\dhcpcsvc.DLL
0x00007ffc8ea50000 - 0x00007ffc8ebe9000 	F:\opjdk\jre\bin\awt.dll
0x00007ffccfc00000 - 0x00007ffccfc90000 	C:\WINDOWS\SYSTEM32\apphelp.dll
0x00007ffccc420000 - 0x00007ffccc4ce000 	C:\WINDOWS\SYSTEM32\mscms.dll
0x00007ffccc380000 - 0x00007ffccc391000 	C:\WINDOWS\SYSTEM32\ColorAdapterClient.dll
0x00007ffcd0190000 - 0x00007ffcd01a2000 	C:\WINDOWS\SYSTEM32\kernel.appcore.dll
0x00007ffccfda0000 - 0x00007ffccfe3e000 	C:\WINDOWS\system32\uxtheme.dll
0x00007ffcd4b00000 - 0x00007ffcd4c15000 	C:\WINDOWS\System32\MSCTF.dll
0x00007ffcd4a00000 - 0x00007ffcd4aa9000 	C:\WINDOWS\System32\clbcatq.dll
0x00007ffc3ea70000 - 0x00007ffc41660000 	C:\WINDOWS\System32\DriverStore\FileRepository\nvleig.inf_amd64_92cb6cb02101f4e9\nvoglv64.dll
0x00007ffcd44f0000 - 0x00007ffcd495e000 	C:\WINDOWS\System32\SETUPAPI.dll
0x00007ffcd2470000 - 0x00007ffcd24be000 	C:\WINDOWS\System32\cfgmgr32.dll
0x00007ffcd4050000 - 0x00007ffcd417b000 	C:\WINDOWS\System32\ole32.dll
0x00007ffccddf0000 - 0x00007ffccde04000 	C:\WINDOWS\SYSTEM32\WTSAPI32.dll
0x00007ffcd1f60000 - 0x00007ffcd1f72000 	C:\WINDOWS\SYSTEM32\msasn1.dll
0x00007ffccb460000 - 0x00007ffccb491000 	C:\WINDOWS\SYSTEM32\cryptnet.dll
0x00007ffcd2570000 - 0x00007ffcd26cd000 	C:\WINDOWS\System32\CRYPT32.dll
0x00007ffccb120000 - 0x00007ffccb268000 	C:\WINDOWS\SYSTEM32\drvstore.dll
0x00007ffcd2130000 - 0x00007ffcd2163000 	C:\WINDOWS\SYSTEM32\devobj.dll
0x00007ffcd23d0000 - 0x00007ffcd2437000 	C:\WINDOWS\System32\wintrust.dll
0x00007ffcd2d20000 - 0x00007ffcd2d3d000 	C:\WINDOWS\System32\imagehlp.dll
0x00007ffcd0c20000 - 0x00007ffcd0c43000 	C:\WINDOWS\SYSTEM32\gpapi.dll
0x00007ffcc7c50000 - 0x00007ffcc9e3e000 	C:\WINDOWS\System32\DriverStore\FileRepository\nvleig.inf_amd64_92cb6cb02101f4e9\nvgpucomp64.dll
0x00007ffcd1510000 - 0x00007ffcd1543000 	C:\WINDOWS\SYSTEM32\ntmarta.dll
0x00007ffccb070000 - 0x00007ffccb0ab000 	C:\WINDOWS\SYSTEM32\dxcore.dll
0x00007ffcd0160000 - 0x00007ffcd018f000 	C:\WINDOWS\SYSTEM32\dwmapi.dll
0x00007ffcc7b50000 - 0x00007ffcc7c49000 	C:\WINDOWS\SYSTEM32\textinputframework.dll
0x00007ffccf990000 - 0x00007ffccfa82000 	C:\WINDOWS\System32\CoreMessaging.dll
0x00007ffccf630000 - 0x00007ffccf98b000 	C:\WINDOWS\System32\CoreUIComponents.dll
0x00007ffccef50000 - 0x00007ffccf0a5000 	C:\WINDOWS\SYSTEM32\wintypes.dll
0x00007ffcb36f0000 - 0x00007ffcb3733000 	C:\WINDOWS\SYSTEM32\icm32.dll
0x00007ffcd1940000 - 0x00007ffcd198b000 	C:\WINDOWS\SYSTEM32\powrprof.dll
0x00007ffcd17b0000 - 0x00007ffcd17c2000 	C:\WINDOWS\SYSTEM32\UMPDC.dll
0x00007ffcd1080000 - 0x00007ffcd10db000 	C:\WINDOWS\SYSTEM32\WINSTA.dll
0x0000000070a40000 - 0x0000000070adc000 	C:\Users\קיסקוזי\.gradle\caches\minecraft\net\minecraft\minecraft_natives\1.7.10\avutil-ttv-51.dll
0x0000000065980000 - 0x00000000659d6000 	C:\Users\קיסקוזי\.gradle\caches\minecraft\net\minecraft\minecraft_natives\1.7.10\swresample-ttv-0.dll
0x000000006eb80000 - 0x000000006ec50000 	C:\Users\קיסקוזי\.gradle\caches\minecraft\net\minecraft\minecraft_natives\1.7.10\libmp3lame-ttv.dll
0x00007ffc3d6c0000 - 0x00007ffc3ea64000 	C:\Users\קיסקוזי\.gradle\caches\minecraft\net\minecraft\minecraft_natives\1.7.10\libmfxsw64.dll
0x00007ffca9f10000 - 0x00007ffcaa03b000 	C:\Users\קיסקוזי\.gradle\caches\minecraft\net\minecraft\minecraft_natives\1.7.10\twitchsdk.dll
0x00007ffcb5c10000 - 0x00007ffcb60e6000 	C:\WINDOWS\SYSTEM32\WININET.dll
0x0000000025830000 - 0x0000000025894000 	C:\Users\קיסקוזי\.gradle\caches\minecraft\net\minecraft\minecraft_natives\1.7.10\OpenAL64.dll
0x00007ffccbf70000 - 0x00007ffccbff5000 	C:\WINDOWS\System32\MMDevApi.dll
0x00007ffc6ed50000 - 0x00007ffc6edec000 	C:\WINDOWS\SYSTEM32\dsound.dll
0x00007ffc83cf0000 - 0x00007ffc83d16000 	C:\WINDOWS\SYSTEM32\winmmbase.dll
0x00007ffccc1f0000 - 0x00007ffccc372000 	C:\WINDOWS\SYSTEM32\AUDIOSES.DLL
0x00007ffcbe6d0000 - 0x00007ffcbe8b4000 	C:\WINDOWS\SYSTEM32\dbghelp.dll

VM Arguments:
jvm_args: -Dfile.encoding=windows-1255 -Duser.country=US -Duser.language=en -Duser.variant 
java_command: GradleStart
java_class_path (initial): F:\Minecraft DBCA Addon\DBCA\Minecraft moddding\DBCA\libs\DragonBlockC-v1.4.85-deobf.jar;F:\Minecraft DBCA Addon\DBCA\Minecraft moddding\DBCA\libs\JBRA-Client-v1.6.52-deobf.jar;F:\Minecraft DBCA Addon\DBCA\Minecraft moddding\DBCA\libs\JRMCore-v1.3.51-deobf.jar;C:\Users\קיסקוזי\.gradle\caches\minecraft\net\minecraftforge\forge\1.7.10-10.13.4.1614-1.7.10\start;C:\Users\קיסקוזי\.gradle\caches\minecraft\net\minecraftforge\forge\1.7.10-10.13.4.1614-1.7.10\forgeSrc-1.7.10-10.13.4.1614-1.7.10.jar;C:\Users\קיסקוזי\.gradle\caches\modules-2\files-2.1\net.minecraft\launchwrapper\1.12\111e7bea9c968cdb3d06ef4632bf7ff0824d0f36\launchwrapper-1.12.jar;C:\Users\קיסקוזי\.gradle\caches\modules-2\files-2.1\com.google.code.findbugs\jsr305\1.3.9\40719ea6961c0cb6afaeb6a921eaa1f6afd4cfdf\jsr305-1.3.9.jar;C:\Users\קיסקוזי\.gradle\caches\modules-2\files-2.1\org.ow2.asm\asm-debug-all\5.0.3\f9e364ae2a66ce2a543012a4668856e84e5dab74\asm-debug-all-5.0.3.jar;C:\Users\קיסקוזי\.gradle\caches\modules-2\files-2.1\com.typesafe.akka\akka-actor_2.11\2.3.3\ed62e9fc709ca0f2ff1a3220daa8b70a2870078e\akka-actor_2.11-2.3.3.jar;C:\Users\קיסקוזי\.gradle\caches\modules-2\files-2.1\com.typesafe\config\1.2.1\f771f71fdae3df231bcd54d5ca2d57f0bf93f467\config-1.2.1.jar;C:\Users\קיסקוזי\.gradle\caches\modules-2\files-2.1\org.scala-lang\scala-actors-migration_2.11\1.1.0\dfa8bc42b181d5b9f1a5dd147f8ae308b893eb6f\scala-actors-migration_2.11-1.1.0.jar;C:\Users\קיסקוזי\.gradle\caches\modules-2\files-2.1\org.scala-lang\scala-compiler\2.11.1\56ea2e6c025e0821f28d73ca271218b8dd04926a\scala-compiler-2.11.1.jar;C:\Users\קיסקוזי\.gradle\caches\modules-2\files-2.1\org.scala-lang.plugins\scala-continuations-library_2.11\1.0.2\e517c53a7e9acd6b1668c5a35eccbaa3bab9aac\scala-continuations-library_2.11-1.0.2.jar;C:\Users\קיסקוזי\.gradle\caches\modules-2\files-2.1\org.scala-lang.plugins\scala-continuations-plugin_2.11.1\1.0.2\f361a3283452c57fa30c1ee69448995de23c60f7\scala-continuations-plugin_2.11.1-1.0.2.jar;C:
Launcher Type: SUN_STANDARD

Environment Variables:
JAVA_HOME=C:\Program Files\OpenLogic\jdk-8.0.402.06-hotspot\
PATH=C:\Program Files\OpenLogic\jdk-8.0.402.06-hotspot\bin;F:\opendjdk17\bin;F:\openjdk\bin;F:\opjdk\bin;C:\Program Files\OpenLogic\jdk-17.0.9.9-hotspot\bin;F:\Plastic SCM\server;F:\Plastic SCM\client;C:\Python310\Scripts\;C:\Python310\;F:\devkitPro\msys2\usr\bin;F:\Oculus\Support\oculus-runtime;F:\apache-maven-3.8.4\bin;C:\Program Files\Docker\Docker\resources\bin;C:\ProgramData\DockerDesktop\version-bin;C:\Users\קיסקוזי\AppData\Local\Programs\Python\Python310\Scripts\;C:\Program Files (x86)\NVIDIA Corporation\PhysX\Common;C:\Program Files\dotnet\;C:\Program Files\Git\cmd;C:\Program Files (x86)\gsudo\;F:\Node.js\;C:\ProgramData\chocolatey\bin;C:\Program Files\Microsoft SQL Server\Client SDK\ODBC\170\Tools\Binn\;C:\Program Files (x86)\Microsoft SQL Server\150\Tools\Binn\;C:\Program Files\Microsoft SQL Server\150\Tools\Binn\;C:\Program Files\Microsoft SQL Server\150\DTS\Binn\;C:\Program Files\CMake\bin;F:\SFML\SFML-2.5.1\bin;F:\meta\metasploit-framework\bin\;C:\Users\קיסקוזי\AppData\Local\Programs\Python\Python37\Scripts\;C:\Users\קיסקוזי\AppData\Local\Programs\Python\Python37\;C:\Program Files\MySQL\MySQL Shell 8.0\bin\;C:\Users\קיסקוזי\AppData\Local\Programs\Python\Python310\Scripts\;C:\Users\קיסקוזי\AppData\Local\Programs\Python\Python310\;C:\Users\קיסקוזי\AppData\Local\Microsoft\WindowsApps;C:\Users\קיסקוזי\.dotnet\tools;C:\Users\קיסקוזי\AppData\Local\GitHubDesktop\bin;F:\Microsoft VS Code\bin;C:\Users\קיסקוזי\AppData\Roaming\npm;C:\Users\קיסקוזי\AppData\Local\Programs\ExifTool;F:\msys2\mingw64\bin;F:\Chromuim\chromedriver.exe;F:\Nmap;F:\Intelji23\IntelliJ IDEA Community Edition 2023.3.2\bin;;C:\Users\קיסקוזי\AppData\Local\Programs\Filestar;C:\Users\קיסקוזי\AppData\Roaming\Filestar\aliases
USERNAME=קיסקוזי
OS=Windows_NT
PROCESSOR_IDENTIFIER=Intel64 Family 6 Model 94 Stepping 3, GenuineIntel



---------------  S Y S T E M  ---------------

OS: Windows 10 , 64 bit Build 19041 (10.0.19041.3636)

CPU:total 8 (initial active 8) (4 cores per cpu, 2 threads per core) family 6 model 94 stepping 3, cmov, cx8, fxsr, mmx, sse, sse2, sse3, ssse3, sse4.1, sse4.2, popcnt, avx, avx2, aes, clmul, erms, rtm, 3dnowpref, lzcnt, ht, tsc, tscinvbit, bmi1, bmi2, adx

Memory: 4k page, physical 16723604k(6004304k free), swap 21412044k(3945768k free)

vm_info: OpenJDK 64-Bit Server VM (25.392-b08) for windows-amd64 JRE (1.8.0_392-392-b08), built on Oct 18 2023 07:33:07 by "Administrator" with MS VC++ 10.0 (VS2010)

time: Wed Apr 17 21:10:06 2024
timezone: Jerusalem Daylight Time
elapsed time: 14.331058 seconds (0d 0h 0m 14s)

