#
# A fatal error has been detected by the Java Runtime Environment:
#
#  EXCEPTION_ACCESS_VIOLATION (0xc0000005) at pc=0x0000000026a91066, pid=17804, tid=0x0000000000004870
#
# JRE version: OpenJDK Runtime Environment (8.0_392-b08) (build 1.8.0_392-392-b08)
# Java VM: OpenJDK 64-Bit Server VM (25.392-b08 mixed mode windows-amd64 compressed oops)
# Problematic frame:
# C  [OpenAL64.dll+0x11066]
#
# Failed to write core dump. Minidumps are not enabled by default on client versions of Windows
#
# If you would like to submit a bug report, please visit:
#   http://bugreport.java.com/bugreport/crash.jsp
# The crash happened outside the Java Virtual Machine in native code.
# See problematic frame for where to report the bug.
#

---------------  T H R E A D  ---------------

Current thread (0x0000000048ab7000):  JavaThread "Thread-10" [_thread_in_native, id=18544, stack(0x000000004d630000,0x000000004d730000)]

siginfo: ExceptionCode=0xc0000005, reading address 0x00000000241ab004

Registers:
RAX=0x0000000000000004, RBX=0x000000004dc60090, RCX=0x00000000241ab008, RDX=0x00000000241ab004
RSP=0x000000004d72e970, RBP=0x00000000000000ff, RSI=0x00000000241a44ac, RDI=0x0000000000000000
R8 =0x0000000000001ad6, R9 =0x00000000241a44ac, R10=0x0000000002c389db, R11=0x000000006b647000
R12=0x0000000000000001, R13=0x000000004d511810, R14=0x000000004d72eb08, R15=0x0000000048ab7000
RIP=0x0000000026a91066, EFLAGS=0x0000000000010202

Top of Stack: (sp=0x000000004d72e970)
0x000000004d72e970:   000000004d72e9b0 000000001bf30ff8
0x000000004d72e980:   0000000000000000 000000004d72eb08
0x000000004d72e990:   0000000000000000 0000000000000000
0x000000004d72e9a0:   0000000048ab7000 00000000241a3ec0
0x000000004d72e9b0:   000000004d511810 0000000048ab7000
0x000000004d72e9c0:   000000004474ac50 000000006b4cc4f6
0x000000004d72e9d0:   000000004d72f188 00000000267e2cc8
0x000000004d72e9e0:   0000000048ab7000 000000004d72eb08
0x000000004d72e9f0:   000000004d511810 0000000000000000
0x000000004d72ea00:   00000000241a44ac 00000000241a44ac
0x000000004d72ea10:   000000004d72ead0 0000000026a9248f
0x000000004d72ea20:   000000004dc60090 000000004dc60090
0x000000004d72ea30:   000000000000ac44 0000000000000004
0x000000004d72ea40:   00000006c0c1e620 0000000002c38a07
0x000000004d72ea50:   000000004d511810 000000077ab3e148
0x000000004d72ea60:   000000004d72ea60 000000004d514621 

Instructions: (pc=0x0000000026a91066)
0x0000000026a91046:   41 2b ec 81 3a 03 00 02 00 75 09 8b 01 89 84 24
0x0000000026a91056:   c8 00 00 00 49 83 c0 02 48 83 c1 08 4a 8d 14 86
0x0000000026a91066:   39 3a 75 af 4c 8d 84 24 c0 00 00 00 48 8d 15 d7
0x0000000026a91076:   2b 03 00 33 c9 e8 58 5f 00 00 b8 40 1f 00 00 4c 


Register to memory mapping:

RAX=0x0000000000000004 is an unknown value
RBX=0x000000004dc60090 is an unknown value
RCX=0x00000000241ab008 is an unknown value
RDX=0x00000000241ab004 is an unknown value
RSP=0x000000004d72e970 is pointing into the stack for thread: 0x0000000048ab7000
RBP=0x00000000000000ff is an unknown value
RSI=0x00000000241a44ac is an unknown value
RDI=0x0000000000000000 is an unknown value
R8 =0x0000000000001ad6 is an unknown value
R9 =0x00000000241a44ac is an unknown value
R10=0x0000000002c389db is at code_begin+891 in an Interpreter codelet
method entry point (kind = native)  [0x0000000002c38660, 0x0000000002c39040]  2528 bytes
R11=0x000000006b647000 is an unknown value
R12=0x0000000000000001 is an unknown value
R13={method} {0x000000004d511818} 'nalcCreateContext' '(JJ)J' in 'org/lwjgl/openal/ALC10'
R14=0x000000004d72eb08 is pointing into the stack for thread: 0x0000000048ab7000
R15=0x0000000048ab7000 is a thread


Stack: [0x000000004d630000,0x000000004d730000],  sp=0x000000004d72e970,  free space=1018k
Native frames: (J=compiled Java code, j=interpreted, Vv=VM code, C=native code)
C  [OpenAL64.dll+0x11066]
C  [OpenAL64.dll+0x1248f]
C  0x0000000002c38a07

Java frames: (J=compiled Java code, j=interpreted, Vv=VM code)
j  org.lwjgl.openal.ALC10.nalcCreateContext(JJ)J+0
j  org.lwjgl.openal.ALC10.alcCreateContext(Lorg/lwjgl/openal/ALCdevice;Ljava/nio/IntBuffer;)Lorg/lwjgl/openal/ALCcontext;+8
j  org.lwjgl.openal.AL.init(Ljava/lang/String;IIZZ)V+69
j  org.lwjgl.openal.AL.create(Ljava/lang/String;IIZZ)V+227
j  org.lwjgl.openal.AL.create(Ljava/lang/String;IIZ)V+5
j  org.lwjgl.openal.AL.create()V+6
j  paulscode.sound.libraries.LibraryLWJGLOpenAL.init()V+2
j  paulscode.sound.SoundSystem.CommandNewLibrary(Ljava/lang/Class;)V+273
j  paulscode.sound.SoundSystem.CommandQueue(Lpaulscode/sound/CommandObject;)Z+1206
j  paulscode.sound.CommandThread.run()V+51
v  ~StubRoutines::call_stub

---------------  P R O C E S S  ---------------

Java Threads: ( => current thread )
  0x0000000048ab4000 JavaThread "Thread-11" [_thread_blocked, id=5800, stack(0x000000004d9a0000,0x000000004daa0000)]
=>0x0000000048ab7000 JavaThread "Thread-10" [_thread_in_native, id=18544, stack(0x000000004d630000,0x000000004d730000)]
  0x0000000048ab3000 JavaThread "Sound Library Loader" [_thread_blocked, id=17812, stack(0x0000000030310000,0x0000000030410000)]
  0x000000004866c800 JavaThread "Keep-Alive-Timer" daemon [_thread_blocked, id=17732, stack(0x0000000036720000,0x0000000036820000)]
  0x000000001fdcb000 JavaThread "LWJGL Timer" daemon [_thread_blocked, id=11900, stack(0x000000002fc10000,0x000000002fd10000)]
  0x000000001fce1000 JavaThread "Thread-6" [_thread_blocked, id=15844, stack(0x00000000316b0000,0x00000000317b0000)]
  0x0000000022edc000 JavaThread "Java2D Disposer" daemon [_thread_blocked, id=2804, stack(0x0000000021420000,0x0000000021520000)]
  0x0000000022ee1000 JavaThread "Timer hack thread" daemon [_thread_blocked, id=1772, stack(0x00000000237c0000,0x00000000238c0000)]
  0x00000000203dd000 JavaThread "Snooper Timer" daemon [_thread_blocked, id=13328, stack(0x0000000022690000,0x0000000022790000)]
  0x000000001e59b000 JavaThread "Service Thread" daemon [_thread_blocked, id=11612, stack(0x000000001f1c0000,0x000000001f2c0000)]
  0x000000001e51f000 JavaThread "C1 CompilerThread3" daemon [_thread_blocked, id=32, stack(0x000000001f0c0000,0x000000001f1c0000)]
  0x000000001e524000 JavaThread "C2 CompilerThread2" daemon [_thread_blocked, id=19092, stack(0x000000001efc0000,0x000000001f0c0000)]
  0x000000001e51c000 JavaThread "C2 CompilerThread1" daemon [_thread_blocked, id=14496, stack(0x000000001eec0000,0x000000001efc0000)]
  0x000000001c6dd000 JavaThread "C2 CompilerThread0" daemon [_thread_blocked, id=5304, stack(0x000000001edc0000,0x000000001eec0000)]
  0x000000001e517000 JavaThread "Attach Listener" daemon [_thread_blocked, id=7400, stack(0x000000001ecc0000,0x000000001edc0000)]
  0x000000001e516800 JavaThread "Signal Dispatcher" daemon [_thread_blocked, id=17840, stack(0x000000001ebc0000,0x000000001ecc0000)]
  0x000000001e4b1000 JavaThread "Finalizer" daemon [_thread_blocked, id=19236, stack(0x000000001e990000,0x000000001ea90000)]
  0x000000001e4b0800 JavaThread "Reference Handler" daemon [_thread_blocked, id=8128, stack(0x000000001e890000,0x000000001e990000)]
  0x0000000002b26000 JavaThread "Client thread" [_thread_in_native, id=12140, stack(0x0000000002990000,0x0000000002a90000)]

Other Threads:
  0x000000001c6c8800 VMThread [stack: 0x000000001e390000,0x000000001e490000] [id=148]
  0x000000001e5a6000 WatcherThread [stack: 0x000000001f2c0000,0x000000001f3c0000] [id=7564]

VM state:not at safepoint (normal execution)

VM Mutex/Monitor currently owned by a thread: None

heap address: 0x00000006c0c00000, size: 4084 MB, Compressed Oops mode: Zero based, Oop shift amount: 3
Narrow klass base: 0x0000000000000000, Narrow klass shift: 3
Compressed class space size: 1073741824 Address: 0x00000007c0000000

Heap:
 PSYoungGen      total 507904K, used 297162K [0x000000076af00000, 0x000000078d800000, 0x00000007c0000000)
  eden space 464384K, 56% used [0x000000076af00000,0x000000077ae189d0,0x0000000787480000)
  from space 43520K, 82% used [0x000000078a380000,0x000000078c699ec8,0x000000078ce00000)
  to   space 48128K, 0% used [0x0000000787480000,0x0000000787480000,0x000000078a380000)
 ParOldGen       total 249344K, used 104771K [0x00000006c0c00000, 0x00000006cff80000, 0x000000076af00000)
  object space 249344K, 42% used [0x00000006c0c00000,0x00000006c7250e90,0x00000006cff80000)
 Metaspace       used 41591K, capacity 41953K, committed 42456K, reserved 1085440K
  class space    used 5410K, capacity 5504K, committed 5592K, reserved 1048576K

Card table byte_map: [0x0000000011fe0000,0x00000000127e0000] byte_map_base: 0x000000000e9da000

Marking Bits: (ParMarkBitMap*) 0x000000006bc46440
 Begin Bits: [0x0000000013540000, 0x0000000017510000)
 End Bits:   [0x0000000017510000, 0x000000001b4e0000)

Polling page: 0x0000000002a90000

CodeCache: size=245760Kb used=15981Kb max_used=16025Kb free=229778Kb
 bounds [0x0000000002c20000, 0x0000000003bf0000, 0x0000000011c20000]
 total_blobs=4882 nmethods=4132 adapters=661
 compilation: enabled

Compilation events (10 events):
Event: 18.776 Thread 0x000000001e524000 5288       4       org.lwjgl.opengl.GL11::glEnable (19 bytes)
Event: 18.778 Thread 0x000000001e524000 nmethod 5288 0x0000000003bb23d0 code [0x0000000003bb2540, 0x0000000003bb2748]
Event: 18.779 Thread 0x000000001e51f000 5289   !   3       net.minecraft.client.audio.SoundHandler::loadSoundResource (402 bytes)
Event: 18.780 Thread 0x000000001e51f000 nmethod 5289 0x0000000003bb2b50 code [0x0000000003bb30c0, 0x0000000003bb6818]
Event: 18.780 Thread 0x000000001e51f000 5290       3       net.minecraft.util.RegistrySimple::containsKey (11 bytes)
Event: 18.781 Thread 0x000000001e51f000 nmethod 5290 0x0000000003b8a990 code [0x0000000003b8ab00, 0x0000000003b8ad28]
Event: 18.781 Thread 0x000000001e51f000 5291       3       net.minecraft.client.audio.SoundEventAccessorComposite::<init> (45 bytes)
Event: 18.781 Thread 0x000000001e51f000 nmethod 5291 0x0000000003b89910 code [0x0000000003b89ae0, 0x0000000003b8a3c8]
Event: 18.781 Thread 0x000000001e51f000 5292       3       net.minecraft.client.audio.SoundRegistry::registerSound (10 bytes)
Event: 18.781 Thread 0x000000001e51f000 nmethod 5292 0x0000000003bb1f50 code [0x0000000003bb20c0, 0x0000000003bb22e8]

GC Heap History (10 events):
Event: 16.769 GC heap before
{Heap before GC invocations=23 (full 2):
 PSYoungGen      total 349696K, used 218867K [0x000000076af00000, 0x0000000783380000, 0x00000007c0000000)
  eden space 304128K, 68% used [0x000000076af00000,0x00000007779a69c8,0x000000077d800000)
  from space 45568K, 24% used [0x0000000780300000,0x0000000780e16618,0x0000000782f80000)
  to   space 44032K, 0% used [0x000000077d800000,0x000000077d800000,0x0000000780300000)
 ParOldGen       total 126464K, used 108460K [0x00000006c0c00000, 0x00000006c8780000, 0x000000076af00000)
  object space 126464K, 85% used [0x00000006c0c00000,0x00000006c75eb3c0,0x00000006c8780000)
 Metaspace       used 34725K, capacity 34997K, committed 35416K, reserved 1081344K
  class space    used 4281K, capacity 4383K, committed 4440K, reserved 1048576K
Event: 16.777 GC heap after
Heap after GC invocations=23 (full 2):
 PSYoungGen      total 348160K, used 6363K [0x000000076af00000, 0x0000000787500000, 0x00000007c0000000)
  eden space 304128K, 0% used [0x000000076af00000,0x000000076af00000,0x000000077d800000)
  from space 44032K, 14% used [0x000000077d800000,0x000000077de36d58,0x0000000780300000)
  to   space 43520K, 0% used [0x0000000784a80000,0x0000000784a80000,0x0000000787500000)
 ParOldGen       total 126464K, used 114798K [0x00000006c0c00000, 0x00000006c8780000, 0x000000076af00000)
  object space 126464K, 90% used [0x00000006c0c00000,0x00000006c7c1b9a0,0x00000006c8780000)
 Metaspace       used 34725K, capacity 34997K, committed 35416K, reserved 1081344K
  class space    used 4281K, capacity 4383K, committed 4440K, reserved 1048576K
}
Event: 16.777 GC heap before
{Heap before GC invocations=24 (full 3):
 PSYoungGen      total 348160K, used 6363K [0x000000076af00000, 0x0000000787500000, 0x00000007c0000000)
  eden space 304128K, 0% used [0x000000076af00000,0x000000076af00000,0x000000077d800000)
  from space 44032K, 14% used [0x000000077d800000,0x000000077de36d58,0x0000000780300000)
  to   space 43520K, 0% used [0x0000000784a80000,0x0000000784a80000,0x0000000787500000)
 ParOldGen       total 126464K, used 114798K [0x00000006c0c00000, 0x00000006c8780000, 0x000000076af00000)
  object space 126464K, 90% used [0x00000006c0c00000,0x00000006c7c1b9a0,0x00000006c8780000)
 Metaspace       used 34725K, capacity 34997K, committed 35416K, reserved 1081344K
  class space    used 4281K, capacity 4383K, committed 4440K, reserved 1048576K
Event: 16.916 GC heap after
Heap after GC invocations=24 (full 3):
 PSYoungGen      total 348160K, used 0K [0x000000076af00000, 0x0000000787500000, 0x00000007c0000000)
  eden space 304128K, 0% used [0x000000076af00000,0x000000076af00000,0x000000077d800000)
  from space 44032K, 0% used [0x000000077d800000,0x000000077d800000,0x0000000780300000)
  to   space 43520K, 0% used [0x0000000784a80000,0x0000000784a80000,0x0000000787500000)
 ParOldGen       total 249344K, used 102281K [0x00000006c0c00000, 0x00000006cff80000, 0x000000076af00000)
  object space 249344K, 41% used [0x00000006c0c00000,0x00000006c6fe27f8,0x00000006cff80000)
 Metaspace       used 34725K, capacity 34997K, committed 35416K, reserved 1081344K
  class space    used 4281K, capacity 4383K, committed 4440K, reserved 1048576K
}
Event: 17.020 GC heap before
{Heap before GC invocations=25 (full 3):
 PSYoungGen      total 348160K, used 303739K [0x000000076af00000, 0x0000000787500000, 0x00000007c0000000)
  eden space 304128K, 99% used [0x000000076af00000,0x000000077d79efc8,0x000000077d800000)
  from space 44032K, 0% used [0x000000077d800000,0x000000077d800000,0x0000000780300000)
  to   space 43520K, 0% used [0x0000000784a80000,0x0000000784a80000,0x0000000787500000)
 ParOldGen       total 249344K, used 102281K [0x00000006c0c00000, 0x00000006cff80000, 0x000000076af00000)
  object space 249344K, 41% used [0x00000006c0c00000,0x00000006c6fe27f8,0x00000006cff80000)
 Metaspace       used 34773K, capacity 35061K, committed 35672K, reserved 1081344K
  class space    used 4282K, capacity 4383K, committed 4440K, reserved 1048576K
Event: 17.022 GC heap after
Heap after GC invocations=25 (full 3):
 PSYoungGen      total 404992K, used 1780K [0x000000076af00000, 0x0000000786d00000, 0x00000007c0000000)
  eden space 369664K, 0% used [0x000000076af00000,0x000000076af00000,0x0000000781800000)
  from space 35328K, 5% used [0x0000000784a80000,0x0000000784c3d010,0x0000000786d00000)
  to   space 43520K, 0% used [0x0000000781800000,0x0000000781800000,0x0000000784280000)
 ParOldGen       total 249344K, used 102281K [0x00000006c0c00000, 0x00000006cff80000, 0x000000076af00000)
  object space 249344K, 41% used [0x00000006c0c00000,0x00000006c6fe27f8,0x00000006cff80000)
 Metaspace       used 34773K, capacity 35061K, committed 35672K, reserved 1081344K
  class space    used 4282K, capacity 4383K, committed 4440K, reserved 1048576K
}
Event: 17.215 GC heap before
{Heap before GC invocations=26 (full 3):
 PSYoungGen      total 404992K, used 371444K [0x000000076af00000, 0x0000000786d00000, 0x00000007c0000000)
  eden space 369664K, 100% used [0x000000076af00000,0x0000000781800000,0x0000000781800000)
  from space 35328K, 5% used [0x0000000784a80000,0x0000000784c3d010,0x0000000786d00000)
  to   space 43520K, 0% used [0x0000000781800000,0x0000000781800000,0x0000000784280000)
 ParOldGen       total 249344K, used 102281K [0x00000006c0c00000, 0x00000006cff80000, 0x000000076af00000)
  object space 249344K, 41% used [0x00000006c0c00000,0x00000006c6fe27f8,0x00000006cff80000)
 Metaspace       used 36214K, capacity 36469K, committed 36952K, reserved 1081344K
  class space    used 4283K, capacity 4383K, committed 4440K, reserved 1048576K
Event: 17.225 GC heap after
Heap after GC invocations=26 (full 3):
 PSYoungGen      total 413184K, used 23618K [0x000000076af00000, 0x000000078ce00000, 0x00000007c0000000)
  eden space 369664K, 0% used [0x000000076af00000,0x000000076af00000,0x0000000781800000)
  from space 43520K, 54% used [0x0000000781800000,0x0000000782f108d8,0x0000000784280000)
  to   space 43520K, 0% used [0x000000078a380000,0x000000078a380000,0x000000078ce00000)
 ParOldGen       total 249344K, used 102314K [0x00000006c0c00000, 0x00000006cff80000, 0x000000076af00000)
  object space 249344K, 41% used [0x00000006c0c00000,0x00000006c6fea808,0x00000006cff80000)
 Metaspace       used 36214K, capacity 36469K, committed 36952K, reserved 1081344K
  class space    used 4283K, capacity 4383K, committed 4440K, reserved 1048576K
}
Event: 17.968 GC heap before
{Heap before GC invocations=27 (full 3):
 PSYoungGen      total 413184K, used 393282K [0x000000076af00000, 0x000000078ce00000, 0x00000007c0000000)
  eden space 369664K, 100% used [0x000000076af00000,0x0000000781800000,0x0000000781800000)
  from space 43520K, 54% used [0x0000000781800000,0x0000000782f108d8,0x0000000784280000)
  to   space 43520K, 0% used [0x000000078a380000,0x000000078a380000,0x000000078ce00000)
 ParOldGen       total 249344K, used 102314K [0x00000006c0c00000, 0x00000006cff80000, 0x000000076af00000)
  object space 249344K, 41% used [0x00000006c0c00000,0x00000006c6fea808,0x00000006cff80000)
 Metaspace       used 41400K, capacity 41665K, committed 42200K, reserved 1085440K
  class space    used 5408K, capacity 5472K, committed 5592K, reserved 1048576K
Event: 17.986 GC heap after
Heap after GC invocations=27 (full 3):
 PSYoungGen      total 507904K, used 35943K [0x000000076af00000, 0x000000078d800000, 0x00000007c0000000)
  eden space 464384K, 0% used [0x000000076af00000,0x000000076af00000,0x0000000787480000)
  from space 43520K, 82% used [0x000000078a380000,0x000000078c699ec8,0x000000078ce00000)
  to   space 48128K, 0% used [0x0000000787480000,0x0000000787480000,0x000000078a380000)
 ParOldGen       total 249344K, used 104771K [0x00000006c0c00000, 0x00000006cff80000, 0x000000076af00000)
  object space 249344K, 42% used [0x00000006c0c00000,0x00000006c7250e90,0x00000006cff80000)
 Metaspace       used 41400K, capacity 41665K, committed 42200K, reserved 1085440K
  class space    used 5408K, capacity 5472K, committed 5592K, reserved 1048576K
}

Deoptimization events (10 events):
Event: 18.230 Thread 0x0000000002b26000 Uncommon trap: reason=unstable_if action=reinterpret pc=0x0000000003af0ae8 method=net.minecraft.client.renderer.texture.Stitcher$Holder.getWidth()I @ 4
Event: 18.230 Thread 0x0000000002b26000 Uncommon trap: reason=unstable_if action=reinterpret pc=0x0000000003af5028 method=net.minecraft.client.renderer.texture.Stitcher$Holder.getHeight()I @ 4
Event: 18.289 Thread 0x0000000002b26000 Uncommon trap: reason=class_check action=maybe_recompile pc=0x0000000003a244c4 method=java.awt.image.BufferedImage.getRGB(IIII[III)[I @ 202
Event: 18.290 Thread 0x0000000002b26000 Uncommon trap: reason=class_check action=maybe_recompile pc=0x0000000003a244c4 method=java.awt.image.BufferedImage.getRGB(IIII[III)[I @ 202
Event: 18.291 Thread 0x0000000002b26000 Uncommon trap: reason=class_check action=maybe_recompile pc=0x0000000003a244c4 method=java.awt.image.BufferedImage.getRGB(IIII[III)[I @ 202
Event: 18.292 Thread 0x0000000002b26000 Uncommon trap: reason=class_check action=maybe_recompile pc=0x0000000003a244c4 method=java.awt.image.BufferedImage.getRGB(IIII[III)[I @ 202
Event: 18.292 Thread 0x0000000002b26000 Uncommon trap: reason=class_check action=maybe_recompile pc=0x0000000003245360 method=java.awt.image.BufferedImage.getRGB(IIII[III)[I @ 202
Event: 18.364 Thread 0x0000000002b26000 Uncommon trap: reason=unstable_if action=reinterpret pc=0x0000000003a679e0 method=sun.awt.image.ByteInterleavedRaster.setDataElements(IIIIIILjava/awt/image/Raster;)V @ 54
Event: 18.364 Thread 0x0000000002b26000 Uncommon trap: reason=unstable_if action=reinterpret pc=0x0000000003a513dc method=sun.awt.image.ByteInterleavedRaster.setDataElements(IIIIIILjava/awt/image/Raster;)V @ 54
Event: 18.381 Thread 0x0000000002b26000 Uncommon trap: reason=unstable_if action=reinterpret pc=0x0000000003b02884 method=net.minecraft.client.renderer.texture.TextureUtil.generateMipmapData(II[[I)[[I @ 14

Classes redefined (0 events):
No events

Internal exceptions (10 events):
Event: 18.832 Thread 0x0000000048ab7000 Exception <a 'org/lwjgl/LWJGLException'> (0x000000077ab3a970) thrown at [c:/openjdk/jdk8u/hotspot\src\share\vm\prims\jni.cpp, line 709]
Event: 18.832 Thread 0x0000000048ab7000 Exception <a 'org/lwjgl/LWJGLException'> (0x000000077ab3aeb8) thrown at [c:/openjdk/jdk8u/hotspot\src\share\vm\prims\jni.cpp, line 709]
Event: 18.832 Thread 0x0000000048ab7000 Exception <a 'org/lwjgl/LWJGLException'> (0x000000077ab3b468) thrown at [c:/openjdk/jdk8u/hotspot\src\share\vm\prims\jni.cpp, line 709]
Event: 18.832 Thread 0x0000000048ab7000 Exception <a 'org/lwjgl/LWJGLException'> (0x000000077ab3ba60) thrown at [c:/openjdk/jdk8u/hotspot\src\share\vm\prims\jni.cpp, line 709]
Event: 18.832 Thread 0x0000000048ab7000 Exception <a 'org/lwjgl/LWJGLException'> (0x000000077ab3bf80) thrown at [c:/openjdk/jdk8u/hotspot\src\share\vm\prims\jni.cpp, line 709]
Event: 18.833 Thread 0x0000000048ab7000 Exception <a 'org/lwjgl/LWJGLException'> (0x000000077ab3c4c8) thrown at [c:/openjdk/jdk8u/hotspot\src\share\vm\prims\jni.cpp, line 709]
Event: 18.833 Thread 0x0000000048ab7000 Exception <a 'org/lwjgl/LWJGLException'> (0x000000077ab3c990) thrown at [c:/openjdk/jdk8u/hotspot\src\share\vm\prims\jni.cpp, line 709]
Event: 18.833 Thread 0x0000000048ab7000 Exception <a 'org/lwjgl/LWJGLException'> (0x000000077ab3cfe8) thrown at [c:/openjdk/jdk8u/hotspot\src\share\vm\prims\jni.cpp, line 709]
Event: 18.833 Thread 0x0000000048ab7000 Exception <a 'org/lwjgl/LWJGLException'> (0x000000077ab3d5f8) thrown at [c:/openjdk/jdk8u/hotspot\src\share\vm\prims\jni.cpp, line 709]
Event: 18.835 Thread 0x0000000048ab7000 Exception <a 'org/lwjgl/LWJGLException'> (0x000000077ab3dbe0) thrown at [c:/openjdk/jdk8u/hotspot\src\share\vm\prims\jni.cpp, line 709]

Events (10 events):
Event: 18.615 Executing VM operation: RevokeBias done
Event: 18.616 Executing VM operation: RevokeBias
Event: 18.616 Executing VM operation: RevokeBias done
Event: 18.622 Executing VM operation: RevokeBias
Event: 18.622 Executing VM operation: RevokeBias done
Event: 18.625 Thread 0x0000000048ab3000 Thread added: 0x0000000048ab3000
Event: 18.626 Thread 0x0000000048ab7000 Thread added: 0x0000000048ab7000
Event: 18.826 Executing VM operation: RevokeBias
Event: 18.826 Executing VM operation: RevokeBias done
Event: 18.827 Thread 0x0000000048ab4000 Thread added: 0x0000000048ab4000


Dynamic libraries:
0x00007ff71ab40000 - 0x00007ff71ab76000 	F:\opjdk\bin\java.exe
0x00007ffd86a30000 - 0x00007ffd86c28000 	C:\WINDOWS\SYSTEM32\ntdll.dll
0x00007ffd85d70000 - 0x00007ffd85e2d000 	C:\WINDOWS\System32\KERNEL32.DLL
0x00007ffd84730000 - 0x00007ffd84a26000 	C:\WINDOWS\System32\KERNELBASE.dll
0x00007ffd84fa0000 - 0x00007ffd85050000 	C:\WINDOWS\System32\ADVAPI32.dll
0x00007ffd84f00000 - 0x00007ffd84f9e000 	C:\WINDOWS\System32\msvcrt.dll
0x00007ffd84b80000 - 0x00007ffd84c20000 	C:\WINDOWS\System32\sechost.dll
0x00007ffd85f00000 - 0x00007ffd86023000 	C:\WINDOWS\System32\RPCRT4.dll
0x00007ffd84510000 - 0x00007ffd84537000 	C:\WINDOWS\System32\bcrypt.dll
0x00007ffd84d00000 - 0x00007ffd84e9f000 	C:\WINDOWS\System32\USER32.dll
0x00007ffd84a30000 - 0x00007ffd84a52000 	C:\WINDOWS\System32\win32u.dll
0x00007ffd850b0000 - 0x00007ffd850db000 	C:\WINDOWS\System32\GDI32.dll
0x00007ffd842f0000 - 0x00007ffd84407000 	C:\WINDOWS\System32\gdi32full.dll
0x00007ffd841a0000 - 0x00007ffd8423d000 	C:\WINDOWS\System32\msvcp_win.dll
0x00007ffd84410000 - 0x00007ffd84510000 	C:\WINDOWS\System32\ucrtbase.dll
0x00007ffd71db0000 - 0x00007ffd7204a000 	C:\WINDOWS\WinSxS\amd64_microsoft.windows.common-controls_6595b64144ccf1df_6.0.19041.4355_none_60b8b9eb71f62e16\COMCTL32.dll
0x00007ffd84a70000 - 0x00007ffd84aa2000 	C:\WINDOWS\System32\IMM32.DLL
0x000000006d7d0000 - 0x000000006d8a1000 	F:\opjdk\jre\bin\msvcr100.dll
0x000000006b430000 - 0x000000006bcc8000 	F:\opjdk\jre\bin\server\jvm.dll
0x00007ffd84a60000 - 0x00007ffd84a68000 	C:\WINDOWS\System32\PSAPI.DLL
0x00007ffd7d5c0000 - 0x00007ffd7d5c9000 	C:\WINDOWS\SYSTEM32\WSOCK32.dll
0x00007ffd7b0e0000 - 0x00007ffd7b107000 	C:\WINDOWS\SYSTEM32\WINMM.dll
0x00007ffd7e8d0000 - 0x00007ffd7e8da000 	C:\WINDOWS\SYSTEM32\VERSION.dll
0x00007ffd85650000 - 0x00007ffd856bb000 	C:\WINDOWS\System32\WS2_32.dll
0x00007ffd5dee0000 - 0x00007ffd5deef000 	F:\opjdk\jre\bin\verify.dll
0x00007ffd511d0000 - 0x00007ffd511f9000 	F:\opjdk\jre\bin\java.dll
0x00007ffd511b0000 - 0x00007ffd511c7000 	F:\opjdk\jre\bin\zip.dll
0x00007ffd86280000 - 0x00007ffd869eb000 	C:\WINDOWS\System32\SHELL32.dll
0x00007ffd82180000 - 0x00007ffd8291d000 	C:\WINDOWS\SYSTEM32\windows.storage.dll
0x00007ffd85a10000 - 0x00007ffd85d63000 	C:\WINDOWS\System32\combase.dll
0x00007ffd83b00000 - 0x00007ffd83b2e000 	C:\WINDOWS\SYSTEM32\Wldp.dll
0x00007ffd85e30000 - 0x00007ffd85efd000 	C:\WINDOWS\System32\OLEAUT32.dll
0x00007ffd85900000 - 0x00007ffd859ad000 	C:\WINDOWS\System32\SHCORE.dll
0x00007ffd85050000 - 0x00007ffd850a5000 	C:\WINDOWS\System32\shlwapi.dll
0x00007ffd84010000 - 0x00007ffd84034000 	C:\WINDOWS\SYSTEM32\profapi.dll
0x00007ffd7f7d0000 - 0x00007ffd7f7dd000 	F:\opjdk\jre\bin\management.dll
0x00007ffd68430000 - 0x00007ffd6844b000 	F:\opjdk\jre\bin\net.dll
0x00007ffd83860000 - 0x00007ffd838ca000 	C:\WINDOWS\system32\mswsock.dll
0x00007ffd5d520000 - 0x00007ffd5d531000 	F:\opjdk\jre\bin\nio.dll
0x00007ffd5cdc0000 - 0x00007ffd5cdd7000 	C:\WINDOWS\system32\napinsp.dll
0x00007ffd5c970000 - 0x00007ffd5c98b000 	C:\WINDOWS\system32\pnrpnsp.dll
0x00007ffd5c950000 - 0x00007ffd5c965000 	C:\WINDOWS\system32\wshbth.dll
0x00007ffd7f730000 - 0x00007ffd7f74d000 	C:\WINDOWS\system32\NLAapi.dll
0x00007ffd834f0000 - 0x00007ffd8352b000 	C:\WINDOWS\SYSTEM32\IPHLPAPI.DLL
0x00007ffd83540000 - 0x00007ffd8360b000 	C:\WINDOWS\SYSTEM32\DNSAPI.dll
0x00007ffd850f0000 - 0x00007ffd850f8000 	C:\WINDOWS\System32\NSI.dll
0x00007ffd5c930000 - 0x00007ffd5c942000 	C:\WINDOWS\System32\winrnr.dll
0x00007ffd7dc30000 - 0x00007ffd7dc3a000 	C:\Windows\System32\rasadhlp.dll
0x00007ffd7dd80000 - 0x00007ffd7de00000 	C:\WINDOWS\System32\fwpuclnt.dll
0x0000000180000000 - 0x0000000180051000 	C:\Users\קיסקוזי\.gradle\caches\minecraft\net\minecraft\minecraft_natives\1.7.10\lwjgl64.dll
0x00007ffd4bb90000 - 0x00007ffd4bcb5000 	C:\WINDOWS\SYSTEM32\OPENGL32.dll
0x00007ffd69cf0000 - 0x00007ffd69d1c000 	C:\WINDOWS\SYSTEM32\GLU32.dll
0x00007ffd83a60000 - 0x00007ffd83a78000 	C:\WINDOWS\SYSTEM32\CRYPTSP.dll
0x00007ffd83110000 - 0x00007ffd83144000 	C:\WINDOWS\system32\rsaenh.dll
0x00007ffd83f80000 - 0x00007ffd83fae000 	C:\WINDOWS\SYSTEM32\USERENV.dll
0x00007ffd84540000 - 0x00007ffd845c2000 	C:\WINDOWS\System32\bcryptprimitives.dll
0x00007ffd83a50000 - 0x00007ffd83a5c000 	C:\WINDOWS\SYSTEM32\CRYPTBASE.dll
0x00007ffd7f530000 - 0x00007ffd7f547000 	C:\WINDOWS\SYSTEM32\dhcpcsvc6.DLL
0x00007ffd7f510000 - 0x00007ffd7f52d000 	C:\WINDOWS\SYSTEM32\dhcpcsvc.DLL
0x00007ffd48b40000 - 0x00007ffd48cd9000 	F:\opjdk\jre\bin\awt.dll
0x00007ffd812a0000 - 0x00007ffd81330000 	C:\WINDOWS\SYSTEM32\apphelp.dll
0x00007ffd775b0000 - 0x00007ffd7765e000 	C:\WINDOWS\SYSTEM32\mscms.dll
0x00007ffd77590000 - 0x00007ffd775a1000 	C:\WINDOWS\SYSTEM32\ColorAdapterClient.dll
0x00007ffd81f80000 - 0x00007ffd81f92000 	C:\WINDOWS\SYSTEM32\kernel.appcore.dll
0x00007ffd81a90000 - 0x00007ffd81b2e000 	C:\WINDOWS\system32\uxtheme.dll
0x00007ffd86160000 - 0x00007ffd86274000 	C:\WINDOWS\System32\MSCTF.dll
0x00007ffd84ad0000 - 0x00007ffd84b79000 	C:\WINDOWS\System32\clbcatq.dll
0x00007ffd07160000 - 0x00007ffd09d50000 	C:\WINDOWS\System32\DriverStore\FileRepository\nvleig.inf_amd64_92cb6cb02101f4e9\nvoglv64.dll
0x00007ffd85100000 - 0x00007ffd8556e000 	C:\WINDOWS\System32\SETUPAPI.dll
0x00007ffd84150000 - 0x00007ffd8419e000 	C:\WINDOWS\System32\cfgmgr32.dll
0x00007ffd86030000 - 0x00007ffd8615b000 	C:\WINDOWS\System32\ole32.dll
0x00007ffd813e0000 - 0x00007ffd813f4000 	C:\WINDOWS\SYSTEM32\WTSAPI32.dll
0x00007ffd83c90000 - 0x00007ffd83ca2000 	C:\WINDOWS\SYSTEM32\msasn1.dll
0x00007ffd7e890000 - 0x00007ffd7e8c1000 	C:\WINDOWS\SYSTEM32\cryptnet.dll
0x00007ffd845d0000 - 0x00007ffd8472e000 	C:\WINDOWS\System32\CRYPT32.dll
0x00007ffd7e6c0000 - 0x00007ffd7e807000 	C:\WINDOWS\SYSTEM32\drvstore.dll
0x00007ffd83e60000 - 0x00007ffd83e93000 	C:\WINDOWS\SYSTEM32\devobj.dll
0x00007ffd840e0000 - 0x00007ffd84147000 	C:\WINDOWS\System32\wintrust.dll
0x00007ffd84ab0000 - 0x00007ffd84acd000 	C:\WINDOWS\System32\imagehlp.dll
0x00007ffd82930000 - 0x00007ffd82953000 	C:\WINDOWS\SYSTEM32\gpapi.dll
0x00007ffd726a0000 - 0x00007ffd7488e000 	C:\WINDOWS\System32\DriverStore\FileRepository\nvleig.inf_amd64_92cb6cb02101f4e9\nvgpucomp64.dll
0x00007ffd83230000 - 0x00007ffd83263000 	C:\WINDOWS\SYSTEM32\ntmarta.dll
0x00007ffd756b0000 - 0x00007ffd756eb000 	C:\WINDOWS\SYSTEM32\dxcore.dll
0x00007ffd81da0000 - 0x00007ffd81dcf000 	C:\WINDOWS\SYSTEM32\dwmapi.dll
0x00007ffd77900000 - 0x00007ffd779f9000 	C:\WINDOWS\SYSTEM32\textinputframework.dll
0x00007ffd80ca0000 - 0x00007ffd80ffb000 	C:\WINDOWS\System32\CoreUIComponents.dll
0x00007ffd81000000 - 0x00007ffd810f2000 	C:\WINDOWS\System32\CoreMessaging.dll
0x00007ffd7f930000 - 0x00007ffd7fa87000 	C:\WINDOWS\SYSTEM32\wintypes.dll
0x00007ffd3e070000 - 0x00007ffd3e0b3000 	C:\WINDOWS\SYSTEM32\icm32.dll
0x00007ffd83610000 - 0x00007ffd8365b000 	C:\WINDOWS\SYSTEM32\powrprof.dll
0x00007ffd834d0000 - 0x00007ffd834e2000 	C:\WINDOWS\SYSTEM32\UMPDC.dll
0x00007ffd82d90000 - 0x00007ffd82deb000 	C:\WINDOWS\SYSTEM32\WINSTA.dll
0x0000000070a40000 - 0x0000000070adc000 	C:\Users\קיסקוזי\.gradle\caches\minecraft\net\minecraft\minecraft_natives\1.7.10\avutil-ttv-51.dll
0x0000000065980000 - 0x00000000659d6000 	C:\Users\קיסקוזי\.gradle\caches\minecraft\net\minecraft\minecraft_natives\1.7.10\swresample-ttv-0.dll
0x000000006eb80000 - 0x000000006ec50000 	C:\Users\קיסקוזי\.gradle\caches\minecraft\net\minecraft\minecraft_natives\1.7.10\libmp3lame-ttv.dll
0x00007ffcc2800000 - 0x00007ffcc3ba4000 	C:\Users\קיסקוזי\.gradle\caches\minecraft\net\minecraft\minecraft_natives\1.7.10\libmfxsw64.dll
0x00007ffd53c20000 - 0x00007ffd53d4b000 	C:\Users\קיסקוזי\.gradle\caches\minecraft\net\minecraft\minecraft_natives\1.7.10\twitchsdk.dll
0x00007ffd69360000 - 0x00007ffd69836000 	C:\WINDOWS\SYSTEM32\WININET.dll
0x0000000026a80000 - 0x0000000026ae4000 	C:\Users\קיסקוזי\.gradle\caches\minecraft\net\minecraft\minecraft_natives\1.7.10\OpenAL64.dll
0x00007ffd7ee30000 - 0x00007ffd7eeb5000 	C:\WINDOWS\System32\MMDevApi.dll
0x00007ffd16820000 - 0x00007ffd168bc000 	C:\WINDOWS\SYSTEM32\dsound.dll
0x00007ffd40c90000 - 0x00007ffd40cb6000 	C:\WINDOWS\SYSTEM32\winmmbase.dll
0x00007ffd7ef00000 - 0x00007ffd7f081000 	C:\WINDOWS\SYSTEM32\AUDIOSES.DLL
0x00007ffd81b80000 - 0x00007ffd81b94000 	C:\WINDOWS\SYSTEM32\resourcepolicyclient.dll
0x00007ffd7da40000 - 0x00007ffd7dc24000 	C:\WINDOWS\SYSTEM32\dbghelp.dll

VM Arguments:
jvm_args: -Dfile.encoding=windows-1255 -Duser.country=US -Duser.language=en -Duser.variant 
java_command: GradleStart
java_class_path (initial): F:\Minecraft DBCA Addon\DBCA\Minecraft moddding\DBCA\libs\DragonBlockC-v1.4.85-deobf.jar;F:\Minecraft DBCA Addon\DBCA\Minecraft moddding\DBCA\libs\JBRA-Client-v1.6.52-deobf.jar;F:\Minecraft DBCA Addon\DBCA\Minecraft moddding\DBCA\libs\JRMCore-v1.3.51-deobf.jar;C:\Users\קיסקוזי\.gradle\caches\minecraft\net\minecraftforge\forge\1.7.10-10.13.4.1614-1.7.10\start;C:\Users\קיסקוזי\.gradle\caches\minecraft\net\minecraftforge\forge\1.7.10-10.13.4.1614-1.7.10\forgeSrc-1.7.10-10.13.4.1614-1.7.10.jar;C:\Users\קיסקוזי\.gradle\caches\modules-2\files-2.1\net.minecraft\launchwrapper\1.12\111e7bea9c968cdb3d06ef4632bf7ff0824d0f36\launchwrapper-1.12.jar;C:\Users\קיסקוזי\.gradle\caches\modules-2\files-2.1\com.google.code.findbugs\jsr305\1.3.9\40719ea6961c0cb6afaeb6a921eaa1f6afd4cfdf\jsr305-1.3.9.jar;C:\Users\קיסקוזי\.gradle\caches\modules-2\files-2.1\org.ow2.asm\asm-debug-all\5.0.3\f9e364ae2a66ce2a543012a4668856e84e5dab74\asm-debug-all-5.0.3.jar;C:\Users\קיסקוזי\.gradle\caches\modules-2\files-2.1\com.typesafe.akka\akka-actor_2.11\2.3.3\ed62e9fc709ca0f2ff1a3220daa8b70a2870078e\akka-actor_2.11-2.3.3.jar;C:\Users\קיסקוזי\.gradle\caches\modules-2\files-2.1\com.typesafe\config\1.2.1\f771f71fdae3df231bcd54d5ca2d57f0bf93f467\config-1.2.1.jar;C:\Users\קיסקוזי\.gradle\caches\modules-2\files-2.1\org.scala-lang\scala-actors-migration_2.11\1.1.0\dfa8bc42b181d5b9f1a5dd147f8ae308b893eb6f\scala-actors-migration_2.11-1.1.0.jar;C:\Users\קיסקוזי\.gradle\caches\modules-2\files-2.1\org.scala-lang\scala-compiler\2.11.1\56ea2e6c025e0821f28d73ca271218b8dd04926a\scala-compiler-2.11.1.jar;C:\Users\קיסקוזי\.gradle\caches\modules-2\files-2.1\org.scala-lang.plugins\scala-continuations-library_2.11\1.0.2\e517c53a7e9acd6b1668c5a35eccbaa3bab9aac\scala-continuations-library_2.11-1.0.2.jar;C:\Users\קיסקוזי\.gradle\caches\modules-2\files-2.1\org.scala-lang.plugins\scala-continuations-plugin_2.11.1\1.0.2\f361a3283452c57fa30c1ee69448995de23c60f7\scala-continuations-plugin_2.11.1-1.0.2.jar;C:
Launcher Type: SUN_STANDARD

Environment Variables:
JAVA_HOME=C:\Program Files\OpenLogic\jdk-8.0.402.06-hotspot\
PATH=C:\Program Files\OpenLogic\jdk-8.0.402.06-hotspot\bin;F:\opendjdk17\bin;F:\openjdk\bin;F:\opjdk\bin;C:\Program Files\OpenLogic\jdk-17.0.9.9-hotspot\bin;F:\Plastic SCM\server;F:\Plastic SCM\client;C:\Python310\Scripts\;C:\Python310\;F:\devkitPro\msys2\usr\bin;F:\Oculus\Support\oculus-runtime;F:\apache-maven-3.8.4\bin;C:\Program Files\Docker\Docker\resources\bin;C:\ProgramData\DockerDesktop\version-bin;C:\Users\קיסקוזי\AppData\Local\Programs\Python\Python310\Scripts\;C:\Program Files (x86)\NVIDIA Corporation\PhysX\Common;C:\Program Files\dotnet\;C:\Program Files\Git\cmd;C:\Program Files (x86)\gsudo\;F:\Node.js\;C:\ProgramData\chocolatey\bin;C:\Program Files\Microsoft SQL Server\Client SDK\ODBC\170\Tools\Binn\;C:\Program Files (x86)\Microsoft SQL Server\150\Tools\Binn\;C:\Program Files\Microsoft SQL Server\150\Tools\Binn\;C:\Program Files\Microsoft SQL Server\150\DTS\Binn\;C:\Program Files\CMake\bin;F:\SFML\SFML-2.5.1\bin;F:\meta\metasploit-framework\bin\;C:\Users\קיסקוזי\AppData\Local\Programs\Python\Python37\Scripts\;C:\Users\קיסקוזי\AppData\Local\Programs\Python\Python37\;C:\Program Files\MySQL\MySQL Shell 8.0\bin\;C:\Users\קיסקוזי\AppData\Local\Programs\Python\Python310\Scripts\;C:\Users\קיסקוזי\AppData\Local\Programs\Python\Python310\;C:\Users\קיסקוזי\AppData\Local\Microsoft\WindowsApps;C:\Users\קיסקוזי\.dotnet\tools;C:\Users\קיסקוזי\AppData\Local\GitHubDesktop\bin;F:\Microsoft VS Code\bin;C:\Users\קיסקוזי\AppData\Roaming\npm;C:\Users\קיסקוזי\AppData\Local\Programs\ExifTool;F:\msys2\mingw64\bin;F:\Chromuim\chromedriver.exe;F:\Nmap;F:\Intelji23\IntelliJ IDEA Community Edition 2023.3.2\bin;;C:\Users\קיסקוזי\AppData\Local\Programs\Filestar;C:\Users\קיסקוזי\AppData\Roaming\Filestar\aliases
USERNAME=קיסקוזי
OS=Windows_NT
PROCESSOR_IDENTIFIER=Intel64 Family 6 Model 94 Stepping 3, GenuineIntel



---------------  S Y S T E M  ---------------

OS: Windows 10 , 64 bit Build 19041 (10.0.19041.3636)

CPU:total 8 (initial active 8) (4 cores per cpu, 2 threads per core) family 6 model 94 stepping 3, cmov, cx8, fxsr, mmx, sse, sse2, sse3, ssse3, sse4.1, sse4.2, popcnt, avx, avx2, aes, clmul, erms, rtm, 3dnowpref, lzcnt, ht, tsc, tscinvbit, bmi1, bmi2, adx

Memory: 4k page, physical 16723604k(5066348k free), swap 25636500k(7580560k free)

vm_info: OpenJDK 64-Bit Server VM (25.392-b08) for windows-amd64 JRE (1.8.0_392-392-b08), built on Oct 18 2023 07:33:07 by "Administrator" with MS VC++ 10.0 (VS2010)

time: Sat Jun 29 16:36:20 2024
timezone: Jerusalem Daylight Time
elapsed time: 18.967475 seconds (0d 0h 0m 18s)

