#
# A fatal error has been detected by the Java Runtime Environment:
#
#  EXCEPTION_ACCESS_VIOLATION (0xc0000005) at pc=0x0000000025571066, pid=404, tid=0x0000000000003748
#
# JRE version: OpenJDK Runtime Environment (8.0_392-b08) (build 1.8.0_392-392-b08)
# Java VM: OpenJDK 64-Bit Server VM (25.392-b08 mixed mode windows-amd64 compressed oops)
# Problematic frame:
# C  [OpenAL64.dll+0x11066]
#
# Failed to write core dump. Minidumps are not enabled by default on client versions of Windows
#
# If you would like to submit a bug report, please visit:
#   http://bugreport.java.com/bugreport/crash.jsp
# The crash happened outside the Java Virtual Machine in native code.
# See problematic frame for where to report the bug.
#

---------------  T H R E A D  ---------------

Current thread (0x0000000024db2800):  JavaThread "Thread-10" [_thread_in_native, id=14152, stack(0x0000000049fe0000,0x000000004a0e0000)]

siginfo: ExceptionCode=0xc0000005, reading address 0x0000000023da4004

Registers:
RAX=0x0000000000000004, RBX=0x000000004a310090, RCX=0x0000000023da4008, RDX=0x0000000023da4004
RSP=0x000000004a0dec30, RBP=0x00000000000000ff, RSI=0x0000000023da3d3c, RDI=0x0000000000000000
R8 =0x00000000000000b2, R9 =0x0000000023da3d3c, R10=0x00000000034189db, R11=0x000000006b647000
R12=0x0000000000000001, R13=0x0000000049ec1788, R14=0x000000004a0dedc8, R15=0x0000000024db2800
RIP=0x0000000025571066, EFLAGS=0x0000000000010202

Top of Stack: (sp=0x000000004a0dec30)
0x000000004a0dec30:   000000004a0dec70 000000001c711178
0x000000004a0dec40:   0000000000000000 000000004a0dedc8
0x000000004a0dec50:   0000000000000000 0000000000000000
0x000000004a0dec60:   0000000024db2800 0000000023da3390
0x000000004a0dec70:   0000000049ec1788 0000000024db2800
0x000000004a0dec80:   0000000038f0b6b0 000000006b4cc4f6
0x000000004a0dec90:   000000004a0df448 0000000022e00f70
0x000000004a0deca0:   0000000024db2800 000000004a0dedc8
0x000000004a0decb0:   0000000049ec1788 0000000000000000
0x000000004a0decc0:   0000000023da3d3c 0000000023da3d3c
0x000000004a0decd0:   000000004a0ded90 000000002557248f
0x000000004a0dece0:   000000004a310090 000000004a310090
0x000000004a0decf0:   000000000000ac44 0000000000000004
0x000000004a0ded00:   00000006c0c186b0 0000000003418a07
0x000000004a0ded10:   0000000049ec1788 0000000780093878
0x000000004a0ded20:   000000004a0ded20 0000000049ec4599 

Instructions: (pc=0x0000000025571066)
0x0000000025571046:   41 2b ec 81 3a 03 00 02 00 75 09 8b 01 89 84 24
0x0000000025571056:   c8 00 00 00 49 83 c0 02 48 83 c1 08 4a 8d 14 86
0x0000000025571066:   39 3a 75 af 4c 8d 84 24 c0 00 00 00 48 8d 15 d7
0x0000000025571076:   2b 03 00 33 c9 e8 58 5f 00 00 b8 40 1f 00 00 4c 


Register to memory mapping:

RAX=0x0000000000000004 is an unknown value
RBX=0x000000004a310090 is an unknown value
RCX=0x0000000023da4008 is an unknown value
RDX=0x0000000023da4004 is an unknown value
RSP=0x000000004a0dec30 is pointing into the stack for thread: 0x0000000024db2800
RBP=0x00000000000000ff is an unknown value
RSI=0x0000000023da3d3c is an unknown value
RDI=0x0000000000000000 is an unknown value
R8 =0x00000000000000b2 is an unknown value
R9 =0x0000000023da3d3c is an unknown value
R10=0x00000000034189db is at code_begin+891 in an Interpreter codelet
method entry point (kind = native)  [0x0000000003418660, 0x0000000003419040]  2528 bytes
R11=0x000000006b647000 is an unknown value
R12=0x0000000000000001 is an unknown value
R13={method} {0x0000000049ec1790} 'nalcCreateContext' '(JJ)J' in 'org/lwjgl/openal/ALC10'
R14=0x000000004a0dedc8 is pointing into the stack for thread: 0x0000000024db2800
R15=0x0000000024db2800 is a thread


Stack: [0x0000000049fe0000,0x000000004a0e0000],  sp=0x000000004a0dec30,  free space=1019k
Native frames: (J=compiled Java code, j=interpreted, Vv=VM code, C=native code)
C  [OpenAL64.dll+0x11066]
C  [OpenAL64.dll+0x1248f]
C  0x0000000003418a07

Java frames: (J=compiled Java code, j=interpreted, Vv=VM code)
j  org.lwjgl.openal.ALC10.nalcCreateContext(JJ)J+0
j  org.lwjgl.openal.ALC10.alcCreateContext(Lorg/lwjgl/openal/ALCdevice;Ljava/nio/IntBuffer;)Lorg/lwjgl/openal/ALCcontext;+8
j  org.lwjgl.openal.AL.init(Ljava/lang/String;IIZZ)V+69
j  org.lwjgl.openal.AL.create(Ljava/lang/String;IIZZ)V+227
j  org.lwjgl.openal.AL.create(Ljava/lang/String;IIZ)V+5
j  org.lwjgl.openal.AL.create()V+6
j  paulscode.sound.libraries.LibraryLWJGLOpenAL.init()V+2
j  paulscode.sound.SoundSystem.CommandNewLibrary(Ljava/lang/Class;)V+273
j  paulscode.sound.SoundSystem.CommandQueue(Lpaulscode/sound/CommandObject;)Z+1206
j  paulscode.sound.CommandThread.run()V+51
v  ~StubRoutines::call_stub

---------------  P R O C E S S  ---------------

Java Threads: ( => current thread )
  0x0000000024db3000 JavaThread "Thread-11" [_thread_blocked, id=5944, stack(0x000000004a0e0000,0x000000004a1e0000)]
=>0x0000000024db2800 JavaThread "Thread-10" [_thread_in_native, id=14152, stack(0x0000000049fe0000,0x000000004a0e0000)]
  0x0000000024daf800 JavaThread "Sound Library Loader" [_thread_blocked, id=14508, stack(0x0000000049be0000,0x0000000049ce0000)]
  0x00000000202cf800 JavaThread "Keep-Alive-Timer" daemon [_thread_blocked, id=10136, stack(0x0000000049ce0000,0x0000000049de0000)]
  0x00000000202ee800 JavaThread "LWJGL Timer" daemon [_thread_blocked, id=9112, stack(0x0000000032a50000,0x0000000032b50000)]
  0x0000000020604800 JavaThread "Thread-6" [_thread_blocked, id=4436, stack(0x000000002fde0000,0x000000002fee0000)]
  0x0000000025399800 JavaThread "Java2D Disposer" daemon [_thread_blocked, id=4460, stack(0x0000000025460000,0x0000000025560000)]
  0x00000000221f9800 JavaThread "Timer hack thread" daemon [_thread_blocked, id=13768, stack(0x00000000255d0000,0x00000000256d0000)]
  0x0000000020f12000 JavaThread "Snooper Timer" daemon [_thread_blocked, id=15684, stack(0x0000000022ba0000,0x0000000022ca0000)]
  0x000000001ed93000 JavaThread "Service Thread" daemon [_thread_blocked, id=4240, stack(0x000000001f980000,0x000000001fa80000)]
  0x000000001ed12000 JavaThread "C1 CompilerThread3" daemon [_thread_blocked, id=11728, stack(0x000000001f880000,0x000000001f980000)]
  0x000000001ed0e000 JavaThread "C2 CompilerThread2" daemon [_thread_blocked, id=1444, stack(0x000000001f780000,0x000000001f880000)]
  0x000000001ed09000 JavaThread "C2 CompilerThread1" daemon [_thread_in_native, id=3816, stack(0x000000001f680000,0x000000001f780000)]
  0x000000001ed0d000 JavaThread "C2 CompilerThread0" daemon [_thread_blocked, id=8384, stack(0x000000001f580000,0x000000001f680000)]
  0x000000001ecfe800 JavaThread "Attach Listener" daemon [_thread_blocked, id=15312, stack(0x000000001f480000,0x000000001f580000)]
  0x000000001eca6800 JavaThread "Signal Dispatcher" daemon [_thread_blocked, id=12820, stack(0x000000001f380000,0x000000001f480000)]
  0x000000001eca0800 JavaThread "Finalizer" daemon [_thread_blocked, id=17536, stack(0x000000001f180000,0x000000001f280000)]
  0x00000000033fe000 JavaThread "Reference Handler" daemon [_thread_blocked, id=10468, stack(0x000000001f080000,0x000000001f180000)]
  0x0000000003306000 JavaThread "Client thread" [_thread_in_native, id=10816, stack(0x0000000003160000,0x0000000003260000)]

Other Threads:
  0x000000001cea9000 VMThread [stack: 0x000000001eb80000,0x000000001ec80000] [id=16368]
  0x000000001ed2c800 WatcherThread [stack: 0x000000001fa80000,0x000000001fb80000] [id=7340]

VM state:not at safepoint (normal execution)

VM Mutex/Monitor currently owned by a thread: None

heap address: 0x00000006c0c00000, size: 4084 MB, Compressed Oops mode: Zero based, Oop shift amount: 3
Narrow klass base: 0x0000000000000000, Narrow klass shift: 3
Compressed class space size: 1073741824 Address: 0x00000007c0000000

Heap:
 PSYoungGen      total 509952K, used 368659K [0x000000076af00000, 0x0000000792f00000, 0x00000007c0000000)
  eden space 457216K, 76% used [0x000000076af00000,0x0000000780597488,0x0000000786d80000)
  from space 52736K, 33% used [0x0000000786d80000,0x0000000787eedaa8,0x000000078a100000)
  to   space 49664K, 0% used [0x000000078fe80000,0x000000078fe80000,0x0000000792f00000)
 ParOldGen       total 267776K, used 138975K [0x00000006c0c00000, 0x00000006d1180000, 0x000000076af00000)
  object space 267776K, 51% used [0x00000006c0c00000,0x00000006c93b7d30,0x00000006d1180000)
 Metaspace       used 41675K, capacity 42017K, committed 42624K, reserved 1087488K
  class space    used 5408K, capacity 5504K, committed 5504K, reserved 1048576K

Card table byte_map: [0x00000000127c0000,0x0000000012fc0000] byte_map_base: 0x000000000f1ba000

Marking Bits: (ParMarkBitMap*) 0x000000006bc46440
 Begin Bits: [0x0000000013d20000, 0x0000000017cf0000)
 End Bits:   [0x0000000017cf0000, 0x000000001bcc0000)

Polling page: 0x0000000003000000

CodeCache: size=245760Kb used=16201Kb max_used=16201Kb free=229558Kb
 bounds [0x0000000003400000, 0x00000000043f0000, 0x0000000012400000]
 total_blobs=4938 nmethods=4186 adapters=661
 compilation: enabled

Compilation events (10 events):
Event: 18.711 Thread 0x000000001ed12000 5279       3       org.apache.logging.log4j.core.Logger$PrivateConfig::filter (87 bytes)
Event: 18.711 Thread 0x000000001ed12000 nmethod 5279 0x00000000043b12d0 code [0x00000000043b1480, 0x00000000043b1b18]
Event: 18.777 Thread 0x000000001ed12000 5280   !   3       net.minecraft.client.audio.SoundHandler::loadSoundResource (402 bytes)
Event: 18.781 Thread 0x000000001ed12000 nmethod 5280 0x00000000043d5c10 code [0x00000000043d6180, 0x00000000043d98d8]
Event: 18.781 Thread 0x000000001ed12000 5281       3       net.minecraft.util.RegistrySimple::containsKey (11 bytes)
Event: 18.781 Thread 0x000000001ed12000 nmethod 5281 0x00000000043b0e50 code [0x00000000043b0fc0, 0x00000000043b11e8]
Event: 18.781 Thread 0x000000001ed12000 5282       3       net.minecraft.client.audio.SoundEventAccessorComposite::<init> (45 bytes)
Event: 18.782 Thread 0x000000001ed12000 nmethod 5282 0x00000000043afdd0 code [0x00000000043affa0, 0x00000000043b0888]
Event: 18.782 Thread 0x000000001ed12000 5283       3       net.minecraft.client.audio.SoundRegistry::registerSound (10 bytes)
Event: 18.782 Thread 0x000000001ed12000 nmethod 5283 0x00000000043af950 code [0x00000000043afac0, 0x00000000043afce8]

GC Heap History (10 events):
Event: 13.576 GC heap before
{Heap before GC invocations=18 (full 3):
 PSYoungGen      total 337408K, used 326569K [0x000000076af00000, 0x0000000783980000, 0x00000007c0000000)
  eden space 283648K, 100% used [0x000000076af00000,0x000000077c400000,0x000000077c400000)
  from space 53760K, 79% used [0x000000077fd80000,0x000000078276a6a8,0x0000000783200000)
  to   space 58880K, 0% used [0x000000077c400000,0x000000077c400000,0x000000077fd80000)
 ParOldGen       total 267776K, used 107517K [0x00000006c0c00000, 0x00000006d1180000, 0x000000076af00000)
  object space 267776K, 40% used [0x00000006c0c00000,0x00000006c74ff568,0x00000006d1180000)
 Metaspace       used 28668K, capacity 28922K, committed 29184K, reserved 1075200K
  class space    used 3442K, capacity 3540K, committed 3584K, reserved 1048576K
Event: 13.597 GC heap after
Heap after GC invocations=18 (full 3):
 PSYoungGen      total 342528K, used 22282K [0x000000076af00000, 0x0000000789300000, 0x00000007c0000000)
  eden space 283648K, 0% used [0x000000076af00000,0x000000076af00000,0x000000077c400000)
  from space 58880K, 37% used [0x000000077c400000,0x000000077d9c2988,0x000000077fd80000)
  to   space 55296K, 0% used [0x0000000785d00000,0x0000000785d00000,0x0000000789300000)
 ParOldGen       total 267776K, used 113819K [0x00000006c0c00000, 0x00000006d1180000, 0x000000076af00000)
  object space 267776K, 42% used [0x00000006c0c00000,0x00000006c7b26ff0,0x00000006d1180000)
 Metaspace       used 28668K, capacity 28922K, committed 29184K, reserved 1075200K
  class space    used 3442K, capacity 3540K, committed 3584K, reserved 1048576K
}
Event: 15.802 GC heap before
{Heap before GC invocations=19 (full 3):
 PSYoungGen      total 342528K, used 305930K [0x000000076af00000, 0x0000000789300000, 0x00000007c0000000)
  eden space 283648K, 100% used [0x000000076af00000,0x000000077c400000,0x000000077c400000)
  from space 58880K, 37% used [0x000000077c400000,0x000000077d9c2988,0x000000077fd80000)
  to   space 55296K, 0% used [0x0000000785d00000,0x0000000785d00000,0x0000000789300000)
 ParOldGen       total 267776K, used 113819K [0x00000006c0c00000, 0x00000006d1180000, 0x000000076af00000)
  object space 267776K, 42% used [0x00000006c0c00000,0x00000006c7b26ff0,0x00000006d1180000)
 Metaspace       used 31371K, capacity 31672K, committed 32000K, reserved 1077248K
  class space    used 3734K, capacity 3835K, committed 3840K, reserved 1048576K
Event: 15.813 GC heap after
Heap after GC invocations=19 (full 3):
 PSYoungGen      total 419840K, used 12387K [0x000000076af00000, 0x0000000788780000, 0x00000007c0000000)
  eden space 376320K, 0% used [0x000000076af00000,0x000000076af00000,0x0000000781e80000)
  from space 43520K, 28% used [0x0000000785d00000,0x0000000786918db0,0x0000000788780000)
  to   space 53760K, 0% used [0x0000000781e80000,0x0000000781e80000,0x0000000785300000)
 ParOldGen       total 267776K, used 124416K [0x00000006c0c00000, 0x00000006d1180000, 0x000000076af00000)
  object space 267776K, 46% used [0x00000006c0c00000,0x00000006c8580138,0x00000006d1180000)
 Metaspace       used 31371K, capacity 31672K, committed 32000K, reserved 1077248K
  class space    used 3734K, capacity 3835K, committed 3840K, reserved 1048576K
}
Event: 16.787 GC heap before
{Heap before GC invocations=20 (full 3):
 PSYoungGen      total 419840K, used 388373K [0x000000076af00000, 0x0000000788780000, 0x00000007c0000000)
  eden space 376320K, 99% used [0x000000076af00000,0x0000000781e2c778,0x0000000781e80000)
  from space 43520K, 28% used [0x0000000785d00000,0x0000000786918db0,0x0000000788780000)
  to   space 53760K, 0% used [0x0000000781e80000,0x0000000781e80000,0x0000000785300000)
 ParOldGen       total 267776K, used 124416K [0x00000006c0c00000, 0x00000006d1180000, 0x000000076af00000)
  object space 267776K, 46% used [0x00000006c0c00000,0x00000006c8580138,0x00000006d1180000)
 Metaspace       used 34694K, capacity 34965K, committed 35328K, reserved 1081344K
  class space    used 4275K, capacity 4351K, committed 4352K, reserved 1048576K
Event: 16.794 GC heap after
Heap after GC invocations=20 (full 3):
 PSYoungGen      total 430080K, used 9168K [0x000000076af00000, 0x000000078f500000, 0x00000007c0000000)
  eden space 376320K, 0% used [0x000000076af00000,0x000000076af00000,0x0000000781e80000)
  from space 53760K, 17% used [0x0000000781e80000,0x0000000782774108,0x0000000785300000)
  to   space 52736K, 0% used [0x000000078c180000,0x000000078c180000,0x000000078f500000)
 ParOldGen       total 267776K, used 131585K [0x00000006c0c00000, 0x00000006d1180000, 0x000000076af00000)
  object space 267776K, 49% used [0x00000006c0c00000,0x00000006c8c80408,0x00000006d1180000)
 Metaspace       used 34694K, capacity 34965K, committed 35328K, reserved 1081344K
  class space    used 4275K, capacity 4351K, committed 4352K, reserved 1048576K
}
Event: 16.996 GC heap before
{Heap before GC invocations=21 (full 3):
 PSYoungGen      total 430080K, used 385313K [0x000000076af00000, 0x000000078f500000, 0x00000007c0000000)
  eden space 376320K, 99% used [0x000000076af00000,0x0000000781e54610,0x0000000781e80000)
  from space 53760K, 17% used [0x0000000781e80000,0x0000000782774108,0x0000000785300000)
  to   space 52736K, 0% used [0x000000078c180000,0x000000078c180000,0x000000078f500000)
 ParOldGen       total 267776K, used 131585K [0x00000006c0c00000, 0x00000006d1180000, 0x000000076af00000)
  object space 267776K, 49% used [0x00000006c0c00000,0x00000006c8c80408,0x00000006d1180000)
 Metaspace       used 36167K, capacity 36437K, committed 36864K, reserved 1081344K
  class space    used 4276K, capacity 4351K, committed 4352K, reserved 1048576K
Event: 17.001 GC heap after
Heap after GC invocations=21 (full 3):
 PSYoungGen      total 476672K, used 1917K [0x000000076af00000, 0x000000078d480000, 0x00000007c0000000)
  eden space 457216K, 0% used [0x000000076af00000,0x000000076af00000,0x0000000786d80000)
  from space 19456K, 9% used [0x000000078c180000,0x000000078c35f538,0x000000078d480000)
  to   space 52736K, 0% used [0x0000000786d80000,0x0000000786d80000,0x000000078a100000)
 ParOldGen       total 267776K, used 137365K [0x00000006c0c00000, 0x00000006d1180000, 0x000000076af00000)
  object space 267776K, 51% used [0x00000006c0c00000,0x00000006c92257f8,0x00000006d1180000)
 Metaspace       used 36167K, capacity 36437K, committed 36864K, reserved 1081344K
  class space    used 4276K, capacity 4351K, committed 4352K, reserved 1048576K
}
Event: 17.655 GC heap before
{Heap before GC invocations=22 (full 3):
 PSYoungGen      total 476672K, used 459133K [0x000000076af00000, 0x000000078d480000, 0x00000007c0000000)
  eden space 457216K, 100% used [0x000000076af00000,0x0000000786d80000,0x0000000786d80000)
  from space 19456K, 9% used [0x000000078c180000,0x000000078c35f538,0x000000078d480000)
  to   space 52736K, 0% used [0x0000000786d80000,0x0000000786d80000,0x000000078a100000)
 ParOldGen       total 267776K, used 137365K [0x00000006c0c00000, 0x00000006d1180000, 0x000000076af00000)
  object space 267776K, 51% used [0x00000006c0c00000,0x00000006c92257f8,0x00000006d1180000)
 Metaspace       used 40895K, capacity 41147K, committed 41600K, reserved 1085440K
  class space    used 5384K, capacity 5471K, committed 5504K, reserved 1048576K
Event: 17.665 GC heap after
Heap after GC invocations=22 (full 3):
 PSYoungGen      total 509952K, used 17846K [0x000000076af00000, 0x0000000792f00000, 0x00000007c0000000)
  eden space 457216K, 0% used [0x000000076af00000,0x000000076af00000,0x0000000786d80000)
  from space 52736K, 33% used [0x0000000786d80000,0x0000000787eedaa8,0x000000078a100000)
  to   space 49664K, 0% used [0x000000078fe80000,0x000000078fe80000,0x0000000792f00000)
 ParOldGen       total 267776K, used 138975K [0x00000006c0c00000, 0x00000006d1180000, 0x000000076af00000)
  object space 267776K, 51% used [0x00000006c0c00000,0x00000006c93b7d30,0x00000006d1180000)
 Metaspace       used 40895K, capacity 41147K, committed 41600K, reserved 1085440K
  class space    used 5384K, capacity 5471K, committed 5504K, reserved 1048576K
}

Deoptimization events (10 events):
Event: 18.170 Thread 0x0000000003306000 Uncommon trap: reason=intrinsic action=make_not_entrant pc=0x0000000004303f9c method=net.minecraft.client.renderer.texture.TextureUtil.func_147943_a(IIIIZ)I @ 209
Event: 18.177 Thread 0x0000000003306000 Uncommon trap: reason=intrinsic action=make_not_entrant pc=0x0000000004301eb8 method=net.minecraft.client.renderer.texture.TextureUtil.func_147943_a(IIIIZ)I @ 179
Event: 18.240 Thread 0x0000000003306000 Uncommon trap: reason=unstable_if action=reinterpret pc=0x00000000042e2a68 method=net.minecraft.client.renderer.texture.Stitcher$Holder.getHeight()I @ 4
Event: 18.240 Thread 0x0000000003306000 Uncommon trap: reason=unstable_if action=reinterpret pc=0x00000000042e0f68 method=net.minecraft.client.renderer.texture.Stitcher$Holder.getWidth()I @ 4
Event: 18.302 Thread 0x0000000003306000 Uncommon trap: reason=class_check action=maybe_recompile pc=0x00000000042536cc method=java.awt.image.BufferedImage.getRGB(IIII[III)[I @ 202
Event: 18.303 Thread 0x0000000003306000 Uncommon trap: reason=class_check action=maybe_recompile pc=0x00000000042536cc method=java.awt.image.BufferedImage.getRGB(IIII[III)[I @ 202
Event: 18.303 Thread 0x0000000003306000 Uncommon trap: reason=class_check action=maybe_recompile pc=0x00000000042536cc method=java.awt.image.BufferedImage.getRGB(IIII[III)[I @ 202
Event: 18.304 Thread 0x0000000003306000 Uncommon trap: reason=class_check action=maybe_recompile pc=0x00000000042536cc method=java.awt.image.BufferedImage.getRGB(IIII[III)[I @ 202
Event: 18.368 Thread 0x0000000003306000 Uncommon trap: reason=unstable_if action=reinterpret pc=0x0000000004277be0 method=sun.awt.image.ByteInterleavedRaster.setDataElements(IIIIIILjava/awt/image/Raster;)V @ 54
Event: 18.382 Thread 0x0000000003306000 Uncommon trap: reason=unstable_if action=reinterpret pc=0x0000000004320534 method=net.minecraft.client.renderer.texture.TextureUtil.generateMipmapData(II[[I)[[I @ 14

Classes redefined (0 events):
No events

Internal exceptions (10 events):
Event: 18.825 Thread 0x0000000024db2800 Exception <a 'org/lwjgl/LWJGLException'> (0x00000007800900a0) thrown at [c:/openjdk/jdk8u/hotspot\src\share\vm\prims\jni.cpp, line 709]
Event: 18.825 Thread 0x0000000024db2800 Exception <a 'org/lwjgl/LWJGLException'> (0x00000007800905e8) thrown at [c:/openjdk/jdk8u/hotspot\src\share\vm\prims\jni.cpp, line 709]
Event: 18.825 Thread 0x0000000024db2800 Exception <a 'org/lwjgl/LWJGLException'> (0x0000000780090b98) thrown at [c:/openjdk/jdk8u/hotspot\src\share\vm\prims\jni.cpp, line 709]
Event: 18.825 Thread 0x0000000024db2800 Exception <a 'org/lwjgl/LWJGLException'> (0x0000000780091190) thrown at [c:/openjdk/jdk8u/hotspot\src\share\vm\prims\jni.cpp, line 709]
Event: 18.825 Thread 0x0000000024db2800 Exception <a 'org/lwjgl/LWJGLException'> (0x00000007800916b0) thrown at [c:/openjdk/jdk8u/hotspot\src\share\vm\prims\jni.cpp, line 709]
Event: 18.825 Thread 0x0000000024db2800 Exception <a 'org/lwjgl/LWJGLException'> (0x0000000780091bf8) thrown at [c:/openjdk/jdk8u/hotspot\src\share\vm\prims\jni.cpp, line 709]
Event: 18.825 Thread 0x0000000024db2800 Exception <a 'org/lwjgl/LWJGLException'> (0x00000007800920c0) thrown at [c:/openjdk/jdk8u/hotspot\src\share\vm\prims\jni.cpp, line 709]
Event: 18.825 Thread 0x0000000024db2800 Exception <a 'org/lwjgl/LWJGLException'> (0x0000000780092718) thrown at [c:/openjdk/jdk8u/hotspot\src\share\vm\prims\jni.cpp, line 709]
Event: 18.825 Thread 0x0000000024db2800 Exception <a 'org/lwjgl/LWJGLException'> (0x0000000780092d28) thrown at [c:/openjdk/jdk8u/hotspot\src\share\vm\prims\jni.cpp, line 709]
Event: 18.827 Thread 0x0000000024db2800 Exception <a 'org/lwjgl/LWJGLException'> (0x0000000780093310) thrown at [c:/openjdk/jdk8u/hotspot\src\share\vm\prims\jni.cpp, line 709]

Events (10 events):
Event: 18.606 Executing VM operation: RevokeBias done
Event: 18.606 Executing VM operation: RevokeBias
Event: 18.606 Executing VM operation: RevokeBias done
Event: 18.617 Executing VM operation: RevokeBias
Event: 18.617 Executing VM operation: RevokeBias done
Event: 18.620 Thread 0x0000000024daf800 Thread added: 0x0000000024daf800
Event: 18.621 Thread 0x0000000024db2800 Thread added: 0x0000000024db2800
Event: 18.821 Executing VM operation: RevokeBias
Event: 18.821 Executing VM operation: RevokeBias done
Event: 18.822 Thread 0x0000000024db3000 Thread added: 0x0000000024db3000


Dynamic libraries:
0x00007ff71ab40000 - 0x00007ff71ab76000 	F:\opjdk\bin\java.exe
0x00007ffd86a30000 - 0x00007ffd86c28000 	C:\WINDOWS\SYSTEM32\ntdll.dll
0x00007ffd85d70000 - 0x00007ffd85e2d000 	C:\WINDOWS\System32\KERNEL32.DLL
0x00007ffd84730000 - 0x00007ffd84a26000 	C:\WINDOWS\System32\KERNELBASE.dll
0x00007ffd84fa0000 - 0x00007ffd85050000 	C:\WINDOWS\System32\ADVAPI32.dll
0x00007ffd84f00000 - 0x00007ffd84f9e000 	C:\WINDOWS\System32\msvcrt.dll
0x00007ffd84b80000 - 0x00007ffd84c20000 	C:\WINDOWS\System32\sechost.dll
0x00007ffd85f00000 - 0x00007ffd86023000 	C:\WINDOWS\System32\RPCRT4.dll
0x00007ffd84510000 - 0x00007ffd84537000 	C:\WINDOWS\System32\bcrypt.dll
0x00007ffd84d00000 - 0x00007ffd84e9f000 	C:\WINDOWS\System32\USER32.dll
0x00007ffd84a30000 - 0x00007ffd84a52000 	C:\WINDOWS\System32\win32u.dll
0x00007ffd850b0000 - 0x00007ffd850db000 	C:\WINDOWS\System32\GDI32.dll
0x00007ffd842f0000 - 0x00007ffd84407000 	C:\WINDOWS\System32\gdi32full.dll
0x00007ffd841a0000 - 0x00007ffd8423d000 	C:\WINDOWS\System32\msvcp_win.dll
0x00007ffd84410000 - 0x00007ffd84510000 	C:\WINDOWS\System32\ucrtbase.dll
0x00007ffd71db0000 - 0x00007ffd7204a000 	C:\WINDOWS\WinSxS\amd64_microsoft.windows.common-controls_6595b64144ccf1df_6.0.19041.4355_none_60b8b9eb71f62e16\COMCTL32.dll
0x00007ffd84a70000 - 0x00007ffd84aa2000 	C:\WINDOWS\System32\IMM32.DLL
0x000000006d7d0000 - 0x000000006d8a1000 	F:\opjdk\jre\bin\msvcr100.dll
0x000000006b430000 - 0x000000006bcc8000 	F:\opjdk\jre\bin\server\jvm.dll
0x00007ffd84a60000 - 0x00007ffd84a68000 	C:\WINDOWS\System32\PSAPI.DLL
0x00007ffd7d5c0000 - 0x00007ffd7d5c9000 	C:\WINDOWS\SYSTEM32\WSOCK32.dll
0x00007ffd7e8d0000 - 0x00007ffd7e8da000 	C:\WINDOWS\SYSTEM32\VERSION.dll
0x00007ffd7b0e0000 - 0x00007ffd7b107000 	C:\WINDOWS\SYSTEM32\WINMM.dll
0x00007ffd85650000 - 0x00007ffd856bb000 	C:\WINDOWS\System32\WS2_32.dll
0x00007ffd5d490000 - 0x00007ffd5d49f000 	F:\opjdk\jre\bin\verify.dll
0x00007ffd500d0000 - 0x00007ffd500f9000 	F:\opjdk\jre\bin\java.dll
0x00007ffd55fd0000 - 0x00007ffd55fe7000 	F:\opjdk\jre\bin\zip.dll
0x00007ffd86280000 - 0x00007ffd869eb000 	C:\WINDOWS\System32\SHELL32.dll
0x00007ffd82180000 - 0x00007ffd8291d000 	C:\WINDOWS\SYSTEM32\windows.storage.dll
0x00007ffd85a10000 - 0x00007ffd85d63000 	C:\WINDOWS\System32\combase.dll
0x00007ffd83b00000 - 0x00007ffd83b2e000 	C:\WINDOWS\SYSTEM32\Wldp.dll
0x00007ffd85e30000 - 0x00007ffd85efd000 	C:\WINDOWS\System32\OLEAUT32.dll
0x00007ffd85900000 - 0x00007ffd859ad000 	C:\WINDOWS\System32\SHCORE.dll
0x00007ffd85050000 - 0x00007ffd850a5000 	C:\WINDOWS\System32\shlwapi.dll
0x00007ffd84010000 - 0x00007ffd84034000 	C:\WINDOWS\SYSTEM32\profapi.dll
0x00007ffd5b9a0000 - 0x00007ffd5b9ad000 	F:\opjdk\jre\bin\management.dll
0x00007ffd500b0000 - 0x00007ffd500cb000 	F:\opjdk\jre\bin\net.dll
0x00007ffd83860000 - 0x00007ffd838ca000 	C:\WINDOWS\system32\mswsock.dll
0x00007ffd4f570000 - 0x00007ffd4f581000 	F:\opjdk\jre\bin\nio.dll
0x00007ffd5cdc0000 - 0x00007ffd5cdd7000 	C:\WINDOWS\system32\napinsp.dll
0x00007ffd5c970000 - 0x00007ffd5c98b000 	C:\WINDOWS\system32\pnrpnsp.dll
0x00007ffd5c950000 - 0x00007ffd5c965000 	C:\WINDOWS\system32\wshbth.dll
0x00007ffd7f730000 - 0x00007ffd7f74d000 	C:\WINDOWS\system32\NLAapi.dll
0x00007ffd834f0000 - 0x00007ffd8352b000 	C:\WINDOWS\SYSTEM32\IPHLPAPI.DLL
0x00007ffd83540000 - 0x00007ffd8360b000 	C:\WINDOWS\SYSTEM32\DNSAPI.dll
0x00007ffd850f0000 - 0x00007ffd850f8000 	C:\WINDOWS\System32\NSI.dll
0x00007ffd5c930000 - 0x00007ffd5c942000 	C:\WINDOWS\System32\winrnr.dll
0x00007ffd7dc30000 - 0x00007ffd7dc3a000 	C:\Windows\System32\rasadhlp.dll
0x00007ffd7dd80000 - 0x00007ffd7de00000 	C:\WINDOWS\System32\fwpuclnt.dll
0x0000000180000000 - 0x0000000180051000 	C:\Users\קיסקוזי\.gradle\caches\minecraft\net\minecraft\minecraft_natives\1.7.10\lwjgl64.dll
0x00007ffd19b70000 - 0x00007ffd19c95000 	C:\WINDOWS\SYSTEM32\OPENGL32.dll
0x00007ffd50fe0000 - 0x00007ffd5100c000 	C:\WINDOWS\SYSTEM32\GLU32.dll
0x00007ffd83a60000 - 0x00007ffd83a78000 	C:\WINDOWS\SYSTEM32\CRYPTSP.dll
0x00007ffd83110000 - 0x00007ffd83144000 	C:\WINDOWS\system32\rsaenh.dll
0x00007ffd83f80000 - 0x00007ffd83fae000 	C:\WINDOWS\SYSTEM32\USERENV.dll
0x00007ffd84540000 - 0x00007ffd845c2000 	C:\WINDOWS\System32\bcryptprimitives.dll
0x00007ffd83a50000 - 0x00007ffd83a5c000 	C:\WINDOWS\SYSTEM32\CRYPTBASE.dll
0x00007ffd7f530000 - 0x00007ffd7f547000 	C:\WINDOWS\SYSTEM32\dhcpcsvc6.DLL
0x00007ffd7f510000 - 0x00007ffd7f52d000 	C:\WINDOWS\SYSTEM32\dhcpcsvc.DLL
0x00007ffcb5c70000 - 0x00007ffcb5e09000 	F:\opjdk\jre\bin\awt.dll
0x00007ffd812a0000 - 0x00007ffd81330000 	C:\WINDOWS\SYSTEM32\apphelp.dll
0x00007ffd775b0000 - 0x00007ffd7765e000 	C:\WINDOWS\SYSTEM32\mscms.dll
0x00007ffd77590000 - 0x00007ffd775a1000 	C:\WINDOWS\SYSTEM32\ColorAdapterClient.dll
0x00007ffd81f80000 - 0x00007ffd81f92000 	C:\WINDOWS\SYSTEM32\kernel.appcore.dll
0x00007ffd81a90000 - 0x00007ffd81b2e000 	C:\WINDOWS\system32\uxtheme.dll
0x00007ffd86160000 - 0x00007ffd86274000 	C:\WINDOWS\System32\MSCTF.dll
0x00007ffd84ad0000 - 0x00007ffd84b79000 	C:\WINDOWS\System32\clbcatq.dll
0x00007ffd058c0000 - 0x00007ffd084b0000 	C:\WINDOWS\System32\DriverStore\FileRepository\nvleig.inf_amd64_92cb6cb02101f4e9\nvoglv64.dll
0x00007ffd85100000 - 0x00007ffd8556e000 	C:\WINDOWS\System32\SETUPAPI.dll
0x00007ffd84150000 - 0x00007ffd8419e000 	C:\WINDOWS\System32\cfgmgr32.dll
0x00007ffd86030000 - 0x00007ffd8615b000 	C:\WINDOWS\System32\ole32.dll
0x00007ffd813e0000 - 0x00007ffd813f4000 	C:\WINDOWS\SYSTEM32\WTSAPI32.dll
0x00007ffd83c90000 - 0x00007ffd83ca2000 	C:\WINDOWS\SYSTEM32\msasn1.dll
0x00007ffd7e890000 - 0x00007ffd7e8c1000 	C:\WINDOWS\SYSTEM32\cryptnet.dll
0x00007ffd845d0000 - 0x00007ffd8472e000 	C:\WINDOWS\System32\CRYPT32.dll
0x00007ffd7e6c0000 - 0x00007ffd7e807000 	C:\WINDOWS\SYSTEM32\drvstore.dll
0x00007ffd83e60000 - 0x00007ffd83e93000 	C:\WINDOWS\SYSTEM32\devobj.dll
0x00007ffd840e0000 - 0x00007ffd84147000 	C:\WINDOWS\System32\wintrust.dll
0x00007ffd84ab0000 - 0x00007ffd84acd000 	C:\WINDOWS\System32\imagehlp.dll
0x00007ffd82930000 - 0x00007ffd82953000 	C:\WINDOWS\SYSTEM32\gpapi.dll
0x00007ffd726a0000 - 0x00007ffd7488e000 	C:\WINDOWS\System32\DriverStore\FileRepository\nvleig.inf_amd64_92cb6cb02101f4e9\nvgpucomp64.dll
0x00007ffd83230000 - 0x00007ffd83263000 	C:\WINDOWS\SYSTEM32\ntmarta.dll
0x00007ffd756b0000 - 0x00007ffd756eb000 	C:\WINDOWS\SYSTEM32\dxcore.dll
0x00007ffd81da0000 - 0x00007ffd81dcf000 	C:\WINDOWS\SYSTEM32\dwmapi.dll
0x00007ffd77900000 - 0x00007ffd779f9000 	C:\WINDOWS\SYSTEM32\textinputframework.dll
0x00007ffd80ca0000 - 0x00007ffd80ffb000 	C:\WINDOWS\System32\CoreUIComponents.dll
0x00007ffd81000000 - 0x00007ffd810f2000 	C:\WINDOWS\System32\CoreMessaging.dll
0x00007ffd7f930000 - 0x00007ffd7fa87000 	C:\WINDOWS\SYSTEM32\wintypes.dll
0x00007ffd3e070000 - 0x00007ffd3e0b3000 	C:\WINDOWS\SYSTEM32\icm32.dll
0x00007ffd83610000 - 0x00007ffd8365b000 	C:\WINDOWS\SYSTEM32\powrprof.dll
0x00007ffd834d0000 - 0x00007ffd834e2000 	C:\WINDOWS\SYSTEM32\UMPDC.dll
0x00007ffd82d90000 - 0x00007ffd82deb000 	C:\WINDOWS\SYSTEM32\WINSTA.dll
0x0000000070a40000 - 0x0000000070adc000 	C:\Users\קיסקוזי\.gradle\caches\minecraft\net\minecraft\minecraft_natives\1.7.10\avutil-ttv-51.dll
0x0000000065980000 - 0x00000000659d6000 	C:\Users\קיסקוזי\.gradle\caches\minecraft\net\minecraft\minecraft_natives\1.7.10\swresample-ttv-0.dll
0x000000006eb80000 - 0x000000006ec50000 	C:\Users\קיסקוזי\.gradle\caches\minecraft\net\minecraft\minecraft_natives\1.7.10\libmp3lame-ttv.dll
0x00007ffcb48c0000 - 0x00007ffcb5c64000 	C:\Users\קיסקוזי\.gradle\caches\minecraft\net\minecraft\minecraft_natives\1.7.10\libmfxsw64.dll
0x00007ffd52610000 - 0x00007ffd5273b000 	C:\Users\קיסקוזי\.gradle\caches\minecraft\net\minecraft\minecraft_natives\1.7.10\twitchsdk.dll
0x00007ffd69360000 - 0x00007ffd69836000 	C:\WINDOWS\SYSTEM32\WININET.dll
0x0000000025560000 - 0x00000000255c4000 	C:\Users\קיסקוזי\.gradle\caches\minecraft\net\minecraft\minecraft_natives\1.7.10\OpenAL64.dll
0x00007ffd7ee30000 - 0x00007ffd7eeb5000 	C:\WINDOWS\System32\MMDevApi.dll
0x00007ffd16820000 - 0x00007ffd168bc000 	C:\WINDOWS\SYSTEM32\dsound.dll
0x00007ffd40c90000 - 0x00007ffd40cb6000 	C:\WINDOWS\SYSTEM32\winmmbase.dll
0x00007ffd7ef00000 - 0x00007ffd7f081000 	C:\WINDOWS\SYSTEM32\AUDIOSES.DLL
0x00007ffd81b80000 - 0x00007ffd81b94000 	C:\WINDOWS\SYSTEM32\resourcepolicyclient.dll
0x00007ffd7da40000 - 0x00007ffd7dc24000 	C:\WINDOWS\SYSTEM32\dbghelp.dll

VM Arguments:
jvm_args: -Dfile.encoding=windows-1255 -Duser.country=US -Duser.language=en -Duser.variant 
java_command: GradleStart
java_class_path (initial): F:\Minecraft DBCA Addon\DBCA\Minecraft moddding\DBCA\libs\DragonBlockC-v1.4.85-deobf.jar;F:\Minecraft DBCA Addon\DBCA\Minecraft moddding\DBCA\libs\JBRA-Client-v1.6.52-deobf.jar;F:\Minecraft DBCA Addon\DBCA\Minecraft moddding\DBCA\libs\JRMCore-v1.3.51-deobf.jar;C:\Users\קיסקוזי\.gradle\caches\minecraft\net\minecraftforge\forge\1.7.10-10.13.4.1614-1.7.10\start;C:\Users\קיסקוזי\.gradle\caches\minecraft\net\minecraftforge\forge\1.7.10-10.13.4.1614-1.7.10\forgeSrc-1.7.10-10.13.4.1614-1.7.10.jar;C:\Users\קיסקוזי\.gradle\caches\modules-2\files-2.1\net.minecraft\launchwrapper\1.12\111e7bea9c968cdb3d06ef4632bf7ff0824d0f36\launchwrapper-1.12.jar;C:\Users\קיסקוזי\.gradle\caches\modules-2\files-2.1\com.google.code.findbugs\jsr305\1.3.9\40719ea6961c0cb6afaeb6a921eaa1f6afd4cfdf\jsr305-1.3.9.jar;C:\Users\קיסקוזי\.gradle\caches\modules-2\files-2.1\org.ow2.asm\asm-debug-all\5.0.3\f9e364ae2a66ce2a543012a4668856e84e5dab74\asm-debug-all-5.0.3.jar;C:\Users\קיסקוזי\.gradle\caches\modules-2\files-2.1\com.typesafe.akka\akka-actor_2.11\2.3.3\ed62e9fc709ca0f2ff1a3220daa8b70a2870078e\akka-actor_2.11-2.3.3.jar;C:\Users\קיסקוזי\.gradle\caches\modules-2\files-2.1\com.typesafe\config\1.2.1\f771f71fdae3df231bcd54d5ca2d57f0bf93f467\config-1.2.1.jar;C:\Users\קיסקוזי\.gradle\caches\modules-2\files-2.1\org.scala-lang\scala-actors-migration_2.11\1.1.0\dfa8bc42b181d5b9f1a5dd147f8ae308b893eb6f\scala-actors-migration_2.11-1.1.0.jar;C:\Users\קיסקוזי\.gradle\caches\modules-2\files-2.1\org.scala-lang\scala-compiler\2.11.1\56ea2e6c025e0821f28d73ca271218b8dd04926a\scala-compiler-2.11.1.jar;C:\Users\קיסקוזי\.gradle\caches\modules-2\files-2.1\org.scala-lang.plugins\scala-continuations-library_2.11\1.0.2\e517c53a7e9acd6b1668c5a35eccbaa3bab9aac\scala-continuations-library_2.11-1.0.2.jar;C:\Users\קיסקוזי\.gradle\caches\modules-2\files-2.1\org.scala-lang.plugins\scala-continuations-plugin_2.11.1\1.0.2\f361a3283452c57fa30c1ee69448995de23c60f7\scala-continuations-plugin_2.11.1-1.0.2.jar;C:
Launcher Type: SUN_STANDARD

Environment Variables:
JAVA_HOME=C:\Program Files\OpenLogic\jdk-8.0.402.06-hotspot\
PATH=C:\Program Files\OpenLogic\jdk-8.0.402.06-hotspot\bin;F:\opendjdk17\bin;F:\openjdk\bin;F:\opjdk\bin;C:\Program Files\OpenLogic\jdk-17.0.9.9-hotspot\bin;F:\Plastic SCM\server;F:\Plastic SCM\client;C:\Python310\Scripts\;C:\Python310\;F:\devkitPro\msys2\usr\bin;F:\Oculus\Support\oculus-runtime;F:\apache-maven-3.8.4\bin;C:\Program Files\Docker\Docker\resources\bin;C:\ProgramData\DockerDesktop\version-bin;C:\Users\קיסקוזי\AppData\Local\Programs\Python\Python310\Scripts\;C:\Program Files (x86)\NVIDIA Corporation\PhysX\Common;C:\Program Files\dotnet\;C:\Program Files\Git\cmd;C:\Program Files (x86)\gsudo\;F:\Node.js\;C:\ProgramData\chocolatey\bin;C:\Program Files\Microsoft SQL Server\Client SDK\ODBC\170\Tools\Binn\;C:\Program Files (x86)\Microsoft SQL Server\150\Tools\Binn\;C:\Program Files\Microsoft SQL Server\150\Tools\Binn\;C:\Program Files\Microsoft SQL Server\150\DTS\Binn\;C:\Program Files\CMake\bin;F:\SFML\SFML-2.5.1\bin;F:\meta\metasploit-framework\bin\;C:\Users\קיסקוזי\AppData\Local\Programs\Python\Python37\Scripts\;C:\Users\קיסקוזי\AppData\Local\Programs\Python\Python37\;C:\Program Files\MySQL\MySQL Shell 8.0\bin\;C:\Users\קיסקוזי\AppData\Local\Programs\Python\Python310\Scripts\;C:\Users\קיסקוזי\AppData\Local\Programs\Python\Python310\;C:\Users\קיסקוזי\AppData\Local\Microsoft\WindowsApps;C:\Users\קיסקוזי\.dotnet\tools;C:\Users\קיסקוזי\AppData\Local\GitHubDesktop\bin;F:\Microsoft VS Code\bin;C:\Users\קיסקוזי\AppData\Roaming\npm;C:\Users\קיסקוזי\AppData\Local\Programs\ExifTool;F:\msys2\mingw64\bin;F:\Chromuim\chromedriver.exe;F:\Nmap;F:\Intelji23\IntelliJ IDEA Community Edition 2023.3.2\bin;;C:\Users\קיסקוזי\AppData\Local\Programs\Filestar;C:\Users\קיסקוזי\AppData\Roaming\Filestar\aliases
USERNAME=קיסקוזי
OS=Windows_NT
PROCESSOR_IDENTIFIER=Intel64 Family 6 Model 94 Stepping 3, GenuineIntel



---------------  S Y S T E M  ---------------

OS: Windows 10 , 64 bit Build 19041 (10.0.19041.3636)

CPU:total 8 (initial active 8) (4 cores per cpu, 2 threads per core) family 6 model 94 stepping 3, cmov, cx8, fxsr, mmx, sse, sse2, sse3, ssse3, sse4.1, sse4.2, popcnt, avx, avx2, aes, clmul, erms, rtm, 3dnowpref, lzcnt, ht, tsc, tscinvbit, bmi1, bmi2, adx

Memory: 4k page, physical 16723604k(5083360k free), swap 25636500k(7402896k free)

vm_info: OpenJDK 64-Bit Server VM (25.392-b08) for windows-amd64 JRE (1.8.0_392-392-b08), built on Oct 18 2023 07:33:07 by "Administrator" with MS VC++ 10.0 (VS2010)

time: Fri Jun 28 15:02:45 2024
timezone: Jerusalem Daylight Time
elapsed time: 18.968855 seconds (0d 0h 0m 18s)

