#
# A fatal error has been detected by the Java Runtime Environment:
#
#  EXCEPTION_ACCESS_VIOLATION (0xc0000005) at pc=0x000000004aab1066, pid=8008, tid=0x0000000000003204
#
# JRE version: OpenJDK Runtime Environment (8.0_392-b08) (build 1.8.0_392-392-b08)
# Java VM: OpenJDK 64-Bit Server VM (25.392-b08 mixed mode windows-amd64 compressed oops)
# Problematic frame:
# C  [OpenAL64.dll+0x11066]
#
# Failed to write core dump. Minidumps are not enabled by default on client versions of Windows
#
# If you would like to submit a bug report, please visit:
#   http://bugreport.java.com/bugreport/crash.jsp
# The crash happened outside the Java Virtual Machine in native code.
# See problematic frame for where to report the bug.
#

---------------  T H R E A D  ---------------

Current thread (0x00000000200c1800):  JavaThread "Thread-8" [_thread_in_native, id=12804, stack(0x000000004b040000,0x000000004b140000)]

siginfo: ExceptionCode=0xc0000005, reading address 0x00000000390c7004

Registers:
RAX=0x0000000000000004, RBX=0x000000004ac20090, RCX=0x00000000390c7008, RDX=0x00000000390c7004
RSP=0x000000004b13ef70, RBP=0x00000000000000ff, RSI=0x00000000390c4f7c, RDI=0x0000000000000000
R8 =0x0000000000000822, R9 =0x00000000390c4f7c, R10=0x00000000028489db, R11=0x0000000071e17000
R12=0x0000000000000001, R13=0x000000004a78f518, R14=0x000000004b13f108, R15=0x00000000200c1800
RIP=0x000000004aab1066, EFLAGS=0x0000000000010202

Top of Stack: (sp=0x000000004b13ef70)
0x000000004b13ef70:   0000000000000000 0000000071cae2db
0x000000004b13ef80:   00000000200c1800 000000004b13f108
0x000000004b13ef90:   000000004a78f518 0000000000000000
0x000000004b13efa0:   00000000200c1800 00000000390c3970
0x000000004b13efb0:   000000004a78f518 00000000200c1800
0x000000004b13efc0:   000000003a40c880 0000000071c9c4f6
0x000000004b13efd0:   000000004b13f788 000000003a40cf40
0x000000004b13efe0:   00000000200c1800 000000004b13f108
0x000000004b13eff0:   000000004a78f518 0000000000000000
0x000000004b13f000:   00000000390c4f7c 00000006c0c183e8
0x000000004b13f010:   000000004b13f0d0 000000004aab248f
0x000000004b13f020:   000000004ac20090 000000004ac20090
0x000000004b13f030:   000000000000ac44 0000000600000004
0x000000004b13f040:   0000000000000010 0000000002848a07
0x000000004b13f050:   000000004a78f518 000000000284873d
0x000000004b13f060:   00000000200c1800 000000004a78f518 

Instructions: (pc=0x000000004aab1066)
0x000000004aab1046:   41 2b ec 81 3a 03 00 02 00 75 09 8b 01 89 84 24
0x000000004aab1056:   c8 00 00 00 49 83 c0 02 48 83 c1 08 4a 8d 14 86
0x000000004aab1066:   39 3a 75 af 4c 8d 84 24 c0 00 00 00 48 8d 15 d7
0x000000004aab1076:   2b 03 00 33 c9 e8 58 5f 00 00 b8 40 1f 00 00 4c 


Register to memory mapping:

RAX=0x0000000000000004 is an unknown value
RBX=0x000000004ac20090 is an unknown value
RCX=0x00000000390c7008 is an unknown value
RDX=0x00000000390c7004 is an unknown value
RSP=0x000000004b13ef70 is pointing into the stack for thread: 0x00000000200c1800
RBP=0x00000000000000ff is an unknown value
RSI=0x00000000390c4f7c is an unknown value
RDI=0x0000000000000000 is an unknown value
R8 =0x0000000000000822 is an unknown value
R9 =0x00000000390c4f7c is an unknown value
R10=0x00000000028489db is at code_begin+891 in an Interpreter codelet
method entry point (kind = native)  [0x0000000002848660, 0x0000000002849040]  2528 bytes
R11=0x0000000071e17000 is an unknown value
R12=0x0000000000000001 is an unknown value
R13={method} {0x000000004a78f520} 'nalcCreateContext' '(JJ)J' in 'org/lwjgl/openal/ALC10'
R14=0x000000004b13f108 is pointing into the stack for thread: 0x00000000200c1800
R15=0x00000000200c1800 is a thread


Stack: [0x000000004b040000,0x000000004b140000],  sp=0x000000004b13ef70,  free space=1019k
Native frames: (J=compiled Java code, j=interpreted, Vv=VM code, C=native code)
C  [OpenAL64.dll+0x11066]
C  [OpenAL64.dll+0x1248f]
C  0x0000000002848a07

Java frames: (J=compiled Java code, j=interpreted, Vv=VM code)
j  org.lwjgl.openal.ALC10.nalcCreateContext(JJ)J+0
j  org.lwjgl.openal.ALC10.alcCreateContext(Lorg/lwjgl/openal/ALCdevice;Ljava/nio/IntBuffer;)Lorg/lwjgl/openal/ALCcontext;+8
j  org.lwjgl.openal.AL.init(Ljava/lang/String;IIZZ)V+69
j  org.lwjgl.openal.AL.create(Ljava/lang/String;IIZZ)V+227
j  org.lwjgl.openal.AL.create(Ljava/lang/String;IIZ)V+5
j  org.lwjgl.openal.AL.create()V+6
j  paulscode.sound.libraries.LibraryLWJGLOpenAL.init()V+2
j  paulscode.sound.SoundSystem.CommandNewLibrary(Ljava/lang/Class;)V+273
j  paulscode.sound.SoundSystem.CommandQueue(Lpaulscode/sound/CommandObject;)Z+1206
j  paulscode.sound.CommandThread.run()V+51
v  ~StubRoutines::call_stub

---------------  P R O C E S S  ---------------

Java Threads: ( => current thread )
  0x00000000200c2800 JavaThread "Thread-9" [_thread_blocked, id=6472, stack(0x0000000034070000,0x0000000034170000)]
=>0x00000000200c1800 JavaThread "Thread-8" [_thread_in_native, id=12804, stack(0x000000004b040000,0x000000004b140000)]
  0x00000000200be000 JavaThread "Sound Library Loader" [_thread_blocked, id=5324, stack(0x000000004ad90000,0x000000004ae90000)]
  0x00000000200bf800 JavaThread "Keep-Alive-Timer" daemon [_thread_blocked, id=18272, stack(0x000000004a7a0000,0x000000004a8a0000)]
  0x00000000200bd000 JavaThread "LWJGL Timer" daemon [_thread_blocked, id=14812, stack(0x0000000031570000,0x0000000031670000)]
  0x00000000200bc000 JavaThread "Thread-6" [_thread_blocked, id=13688, stack(0x000000002e800000,0x000000002e900000)]
  0x00000000200c3800 JavaThread "Java2D Disposer" daemon [_thread_blocked, id=13092, stack(0x00000000221f0000,0x00000000222f0000)]
  0x00000000200be800 JavaThread "Timer hack thread" daemon [_thread_blocked, id=5064, stack(0x0000000024970000,0x0000000024a70000)]
  0x00000000200c0000 JavaThread "Snooper Timer" daemon [_thread_blocked, id=88, stack(0x0000000022030000,0x0000000022130000)]
  0x000000001e1ca800 JavaThread "Service Thread" daemon [_thread_blocked, id=15064, stack(0x000000001edd0000,0x000000001eed0000)]
  0x000000001e142000 JavaThread "C1 CompilerThread3" daemon [_thread_blocked, id=10424, stack(0x000000001ecd0000,0x000000001edd0000)]
  0x000000001e13e000 JavaThread "C2 CompilerThread2" daemon [_thread_blocked, id=1588, stack(0x000000001ebd0000,0x000000001ecd0000)]
  0x000000001e13c000 JavaThread "C2 CompilerThread1" daemon [_thread_in_native, id=6080, stack(0x000000001ead0000,0x000000001ebd0000)]
  0x000000001c2ed000 JavaThread "C2 CompilerThread0" daemon [_thread_blocked, id=9716, stack(0x000000001e9d0000,0x000000001ead0000)]
  0x000000001e137800 JavaThread "Attach Listener" daemon [_thread_blocked, id=20136, stack(0x000000001e8d0000,0x000000001e9d0000)]
  0x000000001e137000 JavaThread "Signal Dispatcher" daemon [_thread_blocked, id=10560, stack(0x000000001e7d0000,0x000000001e8d0000)]
  0x000000001c2e4800 JavaThread "Finalizer" daemon [_thread_blocked, id=1780, stack(0x000000001e5b0000,0x000000001e6b0000)]
  0x000000000282e000 JavaThread "Reference Handler" daemon [_thread_blocked, id=17112, stack(0x000000001e4b0000,0x000000001e5b0000)]
  0x0000000002735800 JavaThread "Client thread" [_thread_in_native, id=12376, stack(0x00000000025b0000,0x00000000026b0000)]

Other Threads:
  0x000000001c2d8800 VMThread [stack: 0x000000001dfb0000,0x000000001e0b0000] [id=11468]
  0x000000001e15f800 WatcherThread [stack: 0x000000001eed0000,0x000000001efd0000] [id=3516]

VM state:not at safepoint (normal execution)

VM Mutex/Monitor currently owned by a thread: None

heap address: 0x00000006c0c00000, size: 4084 MB, Compressed Oops mode: Zero based, Oop shift amount: 3
Narrow klass base: 0x0000000000000000, Narrow klass shift: 3
Compressed class space size: 1073741824 Address: 0x00000007c0000000

Heap:
 PSYoungGen      total 344064K, used 158924K [0x000000076af00000, 0x0000000789200000, 0x00000007c0000000)
  eden space 285696K, 48% used [0x000000076af00000,0x000000077360b4d8,0x000000077c600000)
  from space 58368K, 35% used [0x000000077c600000,0x000000077da27e90,0x000000077ff00000)
  to   space 54784K, 0% used [0x0000000785c80000,0x0000000785c80000,0x0000000789200000)
 ParOldGen       total 268288K, used 114983K [0x00000006c0c00000, 0x00000006d1200000, 0x000000076af00000)
  object space 268288K, 42% used [0x00000006c0c00000,0x00000006c7c49c18,0x00000006d1200000)
 Metaspace       used 30582K, capacity 30872K, committed 31232K, reserved 1077248K
  class space    used 3622K, capacity 3739K, committed 3840K, reserved 1048576K

Card table byte_map: [0x0000000011bf0000,0x00000000123f0000] byte_map_base: 0x000000000e5ea000

Marking Bits: (ParMarkBitMap*) 0x0000000072416440
 Begin Bits: [0x0000000013150000, 0x0000000017120000)
 End Bits:   [0x0000000017120000, 0x000000001b0f0000)

Polling page: 0x0000000000c40000

CodeCache: size=245760Kb used=14039Kb max_used=14389Kb free=231721Kb
 bounds [0x0000000002830000, 0x0000000003650000, 0x0000000011830000]
 total_blobs=4133 nmethods=3432 adapters=612
 compilation: enabled

Compilation events (10 events):
Event: 14.012 Thread 0x000000001e142000 4253       3       net.minecraft.util.ResourceLocation::<init> (40 bytes)
Event: 14.013 Thread 0x000000001e142000 nmethod 4253 0x000000000364c5d0 code [0x000000000364c820, 0x000000000364d638]
Event: 14.020 Thread 0x000000001e13c000 4254 %     4       org.objectweb.asm.ClassReader::readCode @ 1364 (3263 bytes)
Event: 14.032 Thread 0x000000001e142000 4255       3       org.objectweb.asm.MethodWriter::visitSwitchInsn (140 bytes)
Event: 14.033 Thread 0x000000001e142000 nmethod 4255 0x000000000364e150 code [0x000000000364e360, 0x000000000364eaf8]
Event: 14.048 Thread 0x000000001e142000 4256       3       java.util.StringTokenizer::hasMoreTokens (29 bytes)
Event: 14.048 Thread 0x000000001e142000 nmethod 4256 0x000000000294e490 code [0x000000000294e600, 0x000000000294e808]
Event: 14.071 Thread 0x000000001c2ed000 4257 %     4       java.io.ExpiringCache::cleanup @ 30 (94 bytes)
Event: 14.073 Thread 0x000000001e142000 4258       3       net.minecraft.client.resources.DefaultResourcePack::resourceExists (30 bytes)
Event: 14.073 Thread 0x000000001e142000 nmethod 4258 0x0000000002a04a50 code [0x0000000002a04c60, 0x0000000002a056d8]

GC Heap History (10 events):
Event: 9.535 GC heap before
{Heap before GC invocations=14 (full 2):
 PSYoungGen      total 211456K, used 211435K [0x000000076af00000, 0x000000077b600000, 0x00000007c0000000)
  eden space 197632K, 100% used [0x000000076af00000,0x0000000777000000,0x0000000777000000)
  from space 13824K, 99% used [0x0000000777000000,0x0000000777d7ad00,0x0000000777d80000)
  to   space 20992K, 0% used [0x000000077a180000,0x000000077a180000,0x000000077b600000)
 ParOldGen       total 124928K, used 42426K [0x00000006c0c00000, 0x00000006c8600000, 0x000000076af00000)
  object space 124928K, 33% used [0x00000006c0c00000,0x00000006c356e9f8,0x00000006c8600000)
 Metaspace       used 25352K, capacity 25551K, committed 25728K, reserved 1071104K
  class space    used 3088K, capacity 3146K, committed 3200K, reserved 1048576K
Event: 9.559 GC heap after
Heap after GC invocations=14 (full 2):
 PSYoungGen      total 232960K, used 20969K [0x000000076af00000, 0x000000077fc00000, 0x00000007c0000000)
  eden space 211968K, 0% used [0x000000076af00000,0x000000076af00000,0x0000000777e00000)
  from space 20992K, 99% used [0x000000077a180000,0x000000077b5fa4f0,0x000000077b600000)
  to   space 36352K, 0% used [0x0000000777e00000,0x0000000777e00000,0x000000077a180000)
 ParOldGen       total 124928K, used 76766K [0x00000006c0c00000, 0x00000006c8600000, 0x000000076af00000)
  object space 124928K, 61% used [0x00000006c0c00000,0x00000006c56f7ad0,0x00000006c8600000)
 Metaspace       used 25352K, capacity 25551K, committed 25728K, reserved 1071104K
  class space    used 3088K, capacity 3146K, committed 3200K, reserved 1048576K
}
Event: 10.983 GC heap before
{Heap before GC invocations=15 (full 2):
 PSYoungGen      total 232960K, used 232937K [0x000000076af00000, 0x000000077fc00000, 0x00000007c0000000)
  eden space 211968K, 100% used [0x000000076af00000,0x0000000777e00000,0x0000000777e00000)
  from space 20992K, 99% used [0x000000077a180000,0x000000077b5fa4f0,0x000000077b600000)
  to   space 36352K, 0% used [0x0000000777e00000,0x0000000777e00000,0x000000077a180000)
 ParOldGen       total 124928K, used 76766K [0x00000006c0c00000, 0x00000006c8600000, 0x000000076af00000)
  object space 124928K, 61% used [0x00000006c0c00000,0x00000006c56f7ad0,0x00000006c8600000)
 Metaspace       used 25365K, capacity 25551K, committed 25728K, reserved 1071104K
  class space    used 3088K, capacity 3146K, committed 3200K, reserved 1048576K
Event: 11.016 GC heap after
Heap after GC invocations=15 (full 2):
 PSYoungGen      total 248320K, used 36337K [0x000000076af00000, 0x0000000783300000, 0x00000007c0000000)
  eden space 211968K, 0% used [0x000000076af00000,0x000000076af00000,0x0000000777e00000)
  from space 36352K, 99% used [0x0000000777e00000,0x000000077a17c5b0,0x000000077a180000)
  to   space 53248K, 0% used [0x000000077ff00000,0x000000077ff00000,0x0000000783300000)
 ParOldGen       total 124928K, used 106466K [0x00000006c0c00000, 0x00000006c8600000, 0x000000076af00000)
  object space 124928K, 85% used [0x00000006c0c00000,0x00000006c73f8b40,0x00000006c8600000)
 Metaspace       used 25365K, capacity 25551K, committed 25728K, reserved 1071104K
  class space    used 3088K, capacity 3146K, committed 3200K, reserved 1048576K
}
Event: 11.016 GC heap before
{Heap before GC invocations=16 (full 3):
 PSYoungGen      total 248320K, used 36337K [0x000000076af00000, 0x0000000783300000, 0x00000007c0000000)
  eden space 211968K, 0% used [0x000000076af00000,0x000000076af00000,0x0000000777e00000)
  from space 36352K, 99% used [0x0000000777e00000,0x000000077a17c5b0,0x000000077a180000)
  to   space 53248K, 0% used [0x000000077ff00000,0x000000077ff00000,0x0000000783300000)
 ParOldGen       total 124928K, used 106466K [0x00000006c0c00000, 0x00000006c8600000, 0x000000076af00000)
  object space 124928K, 85% used [0x00000006c0c00000,0x00000006c73f8b40,0x00000006c8600000)
 Metaspace       used 25365K, capacity 25551K, committed 25728K, reserved 1071104K
  class space    used 3088K, capacity 3146K, committed 3200K, reserved 1048576K
Event: 11.113 GC heap after
Heap after GC invocations=16 (full 3):
 PSYoungGen      total 248320K, used 0K [0x000000076af00000, 0x0000000783300000, 0x00000007c0000000)
  eden space 211968K, 0% used [0x000000076af00000,0x000000076af00000,0x0000000777e00000)
  from space 36352K, 0% used [0x0000000777e00000,0x0000000777e00000,0x000000077a180000)
  to   space 53248K, 0% used [0x000000077ff00000,0x000000077ff00000,0x0000000783300000)
 ParOldGen       total 268288K, used 108952K [0x00000006c0c00000, 0x00000006d1200000, 0x000000076af00000)
  object space 268288K, 40% used [0x00000006c0c00000,0x00000006c7666058,0x00000006d1200000)
 Metaspace       used 25365K, capacity 25551K, committed 25728K, reserved 1071104K
  class space    used 3088K, capacity 3146K, committed 3200K, reserved 1048576K
}
Event: 12.164 GC heap before
{Heap before GC invocations=17 (full 3):
 PSYoungGen      total 248320K, used 211968K [0x000000076af00000, 0x0000000783300000, 0x00000007c0000000)
  eden space 211968K, 100% used [0x000000076af00000,0x0000000777e00000,0x0000000777e00000)
  from space 36352K, 0% used [0x0000000777e00000,0x0000000777e00000,0x000000077a180000)
  to   space 53248K, 0% used [0x000000077ff00000,0x000000077ff00000,0x0000000783300000)
 ParOldGen       total 268288K, used 108952K [0x00000006c0c00000, 0x00000006d1200000, 0x000000076af00000)
  object space 268288K, 40% used [0x00000006c0c00000,0x00000006c7666058,0x00000006d1200000)
 Metaspace       used 25415K, capacity 25615K, committed 25984K, reserved 1073152K
  class space    used 3088K, capacity 3146K, committed 3200K, reserved 1048576K
Event: 12.199 GC heap after
Heap after GC invocations=17 (full 3):
 PSYoungGen      total 338944K, used 43092K [0x000000076af00000, 0x0000000783b80000, 0x00000007c0000000)
  eden space 285696K, 0% used [0x000000076af00000,0x000000076af00000,0x000000077c600000)
  from space 53248K, 80% used [0x000000077ff00000,0x0000000782915360,0x0000000783300000)
  to   space 58368K, 0% used [0x000000077c600000,0x000000077c600000,0x000000077ff00000)
 ParOldGen       total 268288K, used 108960K [0x00000006c0c00000, 0x00000006d1200000, 0x000000076af00000)
  object space 268288K, 40% used [0x00000006c0c00000,0x00000006c7668058,0x00000006d1200000)
 Metaspace       used 25415K, capacity 25615K, committed 25984K, reserved 1073152K
  class space    used 3088K, capacity 3146K, committed 3200K, reserved 1048576K
}
Event: 13.383 GC heap before
{Heap before GC invocations=18 (full 3):
 PSYoungGen      total 338944K, used 328788K [0x000000076af00000, 0x0000000783b80000, 0x00000007c0000000)
  eden space 285696K, 100% used [0x000000076af00000,0x000000077c600000,0x000000077c600000)
  from space 53248K, 80% used [0x000000077ff00000,0x0000000782915360,0x0000000783300000)
  to   space 58368K, 0% used [0x000000077c600000,0x000000077c600000,0x000000077ff00000)
 ParOldGen       total 268288K, used 108960K [0x00000006c0c00000, 0x00000006d1200000, 0x000000076af00000)
  object space 268288K, 40% used [0x00000006c0c00000,0x00000006c7668058,0x00000006d1200000)
 Metaspace       used 29086K, capacity 29352K, committed 29696K, reserved 1075200K
  class space    used 3480K, capacity 3577K, committed 3584K, reserved 1048576K
Event: 13.398 GC heap after
Heap after GC invocations=18 (full 3):
 PSYoungGen      total 344064K, used 20639K [0x000000076af00000, 0x0000000789200000, 0x00000007c0000000)
  eden space 285696K, 0% used [0x000000076af00000,0x000000076af00000,0x000000077c600000)
  from space 58368K, 35% used [0x000000077c600000,0x000000077da27e90,0x000000077ff00000)
  to   space 54784K, 0% used [0x0000000785c80000,0x0000000785c80000,0x0000000789200000)
 ParOldGen       total 268288K, used 114983K [0x00000006c0c00000, 0x00000006d1200000, 0x000000076af00000)
  object space 268288K, 42% used [0x00000006c0c00000,0x00000006c7c49c18,0x00000006d1200000)
 Metaspace       used 29086K, capacity 29352K, committed 29696K, reserved 1075200K
  class space    used 3480K, capacity 3577K, committed 3584K, reserved 1048576K
}

Deoptimization events (10 events):
Event: 13.534 Thread 0x0000000002735800 Uncommon trap: reason=bimorphic action=maybe_recompile pc=0x00000000034fd678 method=com.google.common.base.Splitter$SplittingIterator.computeNext()Ljava/lang/String; @ 56
Event: 13.534 Thread 0x0000000002735800 Uncommon trap: reason=bimorphic action=maybe_recompile pc=0x00000000034fd678 method=com.google.common.base.Splitter$SplittingIterator.computeNext()Ljava/lang/String; @ 56
Event: 13.581 Thread 0x0000000002735800 Uncommon trap: reason=predicate action=maybe_recompile pc=0x00000000035ce6ec method=java.util.AbstractCollection.toArray([Ljava/lang/Object;)[Ljava/lang/Object; @ 49
Event: 13.583 Thread 0x0000000002735800 Uncommon trap: reason=bimorphic action=maybe_recompile pc=0x00000000034fd678 method=com.google.common.base.Splitter$SplittingIterator.computeNext()Ljava/lang/String; @ 56
Event: 13.597 Thread 0x0000000002735800 Uncommon trap: reason=array_check action=maybe_recompile pc=0x00000000035d15a0 method=java.util.AbstractCollection.toArray([Ljava/lang/Object;)[Ljava/lang/Object; @ 119
Event: 13.597 Thread 0x0000000002735800 Uncommon trap: reason=array_check action=maybe_recompile pc=0x00000000035d15a0 method=java.util.AbstractCollection.toArray([Ljava/lang/Object;)[Ljava/lang/Object; @ 119
Event: 13.597 Thread 0x0000000002735800 Uncommon trap: reason=array_check action=maybe_recompile pc=0x00000000035d15a0 method=java.util.AbstractCollection.toArray([Ljava/lang/Object;)[Ljava/lang/Object; @ 119
Event: 13.615 Thread 0x00000000200c2800 Uncommon trap: reason=bimorphic action=maybe_recompile pc=0x00000000034823a0 method=java.io.FilterInputStream.read([BII)I @ 7
Event: 13.616 Thread 0x00000000200c2800 Uncommon trap: reason=bimorphic action=maybe_recompile pc=0x00000000034823a0 method=java.io.FilterInputStream.read([BII)I @ 7
Event: 13.736 Thread 0x0000000002735800 Uncommon trap: reason=unstable_if action=reinterpret pc=0x00000000034fb8d8 method=sun.misc.FDBigInteger.multDiffMe(JLsun/misc/FDBigInteger;)J @ 6

Classes redefined (0 events):
No events

Internal exceptions (10 events):
Event: 14.051 Thread 0x00000000200c1800 Exception <a 'org/lwjgl/LWJGLException'> (0x0000000772f0fb60) thrown at [c:/openjdk/jdk8u/hotspot\src\share\vm\prims\jni.cpp, line 709]
Event: 14.051 Thread 0x00000000200c1800 Exception <a 'org/lwjgl/LWJGLException'> (0x0000000772f100e0) thrown at [c:/openjdk/jdk8u/hotspot\src\share\vm\prims\jni.cpp, line 709]
Event: 14.051 Thread 0x00000000200c1800 Exception <a 'org/lwjgl/LWJGLException'> (0x0000000772f106d8) thrown at [c:/openjdk/jdk8u/hotspot\src\share\vm\prims\jni.cpp, line 709]
Event: 14.051 Thread 0x00000000200c1800 Exception <a 'org/lwjgl/LWJGLException'> (0x0000000772f10c20) thrown at [c:/openjdk/jdk8u/hotspot\src\share\vm\prims\jni.cpp, line 709]
Event: 14.051 Thread 0x00000000200c1800 Exception <a 'org/lwjgl/LWJGLException'> (0x0000000772f111d0) thrown at [c:/openjdk/jdk8u/hotspot\src\share\vm\prims\jni.cpp, line 709]
Event: 14.051 Thread 0x00000000200c1800 Exception <a 'org/lwjgl/LWJGLException'> (0x0000000772f117c8) thrown at [c:/openjdk/jdk8u/hotspot\src\share\vm\prims\jni.cpp, line 709]
Event: 14.051 Thread 0x00000000200c1800 Exception <a 'org/lwjgl/LWJGLException'> (0x0000000772f11ce8) thrown at [c:/openjdk/jdk8u/hotspot\src\share\vm\prims\jni.cpp, line 709]
Event: 14.052 Thread 0x00000000200c1800 Exception <a 'org/lwjgl/LWJGLException'> (0x0000000772f12230) thrown at [c:/openjdk/jdk8u/hotspot\src\share\vm\prims\jni.cpp, line 709]
Event: 14.052 Thread 0x00000000200c1800 Exception <a 'org/lwjgl/LWJGLException'> (0x0000000772f126f8) thrown at [c:/openjdk/jdk8u/hotspot\src\share\vm\prims\jni.cpp, line 709]
Event: 14.053 Thread 0x00000000200c1800 Exception <a 'org/lwjgl/LWJGLException'> (0x0000000772f12d20) thrown at [c:/openjdk/jdk8u/hotspot\src\share\vm\prims\jni.cpp, line 709]

Events (10 events):
Event: 14.073 Thread 0x000000001e142000 flushing nmethod 0x0000000002a67c50
Event: 14.073 Thread 0x000000001e142000 flushing nmethod 0x0000000002a69310
Event: 14.073 Thread 0x000000001e142000 flushing nmethod 0x0000000002a69610
Event: 14.073 Thread 0x000000001e142000 flushing nmethod 0x0000000002a859d0
Event: 14.073 Thread 0x000000001e142000 flushing nmethod 0x0000000002a8ad90
Event: 14.073 Thread 0x000000001e142000 flushing nmethod 0x0000000002a9a450
Event: 14.073 Thread 0x000000001e142000 flushing nmethod 0x0000000002aa3d90
Event: 14.073 Thread 0x000000001e142000 flushing nmethod 0x0000000002aa6890
Event: 14.074 loading class org/lwjgl/openal/OpenALException
Event: 14.074 loading class org/lwjgl/openal/OpenALException done


Dynamic libraries:
0x00007ff62b650000 - 0x00007ff62b686000 	F:\opjdk\bin\java.exe
0x00007ff862930000 - 0x00007ff862b28000 	C:\WINDOWS\SYSTEM32\ntdll.dll
0x00007ff8616e0000 - 0x00007ff86179d000 	C:\WINDOWS\System32\KERNEL32.DLL
0x00007ff860310000 - 0x00007ff860606000 	C:\WINDOWS\System32\KERNELBASE.dll
0x00007ff862700000 - 0x00007ff8627b3000 	C:\WINDOWS\System32\ADVAPI32.dll
0x00007ff861130000 - 0x00007ff8611ce000 	C:\WINDOWS\System32\msvcrt.dll
0x00007ff861b20000 - 0x00007ff861bbf000 	C:\WINDOWS\System32\sechost.dll
0x00007ff8627c0000 - 0x00007ff8628e6000 	C:\WINDOWS\System32\RPCRT4.dll
0x00007ff860030000 - 0x00007ff860057000 	C:\WINDOWS\System32\bcrypt.dll
0x00007ff860a80000 - 0x00007ff860c1e000 	C:\WINDOWS\System32\USER32.dll
0x00007ff860000000 - 0x00007ff860022000 	C:\WINDOWS\System32\win32u.dll
0x00007ff8618d0000 - 0x00007ff8618fc000 	C:\WINDOWS\System32\GDI32.dll
0x00007ff860610000 - 0x00007ff86072a000 	C:\WINDOWS\System32\gdi32full.dll
0x00007ff8608e0000 - 0x00007ff86097d000 	C:\WINDOWS\System32\msvcp_win.dll
0x00007ff8601c0000 - 0x00007ff8602c0000 	C:\WINDOWS\System32\ucrtbase.dll
0x00007ff852fd0000 - 0x00007ff85326a000 	C:\WINDOWS\WinSxS\amd64_microsoft.windows.common-controls_6595b64144ccf1df_6.0.19041.3636_none_60b6a03d71f818d5\COMCTL32.dll
0x00007ff861100000 - 0x00007ff861130000 	C:\WINDOWS\System32\IMM32.DLL
0x0000000072a50000 - 0x0000000072b21000 	F:\opjdk\jre\bin\msvcr100.dll
0x0000000071c00000 - 0x0000000072498000 	F:\opjdk\jre\bin\server\jvm.dll
0x00007ff861cd0000 - 0x00007ff861cd8000 	C:\WINDOWS\System32\PSAPI.DLL
0x00007ff844eb0000 - 0x00007ff844eb9000 	C:\WINDOWS\SYSTEM32\WSOCK32.dll
0x00007ff84fc00000 - 0x00007ff84fc27000 	C:\WINDOWS\SYSTEM32\WINMM.dll
0x00007ff857fe0000 - 0x00007ff857fea000 	C:\WINDOWS\SYSTEM32\VERSION.dll
0x00007ff861900000 - 0x00007ff86196b000 	C:\WINDOWS\System32\WS2_32.dll
0x00007ff854760000 - 0x00007ff85476f000 	F:\opjdk\jre\bin\verify.dll
0x00007ff82d650000 - 0x00007ff82d679000 	F:\opjdk\jre\bin\java.dll
0x00007ff8301a0000 - 0x00007ff8301b7000 	F:\opjdk\jre\bin\zip.dll
0x00007ff861e70000 - 0x00007ff8625b5000 	C:\WINDOWS\System32\SHELL32.dll
0x00007ff85e0d0000 - 0x00007ff85e86b000 	C:\WINDOWS\SYSTEM32\windows.storage.dll
0x00007ff8611d0000 - 0x00007ff861524000 	C:\WINDOWS\System32\combase.dll
0x00007ff85fa30000 - 0x00007ff85fa5d000 	C:\WINDOWS\SYSTEM32\Wldp.dll
0x00007ff861bc0000 - 0x00007ff861c6d000 	C:\WINDOWS\System32\SHCORE.dll
0x00007ff860c20000 - 0x00007ff860c75000 	C:\WINDOWS\System32\shlwapi.dll
0x00007ff85ff30000 - 0x00007ff85ff55000 	C:\WINDOWS\SYSTEM32\profapi.dll
0x00007ff8539d0000 - 0x00007ff8539dd000 	F:\opjdk\jre\bin\management.dll
0x00007ff82fb30000 - 0x00007ff82fb4b000 	F:\opjdk\jre\bin\net.dll
0x00007ff85f790000 - 0x00007ff85f7fa000 	C:\WINDOWS\system32\mswsock.dll
0x00007ff82d150000 - 0x00007ff82d161000 	F:\opjdk\jre\bin\nio.dll
0x00007ff83c020000 - 0x00007ff83c037000 	C:\WINDOWS\system32\napinsp.dll
0x00007ff838eb0000 - 0x00007ff838ecb000 	C:\WINDOWS\system32\pnrpnsp.dll
0x00007ff838d30000 - 0x00007ff838d45000 	C:\WINDOWS\system32\wshbth.dll
0x00007ff85bd60000 - 0x00007ff85bd7d000 	C:\WINDOWS\system32\NLAapi.dll
0x00007ff85f430000 - 0x00007ff85f46b000 	C:\WINDOWS\SYSTEM32\IPHLPAPI.DLL
0x00007ff85f470000 - 0x00007ff85f53a000 	C:\WINDOWS\SYSTEM32\DNSAPI.dll
0x00007ff862640000 - 0x00007ff862648000 	C:\WINDOWS\System32\NSI.dll
0x00007ff838d00000 - 0x00007ff838d12000 	C:\WINDOWS\System32\winrnr.dll
0x00007ff859de0000 - 0x00007ff859dea000 	C:\Windows\System32\rasadhlp.dll
0x00007ff858220000 - 0x00007ff8582a0000 	C:\WINDOWS\System32\fwpuclnt.dll
0x0000000180000000 - 0x0000000180051000 	C:\Users\קיסקוזי\.gradle\caches\minecraft\net\minecraft\minecraft_natives\1.7.10\lwjgl64.dll
0x00007ff80f060000 - 0x00007ff80f185000 	C:\WINDOWS\SYSTEM32\OPENGL32.dll
0x00007ff83ab00000 - 0x00007ff83ab2c000 	C:\WINDOWS\SYSTEM32\GLU32.dll
0x00007ff85f990000 - 0x00007ff85f9a8000 	C:\WINDOWS\SYSTEM32\CRYPTSP.dll
0x00007ff85f050000 - 0x00007ff85f084000 	C:\WINDOWS\system32\rsaenh.dll
0x00007ff85feb0000 - 0x00007ff85fede000 	C:\WINDOWS\SYSTEM32\USERENV.dll
0x00007ff860850000 - 0x00007ff8608d2000 	C:\WINDOWS\System32\bcryptprimitives.dll
0x00007ff85f980000 - 0x00007ff85f98c000 	C:\WINDOWS\SYSTEM32\CRYPTBASE.dll
0x00007ff85a900000 - 0x00007ff85a917000 	C:\WINDOWS\SYSTEM32\dhcpcsvc6.DLL
0x00007ff85a8e0000 - 0x00007ff85a8fd000 	C:\WINDOWS\SYSTEM32\dhcpcsvc.DLL
0x00007ff81f550000 - 0x00007ff81f6e9000 	F:\opjdk\jre\bin\awt.dll
0x00007ff861d40000 - 0x00007ff861e0d000 	C:\WINDOWS\System32\OLEAUT32.dll
0x00007ff85d820000 - 0x00007ff85d8b0000 	C:\WINDOWS\SYSTEM32\apphelp.dll
0x00007ff85a220000 - 0x00007ff85a2ce000 	C:\WINDOWS\SYSTEM32\mscms.dll
0x00007ff85a200000 - 0x00007ff85a211000 	C:\WINDOWS\SYSTEM32\ColorAdapterClient.dll
0x00007ff85ded0000 - 0x00007ff85dee2000 	C:\WINDOWS\SYSTEM32\kernel.appcore.dll
0x00007ff85d980000 - 0x00007ff85da1e000 	C:\WINDOWS\system32\uxtheme.dll
0x00007ff861a00000 - 0x00007ff861b14000 	C:\WINDOWS\System32\MSCTF.dll
0x00007ff862650000 - 0x00007ff8626f9000 	C:\WINDOWS\System32\clbcatq.dll
0x00007fffec8c0000 - 0x00007fffef4b0000 	C:\WINDOWS\System32\DriverStore\FileRepository\nvleig.inf_amd64_92cb6cb02101f4e9\nvoglv64.dll
0x00007ff860c80000 - 0x00007ff8610ee000 	C:\WINDOWS\System32\SETUPAPI.dll
0x00007ff8602c0000 - 0x00007ff86030e000 	C:\WINDOWS\System32\cfgmgr32.dll
0x00007ff8617a0000 - 0x00007ff8618cb000 	C:\WINDOWS\System32\ole32.dll
0x00007ff85b9e0000 - 0x00007ff85b9f4000 	C:\WINDOWS\SYSTEM32\WTSAPI32.dll
0x00007ff85fbc0000 - 0x00007ff85fbd2000 	C:\WINDOWS\SYSTEM32\msasn1.dll
0x00007ff857fa0000 - 0x00007ff857fd1000 	C:\WINDOWS\SYSTEM32\cryptnet.dll
0x00007ff860060000 - 0x00007ff8601bd000 	C:\WINDOWS\System32\CRYPT32.dll
0x00007ff858010000 - 0x00007ff858158000 	C:\WINDOWS\SYSTEM32\drvstore.dll
0x00007ff85fd90000 - 0x00007ff85fdc3000 	C:\WINDOWS\SYSTEM32\devobj.dll
0x00007ff860730000 - 0x00007ff860797000 	C:\WINDOWS\System32\wintrust.dll
0x00007ff860980000 - 0x00007ff86099d000 	C:\WINDOWS\System32\imagehlp.dll
0x00007ff85e880000 - 0x00007ff85e8a3000 	C:\WINDOWS\SYSTEM32\gpapi.dll
0x00007ff84bfe0000 - 0x00007ff84e1ce000 	C:\WINDOWS\System32\DriverStore\FileRepository\nvleig.inf_amd64_92cb6cb02101f4e9\nvgpucomp64.dll
0x00007ff85f170000 - 0x00007ff85f1a3000 	C:\WINDOWS\SYSTEM32\ntmarta.dll
0x00007ff85b0b0000 - 0x00007ff85b0eb000 	C:\WINDOWS\SYSTEM32\dxcore.dll
0x00007ff85dcc0000 - 0x00007ff85dcef000 	C:\WINDOWS\SYSTEM32\dwmapi.dll
0x00007ff82aca0000 - 0x00007ff82ad99000 	C:\WINDOWS\SYSTEM32\textinputframework.dll
0x00007ff85d280000 - 0x00007ff85d5db000 	C:\WINDOWS\System32\CoreUIComponents.dll
0x00007ff85d5e0000 - 0x00007ff85d6d2000 	C:\WINDOWS\System32\CoreMessaging.dll
0x00007ff85cbb0000 - 0x00007ff85cd05000 	C:\WINDOWS\SYSTEM32\wintypes.dll
0x00007ff82be20000 - 0x00007ff82be63000 	C:\WINDOWS\SYSTEM32\icm32.dll
0x00007ff85f5a0000 - 0x00007ff85f5eb000 	C:\WINDOWS\SYSTEM32\powrprof.dll
0x00007ff85f410000 - 0x00007ff85f422000 	C:\WINDOWS\SYSTEM32\UMPDC.dll
0x00007ff85ece0000 - 0x00007ff85ed3b000 	C:\WINDOWS\SYSTEM32\WINSTA.dll
0x0000000070a40000 - 0x0000000070adc000 	C:\Users\קיסקוזי\.gradle\caches\minecraft\net\minecraft\minecraft_natives\1.7.10\avutil-ttv-51.dll
0x0000000065980000 - 0x00000000659d6000 	C:\Users\קיסקוזי\.gradle\caches\minecraft\net\minecraft\minecraft_natives\1.7.10\swresample-ttv-0.dll
0x000000006eb80000 - 0x000000006ec50000 	C:\Users\קיסקוזי\.gradle\caches\minecraft\net\minecraft\minecraft_natives\1.7.10\libmp3lame-ttv.dll
0x00007ffff3260000 - 0x00007ffff4604000 	C:\Users\קיסקוזי\.gradle\caches\minecraft\net\minecraft\minecraft_natives\1.7.10\libmfxsw64.dll
0x00007ff81f2a0000 - 0x00007ff81f3cb000 	C:\Users\קיסקוזי\.gradle\caches\minecraft\net\minecraft\minecraft_natives\1.7.10\twitchsdk.dll
0x00007ff847640000 - 0x00007ff847b16000 	C:\WINDOWS\SYSTEM32\WININET.dll
0x000000004aaa0000 - 0x000000004ab04000 	C:\Users\קיסקוזי\.gradle\caches\minecraft\net\minecraft\minecraft_natives\1.7.10\OpenAL64.dll
0x00007ff8599f0000 - 0x00007ff859a75000 	C:\WINDOWS\System32\MMDevApi.dll
0x00007ff80e7c0000 - 0x00007ff80e85c000 	C:\WINDOWS\SYSTEM32\dsound.dll
0x00007ff83c470000 - 0x00007ff83c496000 	C:\WINDOWS\SYSTEM32\winmmbase.dll
0x00007ff859a80000 - 0x00007ff859c02000 	C:\WINDOWS\SYSTEM32\AUDIOSES.DLL
0x00007ff84e1d0000 - 0x00007ff84e3b4000 	C:\WINDOWS\SYSTEM32\dbghelp.dll

VM Arguments:
jvm_args: -Dfile.encoding=windows-1255 -Duser.country=US -Duser.language=en -Duser.variant 
java_command: GradleStart
java_class_path (initial): F:\Minecraft DBCA Addon\DBCA\Minecraft moddding\DBCA\libs\DragonBlockC-v1.4.85-deobf.jar;F:\Minecraft DBCA Addon\DBCA\Minecraft moddding\DBCA\libs\JBRA-Client-v1.6.52-deobf.jar;F:\Minecraft DBCA Addon\DBCA\Minecraft moddding\DBCA\libs\JRMCore-v1.3.51-deobf.jar;C:\Users\קיסקוזי\.gradle\caches\minecraft\net\minecraftforge\forge\1.7.10-10.13.4.1614-1.7.10\start;C:\Users\קיסקוזי\.gradle\caches\minecraft\net\minecraftforge\forge\1.7.10-10.13.4.1614-1.7.10\forgeSrc-1.7.10-10.13.4.1614-1.7.10.jar;C:\Users\קיסקוזי\.gradle\caches\modules-2\files-2.1\net.minecraft\launchwrapper\1.12\111e7bea9c968cdb3d06ef4632bf7ff0824d0f36\launchwrapper-1.12.jar;C:\Users\קיסקוזי\.gradle\caches\modules-2\files-2.1\com.google.code.findbugs\jsr305\1.3.9\40719ea6961c0cb6afaeb6a921eaa1f6afd4cfdf\jsr305-1.3.9.jar;C:\Users\קיסקוזי\.gradle\caches\modules-2\files-2.1\org.ow2.asm\asm-debug-all\5.0.3\f9e364ae2a66ce2a543012a4668856e84e5dab74\asm-debug-all-5.0.3.jar;C:\Users\קיסקוזי\.gradle\caches\modules-2\files-2.1\com.typesafe.akka\akka-actor_2.11\2.3.3\ed62e9fc709ca0f2ff1a3220daa8b70a2870078e\akka-actor_2.11-2.3.3.jar;C:\Users\קיסקוזי\.gradle\caches\modules-2\files-2.1\com.typesafe\config\1.2.1\f771f71fdae3df231bcd54d5ca2d57f0bf93f467\config-1.2.1.jar;C:\Users\קיסקוזי\.gradle\caches\modules-2\files-2.1\org.scala-lang\scala-actors-migration_2.11\1.1.0\dfa8bc42b181d5b9f1a5dd147f8ae308b893eb6f\scala-actors-migration_2.11-1.1.0.jar;C:\Users\קיסקוזי\.gradle\caches\modules-2\files-2.1\org.scala-lang\scala-compiler\2.11.1\56ea2e6c025e0821f28d73ca271218b8dd04926a\scala-compiler-2.11.1.jar;C:\Users\קיסקוזי\.gradle\caches\modules-2\files-2.1\org.scala-lang.plugins\scala-continuations-library_2.11\1.0.2\e517c53a7e9acd6b1668c5a35eccbaa3bab9aac\scala-continuations-library_2.11-1.0.2.jar;C:\Users\קיסקוזי\.gradle\caches\modules-2\files-2.1\org.scala-lang.plugins\scala-continuations-plugin_2.11.1\1.0.2\f361a3283452c57fa30c1ee69448995de23c60f7\scala-continuations-plugin_2.11.1-1.0.2.jar;C:
Launcher Type: SUN_STANDARD

Environment Variables:
JAVA_HOME=C:\Program Files\OpenLogic\jdk-8.0.402.06-hotspot\
PATH=C:\Program Files\OpenLogic\jdk-8.0.402.06-hotspot\bin;F:\opendjdk17\bin;F:\openjdk\bin;F:\opjdk\bin;C:\Program Files\OpenLogic\jdk-17.0.9.9-hotspot\bin;F:\Plastic SCM\server;F:\Plastic SCM\client;C:\Python310\Scripts\;C:\Python310\;F:\devkitPro\msys2\usr\bin;F:\Oculus\Support\oculus-runtime;F:\apache-maven-3.8.4\bin;C:\Program Files\Docker\Docker\resources\bin;C:\ProgramData\DockerDesktop\version-bin;C:\Users\קיסקוזי\AppData\Local\Programs\Python\Python310\Scripts\;C:\Program Files (x86)\NVIDIA Corporation\PhysX\Common;C:\Program Files\dotnet\;C:\Program Files\Git\cmd;C:\Program Files (x86)\gsudo\;F:\Node.js\;C:\ProgramData\chocolatey\bin;C:\Program Files\Microsoft SQL Server\Client SDK\ODBC\170\Tools\Binn\;C:\Program Files (x86)\Microsoft SQL Server\150\Tools\Binn\;C:\Program Files\Microsoft SQL Server\150\Tools\Binn\;C:\Program Files\Microsoft SQL Server\150\DTS\Binn\;C:\Program Files\CMake\bin;F:\SFML\SFML-2.5.1\bin;F:\meta\metasploit-framework\bin\;C:\Users\קיסקוזי\AppData\Local\Programs\Python\Python37\Scripts\;C:\Users\קיסקוזי\AppData\Local\Programs\Python\Python37\;C:\Program Files\MySQL\MySQL Shell 8.0\bin\;C:\Users\קיסקוזי\AppData\Local\Programs\Python\Python310\Scripts\;C:\Users\קיסקוזי\AppData\Local\Programs\Python\Python310\;C:\Users\קיסקוזי\AppData\Local\Microsoft\WindowsApps;C:\Users\קיסקוזי\.dotnet\tools;C:\Users\קיסקוזי\AppData\Local\GitHubDesktop\bin;F:\Microsoft VS Code\bin;C:\Users\קיסקוזי\AppData\Roaming\npm;C:\Users\קיסקוזי\AppData\Local\Programs\ExifTool;F:\msys2\mingw64\bin;F:\Chromuim\chromedriver.exe;F:\Nmap;F:\Intelji23\IntelliJ IDEA Community Edition 2023.3.2\bin;
USERNAME=קיסקוזי
OS=Windows_NT
PROCESSOR_IDENTIFIER=Intel64 Family 6 Model 94 Stepping 3, GenuineIntel



---------------  S Y S T E M  ---------------

OS: Windows 10 , 64 bit Build 19041 (10.0.19041.3636)

CPU:total 8 (initial active 8) (4 cores per cpu, 2 threads per core) family 6 model 94 stepping 3, cmov, cx8, fxsr, mmx, sse, sse2, sse3, ssse3, sse4.1, sse4.2, popcnt, avx, avx2, aes, clmul, erms, rtm, 3dnowpref, lzcnt, ht, tsc, tscinvbit, bmi1, bmi2, adx

Memory: 4k page, physical 16723604k(5840816k free), swap 35597972k(18124064k free)

vm_info: OpenJDK 64-Bit Server VM (25.392-b08) for windows-amd64 JRE (1.8.0_392-392-b08), built on Oct 18 2023 07:33:07 by "Administrator" with MS VC++ 10.0 (VS2010)

time: Wed Feb 14 23:50:34 2024
timezone: Jerusalem Standard Time
elapsed time: 14.160487 seconds (0d 0h 0m 14s)

